
2015-11-26 @ 11:09:32  Informational , App start Global.asax App_Start  
2015-11-26 @ 11:09:34  Informational , App start finished Global.asax App_Start  
2015-11-26 @ 11:09:52  Informational ,  SignInSignOut.aspx.cs   User IP: ::1
2015-11-26 @ 11:09:52  Informational ,  signinsignout.aspx.cs   dynamic url: http://api.ipinfodb.com/v3/ip-country/?key=989f1374dc528a8ea159064430a19d2e0756c05b46f6943a75b03257ce8b88a2&ip=::1&format=xml
2015-11-26 @ 11:09:53  Informational ,  signinsignout.aspx.cs   response: System.Net.HttpWebResponse
2015-11-26 @ 11:09:53  Informational ,  signinsignout.aspx.cs   responsedata: <?xml version="1.0" encoding="UTF-8"?>
<Response>
	<statusCode>OK</statusCode>
	<statusMessage></statusMessage>
	<ipAddress>::1</ipAddress>
	<countryCode>-</countryCode>
	<countryName>-</countryName>
</Response>
2015-11-26 @ 11:09:53  FATAL ERROR   , Thread was being aborted. SignInSignOut.cs Page_Load     at System.Threading.Thread.AbortInternal()
   at System.Threading.Thread.Abort(Object stateInfo)
   at System.Web.HttpResponse.AbortCurrentThread()
   at System.Web.HttpResponse.End()
   at System.Web.HttpResponse.Redirect(String url, Boolean endResponse, Boolean permanent)
   at System.Web.HttpResponse.Redirect(String url)
   at HRMS.Orbitweb.SignInSignOut.Page_Load(Object sender, EventArgs e) in d:\VibrentWeb\vibrantweb-master-092b95e3ad3ac6b5a114721aaf3695fbfcf6a07c\vibrantweb-master-092b95e3ad3ac6b5a114721aaf3695fbfcf6a07c\src\HRMS.WebSite\Orbitweb\SignInSignOut.aspx.cs:line 117

2015-11-26 @ 11:22:29  Informational , App start Global.asax App_Start  
2015-11-26 @ 11:22:31  Informational , App start finished Global.asax App_Start  

2015-11-26 @ 11:22:39  Informational , App start Global.asax App_Start  
2015-11-26 @ 11:22:40  Informational , App start finished Global.asax App_Start  
2015-11-26 @ 11:22:40  FATAL ERROR   , App Error Global.asax App_Error  System.Web.HttpException (0x80004005): The controller for path '/__browserLink/requestData/37250c3163bb47e78d7ba8f388671d0a' was not found or does not implement IController.
   at System.Web.Mvc.DefaultControllerFactory.GetControllerInstance(RequestContext requestContext, Type controllerType)
   at System.Web.Mvc.DefaultControllerFactory.CreateController(RequestContext requestContext, String controllerName)
   at System.Web.Mvc.MvcHandler.ProcessRequestInit(HttpContextBase httpContext, IController& controller, IControllerFactory& factory)
   at System.Web.Mvc.MvcHandler.BeginProcessRequest(HttpContextBase httpContext, AsyncCallback callback, Object state)
   at System.Web.Mvc.MvcHandler.BeginProcessRequest(HttpContext httpContext, AsyncCallback callback, Object state)
   at System.Web.Mvc.MvcHandler.System.Web.IHttpAsyncHandler.BeginProcessRequest(HttpContext context, AsyncCallback cb, Object extraData)
   at System.Web.HttpApplication.CallHandlerExecutionStep.System.Web.HttpApplication.IExecutionStep.Execute()
   at System.Web.HttpApplication.ExecuteStep(IExecutionStep step, Boolean& completedSynchronously)
2015-11-26 @ 11:22:40  FATAL ERROR   , App Error Global.asax App_Error  ---------Error Block End---------
2015-11-26 @ 11:23:09  Informational ,  SignInSignOut.aspx.cs   User IP: ::1
2015-11-26 @ 11:23:09  Informational ,  signinsignout.aspx.cs   dynamic url: http://api.ipinfodb.com/v3/ip-country/?key=989f1374dc528a8ea159064430a19d2e0756c05b46f6943a75b03257ce8b88a2&ip=::1&format=xml
2015-11-26 @ 11:23:11  Informational ,  signinsignout.aspx.cs   response: System.Net.HttpWebResponse
2015-11-26 @ 11:23:11  Informational ,  signinsignout.aspx.cs   responsedata: <?xml version="1.0" encoding="UTF-8"?>
<Response>
	<statusCode>OK</statusCode>
	<statusMessage></statusMessage>
	<ipAddress>::1</ipAddress>
	<countryCode>-</countryCode>
	<countryName>-</countryName>
</Response>
2015-11-26 @ 11:23:11  FATAL ERROR   , Thread was being aborted. SignInSignOut.cs Page_Load     at System.Threading.Thread.AbortInternal()
   at System.Threading.Thread.Abort(Object stateInfo)
   at System.Web.HttpResponse.AbortCurrentThread()
   at System.Web.HttpResponse.End()
   at System.Web.HttpResponse.Redirect(String url, Boolean endResponse, Boolean permanent)
   at System.Web.HttpResponse.Redirect(String url)
   at HRMS.Orbitweb.SignInSignOut.Page_Load(Object sender, EventArgs e) in d:\VibrentWeb\vibrantweb-master-092b95e3ad3ac6b5a114721aaf3695fbfcf6a07c\vibrantweb-master-092b95e3ad3ac6b5a114721aaf3695fbfcf6a07c\src\HRMS.WebSite\Orbitweb\SignInSignOut.aspx.cs:line 117

2015-11-26 @ 11:26:31  Informational , App start Global.asax App_Start  
2015-11-26 @ 11:26:33  Informational , App start finished Global.asax App_Start  

2015-11-26 @ 11:27:28  Informational , App start Global.asax App_Start  
2015-11-26 @ 11:27:30  Informational , App start finished Global.asax App_Start  

2015-11-26 @ 12:05:02  Informational , App start Global.asax App_Start  
2015-11-26 @ 12:05:04  Informational , App start finished Global.asax App_Start  

2015-11-26 @ 12:17:32  Informational , App start Global.asax App_Start  
2015-11-26 @ 12:17:36  Informational , App start finished Global.asax App_Start  

2015-11-26 @ 12:18:48  Informational , App start Global.asax App_Start  
2015-11-26 @ 12:18:50  Informational , App start finished Global.asax App_Start  

2015-11-26 @ 12:20:30  Informational , App start Global.asax App_Start  
2015-11-26 @ 12:20:32  Informational , App start finished Global.asax App_Start  

2015-11-26 @ 12:38:09  Informational , App start Global.asax App_Start  
2015-11-26 @ 12:38:11  Informational , App start finished Global.asax App_Start  
2015-11-26 @ 12:38:29  Informational ,  SignInSignOut.aspx.cs   User IP: ::1
2015-11-26 @ 12:38:29  Informational ,  signinsignout.aspx.cs   dynamic url: http://api.ipinfodb.com/v3/ip-country/?key=989f1374dc528a8ea159064430a19d2e0756c05b46f6943a75b03257ce8b88a2&ip=::1&format=xml
2015-11-26 @ 12:38:30  Informational ,  signinsignout.aspx.cs   response: System.Net.HttpWebResponse
2015-11-26 @ 12:38:30  Informational ,  signinsignout.aspx.cs   responsedata: <?xml version="1.0" encoding="UTF-8"?>
<Response>
	<statusCode>OK</statusCode>
	<statusMessage></statusMessage>
	<ipAddress>::1</ipAddress>
	<countryCode>-</countryCode>
	<countryName>-</countryName>
</Response>
2015-11-26 @ 12:38:30  FATAL ERROR   , Thread was being aborted. SignInSignOut.cs Page_Load     at System.Threading.Thread.AbortInternal()
   at System.Threading.Thread.Abort(Object stateInfo)
   at System.Web.HttpResponse.AbortCurrentThread()
   at System.Web.HttpResponse.End()
   at System.Web.HttpResponse.Redirect(String url, Boolean endResponse, Boolean permanent)
   at System.Web.HttpResponse.Redirect(String url)
   at HRMS.Orbitweb.SignInSignOut.Page_Load(Object sender, EventArgs e) in d:\VibrentWeb\vibrantweb-master-092b95e3ad3ac6b5a114721aaf3695fbfcf6a07c\vibrantweb-master-092b95e3ad3ac6b5a114721aaf3695fbfcf6a07c\src\HRMS.WebSite\Orbitweb\SignInSignOut.aspx.cs:line 117

2015-11-26 @ 12:57:04  Informational , App start Global.asax App_Start  
2015-11-26 @ 12:57:06  Informational , App start finished Global.asax App_Start  
2015-11-26 @ 12:57:28  Informational ,  SignInSignOut.aspx.cs   User IP: ::1
2015-11-26 @ 12:57:28  Informational ,  signinsignout.aspx.cs   dynamic url: http://api.ipinfodb.com/v3/ip-country/?key=989f1374dc528a8ea159064430a19d2e0756c05b46f6943a75b03257ce8b88a2&ip=::1&format=xml
2015-11-26 @ 12:57:28  Informational ,  signinsignout.aspx.cs   response: System.Net.HttpWebResponse
2015-11-26 @ 12:57:28  Informational ,  signinsignout.aspx.cs   responsedata: <?xml version="1.0" encoding="UTF-8"?>
<Response>
	<statusCode>OK</statusCode>
	<statusMessage></statusMessage>
	<ipAddress>::1</ipAddress>
	<countryCode>-</countryCode>
	<countryName>-</countryName>
</Response>
2015-11-26 @ 12:57:28  FATAL ERROR   , Thread was being aborted. SignInSignOut.cs Page_Load     at System.Threading.Thread.AbortInternal()
   at System.Threading.Thread.Abort(Object stateInfo)
   at System.Web.HttpResponse.AbortCurrentThread()
   at System.Web.HttpResponse.End()
   at System.Web.HttpResponse.Redirect(String url, Boolean endResponse, Boolean permanent)
   at System.Web.HttpResponse.Redirect(String url)
   at HRMS.Orbitweb.SignInSignOut.Page_Load(Object sender, EventArgs e) in d:\VibrentWeb\vibrantweb-master-092b95e3ad3ac6b5a114721aaf3695fbfcf6a07c\vibrantweb-master-092b95e3ad3ac6b5a114721aaf3695fbfcf6a07c\src\HRMS.WebSite\Orbitweb\SignInSignOut.aspx.cs:line 117

2015-11-26 @ 14:20:06  Informational , App start Global.asax App_Start  
2015-11-26 @ 14:20:08  Informational , App start finished Global.asax App_Start  
2015-11-26 @ 14:21:03  Informational ,  SignInSignOut.aspx.cs   User IP: ::1
2015-11-26 @ 14:21:03  Informational ,  signinsignout.aspx.cs   dynamic url: http://api.ipinfodb.com/v3/ip-country/?key=989f1374dc528a8ea159064430a19d2e0756c05b46f6943a75b03257ce8b88a2&ip=::1&format=xml
2015-11-26 @ 14:21:03  Informational ,  signinsignout.aspx.cs   response: System.Net.HttpWebResponse
2015-11-26 @ 14:21:03  Informational ,  signinsignout.aspx.cs   responsedata: <?xml version="1.0" encoding="UTF-8"?>
<Response>
	<statusCode>OK</statusCode>
	<statusMessage></statusMessage>
	<ipAddress>::1</ipAddress>
	<countryCode>-</countryCode>
	<countryName>-</countryName>
</Response>
2015-11-26 @ 14:21:03  FATAL ERROR   , Thread was being aborted. SignInSignOut.cs Page_Load     at System.Threading.Thread.AbortInternal()
   at System.Threading.Thread.Abort(Object stateInfo)
   at System.Web.HttpResponse.AbortCurrentThread()
   at System.Web.HttpResponse.End()
   at System.Web.HttpResponse.Redirect(String url, Boolean endResponse, Boolean permanent)
   at System.Web.HttpResponse.Redirect(String url)
   at HRMS.Orbitweb.SignInSignOut.Page_Load(Object sender, EventArgs e) in d:\VibrentWeb\vibrantweb-master-092b95e3ad3ac6b5a114721aaf3695fbfcf6a07c\vibrantweb-master-092b95e3ad3ac6b5a114721aaf3695fbfcf6a07c\src\HRMS.WebSite\Orbitweb\SignInSignOut.aspx.cs:line 117

2015-11-26 @ 14:36:55  Informational , App start Global.asax App_Start  
2015-11-26 @ 14:36:57  Informational , App start finished Global.asax App_Start  
2015-11-26 @ 14:37:31  Informational ,  SignInSignOut.aspx.cs   User IP: ::1
2015-11-26 @ 14:37:31  Informational ,  signinsignout.aspx.cs   dynamic url: http://api.ipinfodb.com/v3/ip-country/?key=989f1374dc528a8ea159064430a19d2e0756c05b46f6943a75b03257ce8b88a2&ip=::1&format=xml
2015-11-26 @ 14:37:32  Informational ,  signinsignout.aspx.cs   response: System.Net.HttpWebResponse
2015-11-26 @ 14:37:32  Informational ,  signinsignout.aspx.cs   responsedata: <?xml version="1.0" encoding="UTF-8"?>
<Response>
	<statusCode>OK</statusCode>
	<statusMessage></statusMessage>
	<ipAddress>::1</ipAddress>
	<countryCode>-</countryCode>
	<countryName>-</countryName>
</Response>
2015-11-26 @ 14:37:32  FATAL ERROR   , Thread was being aborted. SignInSignOut.cs Page_Load     at System.Threading.Thread.AbortInternal()
   at System.Threading.Thread.Abort(Object stateInfo)
   at System.Web.HttpResponse.AbortCurrentThread()
   at System.Web.HttpResponse.End()
   at System.Web.HttpResponse.Redirect(String url, Boolean endResponse, Boolean permanent)
   at System.Web.HttpResponse.Redirect(String url)
   at HRMS.Orbitweb.SignInSignOut.Page_Load(Object sender, EventArgs e) in d:\VibrentWeb\vibrantweb-master-092b95e3ad3ac6b5a114721aaf3695fbfcf6a07c\vibrantweb-master-092b95e3ad3ac6b5a114721aaf3695fbfcf6a07c\src\HRMS.WebSite\Orbitweb\SignInSignOut.aspx.cs:line 117

2015-11-26 @ 14:39:44  Informational , App start Global.asax App_Start  
2015-11-26 @ 14:39:46  Informational , App start finished Global.asax App_Start  
2015-11-26 @ 14:40:04  Informational ,  SignInSignOut.aspx.cs   User IP: ::1
2015-11-26 @ 14:40:04  Informational ,  signinsignout.aspx.cs   dynamic url: http://api.ipinfodb.com/v3/ip-country/?key=989f1374dc528a8ea159064430a19d2e0756c05b46f6943a75b03257ce8b88a2&ip=::1&format=xml
2015-11-26 @ 14:40:04  Informational ,  signinsignout.aspx.cs   response: System.Net.HttpWebResponse
2015-11-26 @ 14:40:04  Informational ,  signinsignout.aspx.cs   responsedata: <?xml version="1.0" encoding="UTF-8"?>
<Response>
	<statusCode>OK</statusCode>
	<statusMessage></statusMessage>
	<ipAddress>::1</ipAddress>
	<countryCode>-</countryCode>
	<countryName>-</countryName>
</Response>
2015-11-26 @ 14:40:04  FATAL ERROR   , Thread was being aborted. SignInSignOut.cs Page_Load     at System.Threading.Thread.AbortInternal()
   at System.Threading.Thread.Abort(Object stateInfo)
   at System.Web.HttpResponse.AbortCurrentThread()
   at System.Web.HttpResponse.End()
   at System.Web.HttpResponse.Redirect(String url, Boolean endResponse, Boolean permanent)
   at System.Web.HttpResponse.Redirect(String url)
   at HRMS.Orbitweb.SignInSignOut.Page_Load(Object sender, EventArgs e) in d:\VibrentWeb\vibrantweb-master-092b95e3ad3ac6b5a114721aaf3695fbfcf6a07c\vibrantweb-master-092b95e3ad3ac6b5a114721aaf3695fbfcf6a07c\src\HRMS.WebSite\Orbitweb\SignInSignOut.aspx.cs:line 117

2015-11-26 @ 14:54:20  Informational , App start Global.asax App_Start  
2015-11-26 @ 14:54:22  Informational , App start finished Global.asax App_Start  
2015-11-26 @ 14:54:56  Informational ,  SignInSignOut.aspx.cs   User IP: ::1
2015-11-26 @ 14:54:56  Informational ,  signinsignout.aspx.cs   dynamic url: http://api.ipinfodb.com/v3/ip-country/?key=989f1374dc528a8ea159064430a19d2e0756c05b46f6943a75b03257ce8b88a2&ip=::1&format=xml
2015-11-26 @ 14:54:56  Informational ,  signinsignout.aspx.cs   response: System.Net.HttpWebResponse
2015-11-26 @ 14:54:56  Informational ,  signinsignout.aspx.cs   responsedata: <?xml version="1.0" encoding="UTF-8"?>
<Response>
	<statusCode>OK</statusCode>
	<statusMessage></statusMessage>
	<ipAddress>::1</ipAddress>
	<countryCode>-</countryCode>
	<countryName>-</countryName>
</Response>
2015-11-26 @ 14:54:56  FATAL ERROR   , Thread was being aborted. SignInSignOut.cs Page_Load     at System.Threading.Thread.AbortInternal()
   at System.Threading.Thread.Abort(Object stateInfo)
   at System.Web.HttpResponse.AbortCurrentThread()
   at System.Web.HttpResponse.End()
   at System.Web.HttpResponse.Redirect(String url, Boolean endResponse, Boolean permanent)
   at System.Web.HttpResponse.Redirect(String url)
   at HRMS.Orbitweb.SignInSignOut.Page_Load(Object sender, EventArgs e) in d:\VibrentWeb\vibrantweb-master-092b95e3ad3ac6b5a114721aaf3695fbfcf6a07c\vibrantweb-master-092b95e3ad3ac6b5a114721aaf3695fbfcf6a07c\src\HRMS.WebSite\Orbitweb\SignInSignOut.aspx.cs:line 117

2015-11-26 @ 15:20:31  Informational , App start Global.asax App_Start  
2015-11-26 @ 15:20:32  Informational , App start finished Global.asax App_Start  

2015-11-26 @ 15:20:40  Informational , App start Global.asax App_Start  
2015-11-26 @ 15:20:42  Informational , App start finished Global.asax App_Start  
2015-11-26 @ 15:20:42  FATAL ERROR   , App Error Global.asax App_Error  System.Web.HttpException (0x80004005): The controller for path '/__browserLink/requestData/238d40b5e4544a1fb8001a85bed54197' was not found or does not implement IController.
   at System.Web.Mvc.DefaultControllerFactory.GetControllerInstance(RequestContext requestContext, Type controllerType)
   at System.Web.Mvc.DefaultControllerFactory.CreateController(RequestContext requestContext, String controllerName)
   at System.Web.Mvc.MvcHandler.ProcessRequestInit(HttpContextBase httpContext, IController& controller, IControllerFactory& factory)
   at System.Web.Mvc.MvcHandler.BeginProcessRequest(HttpContextBase httpContext, AsyncCallback callback, Object state)
   at System.Web.Mvc.MvcHandler.BeginProcessRequest(HttpContext httpContext, AsyncCallback callback, Object state)
   at System.Web.Mvc.MvcHandler.System.Web.IHttpAsyncHandler.BeginProcessRequest(HttpContext context, AsyncCallback cb, Object extraData)
   at System.Web.HttpApplication.CallHandlerExecutionStep.System.Web.HttpApplication.IExecutionStep.Execute()
   at System.Web.HttpApplication.ExecuteStep(IExecutionStep step, Boolean& completedSynchronously)
2015-11-26 @ 15:20:42  FATAL ERROR   , App Error Global.asax App_Error  ---------Error Block End---------
2015-11-26 @ 15:21:06  Informational ,  SignInSignOut.aspx.cs   User IP: ::1
2015-11-26 @ 15:21:06  Informational ,  signinsignout.aspx.cs   dynamic url: http://api.ipinfodb.com/v3/ip-country/?key=989f1374dc528a8ea159064430a19d2e0756c05b46f6943a75b03257ce8b88a2&ip=::1&format=xml
2015-11-26 @ 15:21:06  Informational ,  signinsignout.aspx.cs   response: System.Net.HttpWebResponse
2015-11-26 @ 15:21:06  Informational ,  signinsignout.aspx.cs   responsedata: <?xml version="1.0" encoding="UTF-8"?>
<Response>
	<statusCode>OK</statusCode>
	<statusMessage></statusMessage>
	<ipAddress>::1</ipAddress>
	<countryCode>-</countryCode>
	<countryName>-</countryName>
</Response>
2015-11-26 @ 15:21:06  FATAL ERROR   , Thread was being aborted. SignInSignOut.cs Page_Load     at System.Threading.Thread.AbortInternal()
   at System.Threading.Thread.Abort(Object stateInfo)
   at System.Web.HttpResponse.AbortCurrentThread()
   at System.Web.HttpResponse.End()
   at System.Web.HttpResponse.Redirect(String url, Boolean endResponse, Boolean permanent)
   at System.Web.HttpResponse.Redirect(String url)
   at HRMS.Orbitweb.SignInSignOut.Page_Load(Object sender, EventArgs e) in d:\VibrentWeb\vibrantweb-master-092b95e3ad3ac6b5a114721aaf3695fbfcf6a07c\vibrantweb-master-092b95e3ad3ac6b5a114721aaf3695fbfcf6a07c\src\HRMS.WebSite\Orbitweb\SignInSignOut.aspx.cs:line 117
2015-11-26 @ 15:34:36  FATAL ERROR   , App Error Global.asax App_Error  System.Web.HttpUnhandledException (0x80004005): Exception of type 'System.Web.HttpUnhandledException' was thrown. ---> System.Web.HttpException (0x80004005): The GridView 'grdCandidates' fired event PageIndexChanging which wasn't handled.
   at System.Web.UI.WebControls.GridView.OnPageIndexChanging(GridViewPageEventArgs e)
   at System.Web.UI.WebControls.GridView.HandlePage(Int32 newPage)
   at System.Web.UI.WebControls.GridView.HandleEvent(EventArgs e, Boolean causesValidation, String validationGroup)
   at System.Web.UI.WebControls.GridView.RaisePostBackEvent(String eventArgument)
   at System.Web.UI.WebControls.GridView.System.Web.UI.IPostBackEventHandler.RaisePostBackEvent(String eventArgument)
   at System.Web.UI.Page.RaisePostBackEvent(IPostBackEventHandler sourceControl, String eventArgument)
   at System.Web.UI.Page.RaisePostBackEvent(NameValueCollection postData)
   at System.Web.UI.Page.ProcessRequestMain(Boolean includeStagesBeforeAsyncPoint, Boolean includeStagesAfterAsyncPoint)
   at System.Web.UI.Page.HandleError(Exception e)
   at System.Web.UI.Page.ProcessRequestMain(Boolean includeStagesBeforeAsyncPoint, Boolean includeStagesAfterAsyncPoint)
   at System.Web.UI.Page.ProcessRequest(Boolean includeStagesBeforeAsyncPoint, Boolean includeStagesAfterAsyncPoint)
   at System.Web.UI.Page.ProcessRequest()
   at System.Web.UI.Page.ProcessRequestWithNoAssert(HttpContext context)
   at System.Web.UI.Page.ProcessRequest(HttpContext context)
   at ASP.recruitment_candidate_aspx.ProcessRequest(HttpContext context) in c:\Users\mahesh.farad\AppData\Local\Temp\Temporary ASP.NET Files\root\f858c42d\46640ece\App_Web_1qwno5jt.3.cs:line 0
   at System.Web.HttpApplication.CallHandlerExecutionStep.System.Web.HttpApplication.IExecutionStep.Execute()
   at System.Web.HttpApplication.ExecuteStep(IExecutionStep step, Boolean& completedSynchronously)
2015-11-26 @ 15:34:36  FATAL ERROR   , App Error Global.asax App_Error  ---------Error Block End---------
2015-11-26 @ 15:34:44  FATAL ERROR   , App Error Global.asax App_Error  System.Web.HttpUnhandledException (0x80004005): Exception of type 'System.Web.HttpUnhandledException' was thrown. ---> System.Web.HttpException (0x80004005): The GridView 'grdCandidates' fired event PageIndexChanging which wasn't handled.
   at System.Web.UI.WebControls.GridView.OnPageIndexChanging(GridViewPageEventArgs e)
   at System.Web.UI.WebControls.GridView.HandlePage(Int32 newPage)
   at System.Web.UI.WebControls.GridView.HandleEvent(EventArgs e, Boolean causesValidation, String validationGroup)
   at System.Web.UI.WebControls.GridView.RaisePostBackEvent(String eventArgument)
   at System.Web.UI.WebControls.GridView.System.Web.UI.IPostBackEventHandler.RaisePostBackEvent(String eventArgument)
   at System.Web.UI.Page.RaisePostBackEvent(IPostBackEventHandler sourceControl, String eventArgument)
   at System.Web.UI.Page.RaisePostBackEvent(NameValueCollection postData)
   at System.Web.UI.Page.ProcessRequestMain(Boolean includeStagesBeforeAsyncPoint, Boolean includeStagesAfterAsyncPoint)
   at System.Web.UI.Page.HandleError(Exception e)
   at System.Web.UI.Page.ProcessRequestMain(Boolean includeStagesBeforeAsyncPoint, Boolean includeStagesAfterAsyncPoint)
   at System.Web.UI.Page.ProcessRequest(Boolean includeStagesBeforeAsyncPoint, Boolean includeStagesAfterAsyncPoint)
   at System.Web.UI.Page.ProcessRequest()
   at System.Web.UI.Page.ProcessRequestWithNoAssert(HttpContext context)
   at System.Web.UI.Page.ProcessRequest(HttpContext context)
   at ASP.recruitment_candidate_aspx.ProcessRequest(HttpContext context) in c:\Users\mahesh.farad\AppData\Local\Temp\Temporary ASP.NET Files\root\f858c42d\46640ece\App_Web_1qwno5jt.3.cs:line 0
   at System.Web.HttpApplication.CallHandlerExecutionStep.System.Web.HttpApplication.IExecutionStep.Execute()
   at System.Web.HttpApplication.ExecuteStep(IExecutionStep step, Boolean& completedSynchronously)
2015-11-26 @ 15:34:44  FATAL ERROR   , App Error Global.asax App_Error  ---------Error Block End---------
2015-11-26 @ 15:34:50  FATAL ERROR   , App Error Global.asax App_Error  System.Web.HttpUnhandledException (0x80004005): Exception of type 'System.Web.HttpUnhandledException' was thrown. ---> System.Web.HttpException (0x80004005): The GridView 'grdCandidates' fired event PageIndexChanging which wasn't handled.
   at System.Web.UI.WebControls.GridView.OnPageIndexChanging(GridViewPageEventArgs e)
   at System.Web.UI.WebControls.GridView.HandlePage(Int32 newPage)
   at System.Web.UI.WebControls.GridView.HandleEvent(EventArgs e, Boolean causesValidation, String validationGroup)
   at System.Web.UI.WebControls.GridView.RaisePostBackEvent(String eventArgument)
   at System.Web.UI.WebControls.GridView.System.Web.UI.IPostBackEventHandler.RaisePostBackEvent(String eventArgument)
   at System.Web.UI.Page.RaisePostBackEvent(IPostBackEventHandler sourceControl, String eventArgument)
   at System.Web.UI.Page.RaisePostBackEvent(NameValueCollection postData)
   at System.Web.UI.Page.ProcessRequestMain(Boolean includeStagesBeforeAsyncPoint, Boolean includeStagesAfterAsyncPoint)
   at System.Web.UI.Page.HandleError(Exception e)
   at System.Web.UI.Page.ProcessRequestMain(Boolean includeStagesBeforeAsyncPoint, Boolean includeStagesAfterAsyncPoint)
   at System.Web.UI.Page.ProcessRequest(Boolean includeStagesBeforeAsyncPoint, Boolean includeStagesAfterAsyncPoint)
   at System.Web.UI.Page.ProcessRequest()
   at System.Web.UI.Page.ProcessRequestWithNoAssert(HttpContext context)
   at System.Web.UI.Page.ProcessRequest(HttpContext context)
   at ASP.recruitment_candidate_aspx.ProcessRequest(HttpContext context) in c:\Users\mahesh.farad\AppData\Local\Temp\Temporary ASP.NET Files\root\f858c42d\46640ece\App_Web_1qwno5jt.3.cs:line 0
   at System.Web.HttpApplication.CallHandlerExecutionStep.System.Web.HttpApplication.IExecutionStep.Execute()
   at System.Web.HttpApplication.ExecuteStep(IExecutionStep step, Boolean& completedSynchronously)
2015-11-26 @ 15:34:50  FATAL ERROR   , App Error Global.asax App_Error  ---------Error Block End---------
2015-11-26 @ 15:34:50  FATAL ERROR   , App Error Global.asax App_Error  System.Web.HttpUnhandledException (0x80004005): Exception of type 'System.Web.HttpUnhandledException' was thrown. ---> System.Web.HttpException (0x80004005): The GridView 'grdCandidates' fired event PageIndexChanging which wasn't handled.
   at System.Web.UI.WebControls.GridView.OnPageIndexChanging(GridViewPageEventArgs e)
   at System.Web.UI.WebControls.GridView.HandlePage(Int32 newPage)
   at System.Web.UI.WebControls.GridView.HandleEvent(EventArgs e, Boolean causesValidation, String validationGroup)
   at System.Web.UI.WebControls.GridView.RaisePostBackEvent(String eventArgument)
   at System.Web.UI.WebControls.GridView.System.Web.UI.IPostBackEventHandler.RaisePostBackEvent(String eventArgument)
   at System.Web.UI.Page.RaisePostBackEvent(IPostBackEventHandler sourceControl, String eventArgument)
   at System.Web.UI.Page.RaisePostBackEvent(NameValueCollection postData)
   at System.Web.UI.Page.ProcessRequestMain(Boolean includeStagesBeforeAsyncPoint, Boolean includeStagesAfterAsyncPoint)
   at System.Web.UI.Page.HandleError(Exception e)
   at System.Web.UI.Page.ProcessRequestMain(Boolean includeStagesBeforeAsyncPoint, Boolean includeStagesAfterAsyncPoint)
   at System.Web.UI.Page.ProcessRequest(Boolean includeStagesBeforeAsyncPoint, Boolean includeStagesAfterAsyncPoint)
   at System.Web.UI.Page.ProcessRequest()
   at System.Web.UI.Page.ProcessRequestWithNoAssert(HttpContext context)
   at System.Web.UI.Page.ProcessRequest(HttpContext context)
   at ASP.recruitment_candidate_aspx.ProcessRequest(HttpContext context) in c:\Users\mahesh.farad\AppData\Local\Temp\Temporary ASP.NET Files\root\f858c42d\46640ece\App_Web_1qwno5jt.3.cs:line 0
   at System.Web.HttpApplication.CallHandlerExecutionStep.System.Web.HttpApplication.IExecutionStep.Execute()
   at System.Web.HttpApplication.ExecuteStep(IExecutionStep step, Boolean& completedSynchronously)
2015-11-26 @ 15:34:50  FATAL ERROR   , App Error Global.asax App_Error  ---------Error Block End---------
2015-11-26 @ 15:34:50  FATAL ERROR   , App Error Global.asax App_Error  System.Web.HttpUnhandledException (0x80004005): Exception of type 'System.Web.HttpUnhandledException' was thrown. ---> System.Web.HttpException (0x80004005): The GridView 'grdCandidates' fired event PageIndexChanging which wasn't handled.
   at System.Web.UI.WebControls.GridView.OnPageIndexChanging(GridViewPageEventArgs e)
   at System.Web.UI.WebControls.GridView.HandlePage(Int32 newPage)
   at System.Web.UI.WebControls.GridView.HandleEvent(EventArgs e, Boolean causesValidation, String validationGroup)
   at System.Web.UI.WebControls.GridView.RaisePostBackEvent(String eventArgument)
   at System.Web.UI.WebControls.GridView.System.Web.UI.IPostBackEventHandler.RaisePostBackEvent(String eventArgument)
   at System.Web.UI.Page.RaisePostBackEvent(IPostBackEventHandler sourceControl, String eventArgument)
   at System.Web.UI.Page.RaisePostBackEvent(NameValueCollection postData)
   at System.Web.UI.Page.ProcessRequestMain(Boolean includeStagesBeforeAsyncPoint, Boolean includeStagesAfterAsyncPoint)
   at System.Web.UI.Page.HandleError(Exception e)
   at System.Web.UI.Page.ProcessRequestMain(Boolean includeStagesBeforeAsyncPoint, Boolean includeStagesAfterAsyncPoint)
   at System.Web.UI.Page.ProcessRequest(Boolean includeStagesBeforeAsyncPoint, Boolean includeStagesAfterAsyncPoint)
   at System.Web.UI.Page.ProcessRequest()
   at System.Web.UI.Page.ProcessRequestWithNoAssert(HttpContext context)
   at System.Web.UI.Page.ProcessRequest(HttpContext context)
   at ASP.recruitment_candidate_aspx.ProcessRequest(HttpContext context) in c:\Users\mahesh.farad\AppData\Local\Temp\Temporary ASP.NET Files\root\f858c42d\46640ece\App_Web_1qwno5jt.3.cs:line 0
   at System.Web.HttpApplication.CallHandlerExecutionStep.System.Web.HttpApplication.IExecutionStep.Execute()
   at System.Web.HttpApplication.ExecuteStep(IExecutionStep step, Boolean& completedSynchronously)
2015-11-26 @ 15:34:50  FATAL ERROR   , App Error Global.asax App_Error  ---------Error Block End---------
2015-11-26 @ 15:34:55  FATAL ERROR   , App Error Global.asax App_Error  System.Web.HttpUnhandledException (0x80004005): Exception of type 'System.Web.HttpUnhandledException' was thrown. ---> System.Web.HttpException (0x80004005): The GridView 'grdCandidates' fired event PageIndexChanging which wasn't handled.
   at System.Web.UI.WebControls.GridView.OnPageIndexChanging(GridViewPageEventArgs e)
   at System.Web.UI.WebControls.GridView.HandlePage(Int32 newPage)
   at System.Web.UI.WebControls.GridView.HandleEvent(EventArgs e, Boolean causesValidation, String validationGroup)
   at System.Web.UI.WebControls.GridView.RaisePostBackEvent(String eventArgument)
   at System.Web.UI.WebControls.GridView.System.Web.UI.IPostBackEventHandler.RaisePostBackEvent(String eventArgument)
   at System.Web.UI.Page.RaisePostBackEvent(IPostBackEventHandler sourceControl, String eventArgument)
   at System.Web.UI.Page.RaisePostBackEvent(NameValueCollection postData)
   at System.Web.UI.Page.ProcessRequestMain(Boolean includeStagesBeforeAsyncPoint, Boolean includeStagesAfterAsyncPoint)
   at System.Web.UI.Page.HandleError(Exception e)
   at System.Web.UI.Page.ProcessRequestMain(Boolean includeStagesBeforeAsyncPoint, Boolean includeStagesAfterAsyncPoint)
   at System.Web.UI.Page.ProcessRequest(Boolean includeStagesBeforeAsyncPoint, Boolean includeStagesAfterAsyncPoint)
   at System.Web.UI.Page.ProcessRequest()
   at System.Web.UI.Page.ProcessRequestWithNoAssert(HttpContext context)
   at System.Web.UI.Page.ProcessRequest(HttpContext context)
   at ASP.recruitment_candidate_aspx.ProcessRequest(HttpContext context) in c:\Users\mahesh.farad\AppData\Local\Temp\Temporary ASP.NET Files\root\f858c42d\46640ece\App_Web_1qwno5jt.3.cs:line 0
   at System.Web.HttpApplication.CallHandlerExecutionStep.System.Web.HttpApplication.IExecutionStep.Execute()
   at System.Web.HttpApplication.ExecuteStep(IExecutionStep step, Boolean& completedSynchronously)
2015-11-26 @ 15:34:55  FATAL ERROR   , App Error Global.asax App_Error  ---------Error Block End---------
2015-11-26 @ 15:34:56  FATAL ERROR   , App Error Global.asax App_Error  System.Web.HttpUnhandledException (0x80004005): Exception of type 'System.Web.HttpUnhandledException' was thrown. ---> System.Web.HttpException (0x80004005): The GridView 'grdCandidates' fired event PageIndexChanging which wasn't handled.
   at System.Web.UI.WebControls.GridView.OnPageIndexChanging(GridViewPageEventArgs e)
   at System.Web.UI.WebControls.GridView.HandlePage(Int32 newPage)
   at System.Web.UI.WebControls.GridView.HandleEvent(EventArgs e, Boolean causesValidation, String validationGroup)
   at System.Web.UI.WebControls.GridView.RaisePostBackEvent(String eventArgument)
   at System.Web.UI.WebControls.GridView.System.Web.UI.IPostBackEventHandler.RaisePostBackEvent(String eventArgument)
   at System.Web.UI.Page.RaisePostBackEvent(IPostBackEventHandler sourceControl, String eventArgument)
   at System.Web.UI.Page.RaisePostBackEvent(NameValueCollection postData)
   at System.Web.UI.Page.ProcessRequestMain(Boolean includeStagesBeforeAsyncPoint, Boolean includeStagesAfterAsyncPoint)
   at System.Web.UI.Page.HandleError(Exception e)
   at System.Web.UI.Page.ProcessRequestMain(Boolean includeStagesBeforeAsyncPoint, Boolean includeStagesAfterAsyncPoint)
   at System.Web.UI.Page.ProcessRequest(Boolean includeStagesBeforeAsyncPoint, Boolean includeStagesAfterAsyncPoint)
   at System.Web.UI.Page.ProcessRequest()
   at System.Web.UI.Page.ProcessRequestWithNoAssert(HttpContext context)
   at System.Web.UI.Page.ProcessRequest(HttpContext context)
   at ASP.recruitment_candidate_aspx.ProcessRequest(HttpContext context) in c:\Users\mahesh.farad\AppData\Local\Temp\Temporary ASP.NET Files\root\f858c42d\46640ece\App_Web_1qwno5jt.3.cs:line 0
   at System.Web.HttpApplication.CallHandlerExecutionStep.System.Web.HttpApplication.IExecutionStep.Execute()
   at System.Web.HttpApplication.ExecuteStep(IExecutionStep step, Boolean& completedSynchronously)
2015-11-26 @ 15:34:56  FATAL ERROR   , App Error Global.asax App_Error  ---------Error Block End---------
2015-11-26 @ 15:34:56  FATAL ERROR   , App Error Global.asax App_Error  System.Web.HttpUnhandledException (0x80004005): Exception of type 'System.Web.HttpUnhandledException' was thrown. ---> System.Web.HttpException (0x80004005): The GridView 'grdCandidates' fired event PageIndexChanging which wasn't handled.
   at System.Web.UI.WebControls.GridView.OnPageIndexChanging(GridViewPageEventArgs e)
   at System.Web.UI.WebControls.GridView.HandlePage(Int32 newPage)
   at System.Web.UI.WebControls.GridView.HandleEvent(EventArgs e, Boolean causesValidation, String validationGroup)
   at System.Web.UI.WebControls.GridView.RaisePostBackEvent(String eventArgument)
   at System.Web.UI.WebControls.GridView.System.Web.UI.IPostBackEventHandler.RaisePostBackEvent(String eventArgument)
   at System.Web.UI.Page.RaisePostBackEvent(IPostBackEventHandler sourceControl, String eventArgument)
   at System.Web.UI.Page.RaisePostBackEvent(NameValueCollection postData)
   at System.Web.UI.Page.ProcessRequestMain(Boolean includeStagesBeforeAsyncPoint, Boolean includeStagesAfterAsyncPoint)
   at System.Web.UI.Page.HandleError(Exception e)
   at System.Web.UI.Page.ProcessRequestMain(Boolean includeStagesBeforeAsyncPoint, Boolean includeStagesAfterAsyncPoint)
   at System.Web.UI.Page.ProcessRequest(Boolean includeStagesBeforeAsyncPoint, Boolean includeStagesAfterAsyncPoint)
   at System.Web.UI.Page.ProcessRequest()
   at System.Web.UI.Page.ProcessRequestWithNoAssert(HttpContext context)
   at System.Web.UI.Page.ProcessRequest(HttpContext context)
   at ASP.recruitment_candidate_aspx.ProcessRequest(HttpContext context) in c:\Users\mahesh.farad\AppData\Local\Temp\Temporary ASP.NET Files\root\f858c42d\46640ece\App_Web_1qwno5jt.3.cs:line 0
   at System.Web.HttpApplication.CallHandlerExecutionStep.System.Web.HttpApplication.IExecutionStep.Execute()
   at System.Web.HttpApplication.ExecuteStep(IExecutionStep step, Boolean& completedSynchronously)
2015-11-26 @ 15:34:56  FATAL ERROR   , App Error Global.asax App_Error  ---------Error Block End---------
2015-11-26 @ 15:34:57  FATAL ERROR   , App Error Global.asax App_Error  System.Web.HttpUnhandledException (0x80004005): Exception of type 'System.Web.HttpUnhandledException' was thrown. ---> System.Web.HttpException (0x80004005): The GridView 'grdCandidates' fired event PageIndexChanging which wasn't handled.
   at System.Web.UI.WebControls.GridView.OnPageIndexChanging(GridViewPageEventArgs e)
   at System.Web.UI.WebControls.GridView.HandlePage(Int32 newPage)
   at System.Web.UI.WebControls.GridView.HandleEvent(EventArgs e, Boolean causesValidation, String validationGroup)
   at System.Web.UI.WebControls.GridView.RaisePostBackEvent(String eventArgument)
   at System.Web.UI.WebControls.GridView.System.Web.UI.IPostBackEventHandler.RaisePostBackEvent(String eventArgument)
   at System.Web.UI.Page.RaisePostBackEvent(IPostBackEventHandler sourceControl, String eventArgument)
   at System.Web.UI.Page.RaisePostBackEvent(NameValueCollection postData)
   at System.Web.UI.Page.ProcessRequestMain(Boolean includeStagesBeforeAsyncPoint, Boolean includeStagesAfterAsyncPoint)
   at System.Web.UI.Page.HandleError(Exception e)
   at System.Web.UI.Page.ProcessRequestMain(Boolean includeStagesBeforeAsyncPoint, Boolean includeStagesAfterAsyncPoint)
   at System.Web.UI.Page.ProcessRequest(Boolean includeStagesBeforeAsyncPoint, Boolean includeStagesAfterAsyncPoint)
   at System.Web.UI.Page.ProcessRequest()
   at System.Web.UI.Page.ProcessRequestWithNoAssert(HttpContext context)
   at System.Web.UI.Page.ProcessRequest(HttpContext context)
   at ASP.recruitment_candidate_aspx.ProcessRequest(HttpContext context) in c:\Users\mahesh.farad\AppData\Local\Temp\Temporary ASP.NET Files\root\f858c42d\46640ece\App_Web_1qwno5jt.3.cs:line 0
   at System.Web.HttpApplication.CallHandlerExecutionStep.System.Web.HttpApplication.IExecutionStep.Execute()
   at System.Web.HttpApplication.ExecuteStep(IExecutionStep step, Boolean& completedSynchronously)
2015-11-26 @ 15:34:57  FATAL ERROR   , App Error Global.asax App_Error  ---------Error Block End---------
2015-11-26 @ 15:34:57  FATAL ERROR   , App Error Global.asax App_Error  System.Web.HttpUnhandledException (0x80004005): Exception of type 'System.Web.HttpUnhandledException' was thrown. ---> System.Web.HttpException (0x80004005): The GridView 'grdCandidates' fired event PageIndexChanging which wasn't handled.
   at System.Web.UI.WebControls.GridView.OnPageIndexChanging(GridViewPageEventArgs e)
   at System.Web.UI.WebControls.GridView.HandlePage(Int32 newPage)
   at System.Web.UI.WebControls.GridView.HandleEvent(EventArgs e, Boolean causesValidation, String validationGroup)
   at System.Web.UI.WebControls.GridView.RaisePostBackEvent(String eventArgument)
   at System.Web.UI.WebControls.GridView.System.Web.UI.IPostBackEventHandler.RaisePostBackEvent(String eventArgument)
   at System.Web.UI.Page.RaisePostBackEvent(IPostBackEventHandler sourceControl, String eventArgument)
   at System.Web.UI.Page.RaisePostBackEvent(NameValueCollection postData)
   at System.Web.UI.Page.ProcessRequestMain(Boolean includeStagesBeforeAsyncPoint, Boolean includeStagesAfterAsyncPoint)
   at System.Web.UI.Page.HandleError(Exception e)
   at System.Web.UI.Page.ProcessRequestMain(Boolean includeStagesBeforeAsyncPoint, Boolean includeStagesAfterAsyncPoint)
   at System.Web.UI.Page.ProcessRequest(Boolean includeStagesBeforeAsyncPoint, Boolean includeStagesAfterAsyncPoint)
   at System.Web.UI.Page.ProcessRequest()
   at System.Web.UI.Page.ProcessRequestWithNoAssert(HttpContext context)
   at System.Web.UI.Page.ProcessRequest(HttpContext context)
   at ASP.recruitment_candidate_aspx.ProcessRequest(HttpContext context) in c:\Users\mahesh.farad\AppData\Local\Temp\Temporary ASP.NET Files\root\f858c42d\46640ece\App_Web_1qwno5jt.3.cs:line 0
   at System.Web.HttpApplication.CallHandlerExecutionStep.System.Web.HttpApplication.IExecutionStep.Execute()
   at System.Web.HttpApplication.ExecuteStep(IExecutionStep step, Boolean& completedSynchronously)
2015-11-26 @ 15:34:57  FATAL ERROR   , App Error Global.asax App_Error  ---------Error Block End---------
2015-11-26 @ 15:34:58  FATAL ERROR   , App Error Global.asax App_Error  System.Web.HttpUnhandledException (0x80004005): Exception of type 'System.Web.HttpUnhandledException' was thrown. ---> System.Web.HttpException (0x80004005): The GridView 'grdCandidates' fired event PageIndexChanging which wasn't handled.
   at System.Web.UI.WebControls.GridView.OnPageIndexChanging(GridViewPageEventArgs e)
   at System.Web.UI.WebControls.GridView.HandlePage(Int32 newPage)
   at System.Web.UI.WebControls.GridView.HandleEvent(EventArgs e, Boolean causesValidation, String validationGroup)
   at System.Web.UI.WebControls.GridView.RaisePostBackEvent(String eventArgument)
   at System.Web.UI.WebControls.GridView.System.Web.UI.IPostBackEventHandler.RaisePostBackEvent(String eventArgument)
   at System.Web.UI.Page.RaisePostBackEvent(IPostBackEventHandler sourceControl, String eventArgument)
   at System.Web.UI.Page.RaisePostBackEvent(NameValueCollection postData)
   at System.Web.UI.Page.ProcessRequestMain(Boolean includeStagesBeforeAsyncPoint, Boolean includeStagesAfterAsyncPoint)
   at System.Web.UI.Page.HandleError(Exception e)
   at System.Web.UI.Page.ProcessRequestMain(Boolean includeStagesBeforeAsyncPoint, Boolean includeStagesAfterAsyncPoint)
   at System.Web.UI.Page.ProcessRequest(Boolean includeStagesBeforeAsyncPoint, Boolean includeStagesAfterAsyncPoint)
   at System.Web.UI.Page.ProcessRequest()
   at System.Web.UI.Page.ProcessRequestWithNoAssert(HttpContext context)
   at System.Web.UI.Page.ProcessRequest(HttpContext context)
   at ASP.recruitment_candidate_aspx.ProcessRequest(HttpContext context) in c:\Users\mahesh.farad\AppData\Local\Temp\Temporary ASP.NET Files\root\f858c42d\46640ece\App_Web_1qwno5jt.3.cs:line 0
   at System.Web.HttpApplication.CallHandlerExecutionStep.System.Web.HttpApplication.IExecutionStep.Execute()
   at System.Web.HttpApplication.ExecuteStep(IExecutionStep step, Boolean& completedSynchronously)
2015-11-26 @ 15:34:58  FATAL ERROR   , App Error Global.asax App_Error  ---------Error Block End---------
2015-11-26 @ 15:34:58  FATAL ERROR   , App Error Global.asax App_Error  System.Web.HttpUnhandledException (0x80004005): Exception of type 'System.Web.HttpUnhandledException' was thrown. ---> System.Web.HttpException (0x80004005): The GridView 'grdCandidates' fired event PageIndexChanging which wasn't handled.
   at System.Web.UI.WebControls.GridView.OnPageIndexChanging(GridViewPageEventArgs e)
   at System.Web.UI.WebControls.GridView.HandlePage(Int32 newPage)
   at System.Web.UI.WebControls.GridView.HandleEvent(EventArgs e, Boolean causesValidation, String validationGroup)
   at System.Web.UI.WebControls.GridView.RaisePostBackEvent(String eventArgument)
   at System.Web.UI.WebControls.GridView.System.Web.UI.IPostBackEventHandler.RaisePostBackEvent(String eventArgument)
   at System.Web.UI.Page.RaisePostBackEvent(IPostBackEventHandler sourceControl, String eventArgument)
   at System.Web.UI.Page.RaisePostBackEvent(NameValueCollection postData)
   at System.Web.UI.Page.ProcessRequestMain(Boolean includeStagesBeforeAsyncPoint, Boolean includeStagesAfterAsyncPoint)
   at System.Web.UI.Page.HandleError(Exception e)
   at System.Web.UI.Page.ProcessRequestMain(Boolean includeStagesBeforeAsyncPoint, Boolean includeStagesAfterAsyncPoint)
   at System.Web.UI.Page.ProcessRequest(Boolean includeStagesBeforeAsyncPoint, Boolean includeStagesAfterAsyncPoint)
   at System.Web.UI.Page.ProcessRequest()
   at System.Web.UI.Page.ProcessRequestWithNoAssert(HttpContext context)
   at System.Web.UI.Page.ProcessRequest(HttpContext context)
   at ASP.recruitment_candidate_aspx.ProcessRequest(HttpContext context) in c:\Users\mahesh.farad\AppData\Local\Temp\Temporary ASP.NET Files\root\f858c42d\46640ece\App_Web_1qwno5jt.3.cs:line 0
   at System.Web.HttpApplication.CallHandlerExecutionStep.System.Web.HttpApplication.IExecutionStep.Execute()
   at System.Web.HttpApplication.ExecuteStep(IExecutionStep step, Boolean& completedSynchronously)
2015-11-26 @ 15:34:58  FATAL ERROR   , App Error Global.asax App_Error  ---------Error Block End---------
2015-11-26 @ 15:34:58  FATAL ERROR   , App Error Global.asax App_Error  System.Web.HttpUnhandledException (0x80004005): Exception of type 'System.Web.HttpUnhandledException' was thrown. ---> System.Web.HttpException (0x80004005): The GridView 'grdCandidates' fired event PageIndexChanging which wasn't handled.
   at System.Web.UI.WebControls.GridView.OnPageIndexChanging(GridViewPageEventArgs e)
   at System.Web.UI.WebControls.GridView.HandlePage(Int32 newPage)
   at System.Web.UI.WebControls.GridView.HandleEvent(EventArgs e, Boolean causesValidation, String validationGroup)
   at System.Web.UI.WebControls.GridView.RaisePostBackEvent(String eventArgument)
   at System.Web.UI.WebControls.GridView.System.Web.UI.IPostBackEventHandler.RaisePostBackEvent(String eventArgument)
   at System.Web.UI.Page.RaisePostBackEvent(IPostBackEventHandler sourceControl, String eventArgument)
   at System.Web.UI.Page.RaisePostBackEvent(NameValueCollection postData)
   at System.Web.UI.Page.ProcessRequestMain(Boolean includeStagesBeforeAsyncPoint, Boolean includeStagesAfterAsyncPoint)
   at System.Web.UI.Page.HandleError(Exception e)
   at System.Web.UI.Page.ProcessRequestMain(Boolean includeStagesBeforeAsyncPoint, Boolean includeStagesAfterAsyncPoint)
   at System.Web.UI.Page.ProcessRequest(Boolean includeStagesBeforeAsyncPoint, Boolean includeStagesAfterAsyncPoint)
   at System.Web.UI.Page.ProcessRequest()
   at System.Web.UI.Page.ProcessRequestWithNoAssert(HttpContext context)
   at System.Web.UI.Page.ProcessRequest(HttpContext context)
   at ASP.recruitment_candidate_aspx.ProcessRequest(HttpContext context) in c:\Users\mahesh.farad\AppData\Local\Temp\Temporary ASP.NET Files\root\f858c42d\46640ece\App_Web_1qwno5jt.3.cs:line 0
   at System.Web.HttpApplication.CallHandlerExecutionStep.System.Web.HttpApplication.IExecutionStep.Execute()
   at System.Web.HttpApplication.ExecuteStep(IExecutionStep step, Boolean& completedSynchronously)
2015-11-26 @ 15:34:58  FATAL ERROR   , App Error Global.asax App_Error  ---------Error Block End---------
2015-11-26 @ 15:34:59  FATAL ERROR   , App Error Global.asax App_Error  System.Web.HttpUnhandledException (0x80004005): Exception of type 'System.Web.HttpUnhandledException' was thrown. ---> System.Web.HttpException (0x80004005): The GridView 'grdCandidates' fired event PageIndexChanging which wasn't handled.
   at System.Web.UI.WebControls.GridView.OnPageIndexChanging(GridViewPageEventArgs e)
   at System.Web.UI.WebControls.GridView.HandlePage(Int32 newPage)
   at System.Web.UI.WebControls.GridView.HandleEvent(EventArgs e, Boolean causesValidation, String validationGroup)
   at System.Web.UI.WebControls.GridView.RaisePostBackEvent(String eventArgument)
   at System.Web.UI.WebControls.GridView.System.Web.UI.IPostBackEventHandler.RaisePostBackEvent(String eventArgument)
   at System.Web.UI.Page.RaisePostBackEvent(IPostBackEventHandler sourceControl, String eventArgument)
   at System.Web.UI.Page.RaisePostBackEvent(NameValueCollection postData)
   at System.Web.UI.Page.ProcessRequestMain(Boolean includeStagesBeforeAsyncPoint, Boolean includeStagesAfterAsyncPoint)
   at System.Web.UI.Page.HandleError(Exception e)
   at System.Web.UI.Page.ProcessRequestMain(Boolean includeStagesBeforeAsyncPoint, Boolean includeStagesAfterAsyncPoint)
   at System.Web.UI.Page.ProcessRequest(Boolean includeStagesBeforeAsyncPoint, Boolean includeStagesAfterAsyncPoint)
   at System.Web.UI.Page.ProcessRequest()
   at System.Web.UI.Page.ProcessRequestWithNoAssert(HttpContext context)
   at System.Web.UI.Page.ProcessRequest(HttpContext context)
   at ASP.recruitment_candidate_aspx.ProcessRequest(HttpContext context) in c:\Users\mahesh.farad\AppData\Local\Temp\Temporary ASP.NET Files\root\f858c42d\46640ece\App_Web_1qwno5jt.3.cs:line 0
   at System.Web.HttpApplication.CallHandlerExecutionStep.System.Web.HttpApplication.IExecutionStep.Execute()
   at System.Web.HttpApplication.ExecuteStep(IExecutionStep step, Boolean& completedSynchronously)
2015-11-26 @ 15:34:59  FATAL ERROR   , App Error Global.asax App_Error  ---------Error Block End---------
2015-11-26 @ 15:34:59  FATAL ERROR   , App Error Global.asax App_Error  System.Web.HttpUnhandledException (0x80004005): Exception of type 'System.Web.HttpUnhandledException' was thrown. ---> System.Web.HttpException (0x80004005): The GridView 'grdCandidates' fired event PageIndexChanging which wasn't handled.
   at System.Web.UI.WebControls.GridView.OnPageIndexChanging(GridViewPageEventArgs e)
   at System.Web.UI.WebControls.GridView.HandlePage(Int32 newPage)
   at System.Web.UI.WebControls.GridView.HandleEvent(EventArgs e, Boolean causesValidation, String validationGroup)
   at System.Web.UI.WebControls.GridView.RaisePostBackEvent(String eventArgument)
   at System.Web.UI.WebControls.GridView.System.Web.UI.IPostBackEventHandler.RaisePostBackEvent(String eventArgument)
   at System.Web.UI.Page.RaisePostBackEvent(IPostBackEventHandler sourceControl, String eventArgument)
   at System.Web.UI.Page.RaisePostBackEvent(NameValueCollection postData)
   at System.Web.UI.Page.ProcessRequestMain(Boolean includeStagesBeforeAsyncPoint, Boolean includeStagesAfterAsyncPoint)
   at System.Web.UI.Page.HandleError(Exception e)
   at System.Web.UI.Page.ProcessRequestMain(Boolean includeStagesBeforeAsyncPoint, Boolean includeStagesAfterAsyncPoint)
   at System.Web.UI.Page.ProcessRequest(Boolean includeStagesBeforeAsyncPoint, Boolean includeStagesAfterAsyncPoint)
   at System.Web.UI.Page.ProcessRequest()
   at System.Web.UI.Page.ProcessRequestWithNoAssert(HttpContext context)
   at System.Web.UI.Page.ProcessRequest(HttpContext context)
   at ASP.recruitment_candidate_aspx.ProcessRequest(HttpContext context) in c:\Users\mahesh.farad\AppData\Local\Temp\Temporary ASP.NET Files\root\f858c42d\46640ece\App_Web_1qwno5jt.3.cs:line 0
   at System.Web.HttpApplication.CallHandlerExecutionStep.System.Web.HttpApplication.IExecutionStep.Execute()
   at System.Web.HttpApplication.ExecuteStep(IExecutionStep step, Boolean& completedSynchronously)
2015-11-26 @ 15:34:59  FATAL ERROR   , App Error Global.asax App_Error  ---------Error Block End---------
2015-11-26 @ 15:34:59  FATAL ERROR   , App Error Global.asax App_Error  System.Web.HttpUnhandledException (0x80004005): Exception of type 'System.Web.HttpUnhandledException' was thrown. ---> System.Web.HttpException (0x80004005): The GridView 'grdCandidates' fired event PageIndexChanging which wasn't handled.
   at System.Web.UI.WebControls.GridView.OnPageIndexChanging(GridViewPageEventArgs e)
   at System.Web.UI.WebControls.GridView.HandlePage(Int32 newPage)
   at System.Web.UI.WebControls.GridView.HandleEvent(EventArgs e, Boolean causesValidation, String validationGroup)
   at System.Web.UI.WebControls.GridView.RaisePostBackEvent(String eventArgument)
   at System.Web.UI.WebControls.GridView.System.Web.UI.IPostBackEventHandler.RaisePostBackEvent(String eventArgument)
   at System.Web.UI.Page.RaisePostBackEvent(IPostBackEventHandler sourceControl, String eventArgument)
   at System.Web.UI.Page.RaisePostBackEvent(NameValueCollection postData)
   at System.Web.UI.Page.ProcessRequestMain(Boolean includeStagesBeforeAsyncPoint, Boolean includeStagesAfterAsyncPoint)
   at System.Web.UI.Page.HandleError(Exception e)
   at System.Web.UI.Page.ProcessRequestMain(Boolean includeStagesBeforeAsyncPoint, Boolean includeStagesAfterAsyncPoint)
   at System.Web.UI.Page.ProcessRequest(Boolean includeStagesBeforeAsyncPoint, Boolean includeStagesAfterAsyncPoint)
   at System.Web.UI.Page.ProcessRequest()
   at System.Web.UI.Page.ProcessRequestWithNoAssert(HttpContext context)
   at System.Web.UI.Page.ProcessRequest(HttpContext context)
   at ASP.recruitment_candidate_aspx.ProcessRequest(HttpContext context) in c:\Users\mahesh.farad\AppData\Local\Temp\Temporary ASP.NET Files\root\f858c42d\46640ece\App_Web_1qwno5jt.3.cs:line 0
   at System.Web.HttpApplication.CallHandlerExecutionStep.System.Web.HttpApplication.IExecutionStep.Execute()
   at System.Web.HttpApplication.ExecuteStep(IExecutionStep step, Boolean& completedSynchronously)
2015-11-26 @ 15:34:59  FATAL ERROR   , App Error Global.asax App_Error  ---------Error Block End---------

2015-11-26 @ 16:38:04  Informational , App start Global.asax App_Start  
2015-11-26 @ 16:38:06  Informational , App start finished Global.asax App_Start  
2015-11-26 @ 16:38:32  Informational ,  SignInSignOut.aspx.cs   User IP: ::1
2015-11-26 @ 16:38:32  Informational ,  signinsignout.aspx.cs   dynamic url: http://api.ipinfodb.com/v3/ip-country/?key=989f1374dc528a8ea159064430a19d2e0756c05b46f6943a75b03257ce8b88a2&ip=::1&format=xml
2015-11-26 @ 16:38:33  Informational ,  signinsignout.aspx.cs   response: System.Net.HttpWebResponse
2015-11-26 @ 16:38:33  Informational ,  signinsignout.aspx.cs   responsedata: <?xml version="1.0" encoding="UTF-8"?>
<Response>
	<statusCode>OK</statusCode>
	<statusMessage></statusMessage>
	<ipAddress>::1</ipAddress>
	<countryCode>-</countryCode>
	<countryName>-</countryName>
</Response>
2015-11-26 @ 16:38:33  FATAL ERROR   , Thread was being aborted. SignInSignOut.cs Page_Load     at System.Threading.Thread.AbortInternal()
   at System.Threading.Thread.Abort(Object stateInfo)
   at System.Web.HttpResponse.AbortCurrentThread()
   at System.Web.HttpResponse.End()
   at System.Web.HttpResponse.Redirect(String url, Boolean endResponse, Boolean permanent)
   at System.Web.HttpResponse.Redirect(String url)
   at HRMS.Orbitweb.SignInSignOut.Page_Load(Object sender, EventArgs e) in d:\VibrentWeb\vibrantweb-master-092b95e3ad3ac6b5a114721aaf3695fbfcf6a07c\vibrantweb-master-092b95e3ad3ac6b5a114721aaf3695fbfcf6a07c\src\HRMS.WebSite\Orbitweb\SignInSignOut.aspx.cs:line 117

2015-11-26 @ 16:48:16  Informational , App start Global.asax App_Start  
2015-11-26 @ 16:48:18  Informational , App start finished Global.asax App_Start  
2015-11-26 @ 16:49:47  Informational ,  SignInSignOut.aspx.cs   User IP: ::1
2015-11-26 @ 16:49:47  Informational ,  signinsignout.aspx.cs   dynamic url: http://api.ipinfodb.com/v3/ip-country/?key=989f1374dc528a8ea159064430a19d2e0756c05b46f6943a75b03257ce8b88a2&ip=::1&format=xml
2015-11-26 @ 16:49:48  Informational ,  signinsignout.aspx.cs   response: System.Net.HttpWebResponse
2015-11-26 @ 16:49:48  Informational ,  signinsignout.aspx.cs   responsedata: <?xml version="1.0" encoding="UTF-8"?>
<Response>
	<statusCode>OK</statusCode>
	<statusMessage></statusMessage>
	<ipAddress>::1</ipAddress>
	<countryCode>-</countryCode>
	<countryName>-</countryName>
</Response>
2015-11-26 @ 16:49:48  FATAL ERROR   , Thread was being aborted. SignInSignOut.cs Page_Load     at System.Threading.Thread.AbortInternal()
   at System.Threading.Thread.Abort(Object stateInfo)
   at System.Web.HttpResponse.AbortCurrentThread()
   at System.Web.HttpResponse.End()
   at System.Web.HttpResponse.Redirect(String url, Boolean endResponse, Boolean permanent)
   at System.Web.HttpResponse.Redirect(String url)
   at HRMS.Orbitweb.SignInSignOut.Page_Load(Object sender, EventArgs e) in d:\VibrentWeb\vibrantweb-master-092b95e3ad3ac6b5a114721aaf3695fbfcf6a07c\vibrantweb-master-092b95e3ad3ac6b5a114721aaf3695fbfcf6a07c\src\HRMS.WebSite\Orbitweb\SignInSignOut.aspx.cs:line 117

2015-11-26 @ 16:51:33  Informational , App start Global.asax App_Start  
2015-11-26 @ 16:51:35  Informational , App start finished Global.asax App_Start  
2015-11-26 @ 16:52:15  Informational ,  SignInSignOut.aspx.cs   User IP: ::1
2015-11-26 @ 16:52:15  Informational ,  signinsignout.aspx.cs   dynamic url: http://api.ipinfodb.com/v3/ip-country/?key=989f1374dc528a8ea159064430a19d2e0756c05b46f6943a75b03257ce8b88a2&ip=::1&format=xml
2015-11-26 @ 16:52:15  Informational ,  signinsignout.aspx.cs   response: System.Net.HttpWebResponse
2015-11-26 @ 16:52:15  Informational ,  signinsignout.aspx.cs   responsedata: <?xml version="1.0" encoding="UTF-8"?>
<Response>
	<statusCode>OK</statusCode>
	<statusMessage></statusMessage>
	<ipAddress>::1</ipAddress>
	<countryCode>-</countryCode>
	<countryName>-</countryName>
</Response>
2015-11-26 @ 16:52:15  FATAL ERROR   , Thread was being aborted. SignInSignOut.cs Page_Load     at System.Threading.Thread.AbortInternal()
   at System.Threading.Thread.Abort(Object stateInfo)
   at System.Web.HttpResponse.AbortCurrentThread()
   at System.Web.HttpResponse.End()
   at System.Web.HttpResponse.Redirect(String url, Boolean endResponse, Boolean permanent)
   at System.Web.HttpResponse.Redirect(String url)
   at HRMS.Orbitweb.SignInSignOut.Page_Load(Object sender, EventArgs e) in d:\VibrentWeb\vibrantweb-master-092b95e3ad3ac6b5a114721aaf3695fbfcf6a07c\vibrantweb-master-092b95e3ad3ac6b5a114721aaf3695fbfcf6a07c\src\HRMS.WebSite\Orbitweb\SignInSignOut.aspx.cs:line 117

2015-11-26 @ 16:54:08  Informational , App start Global.asax App_Start  
2015-11-26 @ 16:54:10  Informational , App start finished Global.asax App_Start  
2015-11-26 @ 16:55:05  Informational ,  SignInSignOut.aspx.cs   User IP: ::1
2015-11-26 @ 16:55:05  Informational ,  signinsignout.aspx.cs   dynamic url: http://api.ipinfodb.com/v3/ip-country/?key=989f1374dc528a8ea159064430a19d2e0756c05b46f6943a75b03257ce8b88a2&ip=::1&format=xml
2015-11-26 @ 16:55:05  Informational ,  signinsignout.aspx.cs   response: System.Net.HttpWebResponse
2015-11-26 @ 16:55:05  Informational ,  signinsignout.aspx.cs   responsedata: <?xml version="1.0" encoding="UTF-8"?>
<Response>
	<statusCode>OK</statusCode>
	<statusMessage></statusMessage>
	<ipAddress>::1</ipAddress>
	<countryCode>-</countryCode>
	<countryName>-</countryName>
</Response>
2015-11-26 @ 16:55:05  FATAL ERROR   , Thread was being aborted. SignInSignOut.cs Page_Load     at System.Threading.Thread.AbortInternal()
   at System.Threading.Thread.Abort(Object stateInfo)
   at System.Web.HttpResponse.AbortCurrentThread()
   at System.Web.HttpResponse.End()
   at System.Web.HttpResponse.Redirect(String url, Boolean endResponse, Boolean permanent)
   at System.Web.HttpResponse.Redirect(String url)
   at HRMS.Orbitweb.SignInSignOut.Page_Load(Object sender, EventArgs e) in d:\VibrentWeb\vibrantweb-master-092b95e3ad3ac6b5a114721aaf3695fbfcf6a07c\vibrantweb-master-092b95e3ad3ac6b5a114721aaf3695fbfcf6a07c\src\HRMS.WebSite\Orbitweb\SignInSignOut.aspx.cs:line 117

2015-11-26 @ 17:29:47  Informational , App start Global.asax App_Start  
2015-11-26 @ 17:29:49  Informational , App start finished Global.asax App_Start  

2015-11-26 @ 18:21:07  Informational , App start Global.asax App_Start  
2015-11-26 @ 18:21:10  Informational , App start finished Global.asax App_Start  
2015-11-26 @ 18:21:37  Informational ,  SignInSignOut.aspx.cs   User IP: ::1
2015-11-26 @ 18:21:37  Informational ,  signinsignout.aspx.cs   dynamic url: http://api.ipinfodb.com/v3/ip-country/?key=989f1374dc528a8ea159064430a19d2e0756c05b46f6943a75b03257ce8b88a2&ip=::1&format=xml
2015-11-26 @ 18:21:37  Informational ,  signinsignout.aspx.cs   response: System.Net.HttpWebResponse
2015-11-26 @ 18:21:37  Informational ,  signinsignout.aspx.cs   responsedata: <?xml version="1.0" encoding="UTF-8"?>
<Response>
	<statusCode>OK</statusCode>
	<statusMessage></statusMessage>
	<ipAddress>::1</ipAddress>
	<countryCode>-</countryCode>
	<countryName>-</countryName>
</Response>
2015-11-26 @ 18:21:38  FATAL ERROR   , Thread was being aborted. SignInSignOut.cs Page_Load     at System.Threading.Thread.AbortInternal()
   at System.Threading.Thread.Abort(Object stateInfo)
   at System.Web.HttpResponse.AbortCurrentThread()
   at System.Web.HttpResponse.End()
   at System.Web.HttpResponse.Redirect(String url, Boolean endResponse, Boolean permanent)
   at System.Web.HttpResponse.Redirect(String url)
   at HRMS.Orbitweb.SignInSignOut.Page_Load(Object sender, EventArgs e) in d:\VibrentWeb\vibrantweb-master-092b95e3ad3ac6b5a114721aaf3695fbfcf6a07c\vibrantweb-master-092b95e3ad3ac6b5a114721aaf3695fbfcf6a07c\src\HRMS.WebSite\Orbitweb\SignInSignOut.aspx.cs:line 117

2015-11-26 @ 18:33:30  Informational , App start Global.asax App_Start  
2015-11-26 @ 18:33:32  Informational , App start finished Global.asax App_Start  
2015-11-26 @ 18:34:12  Informational ,  SignInSignOut.aspx.cs   User IP: ::1
2015-11-26 @ 18:34:12  Informational ,  signinsignout.aspx.cs   dynamic url: http://api.ipinfodb.com/v3/ip-country/?key=989f1374dc528a8ea159064430a19d2e0756c05b46f6943a75b03257ce8b88a2&ip=::1&format=xml
2015-11-26 @ 18:34:12  Informational ,  signinsignout.aspx.cs   response: System.Net.HttpWebResponse
2015-11-26 @ 18:34:12  Informational ,  signinsignout.aspx.cs   responsedata: <?xml version="1.0" encoding="UTF-8"?>
<Response>
	<statusCode>OK</statusCode>
	<statusMessage></statusMessage>
	<ipAddress>::1</ipAddress>
	<countryCode>-</countryCode>
	<countryName>-</countryName>
</Response>
2015-11-26 @ 18:34:12  FATAL ERROR   , Thread was being aborted. SignInSignOut.cs Page_Load     at System.Threading.Thread.AbortInternal()
   at System.Threading.Thread.Abort(Object stateInfo)
   at System.Web.HttpResponse.AbortCurrentThread()
   at System.Web.HttpResponse.End()
   at System.Web.HttpResponse.Redirect(String url, Boolean endResponse, Boolean permanent)
   at System.Web.HttpResponse.Redirect(String url)
   at HRMS.Orbitweb.SignInSignOut.Page_Load(Object sender, EventArgs e) in d:\VibrentWeb\vibrantweb-master-092b95e3ad3ac6b5a114721aaf3695fbfcf6a07c\vibrantweb-master-092b95e3ad3ac6b5a114721aaf3695fbfcf6a07c\src\HRMS.WebSite\Orbitweb\SignInSignOut.aspx.cs:line 117

2015-11-26 @ 18:38:43  Informational , App start Global.asax App_Start  
2015-11-26 @ 18:38:45  Informational , App start finished Global.asax App_Start  
2015-11-26 @ 18:42:25  Informational ,  SignInSignOut.aspx.cs   User IP: ::1
2015-11-26 @ 18:42:25  Informational ,  signinsignout.aspx.cs   dynamic url: http://api.ipinfodb.com/v3/ip-country/?key=989f1374dc528a8ea159064430a19d2e0756c05b46f6943a75b03257ce8b88a2&ip=::1&format=xml
2015-11-26 @ 18:42:25  Informational ,  signinsignout.aspx.cs   response: System.Net.HttpWebResponse
2015-11-26 @ 18:42:25  Informational ,  signinsignout.aspx.cs   responsedata: <?xml version="1.0" encoding="UTF-8"?>
<Response>
	<statusCode>OK</statusCode>
	<statusMessage></statusMessage>
	<ipAddress>::1</ipAddress>
	<countryCode>-</countryCode>
	<countryName>-</countryName>
</Response>
2015-11-26 @ 18:42:25  FATAL ERROR   , Thread was being aborted. SignInSignOut.cs Page_Load     at System.Threading.Thread.AbortInternal()
   at System.Threading.Thread.Abort(Object stateInfo)
   at System.Web.HttpResponse.AbortCurrentThread()
   at System.Web.HttpResponse.End()
   at System.Web.HttpResponse.Redirect(String url, Boolean endResponse, Boolean permanent)
   at System.Web.HttpResponse.Redirect(String url)
   at HRMS.Orbitweb.SignInSignOut.Page_Load(Object sender, EventArgs e) in d:\VibrentWeb\vibrantweb-master-092b95e3ad3ac6b5a114721aaf3695fbfcf6a07c\vibrantweb-master-092b95e3ad3ac6b5a114721aaf3695fbfcf6a07c\src\HRMS.WebSite\Orbitweb\SignInSignOut.aspx.cs:line 117

2015-11-26 @ 18:54:23  Informational , App start Global.asax App_Start  
2015-11-26 @ 18:54:25  Informational , App start finished Global.asax App_Start  

2015-11-26 @ 18:54:33  Informational , App start Global.asax App_Start  
2015-11-26 @ 18:54:34  Informational , App start finished Global.asax App_Start  
2015-11-26 @ 18:54:34  FATAL ERROR   , App Error Global.asax App_Error  System.Web.HttpException (0x80004005): The controller for path '/__browserLink/requestData/face0a43484e4583a7d4950750d3717a' was not found or does not implement IController.
   at System.Web.Mvc.DefaultControllerFactory.GetControllerInstance(RequestContext requestContext, Type controllerType)
   at System.Web.Mvc.DefaultControllerFactory.CreateController(RequestContext requestContext, String controllerName)
   at System.Web.Mvc.MvcHandler.ProcessRequestInit(HttpContextBase httpContext, IController& controller, IControllerFactory& factory)
   at System.Web.Mvc.MvcHandler.BeginProcessRequest(HttpContextBase httpContext, AsyncCallback callback, Object state)
   at System.Web.Mvc.MvcHandler.BeginProcessRequest(HttpContext httpContext, AsyncCallback callback, Object state)
   at System.Web.Mvc.MvcHandler.System.Web.IHttpAsyncHandler.BeginProcessRequest(HttpContext context, AsyncCallback cb, Object extraData)
   at System.Web.HttpApplication.CallHandlerExecutionStep.System.Web.HttpApplication.IExecutionStep.Execute()
   at System.Web.HttpApplication.ExecuteStep(IExecutionStep step, Boolean& completedSynchronously)
2015-11-26 @ 18:54:34  FATAL ERROR   , App Error Global.asax App_Error  ---------Error Block End---------
2015-11-26 @ 18:55:02  Informational ,  SignInSignOut.aspx.cs   User IP: ::1
2015-11-26 @ 18:55:02  Informational ,  signinsignout.aspx.cs   dynamic url: http://api.ipinfodb.com/v3/ip-country/?key=989f1374dc528a8ea159064430a19d2e0756c05b46f6943a75b03257ce8b88a2&ip=::1&format=xml
2015-11-26 @ 18:55:02  Informational ,  signinsignout.aspx.cs   response: System.Net.HttpWebResponse
2015-11-26 @ 18:55:02  Informational ,  signinsignout.aspx.cs   responsedata: <?xml version="1.0" encoding="UTF-8"?>
<Response>
	<statusCode>OK</statusCode>
	<statusMessage></statusMessage>
	<ipAddress>::1</ipAddress>
	<countryCode>-</countryCode>
	<countryName>-</countryName>
</Response>
2015-11-26 @ 18:55:02  FATAL ERROR   , Thread was being aborted. SignInSignOut.cs Page_Load     at System.Threading.Thread.AbortInternal()
   at System.Threading.Thread.Abort(Object stateInfo)
   at System.Web.HttpResponse.AbortCurrentThread()
   at System.Web.HttpResponse.End()
   at System.Web.HttpResponse.Redirect(String url, Boolean endResponse, Boolean permanent)
   at System.Web.HttpResponse.Redirect(String url)
   at HRMS.Orbitweb.SignInSignOut.Page_Load(Object sender, EventArgs e) in d:\VibrentWeb\vibrantweb-master-092b95e3ad3ac6b5a114721aaf3695fbfcf6a07c\vibrantweb-master-092b95e3ad3ac6b5a114721aaf3695fbfcf6a07c\src\HRMS.WebSite\Orbitweb\SignInSignOut.aspx.cs:line 117
2015-11-26 @ 18:55:15  Informational ,  SignInSignOut.aspx.cs   User IP: ::1
2015-11-26 @ 18:55:15  Informational ,  signinsignout.aspx.cs   dynamic url: http://api.ipinfodb.com/v3/ip-country/?key=989f1374dc528a8ea159064430a19d2e0756c05b46f6943a75b03257ce8b88a2&ip=::1&format=xml
2015-11-26 @ 18:55:15  Informational ,  signinsignout.aspx.cs   response: System.Net.HttpWebResponse
2015-11-26 @ 18:55:15  Informational ,  signinsignout.aspx.cs   responsedata: <?xml version="1.0" encoding="UTF-8"?>
<Response>
	<statusCode>OK</statusCode>
	<statusMessage></statusMessage>
	<ipAddress>::1</ipAddress>
	<countryCode>-</countryCode>
	<countryName>-</countryName>
</Response>
2015-11-26 @ 18:55:15  FATAL ERROR   , Thread was being aborted. SignInSignOut.cs Page_Load     at System.Threading.Thread.AbortInternal()
   at System.Threading.Thread.Abort(Object stateInfo)
   at System.Web.HttpResponse.AbortCurrentThread()
   at System.Web.HttpResponse.End()
   at System.Web.HttpResponse.Redirect(String url, Boolean endResponse, Boolean permanent)
   at System.Web.HttpResponse.Redirect(String url)
   at HRMS.Orbitweb.SignInSignOut.Page_Load(Object sender, EventArgs e) in d:\VibrentWeb\vibrantweb-master-092b95e3ad3ac6b5a114721aaf3695fbfcf6a07c\vibrantweb-master-092b95e3ad3ac6b5a114721aaf3695fbfcf6a07c\src\HRMS.WebSite\Orbitweb\SignInSignOut.aspx.cs:line 117

2015-11-26 @ 19:12:27  Informational , App start Global.asax App_Start  
2015-11-26 @ 19:12:29  Informational , App start finished Global.asax App_Start  
2015-11-26 @ 19:13:13  Informational ,  SignInSignOut.aspx.cs   User IP: ::1
2015-11-26 @ 19:13:13  Informational ,  signinsignout.aspx.cs   dynamic url: http://api.ipinfodb.com/v3/ip-country/?key=989f1374dc528a8ea159064430a19d2e0756c05b46f6943a75b03257ce8b88a2&ip=::1&format=xml
2015-11-26 @ 19:13:14  Informational ,  signinsignout.aspx.cs   response: System.Net.HttpWebResponse
2015-11-26 @ 19:13:14  Informational ,  signinsignout.aspx.cs   responsedata: <?xml version="1.0" encoding="UTF-8"?>
<Response>
	<statusCode>OK</statusCode>
	<statusMessage></statusMessage>
	<ipAddress>::1</ipAddress>
	<countryCode>-</countryCode>
	<countryName>-</countryName>
</Response>
2015-11-26 @ 19:13:14  FATAL ERROR   , Thread was being aborted. SignInSignOut.cs Page_Load     at System.Threading.Thread.AbortInternal()
   at System.Threading.Thread.Abort(Object stateInfo)
   at System.Web.HttpResponse.AbortCurrentThread()
   at System.Web.HttpResponse.End()
   at System.Web.HttpResponse.Redirect(String url, Boolean endResponse, Boolean permanent)
   at System.Web.HttpResponse.Redirect(String url)
   at HRMS.Orbitweb.SignInSignOut.Page_Load(Object sender, EventArgs e) in d:\VibrentWeb\vibrantweb-master-092b95e3ad3ac6b5a114721aaf3695fbfcf6a07c\vibrantweb-master-092b95e3ad3ac6b5a114721aaf3695fbfcf6a07c\src\HRMS.WebSite\Orbitweb\SignInSignOut.aspx.cs:line 117

2015-11-26 @ 19:14:28  Informational , App start Global.asax App_Start  
2015-11-26 @ 19:14:30  Informational , App start finished Global.asax App_Start  
2015-11-26 @ 19:14:33  FATAL ERROR   , App Error Global.asax App_Error  System.Web.HttpException (0x80004005): The controller for path '/__browserLink/requestData/6192f29f0b574d398e9bfce4cf863a3c' was not found or does not implement IController.
   at System.Web.Mvc.DefaultControllerFactory.GetControllerInstance(RequestContext requestContext, Type controllerType)
   at System.Web.Mvc.DefaultControllerFactory.CreateController(RequestContext requestContext, String controllerName)
   at System.Web.Mvc.MvcHandler.ProcessRequestInit(HttpContextBase httpContext, IController& controller, IControllerFactory& factory)
   at System.Web.Mvc.MvcHandler.BeginProcessRequest(HttpContextBase httpContext, AsyncCallback callback, Object state)
   at System.Web.Mvc.MvcHandler.BeginProcessRequest(HttpContext httpContext, AsyncCallback callback, Object state)
   at System.Web.Mvc.MvcHandler.System.Web.IHttpAsyncHandler.BeginProcessRequest(HttpContext context, AsyncCallback cb, Object extraData)
   at System.Web.HttpApplication.CallHandlerExecutionStep.System.Web.HttpApplication.IExecutionStep.Execute()
   at System.Web.HttpApplication.ExecuteStep(IExecutionStep step, Boolean& completedSynchronously)
2015-11-26 @ 19:14:33  FATAL ERROR   , App Error Global.asax App_Error  ---------Error Block End---------

2015-11-26 @ 19:14:54  Informational , App start Global.asax App_Start  
2015-11-26 @ 19:14:56  Informational , App start finished Global.asax App_Start  
2015-11-26 @ 19:15:37  Informational ,  SignInSignOut.aspx.cs   User IP: ::1
2015-11-26 @ 19:15:37  Informational ,  signinsignout.aspx.cs   dynamic url: http://api.ipinfodb.com/v3/ip-country/?key=989f1374dc528a8ea159064430a19d2e0756c05b46f6943a75b03257ce8b88a2&ip=::1&format=xml
2015-11-26 @ 19:15:37  Informational ,  signinsignout.aspx.cs   response: System.Net.HttpWebResponse
2015-11-26 @ 19:15:37  Informational ,  signinsignout.aspx.cs   responsedata: <?xml version="1.0" encoding="UTF-8"?>
<Response>
	<statusCode>OK</statusCode>
	<statusMessage></statusMessage>
	<ipAddress>::1</ipAddress>
	<countryCode>-</countryCode>
	<countryName>-</countryName>
</Response>
2015-11-26 @ 19:15:37  FATAL ERROR   , Thread was being aborted. SignInSignOut.cs Page_Load     at System.Threading.Thread.AbortInternal()
   at System.Threading.Thread.Abort(Object stateInfo)
   at System.Web.HttpResponse.AbortCurrentThread()
   at System.Web.HttpResponse.End()
   at System.Web.HttpResponse.Redirect(String url, Boolean endResponse, Boolean permanent)
   at System.Web.HttpResponse.Redirect(String url)
   at HRMS.Orbitweb.SignInSignOut.Page_Load(Object sender, EventArgs e) in d:\VibrentWeb\vibrantweb-master-092b95e3ad3ac6b5a114721aaf3695fbfcf6a07c\vibrantweb-master-092b95e3ad3ac6b5a114721aaf3695fbfcf6a07c\src\HRMS.WebSite\Orbitweb\SignInSignOut.aspx.cs:line 117

2015-11-26 @ 19:37:06  Informational , App start Global.asax App_Start  
2015-11-26 @ 19:37:08  Informational , App start finished Global.asax App_Start  

2015-11-26 @ 19:37:16  Informational , App start Global.asax App_Start  
2015-11-26 @ 19:37:18  Informational , App start finished Global.asax App_Start  
2015-11-26 @ 19:37:18  FATAL ERROR   , App Error Global.asax App_Error  System.Web.HttpException (0x80004005): The controller for path '/__browserLink/requestData/af511cd02c0a41f0a5192522b86ef246' was not found or does not implement IController.
   at System.Web.Mvc.DefaultControllerFactory.GetControllerInstance(RequestContext requestContext, Type controllerType)
   at System.Web.Mvc.DefaultControllerFactory.CreateController(RequestContext requestContext, String controllerName)
   at System.Web.Mvc.MvcHandler.ProcessRequestInit(HttpContextBase httpContext, IController& controller, IControllerFactory& factory)
   at System.Web.Mvc.MvcHandler.BeginProcessRequest(HttpContextBase httpContext, AsyncCallback callback, Object state)
   at System.Web.Mvc.MvcHandler.BeginProcessRequest(HttpContext httpContext, AsyncCallback callback, Object state)
   at System.Web.Mvc.MvcHandler.System.Web.IHttpAsyncHandler.BeginProcessRequest(HttpContext context, AsyncCallback cb, Object extraData)
   at System.Web.HttpApplication.CallHandlerExecutionStep.System.Web.HttpApplication.IExecutionStep.Execute()
   at System.Web.HttpApplication.ExecuteStep(IExecutionStep step, Boolean& completedSynchronously)
2015-11-26 @ 19:37:18  FATAL ERROR   , App Error Global.asax App_Error  ---------Error Block End---------
2015-11-26 @ 19:37:44  Informational ,  SignInSignOut.aspx.cs   User IP: ::1
2015-11-26 @ 19:37:44  Informational ,  signinsignout.aspx.cs   dynamic url: http://api.ipinfodb.com/v3/ip-country/?key=989f1374dc528a8ea159064430a19d2e0756c05b46f6943a75b03257ce8b88a2&ip=::1&format=xml
2015-11-26 @ 19:37:45  Informational ,  signinsignout.aspx.cs   response: System.Net.HttpWebResponse
2015-11-26 @ 19:37:45  Informational ,  signinsignout.aspx.cs   responsedata: <?xml version="1.0" encoding="UTF-8"?>
<Response>
	<statusCode>OK</statusCode>
	<statusMessage></statusMessage>
	<ipAddress>::1</ipAddress>
	<countryCode>-</countryCode>
	<countryName>-</countryName>
</Response>
2015-11-26 @ 19:37:45  FATAL ERROR   , Thread was being aborted. SignInSignOut.cs Page_Load     at System.Threading.Thread.AbortInternal()
   at System.Threading.Thread.Abort(Object stateInfo)
   at System.Web.HttpResponse.AbortCurrentThread()
   at System.Web.HttpResponse.End()
   at System.Web.HttpResponse.Redirect(String url, Boolean endResponse, Boolean permanent)
   at System.Web.HttpResponse.Redirect(String url)
   at HRMS.Orbitweb.SignInSignOut.Page_Load(Object sender, EventArgs e) in d:\VibrentWeb\vibrantweb-master-092b95e3ad3ac6b5a114721aaf3695fbfcf6a07c\vibrantweb-master-092b95e3ad3ac6b5a114721aaf3695fbfcf6a07c\src\HRMS.WebSite\Orbitweb\SignInSignOut.aspx.cs:line 117

2015-11-26 @ 19:53:51  Informational , App start Global.asax App_Start  
2015-11-26 @ 19:53:52  Informational , App start finished Global.asax App_Start  

2015-11-26 @ 19:54:01  Informational , App start Global.asax App_Start  
2015-11-26 @ 19:54:02  Informational , App start finished Global.asax App_Start  
2015-11-26 @ 19:54:03  FATAL ERROR   , App Error Global.asax App_Error  System.Web.HttpException (0x80004005): The controller for path '/__browserLink/requestData/6d6d81a3efa34719aeced1c4cd144c5e' was not found or does not implement IController.
   at System.Web.Mvc.DefaultControllerFactory.GetControllerInstance(RequestContext requestContext, Type controllerType)
   at System.Web.Mvc.DefaultControllerFactory.CreateController(RequestContext requestContext, String controllerName)
   at System.Web.Mvc.MvcHandler.ProcessRequestInit(HttpContextBase httpContext, IController& controller, IControllerFactory& factory)
   at System.Web.Mvc.MvcHandler.BeginProcessRequest(HttpContextBase httpContext, AsyncCallback callback, Object state)
   at System.Web.Mvc.MvcHandler.BeginProcessRequest(HttpContext httpContext, AsyncCallback callback, Object state)
   at System.Web.Mvc.MvcHandler.System.Web.IHttpAsyncHandler.BeginProcessRequest(HttpContext context, AsyncCallback cb, Object extraData)
   at System.Web.HttpApplication.CallHandlerExecutionStep.System.Web.HttpApplication.IExecutionStep.Execute()
   at System.Web.HttpApplication.ExecuteStep(IExecutionStep step, Boolean& completedSynchronously)
2015-11-26 @ 19:54:03  FATAL ERROR   , App Error Global.asax App_Error  ---------Error Block End---------
2015-11-26 @ 19:55:19  Informational ,  SignInSignOut.aspx.cs   User IP: ::1
2015-11-26 @ 19:55:19  Informational ,  signinsignout.aspx.cs   dynamic url: http://api.ipinfodb.com/v3/ip-country/?key=989f1374dc528a8ea159064430a19d2e0756c05b46f6943a75b03257ce8b88a2&ip=::1&format=xml
2015-11-26 @ 19:55:20  Informational ,  signinsignout.aspx.cs   response: System.Net.HttpWebResponse
2015-11-26 @ 19:55:20  Informational ,  signinsignout.aspx.cs   responsedata: <?xml version="1.0" encoding="UTF-8"?>
<Response>
	<statusCode>OK</statusCode>
	<statusMessage></statusMessage>
	<ipAddress>::1</ipAddress>
	<countryCode>-</countryCode>
	<countryName>-</countryName>
</Response>
2015-11-26 @ 19:55:20  FATAL ERROR   , Thread was being aborted. SignInSignOut.cs Page_Load     at System.Threading.Thread.AbortInternal()
   at System.Threading.Thread.Abort(Object stateInfo)
   at System.Web.HttpResponse.AbortCurrentThread()
   at System.Web.HttpResponse.End()
   at System.Web.HttpResponse.Redirect(String url, Boolean endResponse, Boolean permanent)
   at System.Web.HttpResponse.Redirect(String url)
   at HRMS.Orbitweb.SignInSignOut.Page_Load(Object sender, EventArgs e) in d:\VibrentWeb\vibrantweb-master-092b95e3ad3ac6b5a114721aaf3695fbfcf6a07c\vibrantweb-master-092b95e3ad3ac6b5a114721aaf3695fbfcf6a07c\src\HRMS.WebSite\Orbitweb\SignInSignOut.aspx.cs:line 117
