
2015-11-25 @ 11:09:33  Informational , App start Global.asax App_Start  
2015-11-25 @ 11:09:35  Informational , App start finished Global.asax App_Start  
2015-11-25 @ 11:10:42  Informational ,  SignInSignOut.aspx.cs   User IP: ::1
2015-11-25 @ 11:10:42  Informational ,  signinsignout.aspx.cs   dynamic url: http://api.ipinfodb.com/v3/ip-country/?key=989f1374dc528a8ea159064430a19d2e0756c05b46f6943a75b03257ce8b88a2&ip=::1&format=xml
2015-11-25 @ 11:10:42  Informational ,  signinsignout.aspx.cs   response: System.Net.HttpWebResponse
2015-11-25 @ 11:10:42  Informational ,  signinsignout.aspx.cs   responsedata: <?xml version="1.0" encoding="UTF-8"?>
<Response>
	<statusCode>OK</statusCode>
	<statusMessage></statusMessage>
	<ipAddress>::1</ipAddress>
	<countryCode>-</countryCode>
	<countryName>-</countryName>
</Response>
2015-11-25 @ 11:10:42  FATAL ERROR   , Thread was being aborted. SignInSignOut.cs Page_Load     at System.Threading.Thread.AbortInternal()
   at System.Threading.Thread.Abort(Object stateInfo)
   at System.Web.HttpResponse.AbortCurrentThread()
   at System.Web.HttpResponse.End()
   at System.Web.HttpResponse.Redirect(String url, Boolean endResponse, Boolean permanent)
   at System.Web.HttpResponse.Redirect(String url)
   at HRMS.Orbitweb.SignInSignOut.Page_Load(Object sender, EventArgs e) in d:\VibrentWeb\vibrantweb-master-092b95e3ad3ac6b5a114721aaf3695fbfcf6a07c\vibrantweb-master-092b95e3ad3ac6b5a114721aaf3695fbfcf6a07c\src\HRMS.WebSite\Orbitweb\SignInSignOut.aspx.cs:line 117
2015-11-25 @ 11:11:59  Informational ,  SignInSignOut.aspx.cs   User IP: ::1
2015-11-25 @ 11:11:59  Informational ,  signinsignout.aspx.cs   dynamic url: http://api.ipinfodb.com/v3/ip-country/?key=989f1374dc528a8ea159064430a19d2e0756c05b46f6943a75b03257ce8b88a2&ip=::1&format=xml
2015-11-25 @ 11:11:59  Informational ,  signinsignout.aspx.cs   response: System.Net.HttpWebResponse
2015-11-25 @ 11:11:59  Informational ,  signinsignout.aspx.cs   responsedata: <?xml version="1.0" encoding="UTF-8"?>
<Response>
	<statusCode>OK</statusCode>
	<statusMessage></statusMessage>
	<ipAddress>::1</ipAddress>
	<countryCode>-</countryCode>
	<countryName>-</countryName>
</Response>
2015-11-25 @ 11:11:59  FATAL ERROR   , Thread was being aborted. SignInSignOut.cs Page_Load     at System.Threading.Thread.AbortInternal()
   at System.Threading.Thread.Abort(Object stateInfo)
   at System.Web.HttpResponse.AbortCurrentThread()
   at System.Web.HttpResponse.End()
   at System.Web.HttpResponse.Redirect(String url, Boolean endResponse, Boolean permanent)
   at System.Web.HttpResponse.Redirect(String url)
   at HRMS.Orbitweb.SignInSignOut.Page_Load(Object sender, EventArgs e) in d:\VibrentWeb\vibrantweb-master-092b95e3ad3ac6b5a114721aaf3695fbfcf6a07c\vibrantweb-master-092b95e3ad3ac6b5a114721aaf3695fbfcf6a07c\src\HRMS.WebSite\Orbitweb\SignInSignOut.aspx.cs:line 117
2015-11-25 @ 11:12:21  Informational ,  SignInSignOut.aspx.cs   User IP: ::1
2015-11-25 @ 11:12:21  Informational ,  signinsignout.aspx.cs   dynamic url: http://api.ipinfodb.com/v3/ip-country/?key=989f1374dc528a8ea159064430a19d2e0756c05b46f6943a75b03257ce8b88a2&ip=::1&format=xml
2015-11-25 @ 11:12:21  Informational ,  signinsignout.aspx.cs   response: System.Net.HttpWebResponse
2015-11-25 @ 11:12:21  Informational ,  signinsignout.aspx.cs   responsedata: <?xml version="1.0" encoding="UTF-8"?>
<Response>
	<statusCode>OK</statusCode>
	<statusMessage></statusMessage>
	<ipAddress>::1</ipAddress>
	<countryCode>-</countryCode>
	<countryName>-</countryName>
</Response>
2015-11-25 @ 11:12:21  FATAL ERROR   , Thread was being aborted. SignInSignOut.cs Page_Load     at System.Threading.Thread.AbortInternal()
   at System.Threading.Thread.Abort(Object stateInfo)
   at System.Web.HttpResponse.AbortCurrentThread()
   at System.Web.HttpResponse.End()
   at System.Web.HttpResponse.Redirect(String url, Boolean endResponse, Boolean permanent)
   at System.Web.HttpResponse.Redirect(String url)
   at HRMS.Orbitweb.SignInSignOut.Page_Load(Object sender, EventArgs e) in d:\VibrentWeb\vibrantweb-master-092b95e3ad3ac6b5a114721aaf3695fbfcf6a07c\vibrantweb-master-092b95e3ad3ac6b5a114721aaf3695fbfcf6a07c\src\HRMS.WebSite\Orbitweb\SignInSignOut.aspx.cs:line 117
2015-11-25 @ 11:12:37  Informational ,  SignInSignOut.aspx.cs   User IP: ::1
2015-11-25 @ 11:12:37  Informational ,  signinsignout.aspx.cs   dynamic url: http://api.ipinfodb.com/v3/ip-country/?key=989f1374dc528a8ea159064430a19d2e0756c05b46f6943a75b03257ce8b88a2&ip=::1&format=xml
2015-11-25 @ 11:12:37  Informational ,  signinsignout.aspx.cs   response: System.Net.HttpWebResponse
2015-11-25 @ 11:12:37  Informational ,  signinsignout.aspx.cs   responsedata: <?xml version="1.0" encoding="UTF-8"?>
<Response>
	<statusCode>OK</statusCode>
	<statusMessage></statusMessage>
	<ipAddress>::1</ipAddress>
	<countryCode>-</countryCode>
	<countryName>-</countryName>
</Response>
2015-11-25 @ 11:12:37  FATAL ERROR   , Thread was being aborted. SignInSignOut.cs Page_Load     at System.Threading.Thread.AbortInternal()
   at System.Threading.Thread.Abort(Object stateInfo)
   at System.Web.HttpResponse.AbortCurrentThread()
   at System.Web.HttpResponse.End()
   at System.Web.HttpResponse.Redirect(String url, Boolean endResponse, Boolean permanent)
   at System.Web.HttpResponse.Redirect(String url)
   at HRMS.Orbitweb.SignInSignOut.Page_Load(Object sender, EventArgs e) in d:\VibrentWeb\vibrantweb-master-092b95e3ad3ac6b5a114721aaf3695fbfcf6a07c\vibrantweb-master-092b95e3ad3ac6b5a114721aaf3695fbfcf6a07c\src\HRMS.WebSite\Orbitweb\SignInSignOut.aspx.cs:line 117

2015-11-25 @ 12:49:29  Informational , App start Global.asax App_Start  
2015-11-25 @ 12:49:31  Informational , App start finished Global.asax App_Start  
2015-11-25 @ 12:56:00  Informational ,  SignInSignOut.aspx.cs   User IP: ::1
2015-11-25 @ 12:56:52  Informational ,  signinsignout.aspx.cs   dynamic url: http://api.ipinfodb.com/v3/ip-country/?key=989f1374dc528a8ea159064430a19d2e0756c05b46f6943a75b03257ce8b88a2&ip=::1&format=xml
2015-11-25 @ 12:57:40  Informational ,  signinsignout.aspx.cs   response: System.Net.HttpWebResponse
2015-11-25 @ 12:58:08  Informational ,  signinsignout.aspx.cs   responsedata: <?xml version="1.0" encoding="UTF-8"?>
<Response>
	<statusCode>OK</statusCode>
	<statusMessage></statusMessage>
	<ipAddress>::1</ipAddress>
	<countryCode>-</countryCode>
	<countryName>-</countryName>
</Response>
2015-11-25 @ 12:58:20  FATAL ERROR   , Thread was being aborted. SignInSignOut.cs Page_Load     at System.Threading.Thread.AbortInternal()
   at System.Threading.Thread.Abort(Object stateInfo)
   at System.Web.HttpResponse.AbortCurrentThread()
   at System.Web.HttpResponse.End()
   at System.Web.HttpResponse.Redirect(String url, Boolean endResponse, Boolean permanent)
   at System.Web.HttpResponse.Redirect(String url)
   at HRMS.Orbitweb.SignInSignOut.Page_Load(Object sender, EventArgs e) in d:\VibrentWeb\vibrantweb-master-092b95e3ad3ac6b5a114721aaf3695fbfcf6a07c\vibrantweb-master-092b95e3ad3ac6b5a114721aaf3695fbfcf6a07c\src\HRMS.WebSite\Orbitweb\SignInSignOut.aspx.cs:line 117
2015-11-25 @ 13:01:11  Informational ,  SignInSignOut.aspx.cs   User IP: ::1
2015-11-25 @ 13:01:11  Informational ,  signinsignout.aspx.cs   dynamic url: http://api.ipinfodb.com/v3/ip-country/?key=989f1374dc528a8ea159064430a19d2e0756c05b46f6943a75b03257ce8b88a2&ip=::1&format=xml
2015-11-25 @ 13:01:11  Informational ,  signinsignout.aspx.cs   response: System.Net.HttpWebResponse
2015-11-25 @ 13:01:11  Informational ,  signinsignout.aspx.cs   responsedata: <?xml version="1.0" encoding="UTF-8"?>
<Response>
	<statusCode>OK</statusCode>
	<statusMessage></statusMessage>
	<ipAddress>::1</ipAddress>
	<countryCode>-</countryCode>
	<countryName>-</countryName>
</Response>
2015-11-25 @ 13:01:11  FATAL ERROR   , Thread was being aborted. SignInSignOut.cs Page_Load     at System.Threading.Thread.AbortInternal()
   at System.Threading.Thread.Abort(Object stateInfo)
   at System.Web.HttpResponse.AbortCurrentThread()
   at System.Web.HttpResponse.End()
   at System.Web.HttpResponse.Redirect(String url, Boolean endResponse, Boolean permanent)
   at System.Web.HttpResponse.Redirect(String url)
   at HRMS.Orbitweb.SignInSignOut.Page_Load(Object sender, EventArgs e) in d:\VibrentWeb\vibrantweb-master-092b95e3ad3ac6b5a114721aaf3695fbfcf6a07c\vibrantweb-master-092b95e3ad3ac6b5a114721aaf3695fbfcf6a07c\src\HRMS.WebSite\Orbitweb\SignInSignOut.aspx.cs:line 117
