
2015-11-23 @ 13:09:05  Informational , App start Global.asax App_Start  
2015-11-23 @ 13:09:07  Informational , App start finished Global.asax App_Start  

2015-11-23 @ 13:09:12  Informational , App start Global.asax App_Start  
2015-11-23 @ 13:09:14  Informational , App start finished Global.asax App_Start  
2015-11-23 @ 13:09:18  FATAL ERROR   , App Error Global.asax App_Error  System.Web.HttpException (0x80004005): The controller for path '/__browserLink/requestData/04a1402c9440409ab152f75d38d4295e' was not found or does not implement IController.
   at System.Web.Mvc.DefaultControllerFactory.GetControllerInstance(RequestContext requestContext, Type controllerType)
   at System.Web.Mvc.DefaultControllerFactory.CreateController(RequestContext requestContext, String controllerName)
   at System.Web.Mvc.MvcHandler.ProcessRequestInit(HttpContextBase httpContext, IController& controller, IControllerFactory& factory)
   at System.Web.Mvc.MvcHandler.BeginProcessRequest(HttpContextBase httpContext, AsyncCallback callback, Object state)
   at System.Web.Mvc.MvcHandler.BeginProcessRequest(HttpContext httpContext, AsyncCallback callback, Object state)
   at System.Web.Mvc.MvcHandler.System.Web.IHttpAsyncHandler.BeginProcessRequest(HttpContext context, AsyncCallback cb, Object extraData)
   at System.Web.HttpApplication.CallHandlerExecutionStep.System.Web.HttpApplication.IExecutionStep.Execute()
   at System.Web.HttpApplication.ExecuteStep(IExecutionStep step, Boolean& completedSynchronously)
2015-11-23 @ 13:09:18  FATAL ERROR   , App Error Global.asax App_Error  ---------Error Block End---------

2015-11-23 @ 13:23:45  Informational , App start Global.asax App_Start  
2015-11-23 @ 13:23:46  Informational , App start finished Global.asax App_Start  

2015-11-23 @ 15:02:43  Informational , App start Global.asax App_Start  
2015-11-23 @ 15:02:45  Informational , App start finished Global.asax App_Start  

2015-11-23 @ 15:02:50  Informational , App start Global.asax App_Start  
2015-11-23 @ 15:02:52  Informational , App start finished Global.asax App_Start  
2015-11-23 @ 15:02:55  FATAL ERROR   , App Error Global.asax App_Error  System.Web.HttpException (0x80004005): The controller for path '/__browserLink/requestData/40e7222fafa046058538b9fd8c48e231' was not found or does not implement IController.
   at System.Web.Mvc.DefaultControllerFactory.GetControllerInstance(RequestContext requestContext, Type controllerType)
   at System.Web.Mvc.DefaultControllerFactory.CreateController(RequestContext requestContext, String controllerName)
   at System.Web.Mvc.MvcHandler.ProcessRequestInit(HttpContextBase httpContext, IController& controller, IControllerFactory& factory)
   at System.Web.Mvc.MvcHandler.BeginProcessRequest(HttpContextBase httpContext, AsyncCallback callback, Object state)
   at System.Web.Mvc.MvcHandler.BeginProcessRequest(HttpContext httpContext, AsyncCallback callback, Object state)
   at System.Web.Mvc.MvcHandler.System.Web.IHttpAsyncHandler.BeginProcessRequest(HttpContext context, AsyncCallback cb, Object extraData)
   at System.Web.HttpApplication.CallHandlerExecutionStep.System.Web.HttpApplication.IExecutionStep.Execute()
   at System.Web.HttpApplication.ExecuteStep(IExecutionStep step, Boolean& completedSynchronously)
2015-11-23 @ 15:02:55  FATAL ERROR   , App Error Global.asax App_Error  ---------Error Block End---------
2015-11-23 @ 15:05:22  Informational ,  SignInSignOut.aspx.cs   User IP: ::1
2015-11-23 @ 15:05:22  Informational ,  signinsignout.aspx.cs   dynamic url: http://api.ipinfodb.com/v3/ip-country/?key=989f1374dc528a8ea159064430a19d2e0756c05b46f6943a75b03257ce8b88a2&ip=::1&format=xml
2015-11-23 @ 15:05:22  Informational ,  signinsignout.aspx.cs   response: System.Net.HttpWebResponse
2015-11-23 @ 15:05:22  Informational ,  signinsignout.aspx.cs   responsedata: <?xml version="1.0" encoding="UTF-8"?>
<Response>
	<statusCode>OK</statusCode>
	<statusMessage></statusMessage>
	<ipAddress>::1</ipAddress>
	<countryCode>-</countryCode>
	<countryName>-</countryName>
</Response>
2015-11-23 @ 15:05:22  FATAL ERROR   , Thread was being aborted. SignInSignOut.cs Page_Load     at System.Threading.Thread.AbortInternal()
   at System.Threading.Thread.Abort(Object stateInfo)
   at System.Web.HttpResponse.AbortCurrentThread()
   at System.Web.HttpResponse.End()
   at System.Web.HttpResponse.Redirect(String url, Boolean endResponse, Boolean permanent)
   at System.Web.HttpResponse.Redirect(String url)
   at HRMS.Orbitweb.SignInSignOut.Page_Load(Object sender, EventArgs e) in d:\VibrentWeb\vibrantweb-master-092b95e3ad3ac6b5a114721aaf3695fbfcf6a07c\vibrantweb-master-092b95e3ad3ac6b5a114721aaf3695fbfcf6a07c\src\HRMS.WebSite\Orbitweb\SignInSignOut.aspx.cs:line 117
2015-11-23 @ 17:14:46  Informational ,  SignInSignOut.aspx.cs   User IP: ::1
2015-11-23 @ 17:14:46  Informational ,  signinsignout.aspx.cs   dynamic url: http://api.ipinfodb.com/v3/ip-country/?key=989f1374dc528a8ea159064430a19d2e0756c05b46f6943a75b03257ce8b88a2&ip=::1&format=xml
2015-11-23 @ 17:14:46  Informational ,  signinsignout.aspx.cs   response: System.Net.HttpWebResponse
2015-11-23 @ 17:14:46  Informational ,  signinsignout.aspx.cs   responsedata: <?xml version="1.0" encoding="UTF-8"?>
<Response>
	<statusCode>OK</statusCode>
	<statusMessage></statusMessage>
	<ipAddress>::1</ipAddress>
	<countryCode>-</countryCode>
	<countryName>-</countryName>
</Response>
2015-11-23 @ 17:14:46  FATAL ERROR   , Thread was being aborted. SignInSignOut.cs Page_Load     at System.Threading.Thread.AbortInternal()
   at System.Threading.Thread.Abort(Object stateInfo)
   at System.Web.HttpResponse.AbortCurrentThread()
   at System.Web.HttpResponse.End()
   at System.Web.HttpResponse.Redirect(String url, Boolean endResponse, Boolean permanent)
   at System.Web.HttpResponse.Redirect(String url)
   at HRMS.Orbitweb.SignInSignOut.Page_Load(Object sender, EventArgs e) in d:\VibrentWeb\vibrantweb-master-092b95e3ad3ac6b5a114721aaf3695fbfcf6a07c\vibrantweb-master-092b95e3ad3ac6b5a114721aaf3695fbfcf6a07c\src\HRMS.WebSite\Orbitweb\SignInSignOut.aspx.cs:line 117

2015-11-23 @ 17:15:57  Informational , App start Global.asax App_Start  
2015-11-23 @ 17:16:00  Informational , App start finished Global.asax App_Start  
2015-11-23 @ 17:16:22  Informational ,  SignInSignOut.aspx.cs   User IP: ::1
2015-11-23 @ 17:16:22  Informational ,  signinsignout.aspx.cs   dynamic url: http://api.ipinfodb.com/v3/ip-country/?key=989f1374dc528a8ea159064430a19d2e0756c05b46f6943a75b03257ce8b88a2&ip=::1&format=xml
2015-11-23 @ 17:16:23  Informational ,  signinsignout.aspx.cs   response: System.Net.HttpWebResponse
2015-11-23 @ 17:16:23  Informational ,  signinsignout.aspx.cs   responsedata: <?xml version="1.0" encoding="UTF-8"?>
<Response>
	<statusCode>OK</statusCode>
	<statusMessage></statusMessage>
	<ipAddress>::1</ipAddress>
	<countryCode>-</countryCode>
	<countryName>-</countryName>
</Response>
2015-11-23 @ 17:16:23  FATAL ERROR   , Thread was being aborted. SignInSignOut.cs Page_Load     at System.Threading.Thread.AbortInternal()
   at System.Threading.Thread.Abort(Object stateInfo)
   at System.Web.HttpResponse.AbortCurrentThread()
   at System.Web.HttpResponse.End()
   at System.Web.HttpResponse.Redirect(String url, Boolean endResponse, Boolean permanent)
   at System.Web.HttpResponse.Redirect(String url)
   at HRMS.Orbitweb.SignInSignOut.Page_Load(Object sender, EventArgs e) in d:\VibrentWeb\vibrantweb-master-092b95e3ad3ac6b5a114721aaf3695fbfcf6a07c\vibrantweb-master-092b95e3ad3ac6b5a114721aaf3695fbfcf6a07c\src\HRMS.WebSite\Orbitweb\SignInSignOut.aspx.cs:line 117

2015-11-23 @ 17:56:58  Informational , App start Global.asax App_Start  
2015-11-23 @ 17:57:00  Informational , App start finished Global.asax App_Start  
2015-11-23 @ 17:57:35  Informational ,  SignInSignOut.aspx.cs   User IP: ::1
2015-11-23 @ 17:57:35  Informational ,  signinsignout.aspx.cs   dynamic url: http://api.ipinfodb.com/v3/ip-country/?key=989f1374dc528a8ea159064430a19d2e0756c05b46f6943a75b03257ce8b88a2&ip=::1&format=xml
2015-11-23 @ 17:57:36  Informational ,  signinsignout.aspx.cs   response: System.Net.HttpWebResponse
2015-11-23 @ 17:57:36  Informational ,  signinsignout.aspx.cs   responsedata: <?xml version="1.0" encoding="UTF-8"?>
<Response>
	<statusCode>OK</statusCode>
	<statusMessage></statusMessage>
	<ipAddress>::1</ipAddress>
	<countryCode>-</countryCode>
	<countryName>-</countryName>
</Response>
2015-11-23 @ 17:57:36  FATAL ERROR   , Thread was being aborted. SignInSignOut.cs Page_Load     at System.Threading.Thread.AbortInternal()
   at System.Threading.Thread.Abort(Object stateInfo)
   at System.Web.HttpResponse.AbortCurrentThread()
   at System.Web.HttpResponse.End()
   at System.Web.HttpResponse.Redirect(String url, Boolean endResponse, Boolean permanent)
   at System.Web.HttpResponse.Redirect(String url)
   at HRMS.Orbitweb.SignInSignOut.Page_Load(Object sender, EventArgs e) in d:\VibrentWeb\vibrantweb-master-092b95e3ad3ac6b5a114721aaf3695fbfcf6a07c\vibrantweb-master-092b95e3ad3ac6b5a114721aaf3695fbfcf6a07c\src\HRMS.WebSite\Orbitweb\SignInSignOut.aspx.cs:line 117
2015-11-23 @ 17:58:34  Informational ,  SignInSignOut.aspx.cs   User IP: ::1
2015-11-23 @ 17:58:34  Informational ,  signinsignout.aspx.cs   dynamic url: http://api.ipinfodb.com/v3/ip-country/?key=989f1374dc528a8ea159064430a19d2e0756c05b46f6943a75b03257ce8b88a2&ip=::1&format=xml
2015-11-23 @ 17:58:34  Informational ,  signinsignout.aspx.cs   response: System.Net.HttpWebResponse
2015-11-23 @ 17:58:34  Informational ,  signinsignout.aspx.cs   responsedata: <?xml version="1.0" encoding="UTF-8"?>
<Response>
	<statusCode>OK</statusCode>
	<statusMessage></statusMessage>
	<ipAddress>::1</ipAddress>
	<countryCode>-</countryCode>
	<countryName>-</countryName>
</Response>
2015-11-23 @ 17:58:34  FATAL ERROR   , Thread was being aborted. SignInSignOut.cs Page_Load     at System.Threading.Thread.AbortInternal()
   at System.Threading.Thread.Abort(Object stateInfo)
   at System.Web.HttpResponse.AbortCurrentThread()
   at System.Web.HttpResponse.End()
   at System.Web.HttpResponse.Redirect(String url, Boolean endResponse, Boolean permanent)
   at System.Web.HttpResponse.Redirect(String url)
   at HRMS.Orbitweb.SignInSignOut.Page_Load(Object sender, EventArgs e) in d:\VibrentWeb\vibrantweb-master-092b95e3ad3ac6b5a114721aaf3695fbfcf6a07c\vibrantweb-master-092b95e3ad3ac6b5a114721aaf3695fbfcf6a07c\src\HRMS.WebSite\Orbitweb\SignInSignOut.aspx.cs:line 117
2015-11-23 @ 17:58:56  Informational ,  SignInSignOut.aspx.cs   User IP: ::1
2015-11-23 @ 17:58:56  Informational ,  signinsignout.aspx.cs   dynamic url: http://api.ipinfodb.com/v3/ip-country/?key=989f1374dc528a8ea159064430a19d2e0756c05b46f6943a75b03257ce8b88a2&ip=::1&format=xml
2015-11-23 @ 17:58:56  Informational ,  signinsignout.aspx.cs   response: System.Net.HttpWebResponse
2015-11-23 @ 17:58:56  Informational ,  signinsignout.aspx.cs   responsedata: <?xml version="1.0" encoding="UTF-8"?>
<Response>
	<statusCode>OK</statusCode>
	<statusMessage></statusMessage>
	<ipAddress>::1</ipAddress>
	<countryCode>-</countryCode>
	<countryName>-</countryName>
</Response>
2015-11-23 @ 17:58:56  FATAL ERROR   , Thread was being aborted. SignInSignOut.cs Page_Load     at System.Threading.Thread.AbortInternal()
   at System.Threading.Thread.Abort(Object stateInfo)
   at System.Web.HttpResponse.AbortCurrentThread()
   at System.Web.HttpResponse.End()
   at System.Web.HttpResponse.Redirect(String url, Boolean endResponse, Boolean permanent)
   at System.Web.HttpResponse.Redirect(String url)
   at HRMS.Orbitweb.SignInSignOut.Page_Load(Object sender, EventArgs e) in d:\VibrentWeb\vibrantweb-master-092b95e3ad3ac6b5a114721aaf3695fbfcf6a07c\vibrantweb-master-092b95e3ad3ac6b5a114721aaf3695fbfcf6a07c\src\HRMS.WebSite\Orbitweb\SignInSignOut.aspx.cs:line 117
2015-11-23 @ 17:59:40  Informational ,  SignInSignOut.aspx.cs   User IP: ::1
2015-11-23 @ 17:59:40  Informational ,  signinsignout.aspx.cs   dynamic url: http://api.ipinfodb.com/v3/ip-country/?key=989f1374dc528a8ea159064430a19d2e0756c05b46f6943a75b03257ce8b88a2&ip=::1&format=xml
2015-11-23 @ 17:59:40  Informational ,  signinsignout.aspx.cs   response: System.Net.HttpWebResponse
2015-11-23 @ 17:59:40  Informational ,  signinsignout.aspx.cs   responsedata: <?xml version="1.0" encoding="UTF-8"?>
<Response>
	<statusCode>OK</statusCode>
	<statusMessage></statusMessage>
	<ipAddress>::1</ipAddress>
	<countryCode>-</countryCode>
	<countryName>-</countryName>
</Response>
2015-11-23 @ 17:59:40  FATAL ERROR   , Thread was being aborted. SignInSignOut.cs Page_Load     at System.Threading.Thread.AbortInternal()
   at System.Threading.Thread.Abort(Object stateInfo)
   at System.Web.HttpResponse.AbortCurrentThread()
   at System.Web.HttpResponse.End()
   at System.Web.HttpResponse.Redirect(String url, Boolean endResponse, Boolean permanent)
   at System.Web.HttpResponse.Redirect(String url)
   at HRMS.Orbitweb.SignInSignOut.Page_Load(Object sender, EventArgs e) in d:\VibrentWeb\vibrantweb-master-092b95e3ad3ac6b5a114721aaf3695fbfcf6a07c\vibrantweb-master-092b95e3ad3ac6b5a114721aaf3695fbfcf6a07c\src\HRMS.WebSite\Orbitweb\SignInSignOut.aspx.cs:line 117
2015-11-23 @ 18:04:07  FATAL ERROR   , App Error Global.asax App_Error  System.InvalidOperationException: This request has been blocked because sensitive information could be disclosed to third party web sites when this is used in a GET request. To allow GET requests, set JsonRequestBehavior to AllowGet.
   at System.Web.Mvc.JsonResult.ExecuteResult(ControllerContext context)
   at System.Web.Mvc.ControllerActionInvoker.InvokeActionResult(ControllerContext controllerContext, ActionResult actionResult)
   at System.Web.Mvc.ControllerActionInvoker.InvokeActionResultFilterRecursive(IList`1 filters, Int32 filterIndex, ResultExecutingContext preContext, ControllerContext controllerContext, ActionResult actionResult)
   at System.Web.Mvc.ControllerActionInvoker.InvokeActionResultFilterRecursive(IList`1 filters, Int32 filterIndex, ResultExecutingContext preContext, ControllerContext controllerContext, ActionResult actionResult)
   at System.Web.Mvc.ControllerActionInvoker.InvokeActionResultWithFilters(ControllerContext controllerContext, IList`1 filters, ActionResult actionResult)
   at System.Web.Mvc.Async.AsyncControllerActionInvoker.<>c__DisplayClass21.<>c__DisplayClass2b.<BeginInvokeAction>b__1c()
   at System.Web.Mvc.Async.AsyncControllerActionInvoker.<>c__DisplayClass21.<BeginInvokeAction>b__1e(IAsyncResult asyncResult)
   at System.Web.Mvc.Async.AsyncResultWrapper.WrappedAsyncResult`1.CallEndDelegate(IAsyncResult asyncResult)
   at System.Web.Mvc.Async.AsyncResultWrapper.WrappedAsyncResultBase`1.End()
   at System.Web.Mvc.Async.AsyncResultWrapper.End[TResult](IAsyncResult asyncResult, Object tag)
   at System.Web.Mvc.Async.AsyncControllerActionInvoker.EndInvokeAction(IAsyncResult asyncResult)
   at System.Web.Mvc.Controller.<BeginExecuteCore>b__1d(IAsyncResult asyncResult, ExecuteCoreState innerState)
   at System.Web.Mvc.Async.AsyncResultWrapper.WrappedAsyncVoid`1.CallEndDelegate(IAsyncResult asyncResult)
   at System.Web.Mvc.Async.AsyncResultWrapper.WrappedAsyncResultBase`1.End()
   at System.Web.Mvc.Async.AsyncResultWrapper.End[TResult](IAsyncResult asyncResult, Object tag)
   at System.Web.Mvc.Async.AsyncResultWrapper.End(IAsyncResult asyncResult, Object tag)
   at System.Web.Mvc.Controller.EndExecuteCore(IAsyncResult asyncResult)
   at System.Web.Mvc.Controller.<BeginExecute>b__15(IAsyncResult asyncResult, Controller controller)
   at System.Web.Mvc.Async.AsyncResultWrapper.WrappedAsyncVoid`1.CallEndDelegate(IAsyncResult asyncResult)
   at System.Web.Mvc.Async.AsyncResultWrapper.WrappedAsyncResultBase`1.End()
   at System.Web.Mvc.Async.AsyncResultWrapper.End[TResult](IAsyncResult asyncResult, Object tag)
   at System.Web.Mvc.Async.AsyncResultWrapper.End(IAsyncResult asyncResult, Object tag)
   at System.Web.Mvc.Controller.EndExecute(IAsyncResult asyncResult)
   at System.Web.Mvc.Controller.System.Web.Mvc.Async.IAsyncController.EndExecute(IAsyncResult asyncResult)
   at System.Web.Mvc.MvcHandler.<BeginProcessRequest>b__5(IAsyncResult asyncResult, ProcessRequestState innerState)
   at System.Web.Mvc.Async.AsyncResultWrapper.WrappedAsyncVoid`1.CallEndDelegate(IAsyncResult asyncResult)
   at System.Web.Mvc.Async.AsyncResultWrapper.WrappedAsyncResultBase`1.End()
   at System.Web.Mvc.Async.AsyncResultWrapper.End[TResult](IAsyncResult asyncResult, Object tag)
   at System.Web.Mvc.Async.AsyncResultWrapper.End(IAsyncResult asyncResult, Object tag)
   at System.Web.Mvc.MvcHandler.EndProcessRequest(IAsyncResult asyncResult)
   at System.Web.Mvc.MvcHandler.System.Web.IHttpAsyncHandler.EndProcessRequest(IAsyncResult result)
   at System.Web.HttpApplication.CallHandlerExecutionStep.System.Web.HttpApplication.IExecutionStep.Execute()
   at System.Web.HttpApplication.ExecuteStep(IExecutionStep step, Boolean& completedSynchronously)
2015-11-23 @ 18:04:07  FATAL ERROR   , App Error Global.asax App_Error  ---------Error Block End---------

2015-11-23 @ 18:26:00  Informational , App start Global.asax App_Start  
2015-11-23 @ 18:26:02  Informational , App start finished Global.asax App_Start  
2015-11-23 @ 18:26:02  FATAL ERROR   , App Error Global.asax App_Error  System.Web.HttpException (0x80004005): A public action method 'ResourceAllocationView' was not found on controller 'HRMS.Controllers.ResourceController'.
   at System.Web.Mvc.Controller.HandleUnknownAction(String actionName)
   at System.Web.Mvc.Controller.<BeginExecuteCore>b__1d(IAsyncResult asyncResult, ExecuteCoreState innerState)
   at System.Web.Mvc.Async.AsyncResultWrapper.WrappedAsyncVoid`1.CallEndDelegate(IAsyncResult asyncResult)
   at System.Web.Mvc.Async.AsyncResultWrapper.WrappedAsyncResultBase`1.End()
   at System.Web.Mvc.Async.AsyncResultWrapper.End[TResult](IAsyncResult asyncResult, Object tag)
   at System.Web.Mvc.Async.AsyncResultWrapper.End(IAsyncResult asyncResult, Object tag)
   at System.Web.Mvc.Controller.EndExecuteCore(IAsyncResult asyncResult)
   at System.Web.Mvc.Controller.<BeginExecute>b__15(IAsyncResult asyncResult, Controller controller)
   at System.Web.Mvc.Async.AsyncResultWrapper.WrappedAsyncVoid`1.CallEndDelegate(IAsyncResult asyncResult)
   at System.Web.Mvc.Async.AsyncResultWrapper.WrappedAsyncResultBase`1.End()
   at System.Web.Mvc.Async.AsyncResultWrapper.End[TResult](IAsyncResult asyncResult, Object tag)
   at System.Web.Mvc.Async.AsyncResultWrapper.End(IAsyncResult asyncResult, Object tag)
   at System.Web.Mvc.Controller.EndExecute(IAsyncResult asyncResult)
   at System.Web.Mvc.Controller.System.Web.Mvc.Async.IAsyncController.EndExecute(IAsyncResult asyncResult)
   at System.Web.Mvc.MvcHandler.<BeginProcessRequest>b__5(IAsyncResult asyncResult, ProcessRequestState innerState)
   at System.Web.Mvc.Async.AsyncResultWrapper.WrappedAsyncVoid`1.CallEndDelegate(IAsyncResult asyncResult)
   at System.Web.Mvc.Async.AsyncResultWrapper.WrappedAsyncResultBase`1.End()
   at System.Web.Mvc.Async.AsyncResultWrapper.End[TResult](IAsyncResult asyncResult, Object tag)
   at System.Web.Mvc.Async.AsyncResultWrapper.End(IAsyncResult asyncResult, Object tag)
   at System.Web.Mvc.MvcHandler.EndProcessRequest(IAsyncResult asyncResult)
   at System.Web.Mvc.MvcHandler.System.Web.IHttpAsyncHandler.EndProcessRequest(IAsyncResult result)
   at System.Web.HttpApplication.CallHandlerExecutionStep.System.Web.HttpApplication.IExecutionStep.Execute()
   at System.Web.HttpApplication.ExecuteStep(IExecutionStep step, Boolean& completedSynchronously)
2015-11-23 @ 18:26:02  FATAL ERROR   , App Error Global.asax App_Error  ---------Error Block End---------
2015-11-23 @ 18:26:06  FATAL ERROR   , App Error Global.asax App_Error  System.Web.HttpException (0x80004005): A public action method 'ResourceAllocationView' was not found on controller 'HRMS.Controllers.ResourceController'.
   at System.Web.Mvc.Controller.HandleUnknownAction(String actionName)
   at System.Web.Mvc.Controller.<BeginExecuteCore>b__1d(IAsyncResult asyncResult, ExecuteCoreState innerState)
   at System.Web.Mvc.Async.AsyncResultWrapper.WrappedAsyncVoid`1.CallEndDelegate(IAsyncResult asyncResult)
   at System.Web.Mvc.Async.AsyncResultWrapper.WrappedAsyncResultBase`1.End()
   at System.Web.Mvc.Async.AsyncResultWrapper.End[TResult](IAsyncResult asyncResult, Object tag)
   at System.Web.Mvc.Async.AsyncResultWrapper.End(IAsyncResult asyncResult, Object tag)
   at System.Web.Mvc.Controller.EndExecuteCore(IAsyncResult asyncResult)
   at System.Web.Mvc.Controller.<BeginExecute>b__15(IAsyncResult asyncResult, Controller controller)
   at System.Web.Mvc.Async.AsyncResultWrapper.WrappedAsyncVoid`1.CallEndDelegate(IAsyncResult asyncResult)
   at System.Web.Mvc.Async.AsyncResultWrapper.WrappedAsyncResultBase`1.End()
   at System.Web.Mvc.Async.AsyncResultWrapper.End[TResult](IAsyncResult asyncResult, Object tag)
   at System.Web.Mvc.Async.AsyncResultWrapper.End(IAsyncResult asyncResult, Object tag)
   at System.Web.Mvc.Controller.EndExecute(IAsyncResult asyncResult)
   at System.Web.Mvc.Controller.System.Web.Mvc.Async.IAsyncController.EndExecute(IAsyncResult asyncResult)
   at System.Web.Mvc.MvcHandler.<BeginProcessRequest>b__5(IAsyncResult asyncResult, ProcessRequestState innerState)
   at System.Web.Mvc.Async.AsyncResultWrapper.WrappedAsyncVoid`1.CallEndDelegate(IAsyncResult asyncResult)
   at System.Web.Mvc.Async.AsyncResultWrapper.WrappedAsyncResultBase`1.End()
   at System.Web.Mvc.Async.AsyncResultWrapper.End[TResult](IAsyncResult asyncResult, Object tag)
   at System.Web.Mvc.Async.AsyncResultWrapper.End(IAsyncResult asyncResult, Object tag)
   at System.Web.Mvc.MvcHandler.EndProcessRequest(IAsyncResult asyncResult)
   at System.Web.Mvc.MvcHandler.System.Web.IHttpAsyncHandler.EndProcessRequest(IAsyncResult result)
   at System.Web.HttpApplication.CallHandlerExecutionStep.System.Web.HttpApplication.IExecutionStep.Execute()
   at System.Web.HttpApplication.ExecuteStep(IExecutionStep step, Boolean& completedSynchronously)
2015-11-23 @ 18:26:06  FATAL ERROR   , App Error Global.asax App_Error  ---------Error Block End---------

2015-11-23 @ 18:26:27  Informational , App start Global.asax App_Start  
2015-11-23 @ 18:26:29  Informational , App start finished Global.asax App_Start  
2015-11-23 @ 18:26:53  Informational ,  SignInSignOut.aspx.cs   User IP: ::1
2015-11-23 @ 18:26:53  Informational ,  signinsignout.aspx.cs   dynamic url: http://api.ipinfodb.com/v3/ip-country/?key=989f1374dc528a8ea159064430a19d2e0756c05b46f6943a75b03257ce8b88a2&ip=::1&format=xml
2015-11-23 @ 18:26:54  Informational ,  signinsignout.aspx.cs   response: System.Net.HttpWebResponse
2015-11-23 @ 18:26:54  Informational ,  signinsignout.aspx.cs   responsedata: <?xml version="1.0" encoding="UTF-8"?>
<Response>
	<statusCode>OK</statusCode>
	<statusMessage></statusMessage>
	<ipAddress>::1</ipAddress>
	<countryCode>-</countryCode>
	<countryName>-</countryName>
</Response>
2015-11-23 @ 18:26:54  FATAL ERROR   , Thread was being aborted. SignInSignOut.cs Page_Load     at System.Threading.Thread.AbortInternal()
   at System.Threading.Thread.Abort(Object stateInfo)
   at System.Web.HttpResponse.AbortCurrentThread()
   at System.Web.HttpResponse.End()
   at System.Web.HttpResponse.Redirect(String url, Boolean endResponse, Boolean permanent)
   at System.Web.HttpResponse.Redirect(String url)
   at HRMS.Orbitweb.SignInSignOut.Page_Load(Object sender, EventArgs e) in d:\VibrentWeb\vibrantweb-master-092b95e3ad3ac6b5a114721aaf3695fbfcf6a07c\vibrantweb-master-092b95e3ad3ac6b5a114721aaf3695fbfcf6a07c\src\HRMS.WebSite\Orbitweb\SignInSignOut.aspx.cs:line 117

2015-11-23 @ 18:32:28  Informational , App start Global.asax App_Start  
2015-11-23 @ 18:32:29  Informational , App start finished Global.asax App_Start  
2015-11-23 @ 18:32:51  Informational ,  SignInSignOut.aspx.cs   User IP: ::1
2015-11-23 @ 18:32:51  Informational ,  signinsignout.aspx.cs   dynamic url: http://api.ipinfodb.com/v3/ip-country/?key=989f1374dc528a8ea159064430a19d2e0756c05b46f6943a75b03257ce8b88a2&ip=::1&format=xml
2015-11-23 @ 18:32:51  Informational ,  signinsignout.aspx.cs   response: System.Net.HttpWebResponse
2015-11-23 @ 18:32:51  Informational ,  signinsignout.aspx.cs   responsedata: <?xml version="1.0" encoding="UTF-8"?>
<Response>
	<statusCode>OK</statusCode>
	<statusMessage></statusMessage>
	<ipAddress>::1</ipAddress>
	<countryCode>-</countryCode>
	<countryName>-</countryName>
</Response>
2015-11-23 @ 18:32:51  FATAL ERROR   , Thread was being aborted. SignInSignOut.cs Page_Load     at System.Threading.Thread.AbortInternal()
   at System.Threading.Thread.Abort(Object stateInfo)
   at System.Web.HttpResponse.AbortCurrentThread()
   at System.Web.HttpResponse.End()
   at System.Web.HttpResponse.Redirect(String url, Boolean endResponse, Boolean permanent)
   at System.Web.HttpResponse.Redirect(String url)
   at HRMS.Orbitweb.SignInSignOut.Page_Load(Object sender, EventArgs e) in d:\VibrentWeb\vibrantweb-master-092b95e3ad3ac6b5a114721aaf3695fbfcf6a07c\vibrantweb-master-092b95e3ad3ac6b5a114721aaf3695fbfcf6a07c\src\HRMS.WebSite\Orbitweb\SignInSignOut.aspx.cs:line 117

2015-11-23 @ 18:43:28  Informational , App start Global.asax App_Start  
2015-11-23 @ 18:43:30  Informational , App start finished Global.asax App_Start  
2015-11-23 @ 18:44:01  Informational ,  SignInSignOut.aspx.cs   User IP: ::1
2015-11-23 @ 18:44:01  Informational ,  signinsignout.aspx.cs   dynamic url: http://api.ipinfodb.com/v3/ip-country/?key=989f1374dc528a8ea159064430a19d2e0756c05b46f6943a75b03257ce8b88a2&ip=::1&format=xml
2015-11-23 @ 18:44:02  Informational ,  signinsignout.aspx.cs   response: System.Net.HttpWebResponse
2015-11-23 @ 18:44:02  Informational ,  signinsignout.aspx.cs   responsedata: <?xml version="1.0" encoding="UTF-8"?>
<Response>
	<statusCode>OK</statusCode>
	<statusMessage></statusMessage>
	<ipAddress>::1</ipAddress>
	<countryCode>-</countryCode>
	<countryName>-</countryName>
</Response>
2015-11-23 @ 18:44:02  FATAL ERROR   , Thread was being aborted. SignInSignOut.cs Page_Load     at System.Threading.Thread.AbortInternal()
   at System.Threading.Thread.Abort(Object stateInfo)
   at System.Web.HttpResponse.AbortCurrentThread()
   at System.Web.HttpResponse.End()
   at System.Web.HttpResponse.Redirect(String url, Boolean endResponse, Boolean permanent)
   at System.Web.HttpResponse.Redirect(String url)
   at HRMS.Orbitweb.SignInSignOut.Page_Load(Object sender, EventArgs e) in d:\VibrentWeb\vibrantweb-master-092b95e3ad3ac6b5a114721aaf3695fbfcf6a07c\vibrantweb-master-092b95e3ad3ac6b5a114721aaf3695fbfcf6a07c\src\HRMS.WebSite\Orbitweb\SignInSignOut.aspx.cs:line 117
2015-11-23 @ 19:12:01  Informational ,  SignInSignOut.aspx.cs   User IP: ::1
2015-11-23 @ 19:12:01  Informational ,  signinsignout.aspx.cs   dynamic url: http://api.ipinfodb.com/v3/ip-country/?key=989f1374dc528a8ea159064430a19d2e0756c05b46f6943a75b03257ce8b88a2&ip=::1&format=xml
2015-11-23 @ 19:12:02  Informational ,  signinsignout.aspx.cs   response: System.Net.HttpWebResponse
2015-11-23 @ 19:12:02  Informational ,  signinsignout.aspx.cs   responsedata: <?xml version="1.0" encoding="UTF-8"?>
<Response>
	<statusCode>OK</statusCode>
	<statusMessage></statusMessage>
	<ipAddress>::1</ipAddress>
	<countryCode>-</countryCode>
	<countryName>-</countryName>
</Response>
2015-11-23 @ 19:12:02  FATAL ERROR   , Thread was being aborted. SignInSignOut.cs Page_Load     at System.Threading.Thread.AbortInternal()
   at System.Threading.Thread.Abort(Object stateInfo)
   at System.Web.HttpResponse.AbortCurrentThread()
   at System.Web.HttpResponse.End()
   at System.Web.HttpResponse.Redirect(String url, Boolean endResponse, Boolean permanent)
   at System.Web.HttpResponse.Redirect(String url)
   at HRMS.Orbitweb.SignInSignOut.Page_Load(Object sender, EventArgs e) in d:\VibrentWeb\vibrantweb-master-092b95e3ad3ac6b5a114721aaf3695fbfcf6a07c\vibrantweb-master-092b95e3ad3ac6b5a114721aaf3695fbfcf6a07c\src\HRMS.WebSite\Orbitweb\SignInSignOut.aspx.cs:line 117
2015-11-23 @ 19:12:22  Informational ,  SignInSignOut.aspx.cs   User IP: ::1
2015-11-23 @ 19:12:22  Informational ,  signinsignout.aspx.cs   dynamic url: http://api.ipinfodb.com/v3/ip-country/?key=989f1374dc528a8ea159064430a19d2e0756c05b46f6943a75b03257ce8b88a2&ip=::1&format=xml
2015-11-23 @ 19:12:22  Informational ,  signinsignout.aspx.cs   response: System.Net.HttpWebResponse
2015-11-23 @ 19:12:22  Informational ,  signinsignout.aspx.cs   responsedata: <?xml version="1.0" encoding="UTF-8"?>
<Response>
	<statusCode>OK</statusCode>
	<statusMessage></statusMessage>
	<ipAddress>::1</ipAddress>
	<countryCode>-</countryCode>
	<countryName>-</countryName>
</Response>
2015-11-23 @ 19:12:22  FATAL ERROR   , Thread was being aborted. SignInSignOut.cs Page_Load     at System.Threading.Thread.AbortInternal()
   at System.Threading.Thread.Abort(Object stateInfo)
   at System.Web.HttpResponse.AbortCurrentThread()
   at System.Web.HttpResponse.End()
   at System.Web.HttpResponse.Redirect(String url, Boolean endResponse, Boolean permanent)
   at System.Web.HttpResponse.Redirect(String url)
   at HRMS.Orbitweb.SignInSignOut.Page_Load(Object sender, EventArgs e) in d:\VibrentWeb\vibrantweb-master-092b95e3ad3ac6b5a114721aaf3695fbfcf6a07c\vibrantweb-master-092b95e3ad3ac6b5a114721aaf3695fbfcf6a07c\src\HRMS.WebSite\Orbitweb\SignInSignOut.aspx.cs:line 117
2015-11-23 @ 19:12:53  Informational ,  SignInSignOut.aspx.cs   User IP: ::1
2015-11-23 @ 19:12:53  Informational ,  signinsignout.aspx.cs   dynamic url: http://api.ipinfodb.com/v3/ip-country/?key=989f1374dc528a8ea159064430a19d2e0756c05b46f6943a75b03257ce8b88a2&ip=::1&format=xml
2015-11-23 @ 19:12:54  Informational ,  signinsignout.aspx.cs   response: System.Net.HttpWebResponse
2015-11-23 @ 19:12:54  Informational ,  signinsignout.aspx.cs   responsedata: <?xml version="1.0" encoding="UTF-8"?>
<Response>
	<statusCode>OK</statusCode>
	<statusMessage></statusMessage>
	<ipAddress>::1</ipAddress>
	<countryCode>-</countryCode>
	<countryName>-</countryName>
</Response>
2015-11-23 @ 19:12:54  FATAL ERROR   , Thread was being aborted. SignInSignOut.cs Page_Load     at System.Threading.Thread.AbortInternal()
   at System.Threading.Thread.Abort(Object stateInfo)
   at System.Web.HttpResponse.AbortCurrentThread()
   at System.Web.HttpResponse.End()
   at System.Web.HttpResponse.Redirect(String url, Boolean endResponse, Boolean permanent)
   at System.Web.HttpResponse.Redirect(String url)
   at HRMS.Orbitweb.SignInSignOut.Page_Load(Object sender, EventArgs e) in d:\VibrentWeb\vibrantweb-master-092b95e3ad3ac6b5a114721aaf3695fbfcf6a07c\vibrantweb-master-092b95e3ad3ac6b5a114721aaf3695fbfcf6a07c\src\HRMS.WebSite\Orbitweb\SignInSignOut.aspx.cs:line 117
2015-11-23 @ 19:13:10  Informational ,  SignInSignOut.aspx.cs   User IP: ::1
2015-11-23 @ 19:13:10  Informational ,  signinsignout.aspx.cs   dynamic url: http://api.ipinfodb.com/v3/ip-country/?key=989f1374dc528a8ea159064430a19d2e0756c05b46f6943a75b03257ce8b88a2&ip=::1&format=xml
2015-11-23 @ 19:13:10  Informational ,  signinsignout.aspx.cs   response: System.Net.HttpWebResponse
2015-11-23 @ 19:13:10  Informational ,  signinsignout.aspx.cs   responsedata: <?xml version="1.0" encoding="UTF-8"?>
<Response>
	<statusCode>OK</statusCode>
	<statusMessage></statusMessage>
	<ipAddress>::1</ipAddress>
	<countryCode>-</countryCode>
	<countryName>-</countryName>
</Response>
2015-11-23 @ 19:13:10  FATAL ERROR   , Thread was being aborted. SignInSignOut.cs Page_Load     at System.Threading.Thread.AbortInternal()
   at System.Threading.Thread.Abort(Object stateInfo)
   at System.Web.HttpResponse.AbortCurrentThread()
   at System.Web.HttpResponse.End()
   at System.Web.HttpResponse.Redirect(String url, Boolean endResponse, Boolean permanent)
   at System.Web.HttpResponse.Redirect(String url)
   at HRMS.Orbitweb.SignInSignOut.Page_Load(Object sender, EventArgs e) in d:\VibrentWeb\vibrantweb-master-092b95e3ad3ac6b5a114721aaf3695fbfcf6a07c\vibrantweb-master-092b95e3ad3ac6b5a114721aaf3695fbfcf6a07c\src\HRMS.WebSite\Orbitweb\SignInSignOut.aspx.cs:line 117

2015-11-23 @ 19:16:56  Informational , App start Global.asax App_Start  
2015-11-23 @ 19:16:58  Informational , App start finished Global.asax App_Start  
2015-11-23 @ 19:17:38  Informational ,  SignInSignOut.aspx.cs   User IP: ::1
2015-11-23 @ 19:17:38  Informational ,  signinsignout.aspx.cs   dynamic url: http://api.ipinfodb.com/v3/ip-country/?key=989f1374dc528a8ea159064430a19d2e0756c05b46f6943a75b03257ce8b88a2&ip=::1&format=xml
2015-11-23 @ 19:17:38  Informational ,  signinsignout.aspx.cs   response: System.Net.HttpWebResponse
2015-11-23 @ 19:17:38  Informational ,  signinsignout.aspx.cs   responsedata: <?xml version="1.0" encoding="UTF-8"?>
<Response>
	<statusCode>OK</statusCode>
	<statusMessage></statusMessage>
	<ipAddress>::1</ipAddress>
	<countryCode>-</countryCode>
	<countryName>-</countryName>
</Response>
2015-11-23 @ 19:17:38  FATAL ERROR   , Thread was being aborted. SignInSignOut.cs Page_Load     at System.Threading.Thread.AbortInternal()
   at System.Threading.Thread.Abort(Object stateInfo)
   at System.Web.HttpResponse.AbortCurrentThread()
   at System.Web.HttpResponse.End()
   at System.Web.HttpResponse.Redirect(String url, Boolean endResponse, Boolean permanent)
   at System.Web.HttpResponse.Redirect(String url)
   at HRMS.Orbitweb.SignInSignOut.Page_Load(Object sender, EventArgs e) in d:\VibrentWeb\vibrantweb-master-092b95e3ad3ac6b5a114721aaf3695fbfcf6a07c\vibrantweb-master-092b95e3ad3ac6b5a114721aaf3695fbfcf6a07c\src\HRMS.WebSite\Orbitweb\SignInSignOut.aspx.cs:line 117

2015-11-23 @ 19:25:03  Informational , App start Global.asax App_Start  
2015-11-23 @ 19:25:05  Informational , App start finished Global.asax App_Start  
2015-11-23 @ 19:25:05  FATAL ERROR   , App Error Global.asax App_Error  System.Web.HttpException (0x80004005): A public action method 'ResourceAllocationView' was not found on controller 'HRMS.Controllers.ResourceController'.
   at System.Web.Mvc.Controller.HandleUnknownAction(String actionName)
   at System.Web.Mvc.Controller.<BeginExecuteCore>b__1d(IAsyncResult asyncResult, ExecuteCoreState innerState)
   at System.Web.Mvc.Async.AsyncResultWrapper.WrappedAsyncVoid`1.CallEndDelegate(IAsyncResult asyncResult)
   at System.Web.Mvc.Async.AsyncResultWrapper.WrappedAsyncResultBase`1.End()
   at System.Web.Mvc.Async.AsyncResultWrapper.End[TResult](IAsyncResult asyncResult, Object tag)
   at System.Web.Mvc.Async.AsyncResultWrapper.End(IAsyncResult asyncResult, Object tag)
   at System.Web.Mvc.Controller.EndExecuteCore(IAsyncResult asyncResult)
   at System.Web.Mvc.Controller.<BeginExecute>b__15(IAsyncResult asyncResult, Controller controller)
   at System.Web.Mvc.Async.AsyncResultWrapper.WrappedAsyncVoid`1.CallEndDelegate(IAsyncResult asyncResult)
   at System.Web.Mvc.Async.AsyncResultWrapper.WrappedAsyncResultBase`1.End()
   at System.Web.Mvc.Async.AsyncResultWrapper.End[TResult](IAsyncResult asyncResult, Object tag)
   at System.Web.Mvc.Async.AsyncResultWrapper.End(IAsyncResult asyncResult, Object tag)
   at System.Web.Mvc.Controller.EndExecute(IAsyncResult asyncResult)
   at System.Web.Mvc.Controller.System.Web.Mvc.Async.IAsyncController.EndExecute(IAsyncResult asyncResult)
   at System.Web.Mvc.MvcHandler.<BeginProcessRequest>b__5(IAsyncResult asyncResult, ProcessRequestState innerState)
   at System.Web.Mvc.Async.AsyncResultWrapper.WrappedAsyncVoid`1.CallEndDelegate(IAsyncResult asyncResult)
   at System.Web.Mvc.Async.AsyncResultWrapper.WrappedAsyncResultBase`1.End()
   at System.Web.Mvc.Async.AsyncResultWrapper.End[TResult](IAsyncResult asyncResult, Object tag)
   at System.Web.Mvc.Async.AsyncResultWrapper.End(IAsyncResult asyncResult, Object tag)
   at System.Web.Mvc.MvcHandler.EndProcessRequest(IAsyncResult asyncResult)
   at System.Web.Mvc.MvcHandler.System.Web.IHttpAsyncHandler.EndProcessRequest(IAsyncResult result)
   at System.Web.HttpApplication.CallHandlerExecutionStep.System.Web.HttpApplication.IExecutionStep.Execute()
   at System.Web.HttpApplication.ExecuteStep(IExecutionStep step, Boolean& completedSynchronously)
2015-11-23 @ 19:25:05  FATAL ERROR   , App Error Global.asax App_Error  ---------Error Block End---------

2015-11-23 @ 19:25:26  Informational , App start Global.asax App_Start  
2015-11-23 @ 19:25:28  Informational , App start finished Global.asax App_Start  
2015-11-23 @ 19:25:46  Informational ,  SignInSignOut.aspx.cs   User IP: ::1
2015-11-23 @ 19:25:46  Informational ,  signinsignout.aspx.cs   dynamic url: http://api.ipinfodb.com/v3/ip-country/?key=989f1374dc528a8ea159064430a19d2e0756c05b46f6943a75b03257ce8b88a2&ip=::1&format=xml
2015-11-23 @ 19:25:46  Informational ,  signinsignout.aspx.cs   response: System.Net.HttpWebResponse
2015-11-23 @ 19:25:46  Informational ,  signinsignout.aspx.cs   responsedata: <?xml version="1.0" encoding="UTF-8"?>
<Response>
	<statusCode>OK</statusCode>
	<statusMessage></statusMessage>
	<ipAddress>::1</ipAddress>
	<countryCode>-</countryCode>
	<countryName>-</countryName>
</Response>
2015-11-23 @ 19:25:46  FATAL ERROR   , Thread was being aborted. SignInSignOut.cs Page_Load     at System.Threading.Thread.AbortInternal()
   at System.Threading.Thread.Abort(Object stateInfo)
   at System.Web.HttpResponse.AbortCurrentThread()
   at System.Web.HttpResponse.End()
   at System.Web.HttpResponse.Redirect(String url, Boolean endResponse, Boolean permanent)
   at System.Web.HttpResponse.Redirect(String url)
   at HRMS.Orbitweb.SignInSignOut.Page_Load(Object sender, EventArgs e) in d:\VibrentWeb\vibrantweb-master-092b95e3ad3ac6b5a114721aaf3695fbfcf6a07c\vibrantweb-master-092b95e3ad3ac6b5a114721aaf3695fbfcf6a07c\src\HRMS.WebSite\Orbitweb\SignInSignOut.aspx.cs:line 117

2015-11-23 @ 19:51:46  Informational , App start Global.asax App_Start  
2015-11-23 @ 19:51:48  Informational , App start finished Global.asax App_Start  
2015-11-23 @ 19:54:36  Informational ,  SignInSignOut.aspx.cs   User IP: ::1
2015-11-23 @ 19:54:49  Informational ,  signinsignout.aspx.cs   dynamic url: http://api.ipinfodb.com/v3/ip-country/?key=989f1374dc528a8ea159064430a19d2e0756c05b46f6943a75b03257ce8b88a2&ip=::1&format=xml
2015-11-23 @ 19:54:58  Informational ,  signinsignout.aspx.cs   response: System.Net.HttpWebResponse
2015-11-23 @ 19:55:02  Informational ,  signinsignout.aspx.cs   responsedata: <?xml version="1.0" encoding="UTF-8"?>
<Response>
	<statusCode>OK</statusCode>
	<statusMessage></statusMessage>
	<ipAddress>::1</ipAddress>
	<countryCode>-</countryCode>
	<countryName>-</countryName>
</Response>
2015-11-23 @ 19:55:11  FATAL ERROR   , Thread was being aborted. SignInSignOut.cs Page_Load     at System.Threading.Thread.AbortInternal()
   at System.Threading.Thread.Abort(Object stateInfo)
   at System.Web.HttpResponse.AbortCurrentThread()
   at System.Web.HttpResponse.End()
   at System.Web.HttpResponse.Redirect(String url, Boolean endResponse, Boolean permanent)
   at System.Web.HttpResponse.Redirect(String url)
   at HRMS.Orbitweb.SignInSignOut.Page_Load(Object sender, EventArgs e) in d:\VibrentWeb\vibrantweb-master-092b95e3ad3ac6b5a114721aaf3695fbfcf6a07c\vibrantweb-master-092b95e3ad3ac6b5a114721aaf3695fbfcf6a07c\src\HRMS.WebSite\Orbitweb\SignInSignOut.aspx.cs:line 117
