
2015-11-24 @ 11:37:38  Informational , App start Global.asax App_Start  
2015-11-24 @ 11:37:42  Informational , App start finished Global.asax App_Start  
2015-11-24 @ 11:39:10  Informational ,  SignInSignOut.aspx.cs   User IP: ::1
2015-11-24 @ 11:39:10  Informational ,  signinsignout.aspx.cs   dynamic url: http://api.ipinfodb.com/v3/ip-country/?key=989f1374dc528a8ea159064430a19d2e0756c05b46f6943a75b03257ce8b88a2&ip=::1&format=xml
2015-11-24 @ 11:39:11  Informational ,  signinsignout.aspx.cs   response: System.Net.HttpWebResponse
2015-11-24 @ 11:39:11  Informational ,  signinsignout.aspx.cs   responsedata: <?xml version="1.0" encoding="UTF-8"?>
<Response>
	<statusCode>OK</statusCode>
	<statusMessage></statusMessage>
	<ipAddress>::1</ipAddress>
	<countryCode>-</countryCode>
	<countryName>-</countryName>
</Response>
2015-11-24 @ 11:39:11  FATAL ERROR   , Thread was being aborted. SignInSignOut.cs Page_Load     at System.Threading.Thread.AbortInternal()
   at System.Threading.Thread.Abort(Object stateInfo)
   at System.Web.HttpResponse.AbortCurrentThread()
   at System.Web.HttpResponse.End()
   at System.Web.HttpResponse.Redirect(String url, Boolean endResponse, Boolean permanent)
   at System.Web.HttpResponse.Redirect(String url)
   at HRMS.Orbitweb.SignInSignOut.Page_Load(Object sender, EventArgs e) in d:\VibrentWeb\vibrantweb-master-092b95e3ad3ac6b5a114721aaf3695fbfcf6a07c\vibrantweb-master-092b95e3ad3ac6b5a114721aaf3695fbfcf6a07c\src\HRMS.WebSite\Orbitweb\SignInSignOut.aspx.cs:line 117

2015-11-24 @ 12:02:12  Informational , App start Global.asax App_Start  
2015-11-24 @ 12:02:14  Informational , App start finished Global.asax App_Start  
2015-11-24 @ 12:02:34  Informational ,  SignInSignOut.aspx.cs   User IP: ::1
2015-11-24 @ 12:02:34  Informational ,  signinsignout.aspx.cs   dynamic url: http://api.ipinfodb.com/v3/ip-country/?key=989f1374dc528a8ea159064430a19d2e0756c05b46f6943a75b03257ce8b88a2&ip=::1&format=xml
2015-11-24 @ 12:02:35  Informational ,  signinsignout.aspx.cs   response: System.Net.HttpWebResponse
2015-11-24 @ 12:02:35  Informational ,  signinsignout.aspx.cs   responsedata: <?xml version="1.0" encoding="UTF-8"?>
<Response>
	<statusCode>OK</statusCode>
	<statusMessage></statusMessage>
	<ipAddress>::1</ipAddress>
	<countryCode>-</countryCode>
	<countryName>-</countryName>
</Response>
2015-11-24 @ 12:02:35  FATAL ERROR   , Thread was being aborted. SignInSignOut.cs Page_Load     at System.Threading.Thread.AbortInternal()
   at System.Threading.Thread.Abort(Object stateInfo)
   at System.Web.HttpResponse.AbortCurrentThread()
   at System.Web.HttpResponse.End()
   at System.Web.HttpResponse.Redirect(String url, Boolean endResponse, Boolean permanent)
   at System.Web.HttpResponse.Redirect(String url)
   at HRMS.Orbitweb.SignInSignOut.Page_Load(Object sender, EventArgs e) in d:\VibrentWeb\vibrantweb-master-092b95e3ad3ac6b5a114721aaf3695fbfcf6a07c\vibrantweb-master-092b95e3ad3ac6b5a114721aaf3695fbfcf6a07c\src\HRMS.WebSite\Orbitweb\SignInSignOut.aspx.cs:line 117

2015-11-24 @ 12:07:40  Informational , App start Global.asax App_Start  
2015-11-24 @ 12:07:42  Informational , App start finished Global.asax App_Start  
2015-11-24 @ 12:08:11  Informational ,  SignInSignOut.aspx.cs   User IP: ::1
2015-11-24 @ 12:08:11  Informational ,  signinsignout.aspx.cs   dynamic url: http://api.ipinfodb.com/v3/ip-country/?key=989f1374dc528a8ea159064430a19d2e0756c05b46f6943a75b03257ce8b88a2&ip=::1&format=xml
2015-11-24 @ 12:08:11  Informational ,  signinsignout.aspx.cs   response: System.Net.HttpWebResponse
2015-11-24 @ 12:08:11  Informational ,  signinsignout.aspx.cs   responsedata: <?xml version="1.0" encoding="UTF-8"?>
<Response>
	<statusCode>OK</statusCode>
	<statusMessage></statusMessage>
	<ipAddress>::1</ipAddress>
	<countryCode>-</countryCode>
	<countryName>-</countryName>
</Response>
2015-11-24 @ 12:08:11  FATAL ERROR   , Thread was being aborted. SignInSignOut.cs Page_Load     at System.Threading.Thread.AbortInternal()
   at System.Threading.Thread.Abort(Object stateInfo)
   at System.Web.HttpResponse.AbortCurrentThread()
   at System.Web.HttpResponse.End()
   at System.Web.HttpResponse.Redirect(String url, Boolean endResponse, Boolean permanent)
   at System.Web.HttpResponse.Redirect(String url)
   at HRMS.Orbitweb.SignInSignOut.Page_Load(Object sender, EventArgs e) in d:\VibrentWeb\vibrantweb-master-092b95e3ad3ac6b5a114721aaf3695fbfcf6a07c\vibrantweb-master-092b95e3ad3ac6b5a114721aaf3695fbfcf6a07c\src\HRMS.WebSite\Orbitweb\SignInSignOut.aspx.cs:line 117

2015-11-24 @ 12:32:22  Informational , App start Global.asax App_Start  
2015-11-24 @ 12:32:23  Informational , App start finished Global.asax App_Start  
2015-11-24 @ 12:32:49  Informational ,  SignInSignOut.aspx.cs   User IP: ::1
2015-11-24 @ 12:32:49  Informational ,  signinsignout.aspx.cs   dynamic url: http://api.ipinfodb.com/v3/ip-country/?key=989f1374dc528a8ea159064430a19d2e0756c05b46f6943a75b03257ce8b88a2&ip=::1&format=xml
2015-11-24 @ 12:32:49  Informational ,  signinsignout.aspx.cs   response: System.Net.HttpWebResponse
2015-11-24 @ 12:32:49  Informational ,  signinsignout.aspx.cs   responsedata: <?xml version="1.0" encoding="UTF-8"?>
<Response>
	<statusCode>OK</statusCode>
	<statusMessage></statusMessage>
	<ipAddress>::1</ipAddress>
	<countryCode>-</countryCode>
	<countryName>-</countryName>
</Response>
2015-11-24 @ 12:32:49  FATAL ERROR   , Thread was being aborted. SignInSignOut.cs Page_Load     at System.Threading.Thread.AbortInternal()
   at System.Threading.Thread.Abort(Object stateInfo)
   at System.Web.HttpResponse.AbortCurrentThread()
   at System.Web.HttpResponse.End()
   at System.Web.HttpResponse.Redirect(String url, Boolean endResponse, Boolean permanent)
   at System.Web.HttpResponse.Redirect(String url)
   at HRMS.Orbitweb.SignInSignOut.Page_Load(Object sender, EventArgs e) in d:\VibrentWeb\vibrantweb-master-092b95e3ad3ac6b5a114721aaf3695fbfcf6a07c\vibrantweb-master-092b95e3ad3ac6b5a114721aaf3695fbfcf6a07c\src\HRMS.WebSite\Orbitweb\SignInSignOut.aspx.cs:line 117
2015-11-24 @ 12:38:27  Informational ,  SignInSignOut.aspx.cs   User IP: ::1
2015-11-24 @ 12:38:27  Informational ,  signinsignout.aspx.cs   dynamic url: http://api.ipinfodb.com/v3/ip-country/?key=989f1374dc528a8ea159064430a19d2e0756c05b46f6943a75b03257ce8b88a2&ip=::1&format=xml
2015-11-24 @ 12:38:28  Informational ,  signinsignout.aspx.cs   response: System.Net.HttpWebResponse
2015-11-24 @ 12:38:28  Informational ,  signinsignout.aspx.cs   responsedata: <?xml version="1.0" encoding="UTF-8"?>
<Response>
	<statusCode>OK</statusCode>
	<statusMessage></statusMessage>
	<ipAddress>::1</ipAddress>
	<countryCode>-</countryCode>
	<countryName>-</countryName>
</Response>
2015-11-24 @ 12:38:28  FATAL ERROR   , Thread was being aborted. SignInSignOut.cs Page_Load     at System.Threading.Thread.AbortInternal()
   at System.Threading.Thread.Abort(Object stateInfo)
   at System.Web.HttpResponse.AbortCurrentThread()
   at System.Web.HttpResponse.End()
   at System.Web.HttpResponse.Redirect(String url, Boolean endResponse, Boolean permanent)
   at System.Web.HttpResponse.Redirect(String url)
   at HRMS.Orbitweb.SignInSignOut.Page_Load(Object sender, EventArgs e) in d:\VibrentWeb\vibrantweb-master-092b95e3ad3ac6b5a114721aaf3695fbfcf6a07c\vibrantweb-master-092b95e3ad3ac6b5a114721aaf3695fbfcf6a07c\src\HRMS.WebSite\Orbitweb\SignInSignOut.aspx.cs:line 117

2015-11-24 @ 12:49:23  Informational , App start Global.asax App_Start  
2015-11-24 @ 12:49:25  Informational , App start finished Global.asax App_Start  
2015-11-24 @ 12:49:46  Informational ,  SignInSignOut.aspx.cs   User IP: ::1
2015-11-24 @ 12:49:46  Informational ,  signinsignout.aspx.cs   dynamic url: http://api.ipinfodb.com/v3/ip-country/?key=989f1374dc528a8ea159064430a19d2e0756c05b46f6943a75b03257ce8b88a2&ip=::1&format=xml
2015-11-24 @ 12:49:46  Informational ,  signinsignout.aspx.cs   response: System.Net.HttpWebResponse
2015-11-24 @ 12:49:46  Informational ,  signinsignout.aspx.cs   responsedata: <?xml version="1.0" encoding="UTF-8"?>
<Response>
	<statusCode>OK</statusCode>
	<statusMessage></statusMessage>
	<ipAddress>::1</ipAddress>
	<countryCode>-</countryCode>
	<countryName>-</countryName>
</Response>
2015-11-24 @ 12:49:46  FATAL ERROR   , Thread was being aborted. SignInSignOut.cs Page_Load     at System.Threading.Thread.AbortInternal()
   at System.Threading.Thread.Abort(Object stateInfo)
   at System.Web.HttpResponse.AbortCurrentThread()
   at System.Web.HttpResponse.End()
   at System.Web.HttpResponse.Redirect(String url, Boolean endResponse, Boolean permanent)
   at System.Web.HttpResponse.Redirect(String url)
   at HRMS.Orbitweb.SignInSignOut.Page_Load(Object sender, EventArgs e) in d:\VibrentWeb\vibrantweb-master-092b95e3ad3ac6b5a114721aaf3695fbfcf6a07c\vibrantweb-master-092b95e3ad3ac6b5a114721aaf3695fbfcf6a07c\src\HRMS.WebSite\Orbitweb\SignInSignOut.aspx.cs:line 117

2015-11-24 @ 15:01:09  Informational , App start Global.asax App_Start  
2015-11-24 @ 15:01:11  Informational , App start finished Global.asax App_Start  
2015-11-24 @ 15:01:50  Informational ,  SignInSignOut.aspx.cs   User IP: ::1
2015-11-24 @ 15:01:50  Informational ,  signinsignout.aspx.cs   dynamic url: http://api.ipinfodb.com/v3/ip-country/?key=989f1374dc528a8ea159064430a19d2e0756c05b46f6943a75b03257ce8b88a2&ip=::1&format=xml
2015-11-24 @ 15:01:50  Informational ,  signinsignout.aspx.cs   response: System.Net.HttpWebResponse
2015-11-24 @ 15:01:50  Informational ,  signinsignout.aspx.cs   responsedata: <?xml version="1.0" encoding="UTF-8"?>
<Response>
	<statusCode>OK</statusCode>
	<statusMessage></statusMessage>
	<ipAddress>::1</ipAddress>
	<countryCode>-</countryCode>
	<countryName>-</countryName>
</Response>
2015-11-24 @ 15:01:50  FATAL ERROR   , Thread was being aborted. SignInSignOut.cs Page_Load     at System.Threading.Thread.AbortInternal()
   at System.Threading.Thread.Abort(Object stateInfo)
   at System.Web.HttpResponse.AbortCurrentThread()
   at System.Web.HttpResponse.End()
   at System.Web.HttpResponse.Redirect(String url, Boolean endResponse, Boolean permanent)
   at System.Web.HttpResponse.Redirect(String url)
   at HRMS.Orbitweb.SignInSignOut.Page_Load(Object sender, EventArgs e) in d:\VibrentWeb\vibrantweb-master-092b95e3ad3ac6b5a114721aaf3695fbfcf6a07c\vibrantweb-master-092b95e3ad3ac6b5a114721aaf3695fbfcf6a07c\src\HRMS.WebSite\Orbitweb\SignInSignOut.aspx.cs:line 117

2015-11-24 @ 17:37:38  Informational , App start Global.asax App_Start  
2015-11-24 @ 17:37:40  Informational , App start finished Global.asax App_Start  
2015-11-24 @ 17:38:11  Informational ,  SignInSignOut.aspx.cs   User IP: ::1
2015-11-24 @ 17:38:11  Informational ,  signinsignout.aspx.cs   dynamic url: http://api.ipinfodb.com/v3/ip-country/?key=989f1374dc528a8ea159064430a19d2e0756c05b46f6943a75b03257ce8b88a2&ip=::1&format=xml
2015-11-24 @ 17:38:11  Informational ,  signinsignout.aspx.cs   response: System.Net.HttpWebResponse
2015-11-24 @ 17:38:11  Informational ,  signinsignout.aspx.cs   responsedata: <?xml version="1.0" encoding="UTF-8"?>
<Response>
	<statusCode>OK</statusCode>
	<statusMessage></statusMessage>
	<ipAddress>::1</ipAddress>
	<countryCode>-</countryCode>
	<countryName>-</countryName>
</Response>
2015-11-24 @ 17:38:11  FATAL ERROR   , Thread was being aborted. SignInSignOut.cs Page_Load     at System.Threading.Thread.AbortInternal()
   at System.Threading.Thread.Abort(Object stateInfo)
   at System.Web.HttpResponse.AbortCurrentThread()
   at System.Web.HttpResponse.End()
   at System.Web.HttpResponse.Redirect(String url, Boolean endResponse, Boolean permanent)
   at System.Web.HttpResponse.Redirect(String url)
   at HRMS.Orbitweb.SignInSignOut.Page_Load(Object sender, EventArgs e) in d:\VibrentWeb\vibrantweb-master-092b95e3ad3ac6b5a114721aaf3695fbfcf6a07c\vibrantweb-master-092b95e3ad3ac6b5a114721aaf3695fbfcf6a07c\src\HRMS.WebSite\Orbitweb\SignInSignOut.aspx.cs:line 117
2015-11-24 @ 17:43:05  FATAL ERROR   , App Error Global.asax App_Error  System.InvalidOperationException: The result of a query cannot be enumerated more than once.
   at System.Data.Objects.ObjectResult`1.GetEnumerator()
   at System.Collections.Generic.List`1..ctor(IEnumerable`1 collection)
   at System.Linq.Enumerable.ToList[TSource](IEnumerable`1 source)
   at HRMS.DAL.SemDAL.GetEmployeeDetails(Int32 EmployeeID) in d:\VibrentWeb\vibrantweb-master-092b95e3ad3ac6b5a114721aaf3695fbfcf6a07c\vibrantweb-master-092b95e3ad3ac6b5a114721aaf3695fbfcf6a07c\src\DAL\SemDAL.cs:line 1695
   at HRMS.Controllers.TaskTimesheetController.TimeSheetEntry() in d:\VibrentWeb\vibrantweb-master-092b95e3ad3ac6b5a114721aaf3695fbfcf6a07c\vibrantweb-master-092b95e3ad3ac6b5a114721aaf3695fbfcf6a07c\src\HRMS.WebSite\Controllers\TaskTimesheetController.cs:line 212
   at lambda_method(Closure , ControllerBase , Object[] )
   at System.Web.Mvc.ActionMethodDispatcher.Execute(ControllerBase controller, Object[] parameters)
   at System.Web.Mvc.ReflectedActionDescriptor.Execute(ControllerContext controllerContext, IDictionary`2 parameters)
   at System.Web.Mvc.ControllerActionInvoker.InvokeActionMethod(ControllerContext controllerContext, ActionDescriptor actionDescriptor, IDictionary`2 parameters)
   at System.Web.Mvc.Async.AsyncControllerActionInvoker.ActionInvocation.InvokeSynchronousActionMethod()
   at System.Web.Mvc.Async.AsyncControllerActionInvoker.<BeginInvokeSynchronousActionMethod>b__39(IAsyncResult asyncResult, ActionInvocation innerInvokeState)
   at System.Web.Mvc.Async.AsyncResultWrapper.WrappedAsyncResult`2.CallEndDelegate(IAsyncResult asyncResult)
   at System.Web.Mvc.Async.AsyncResultWrapper.WrappedAsyncResultBase`1.End()
   at System.Web.Mvc.Async.AsyncResultWrapper.End[TResult](IAsyncResult asyncResult, Object tag)
   at System.Web.Mvc.Async.AsyncControllerActionInvoker.EndInvokeActionMethod(IAsyncResult asyncResult)
   at System.Web.Mvc.Async.AsyncControllerActionInvoker.AsyncInvocationWithFilters.<InvokeActionMethodFilterAsynchronouslyRecursive>b__3d()
   at System.Web.Mvc.Async.AsyncControllerActionInvoker.AsyncInvocationWithFilters.<>c__DisplayClass46.<InvokeActionMethodFilterAsynchronouslyRecursive>b__3f()
   at System.Web.Mvc.Async.AsyncControllerActionInvoker.AsyncInvocationWithFilters.<>c__DisplayClass46.<InvokeActionMethodFilterAsynchronouslyRecursive>b__3f()
   at System.Web.Mvc.Async.AsyncControllerActionInvoker.<>c__DisplayClass33.<BeginInvokeActionMethodWithFilters>b__32(IAsyncResult asyncResult)
   at System.Web.Mvc.Async.AsyncResultWrapper.WrappedAsyncResult`1.CallEndDelegate(IAsyncResult asyncResult)
   at System.Web.Mvc.Async.AsyncResultWrapper.WrappedAsyncResultBase`1.End()
   at System.Web.Mvc.Async.AsyncResultWrapper.End[TResult](IAsyncResult asyncResult, Object tag)
   at System.Web.Mvc.Async.AsyncControllerActionInvoker.EndInvokeActionMethodWithFilters(IAsyncResult asyncResult)
   at System.Web.Mvc.Async.AsyncControllerActionInvoker.<>c__DisplayClass21.<>c__DisplayClass2b.<BeginInvokeAction>b__1c()
   at System.Web.Mvc.Async.AsyncControllerActionInvoker.<>c__DisplayClass21.<BeginInvokeAction>b__1e(IAsyncResult asyncResult)
   at System.Web.Mvc.Async.AsyncResultWrapper.WrappedAsyncResult`1.CallEndDelegate(IAsyncResult asyncResult)
   at System.Web.Mvc.Async.AsyncResultWrapper.WrappedAsyncResultBase`1.End()
   at System.Web.Mvc.Async.AsyncResultWrapper.End[TResult](IAsyncResult asyncResult, Object tag)
   at System.Web.Mvc.Async.AsyncControllerActionInvoker.EndInvokeAction(IAsyncResult asyncResult)
   at System.Web.Mvc.Controller.<BeginExecuteCore>b__1d(IAsyncResult asyncResult, ExecuteCoreState innerState)
   at System.Web.Mvc.Async.AsyncResultWrapper.WrappedAsyncVoid`1.CallEndDelegate(IAsyncResult asyncResult)
   at System.Web.Mvc.Async.AsyncResultWrapper.WrappedAsyncResultBase`1.End()
   at System.Web.Mvc.Async.AsyncResultWrapper.End[TResult](IAsyncResult asyncResult, Object tag)
   at System.Web.Mvc.Async.AsyncResultWrapper.End(IAsyncResult asyncResult, Object tag)
   at System.Web.Mvc.Controller.EndExecuteCore(IAsyncResult asyncResult)
   at System.Web.Mvc.Controller.<BeginExecute>b__15(IAsyncResult asyncResult, Controller controller)
   at System.Web.Mvc.Async.AsyncResultWrapper.WrappedAsyncVoid`1.CallEndDelegate(IAsyncResult asyncResult)
   at System.Web.Mvc.Async.AsyncResultWrapper.WrappedAsyncResultBase`1.End()
   at System.Web.Mvc.Async.AsyncResultWrapper.End[TResult](IAsyncResult asyncResult, Object tag)
   at System.Web.Mvc.Async.AsyncResultWrapper.End(IAsyncResult asyncResult, Object tag)
   at System.Web.Mvc.Controller.EndExecute(IAsyncResult asyncResult)
   at System.Web.Mvc.Controller.System.Web.Mvc.Async.IAsyncController.EndExecute(IAsyncResult asyncResult)
   at System.Web.Mvc.MvcHandler.<BeginProcessRequest>b__5(IAsyncResult asyncResult, ProcessRequestState innerState)
   at System.Web.Mvc.Async.AsyncResultWrapper.WrappedAsyncVoid`1.CallEndDelegate(IAsyncResult asyncResult)
   at System.Web.Mvc.Async.AsyncResultWrapper.WrappedAsyncResultBase`1.End()
   at System.Web.Mvc.Async.AsyncResultWrapper.End[TResult](IAsyncResult asyncResult, Object tag)
   at System.Web.Mvc.Async.AsyncResultWrapper.End(IAsyncResult asyncResult, Object tag)
   at System.Web.Mvc.MvcHandler.EndProcessRequest(IAsyncResult asyncResult)
   at System.Web.Mvc.MvcHandler.System.Web.IHttpAsyncHandler.EndProcessRequest(IAsyncResult result)
   at System.Web.HttpApplication.CallHandlerExecutionStep.System.Web.HttpApplication.IExecutionStep.Execute()
   at System.Web.HttpApplication.ExecuteStep(IExecutionStep step, Boolean& completedSynchronously)
2015-11-24 @ 17:43:05  FATAL ERROR   , App Error Global.asax App_Error  ---------Error Block End---------

2015-11-24 @ 18:51:18  Informational , App start Global.asax App_Start  
2015-11-24 @ 18:51:20  Informational , App start finished Global.asax App_Start  
