
2016-01-12 @ 11:19:39  Informational , App start Global.asax App_Start  
2016-01-12 @ 11:19:48  Informational , App start finished Global.asax App_Start  
2016-01-12 @ 11:21:03  Informational ,  SignInSignOut.aspx.cs   User IP: ::1
2016-01-12 @ 11:21:03  Informational ,  signinsignout.aspx.cs   dynamic url: http://api.ipinfodb.com/v3/ip-country/?key=989f1374dc528a8ea159064430a19d2e0756c05b46f6943a75b03257ce8b88a2&ip=::1&format=xml
2016-01-12 @ 11:21:04  Informational ,  signinsignout.aspx.cs   response: System.Net.HttpWebResponse
2016-01-12 @ 11:21:04  Informational ,  signinsignout.aspx.cs   responsedata: <?xml version="1.0" encoding="UTF-8"?>
<Response>
	<statusCode>OK</statusCode>
	<statusMessage></statusMessage>
	<ipAddress>::1</ipAddress>
	<countryCode>-</countryCode>
	<countryName>-</countryName>
</Response>
2016-01-12 @ 11:21:04  FATAL ERROR   , Thread was being aborted. SignInSignOut.cs Page_Load     at System.Threading.Thread.AbortInternal()
   at System.Threading.Thread.Abort(Object stateInfo)
   at System.Web.HttpResponse.AbortCurrentThread()
   at System.Web.HttpResponse.End()
   at System.Web.HttpResponse.Redirect(String url, Boolean endResponse, Boolean permanent)
   at System.Web.HttpResponse.Redirect(String url)
   at HRMS.Orbitweb.SignInSignOut.Page_Load(Object sender, EventArgs e) in d:\mahesh .F\VB\src\HRMS.WebSite\Orbitweb\SignInSignOut.aspx.cs:line 117

2016-01-12 @ 11:25:15  Informational , App start Global.asax App_Start  
2016-01-12 @ 11:25:18  Informational , App start finished Global.asax App_Start  
2016-01-12 @ 11:25:49  Informational ,  SignInSignOut.aspx.cs   User IP: ::1
2016-01-12 @ 11:25:49  Informational ,  signinsignout.aspx.cs   dynamic url: http://api.ipinfodb.com/v3/ip-country/?key=989f1374dc528a8ea159064430a19d2e0756c05b46f6943a75b03257ce8b88a2&ip=::1&format=xml
2016-01-12 @ 11:25:50  Informational ,  signinsignout.aspx.cs   response: System.Net.HttpWebResponse
2016-01-12 @ 11:25:50  Informational ,  signinsignout.aspx.cs   responsedata: <?xml version="1.0" encoding="UTF-8"?>
<Response>
	<statusCode>OK</statusCode>
	<statusMessage></statusMessage>
	<ipAddress>::1</ipAddress>
	<countryCode>-</countryCode>
	<countryName>-</countryName>
</Response>
2016-01-12 @ 11:25:50  FATAL ERROR   , Thread was being aborted. SignInSignOut.cs Page_Load     at System.Threading.Thread.AbortInternal()
   at System.Threading.Thread.Abort(Object stateInfo)
   at System.Web.HttpResponse.AbortCurrentThread()
   at System.Web.HttpResponse.End()
   at System.Web.HttpResponse.Redirect(String url, Boolean endResponse, Boolean permanent)
   at System.Web.HttpResponse.Redirect(String url)
   at HRMS.Orbitweb.SignInSignOut.Page_Load(Object sender, EventArgs e) in d:\mahesh .F\VB\src\HRMS.WebSite\Orbitweb\SignInSignOut.aspx.cs:line 117
2016-01-12 @ 11:35:26  Informational ,  SignInSignOut.aspx.cs   User IP: ::1
2016-01-12 @ 11:35:26  Informational ,  signinsignout.aspx.cs   dynamic url: http://api.ipinfodb.com/v3/ip-country/?key=989f1374dc528a8ea159064430a19d2e0756c05b46f6943a75b03257ce8b88a2&ip=::1&format=xml
2016-01-12 @ 11:35:26  Informational ,  signinsignout.aspx.cs   response: System.Net.HttpWebResponse
2016-01-12 @ 11:35:26  Informational ,  signinsignout.aspx.cs   responsedata: <?xml version="1.0" encoding="UTF-8"?>
<Response>
	<statusCode>OK</statusCode>
	<statusMessage></statusMessage>
	<ipAddress>::1</ipAddress>
	<countryCode>-</countryCode>
	<countryName>-</countryName>
</Response>
2016-01-12 @ 11:35:26  FATAL ERROR   , Thread was being aborted. SignInSignOut.cs Page_Load     at System.Threading.Thread.AbortInternal()
   at System.Threading.Thread.Abort(Object stateInfo)
   at System.Web.HttpResponse.AbortCurrentThread()
   at System.Web.HttpResponse.End()
   at System.Web.HttpResponse.Redirect(String url, Boolean endResponse, Boolean permanent)
   at System.Web.HttpResponse.Redirect(String url)
   at HRMS.Orbitweb.SignInSignOut.Page_Load(Object sender, EventArgs e) in d:\mahesh .F\VB\src\HRMS.WebSite\Orbitweb\SignInSignOut.aspx.cs:line 117
2016-01-12 @ 11:36:24  Informational ,  SignInSignOut.aspx.cs   User IP: ::1
2016-01-12 @ 11:36:24  Informational ,  signinsignout.aspx.cs   dynamic url: http://api.ipinfodb.com/v3/ip-country/?key=989f1374dc528a8ea159064430a19d2e0756c05b46f6943a75b03257ce8b88a2&ip=::1&format=xml
2016-01-12 @ 11:36:25  Informational ,  signinsignout.aspx.cs   response: System.Net.HttpWebResponse
2016-01-12 @ 11:36:25  Informational ,  signinsignout.aspx.cs   responsedata: <?xml version="1.0" encoding="UTF-8"?>
<Response>
	<statusCode>OK</statusCode>
	<statusMessage></statusMessage>
	<ipAddress>::1</ipAddress>
	<countryCode>-</countryCode>
	<countryName>-</countryName>
</Response>
2016-01-12 @ 11:36:25  FATAL ERROR   , Thread was being aborted. SignInSignOut.cs Page_Load     at System.Threading.Thread.AbortInternal()
   at System.Threading.Thread.Abort(Object stateInfo)
   at System.Web.HttpResponse.AbortCurrentThread()
   at System.Web.HttpResponse.End()
   at System.Web.HttpResponse.Redirect(String url, Boolean endResponse, Boolean permanent)
   at System.Web.HttpResponse.Redirect(String url)
   at HRMS.Orbitweb.SignInSignOut.Page_Load(Object sender, EventArgs e) in d:\mahesh .F\VB\src\HRMS.WebSite\Orbitweb\SignInSignOut.aspx.cs:line 117
2016-01-12 @ 11:38:39  Informational ,  SignInSignOut.aspx.cs   User IP: ::1
2016-01-12 @ 11:38:39  Informational ,  signinsignout.aspx.cs   dynamic url: http://api.ipinfodb.com/v3/ip-country/?key=989f1374dc528a8ea159064430a19d2e0756c05b46f6943a75b03257ce8b88a2&ip=::1&format=xml
2016-01-12 @ 11:38:40  Informational ,  signinsignout.aspx.cs   response: System.Net.HttpWebResponse
2016-01-12 @ 11:38:40  Informational ,  signinsignout.aspx.cs   responsedata: <?xml version="1.0" encoding="UTF-8"?>
<Response>
	<statusCode>OK</statusCode>
	<statusMessage></statusMessage>
	<ipAddress>::1</ipAddress>
	<countryCode>-</countryCode>
	<countryName>-</countryName>
</Response>
2016-01-12 @ 11:38:40  FATAL ERROR   , Thread was being aborted. SignInSignOut.cs Page_Load     at System.Threading.Thread.AbortInternal()
   at System.Threading.Thread.Abort(Object stateInfo)
   at System.Web.HttpResponse.AbortCurrentThread()
   at System.Web.HttpResponse.End()
   at System.Web.HttpResponse.Redirect(String url, Boolean endResponse, Boolean permanent)
   at System.Web.HttpResponse.Redirect(String url)
   at HRMS.Orbitweb.SignInSignOut.Page_Load(Object sender, EventArgs e) in d:\mahesh .F\VB\src\HRMS.WebSite\Orbitweb\SignInSignOut.aspx.cs:line 117
2016-01-12 @ 11:39:39  Informational ,  SignInSignOut.aspx.cs   User IP: ::1
2016-01-12 @ 11:39:39  Informational ,  signinsignout.aspx.cs   dynamic url: http://api.ipinfodb.com/v3/ip-country/?key=989f1374dc528a8ea159064430a19d2e0756c05b46f6943a75b03257ce8b88a2&ip=::1&format=xml
2016-01-12 @ 11:39:39  Informational ,  signinsignout.aspx.cs   response: System.Net.HttpWebResponse
2016-01-12 @ 11:39:39  Informational ,  signinsignout.aspx.cs   responsedata: <?xml version="1.0" encoding="UTF-8"?>
<Response>
	<statusCode>OK</statusCode>
	<statusMessage></statusMessage>
	<ipAddress>::1</ipAddress>
	<countryCode>-</countryCode>
	<countryName>-</countryName>
</Response>
2016-01-12 @ 11:39:39  FATAL ERROR   , Thread was being aborted. SignInSignOut.cs Page_Load     at System.Threading.Thread.AbortInternal()
   at System.Threading.Thread.Abort(Object stateInfo)
   at System.Web.HttpResponse.AbortCurrentThread()
   at System.Web.HttpResponse.End()
   at System.Web.HttpResponse.Redirect(String url, Boolean endResponse, Boolean permanent)
   at System.Web.HttpResponse.Redirect(String url)
   at HRMS.Orbitweb.SignInSignOut.Page_Load(Object sender, EventArgs e) in d:\mahesh .F\VB\src\HRMS.WebSite\Orbitweb\SignInSignOut.aspx.cs:line 117
2016-01-12 @ 11:40:17  Informational ,  SignInSignOut.aspx.cs   User IP: ::1
2016-01-12 @ 11:40:17  Informational ,  signinsignout.aspx.cs   dynamic url: http://api.ipinfodb.com/v3/ip-country/?key=989f1374dc528a8ea159064430a19d2e0756c05b46f6943a75b03257ce8b88a2&ip=::1&format=xml
2016-01-12 @ 11:40:17  Informational ,  signinsignout.aspx.cs   response: System.Net.HttpWebResponse
2016-01-12 @ 11:40:17  Informational ,  signinsignout.aspx.cs   responsedata: <?xml version="1.0" encoding="UTF-8"?>
<Response>
	<statusCode>OK</statusCode>
	<statusMessage></statusMessage>
	<ipAddress>::1</ipAddress>
	<countryCode>-</countryCode>
	<countryName>-</countryName>
</Response>
2016-01-12 @ 11:40:17  FATAL ERROR   , Thread was being aborted. SignInSignOut.cs Page_Load     at System.Threading.Thread.AbortInternal()
   at System.Threading.Thread.Abort(Object stateInfo)
   at System.Web.HttpResponse.AbortCurrentThread()
   at System.Web.HttpResponse.End()
   at System.Web.HttpResponse.Redirect(String url, Boolean endResponse, Boolean permanent)
   at System.Web.HttpResponse.Redirect(String url)
   at HRMS.Orbitweb.SignInSignOut.Page_Load(Object sender, EventArgs e) in d:\mahesh .F\VB\src\HRMS.WebSite\Orbitweb\SignInSignOut.aspx.cs:line 117
2016-01-12 @ 11:45:09  Informational ,  SignInSignOut.aspx.cs   User IP: ::1
2016-01-12 @ 11:45:09  Informational ,  signinsignout.aspx.cs   dynamic url: http://api.ipinfodb.com/v3/ip-country/?key=989f1374dc528a8ea159064430a19d2e0756c05b46f6943a75b03257ce8b88a2&ip=::1&format=xml
2016-01-12 @ 11:45:10  Informational ,  signinsignout.aspx.cs   response: System.Net.HttpWebResponse
2016-01-12 @ 11:45:10  Informational ,  signinsignout.aspx.cs   responsedata: <?xml version="1.0" encoding="UTF-8"?>
<Response>
	<statusCode>OK</statusCode>
	<statusMessage></statusMessage>
	<ipAddress>::1</ipAddress>
	<countryCode>-</countryCode>
	<countryName>-</countryName>
</Response>
2016-01-12 @ 11:45:10  FATAL ERROR   , Thread was being aborted. SignInSignOut.cs Page_Load     at System.Threading.Thread.AbortInternal()
   at System.Threading.Thread.Abort(Object stateInfo)
   at System.Web.HttpResponse.AbortCurrentThread()
   at System.Web.HttpResponse.End()
   at System.Web.HttpResponse.Redirect(String url, Boolean endResponse, Boolean permanent)
   at System.Web.HttpResponse.Redirect(String url)
   at HRMS.Orbitweb.SignInSignOut.Page_Load(Object sender, EventArgs e) in d:\mahesh .F\VB\src\HRMS.WebSite\Orbitweb\SignInSignOut.aspx.cs:line 117
2016-01-12 @ 11:46:14  Informational ,  SignInSignOut.aspx.cs   User IP: ::1
2016-01-12 @ 11:46:14  Informational ,  signinsignout.aspx.cs   dynamic url: http://api.ipinfodb.com/v3/ip-country/?key=989f1374dc528a8ea159064430a19d2e0756c05b46f6943a75b03257ce8b88a2&ip=::1&format=xml
2016-01-12 @ 11:46:14  Informational ,  signinsignout.aspx.cs   response: System.Net.HttpWebResponse
2016-01-12 @ 11:46:14  Informational ,  signinsignout.aspx.cs   responsedata: <?xml version="1.0" encoding="UTF-8"?>
<Response>
	<statusCode>OK</statusCode>
	<statusMessage></statusMessage>
	<ipAddress>::1</ipAddress>
	<countryCode>-</countryCode>
	<countryName>-</countryName>
</Response>
2016-01-12 @ 11:46:14  FATAL ERROR   , Thread was being aborted. SignInSignOut.cs Page_Load     at System.Threading.Thread.AbortInternal()
   at System.Threading.Thread.Abort(Object stateInfo)
   at System.Web.HttpResponse.AbortCurrentThread()
   at System.Web.HttpResponse.End()
   at System.Web.HttpResponse.Redirect(String url, Boolean endResponse, Boolean permanent)
   at System.Web.HttpResponse.Redirect(String url)
   at HRMS.Orbitweb.SignInSignOut.Page_Load(Object sender, EventArgs e) in d:\mahesh .F\VB\src\HRMS.WebSite\Orbitweb\SignInSignOut.aspx.cs:line 117

2016-01-12 @ 11:57:24  Informational , App start Global.asax App_Start  
2016-01-12 @ 11:57:29  Informational , App start finished Global.asax App_Start  
2016-01-12 @ 11:57:41  Informational ,  SignInSignOut.aspx.cs   User IP: ::1
2016-01-12 @ 11:57:41  Informational ,  signinsignout.aspx.cs   dynamic url: http://api.ipinfodb.com/v3/ip-country/?key=989f1374dc528a8ea159064430a19d2e0756c05b46f6943a75b03257ce8b88a2&ip=::1&format=xml
2016-01-12 @ 11:57:42  Informational ,  signinsignout.aspx.cs   response: System.Net.HttpWebResponse
2016-01-12 @ 11:57:42  Informational ,  signinsignout.aspx.cs   responsedata: <?xml version="1.0" encoding="UTF-8"?>
<Response>
	<statusCode>OK</statusCode>
	<statusMessage></statusMessage>
	<ipAddress>::1</ipAddress>
	<countryCode>-</countryCode>
	<countryName>-</countryName>
</Response>
2016-01-12 @ 11:57:42  FATAL ERROR   , Thread was being aborted. SignInSignOut.cs Page_Load     at System.Threading.Thread.AbortInternal()
   at System.Threading.Thread.Abort(Object stateInfo)
   at System.Web.HttpResponse.AbortCurrentThread()
   at System.Web.HttpResponse.End()
   at System.Web.HttpResponse.Redirect(String url, Boolean endResponse, Boolean permanent)
   at System.Web.HttpResponse.Redirect(String url)
   at HRMS.Orbitweb.SignInSignOut.Page_Load(Object sender, EventArgs e) in d:\mahesh .F\VB\src\HRMS.WebSite\Orbitweb\SignInSignOut.aspx.cs:line 117
2016-01-12 @ 12:00:25  Informational ,  SignInSignOut.aspx.cs   User IP: ::1
2016-01-12 @ 12:00:25  Informational ,  signinsignout.aspx.cs   dynamic url: http://api.ipinfodb.com/v3/ip-country/?key=989f1374dc528a8ea159064430a19d2e0756c05b46f6943a75b03257ce8b88a2&ip=::1&format=xml
2016-01-12 @ 12:00:26  Informational ,  signinsignout.aspx.cs   response: System.Net.HttpWebResponse
2016-01-12 @ 12:00:26  Informational ,  signinsignout.aspx.cs   responsedata: <?xml version="1.0" encoding="UTF-8"?>
<Response>
	<statusCode>OK</statusCode>
	<statusMessage></statusMessage>
	<ipAddress>::1</ipAddress>
	<countryCode>-</countryCode>
	<countryName>-</countryName>
</Response>
2016-01-12 @ 12:00:26  FATAL ERROR   , Thread was being aborted. SignInSignOut.cs Page_Load     at System.Threading.Thread.AbortInternal()
   at System.Threading.Thread.Abort(Object stateInfo)
   at System.Web.HttpResponse.AbortCurrentThread()
   at System.Web.HttpResponse.End()
   at System.Web.HttpResponse.Redirect(String url, Boolean endResponse, Boolean permanent)
   at System.Web.HttpResponse.Redirect(String url)
   at HRMS.Orbitweb.SignInSignOut.Page_Load(Object sender, EventArgs e) in d:\mahesh .F\VB\src\HRMS.WebSite\Orbitweb\SignInSignOut.aspx.cs:line 117

2016-01-12 @ 15:27:24  Informational , App start Global.asax App_Start  
2016-01-12 @ 15:27:42  Informational , App start finished Global.asax App_Start  
2016-01-12 @ 15:29:21  Informational ,  SignInSignOut.aspx.cs   User IP: ::1
2016-01-12 @ 15:29:21  Informational ,  signinsignout.aspx.cs   dynamic url: http://api.ipinfodb.com/v3/ip-country/?key=989f1374dc528a8ea159064430a19d2e0756c05b46f6943a75b03257ce8b88a2&ip=::1&format=xml
2016-01-12 @ 15:29:23  Informational ,  signinsignout.aspx.cs   response: System.Net.HttpWebResponse
2016-01-12 @ 15:29:23  Informational ,  signinsignout.aspx.cs   responsedata: <?xml version="1.0" encoding="UTF-8"?>
<Response>
	<statusCode>OK</statusCode>
	<statusMessage></statusMessage>
	<ipAddress>::1</ipAddress>
	<countryCode>-</countryCode>
	<countryName>-</countryName>
</Response>
2016-01-12 @ 15:29:23  FATAL ERROR   , Thread was being aborted. SignInSignOut.cs Page_Load     at System.Threading.Thread.AbortInternal()
   at System.Threading.Thread.Abort(Object stateInfo)
   at System.Web.HttpResponse.AbortCurrentThread()
   at System.Web.HttpResponse.End()
   at System.Web.HttpResponse.Redirect(String url, Boolean endResponse, Boolean permanent)
   at System.Web.HttpResponse.Redirect(String url)
   at HRMS.Orbitweb.SignInSignOut.Page_Load(Object sender, EventArgs e) in d:\mahesh .F\VB\src\HRMS.WebSite\Orbitweb\SignInSignOut.aspx.cs:line 117
2016-01-12 @ 15:30:34  Informational ,  SignInSignOut.aspx.cs   User IP: ::1
2016-01-12 @ 15:30:34  Informational ,  signinsignout.aspx.cs   dynamic url: http://api.ipinfodb.com/v3/ip-country/?key=989f1374dc528a8ea159064430a19d2e0756c05b46f6943a75b03257ce8b88a2&ip=::1&format=xml
2016-01-12 @ 15:30:34  Informational ,  signinsignout.aspx.cs   response: System.Net.HttpWebResponse
2016-01-12 @ 15:30:34  Informational ,  signinsignout.aspx.cs   responsedata: <?xml version="1.0" encoding="UTF-8"?>
<Response>
	<statusCode>OK</statusCode>
	<statusMessage></statusMessage>
	<ipAddress>::1</ipAddress>
	<countryCode>-</countryCode>
	<countryName>-</countryName>
</Response>
2016-01-12 @ 15:30:34  FATAL ERROR   , Thread was being aborted. SignInSignOut.cs Page_Load     at System.Threading.Thread.AbortInternal()
   at System.Threading.Thread.Abort(Object stateInfo)
   at System.Web.HttpResponse.AbortCurrentThread()
   at System.Web.HttpResponse.End()
   at System.Web.HttpResponse.Redirect(String url, Boolean endResponse, Boolean permanent)
   at System.Web.HttpResponse.Redirect(String url)
   at HRMS.Orbitweb.SignInSignOut.Page_Load(Object sender, EventArgs e) in d:\mahesh .F\VB\src\HRMS.WebSite\Orbitweb\SignInSignOut.aspx.cs:line 117

2016-01-12 @ 16:34:14  Informational , App start Global.asax App_Start  
2016-01-12 @ 16:34:16  Informational , App start finished Global.asax App_Start  

2016-01-12 @ 17:01:52  Informational , App start Global.asax App_Start  
2016-01-12 @ 17:01:59  Informational , App start finished Global.asax App_Start  
2016-01-12 @ 17:02:33  Informational ,  SignInSignOut.aspx.cs   User IP: ::1
2016-01-12 @ 17:02:33  Informational ,  signinsignout.aspx.cs   dynamic url: http://api.ipinfodb.com/v3/ip-country/?key=989f1374dc528a8ea159064430a19d2e0756c05b46f6943a75b03257ce8b88a2&ip=::1&format=xml
2016-01-12 @ 17:02:34  Informational ,  signinsignout.aspx.cs   response: System.Net.HttpWebResponse
2016-01-12 @ 17:02:34  Informational ,  signinsignout.aspx.cs   responsedata: <?xml version="1.0" encoding="UTF-8"?>
<Response>
	<statusCode>OK</statusCode>
	<statusMessage></statusMessage>
	<ipAddress>::1</ipAddress>
	<countryCode>-</countryCode>
	<countryName>-</countryName>
</Response>
2016-01-12 @ 17:02:35  FATAL ERROR   , Thread was being aborted. SignInSignOut.cs Page_Load     at System.Threading.Thread.AbortInternal()
   at System.Threading.Thread.Abort(Object stateInfo)
   at System.Web.HttpResponse.AbortCurrentThread()
   at System.Web.HttpResponse.End()
   at System.Web.HttpResponse.Redirect(String url, Boolean endResponse, Boolean permanent)
   at System.Web.HttpResponse.Redirect(String url)
   at HRMS.Orbitweb.SignInSignOut.Page_Load(Object sender, EventArgs e) in d:\mahesh .F\VB\src\HRMS.WebSite\Orbitweb\SignInSignOut.aspx.cs:line 117
