
2016-05-16 @ 11:07:14  Informational , App start Global.asax App_Start  
2016-05-16 @ 11:08:24  Informational , App start finished Global.asax App_Start  

2016-05-16 @ 12:49:07  Informational , App start Global.asax App_Start  
2016-05-16 @ 12:49:15  Informational , App start finished Global.asax App_Start  

2016-05-16 @ 12:51:48  Informational , App start Global.asax App_Start  
2016-05-16 @ 12:51:50  Informational , App start finished Global.asax App_Start  

2016-05-16 @ 12:53:55  Informational , App start Global.asax App_Start  
2016-05-16 @ 12:53:57  Informational , App start finished Global.asax App_Start  

2016-05-16 @ 12:58:47  Informational , App start Global.asax App_Start  
2016-05-16 @ 12:58:50  Informational , App start finished Global.asax App_Start  

2016-05-16 @ 14:07:48  Informational , App start Global.asax App_Start  
2016-05-16 @ 14:07:57  Informational , App start finished Global.asax App_Start  

2016-05-16 @ 14:12:51  Informational , App start Global.asax App_Start  

2016-05-16 @ 14:14:03  Informational , App start Global.asax App_Start  
2016-05-16 @ 14:14:04  Informational , App start finished Global.asax App_Start  
2016-05-16 @ 14:14:14  FATAL ERROR   , App Error Global.asax App_Error  System.Web.HttpException (0x80004005): The controller for path '/H' was not found or does not implement IController.
   at System.Web.Mvc.DefaultControllerFactory.GetControllerInstance(RequestContext requestContext, Type controllerType)
   at System.Web.Mvc.DefaultControllerFactory.CreateController(RequestContext requestContext, String controllerName)
   at System.Web.Mvc.MvcHandler.ProcessRequestInit(HttpContextBase httpContext, IController& controller, IControllerFactory& factory)
   at System.Web.Mvc.MvcHandler.BeginProcessRequest(HttpContextBase httpContext, AsyncCallback callback, Object state)
   at System.Web.Mvc.MvcHandler.BeginProcessRequest(HttpContext httpContext, AsyncCallback callback, Object state)
   at System.Web.Mvc.MvcHandler.System.Web.IHttpAsyncHandler.BeginProcessRequest(HttpContext context, AsyncCallback cb, Object extraData)
   at System.Web.HttpApplication.CallHandlerExecutionStep.System.Web.HttpApplication.IExecutionStep.Execute()
   at System.Web.HttpApplication.ExecuteStep(IExecutionStep step, Boolean& completedSynchronously)
2016-05-16 @ 14:14:14  FATAL ERROR   , App Error Global.asax App_Error  ---------Error Block End---------

2016-05-16 @ 14:23:25  Informational , App start Global.asax App_Start  
2016-05-16 @ 14:23:27  Informational , App start finished Global.asax App_Start  

2016-05-16 @ 14:28:03  Informational , App start Global.asax App_Start  
2016-05-16 @ 14:28:05  Informational , App start finished Global.asax App_Start  

2016-05-16 @ 14:35:57  Informational , App start Global.asax App_Start  
2016-05-16 @ 14:35:59  Informational , App start finished Global.asax App_Start  

2016-05-16 @ 14:54:16  Informational , App start Global.asax App_Start  
2016-05-16 @ 14:54:18  Informational , App start finished Global.asax App_Start  

2016-05-16 @ 16:08:33  Informational , App start Global.asax App_Start  
2016-05-16 @ 16:08:39  Informational , App start finished Global.asax App_Start  
2016-05-16 @ 16:09:11  Informational ,  SignInSignOut.aspx.cs   User IP: ::1
2016-05-16 @ 16:09:59  Informational ,  SignInSignOut.aspx.cs   User IP: ::1
2016-05-16 @ 16:14:39  Informational ,  SignInSignOut.aspx.cs   User IP: ::1
2016-05-16 @ 16:20:59  Informational ,  SignInSignOut.aspx.cs   User IP: ::1
2016-05-16 @ 17:03:44  Informational ,  SignInSignOut.aspx.cs   User IP: ::1
2016-05-16 @ 17:04:17  Informational ,  SignInSignOut.aspx.cs   User IP: ::1
2016-05-16 @ 17:09:29  Informational ,  SignInSignOut.aspx.cs   User IP: ::1
2016-05-16 @ 17:11:11  Informational ,  SignInSignOut.aspx.cs   User IP: ::1
2016-05-16 @ 17:11:26  Informational ,  SignInSignOut.aspx.cs   User IP: ::1

2016-05-16 @ 17:43:16  Informational , App start Global.asax App_Start  
2016-05-16 @ 17:43:19  Informational , App start finished Global.asax App_Start  
2016-05-16 @ 17:43:52  Informational ,  SignInSignOut.aspx.cs   User IP: ::1

2016-05-16 @ 17:47:12  Informational , App start Global.asax App_Start  
2016-05-16 @ 17:47:13  Informational , App start finished Global.asax App_Start  
2016-05-16 @ 17:47:48  Informational ,  SignInSignOut.aspx.cs   User IP: ::1
2016-05-16 @ 18:48:14  Informational ,  SignInSignOut.aspx.cs   User IP: ::1

2016-05-16 @ 18:58:45  Informational , App start Global.asax App_Start  
2016-05-16 @ 18:58:50  Informational , App start finished Global.asax App_Start  
2016-05-16 @ 18:59:47  Informational ,  SignInSignOut.aspx.cs   User IP: ::1
