
2016-02-03 @ 15:22:50  Informational , App start Global.asax App_Start  
2016-02-03 @ 15:22:56  Informational , App start finished Global.asax App_Start  
2016-02-03 @ 15:22:58  FATAL ERROR   , Thread was being aborted. HolidayList.cs Page_Load     at System.Threading.Thread.AbortInternal()
   at System.Threading.Thread.Abort(Object stateInfo)
   at System.Web.HttpResponse.AbortCurrentThread()
   at System.Web.HttpResponse.End()
   at System.Web.HttpResponse.Redirect(String url, Boolean endResponse, Boolean permanent)
   at System.Web.HttpResponse.Redirect(String url)
   at HRMS.HRMSPageLevelAccess.PageLevelAccess(String PageName) in d:\rahul\New folder\src\HRMS.WebSite\common\HRMSPageLevelAccess.cs:line 54
   at HRMS.Orbitweb.HolidayList.Page_Load(Object sender, EventArgs e) in d:\rahul\New folder\src\HRMS.WebSite\Orbitweb\HolidayList.aspx.cs:line 33
2016-02-03 @ 15:23:16  Informational ,  SignInSignOut.aspx.cs   User IP: ::1
2016-02-03 @ 15:23:16  Informational ,  signinsignout.aspx.cs   dynamic url: http://api.ipinfodb.com/v3/ip-country/?key=989f1374dc528a8ea159064430a19d2e0756c05b46f6943a75b03257ce8b88a2&ip=::1&format=xml
2016-02-03 @ 15:23:17  Informational ,  signinsignout.aspx.cs   response: System.Net.HttpWebResponse
2016-02-03 @ 15:23:17  Informational ,  signinsignout.aspx.cs   responsedata: <?xml version="1.0" encoding="UTF-8"?>
<Response>
	<statusCode>OK</statusCode>
	<statusMessage></statusMessage>
	<ipAddress>::1</ipAddress>
	<countryCode>-</countryCode>
	<countryName>-</countryName>
</Response>
2016-02-03 @ 15:23:17  FATAL ERROR   , Thread was being aborted. SignInSignOut.cs Page_Load     at System.Threading.Thread.AbortInternal()
   at System.Threading.Thread.Abort(Object stateInfo)
   at System.Web.HttpResponse.AbortCurrentThread()
   at System.Web.HttpResponse.End()
   at System.Web.HttpResponse.Redirect(String url, Boolean endResponse, Boolean permanent)
   at System.Web.HttpResponse.Redirect(String url)
   at HRMS.Orbitweb.SignInSignOut.Page_Load(Object sender, EventArgs e) in d:\rahul\New folder\src\HRMS.WebSite\Orbitweb\SignInSignOut.aspx.cs:line 145

2016-02-03 @ 15:25:37  Informational , App start Global.asax App_Start  
2016-02-03 @ 15:25:40  Informational , App start finished Global.asax App_Start  
2016-02-03 @ 15:25:58  Informational ,  SignInSignOut.aspx.cs   User IP: ::1
2016-02-03 @ 15:25:58  Informational ,  signinsignout.aspx.cs   dynamic url: http://api.ipinfodb.com/v3/ip-country/?key=989f1374dc528a8ea159064430a19d2e0756c05b46f6943a75b03257ce8b88a2&ip=::1&format=xml
2016-02-03 @ 15:25:59  Informational ,  signinsignout.aspx.cs   response: System.Net.HttpWebResponse
2016-02-03 @ 15:25:59  Informational ,  signinsignout.aspx.cs   responsedata: <?xml version="1.0" encoding="UTF-8"?>
<Response>
	<statusCode>OK</statusCode>
	<statusMessage></statusMessage>
	<ipAddress>::1</ipAddress>
	<countryCode>-</countryCode>
	<countryName>-</countryName>
</Response>
2016-02-03 @ 15:25:59  FATAL ERROR   , Thread was being aborted. SignInSignOut.cs Page_Load     at System.Threading.Thread.AbortInternal()
   at System.Threading.Thread.Abort(Object stateInfo)
   at System.Web.HttpResponse.AbortCurrentThread()
   at System.Web.HttpResponse.End()
   at System.Web.HttpResponse.Redirect(String url, Boolean endResponse, Boolean permanent)
   at System.Web.HttpResponse.Redirect(String url)
   at HRMS.Orbitweb.SignInSignOut.Page_Load(Object sender, EventArgs e) in d:\rahul\New folder\src\HRMS.WebSite\Orbitweb\SignInSignOut.aspx.cs:line 145

2016-02-03 @ 15:28:16  Informational , App start Global.asax App_Start  
2016-02-03 @ 15:28:18  Informational , App start finished Global.asax App_Start  
2016-02-03 @ 15:28:35  Informational ,  SignInSignOut.aspx.cs   User IP: ::1
2016-02-03 @ 15:28:35  Informational ,  signinsignout.aspx.cs   dynamic url: http://api.ipinfodb.com/v3/ip-country/?key=989f1374dc528a8ea159064430a19d2e0756c05b46f6943a75b03257ce8b88a2&ip=::1&format=xml
2016-02-03 @ 15:28:36  Informational ,  signinsignout.aspx.cs   response: System.Net.HttpWebResponse
2016-02-03 @ 15:28:36  Informational ,  signinsignout.aspx.cs   responsedata: <?xml version="1.0" encoding="UTF-8"?>
<Response>
	<statusCode>OK</statusCode>
	<statusMessage></statusMessage>
	<ipAddress>::1</ipAddress>
	<countryCode>-</countryCode>
	<countryName>-</countryName>
</Response>
2016-02-03 @ 15:28:36  FATAL ERROR   , Thread was being aborted. SignInSignOut.cs Page_Load     at System.Threading.Thread.AbortInternal()
   at System.Threading.Thread.Abort(Object stateInfo)
   at System.Web.HttpResponse.AbortCurrentThread()
   at System.Web.HttpResponse.End()
   at System.Web.HttpResponse.Redirect(String url, Boolean endResponse, Boolean permanent)
   at System.Web.HttpResponse.Redirect(String url)
   at HRMS.Orbitweb.SignInSignOut.Page_Load(Object sender, EventArgs e) in d:\rahul\New folder\src\HRMS.WebSite\Orbitweb\SignInSignOut.aspx.cs:line 145

2016-02-03 @ 19:02:04  Informational , App start Global.asax App_Start  
2016-02-03 @ 19:02:12  Informational , App start finished Global.asax App_Start  
2016-02-03 @ 19:03:21  Informational ,  SignInSignOut.aspx.cs   User IP: ::1
2016-02-03 @ 19:03:21  Informational ,  signinsignout.aspx.cs   dynamic url: http://api.ipinfodb.com/v3/ip-country/?key=989f1374dc528a8ea159064430a19d2e0756c05b46f6943a75b03257ce8b88a2&ip=::1&format=xml
2016-02-03 @ 19:03:23  Informational ,  signinsignout.aspx.cs   response: System.Net.HttpWebResponse
2016-02-03 @ 19:03:23  Informational ,  signinsignout.aspx.cs   responsedata: <?xml version="1.0" encoding="UTF-8"?>
<Response>
	<statusCode>OK</statusCode>
	<statusMessage></statusMessage>
	<ipAddress>::1</ipAddress>
	<countryCode>-</countryCode>
	<countryName>-</countryName>
</Response>
2016-02-03 @ 19:03:23  FATAL ERROR   , Thread was being aborted. SignInSignOut.cs Page_Load     at System.Threading.Thread.AbortInternal()
   at System.Threading.Thread.Abort(Object stateInfo)
   at System.Web.HttpResponse.AbortCurrentThread()
   at System.Web.HttpResponse.End()
   at System.Web.HttpResponse.Redirect(String url, Boolean endResponse, Boolean permanent)
   at System.Web.HttpResponse.Redirect(String url)
   at HRMS.Orbitweb.SignInSignOut.Page_Load(Object sender, EventArgs e) in d:\rahul\New folder\src\HRMS.WebSite\Orbitweb\SignInSignOut.aspx.cs:line 145
