
2016-01-20 @ 12:14:38  Informational , App start Global.asax App_Start  
2016-01-20 @ 12:14:41  Informational , App start finished Global.asax App_Start  
2016-01-20 @ 12:19:24  Informational ,  SignInSignOut.aspx.cs   User IP: ::1
2016-01-20 @ 12:19:49  Informational ,  signinsignout.aspx.cs   dynamic url: http://api.ipinfodb.com/v3/ip-country/?key=989f1374dc528a8ea159064430a19d2e0756c05b46f6943a75b03257ce8b88a2&ip=::1&format=xml
2016-01-20 @ 12:20:18  Informational ,  signinsignout.aspx.cs   response: System.Net.HttpWebResponse
2016-01-20 @ 12:20:34  Informational ,  signinsignout.aspx.cs   responsedata: <?xml version="1.0" encoding="UTF-8"?>
<Response>
	<statusCode>OK</statusCode>
	<statusMessage></statusMessage>
	<ipAddress>::1</ipAddress>
	<countryCode>-</countryCode>
	<countryName>-</countryName>
</Response>
2016-01-20 @ 12:20:59  FATAL ERROR   , Thread was being aborted. SignInSignOut.cs Page_Load     at System.Threading.Thread.AbortInternal()
   at System.Threading.Thread.Abort(Object stateInfo)
   at System.Web.HttpResponse.AbortCurrentThread()
   at System.Web.HttpResponse.End()
   at System.Web.HttpResponse.Redirect(String url, Boolean endResponse, Boolean permanent)
   at System.Web.HttpResponse.Redirect(String url)
   at HRMS.Orbitweb.SignInSignOut.Page_Load(Object sender, EventArgs e) in d:\mahesh .F\VB\src\HRMS.WebSite\Orbitweb\SignInSignOut.aspx.cs:line 117

2016-01-20 @ 12:26:33  Informational , App start Global.asax App_Start  
2016-01-20 @ 12:26:35  Informational , App start finished Global.asax App_Start  
2016-01-20 @ 12:27:16  Informational ,  SignInSignOut.aspx.cs   User IP: ::1
2016-01-20 @ 12:27:16  Informational ,  signinsignout.aspx.cs   dynamic url: http://api.ipinfodb.com/v3/ip-country/?key=989f1374dc528a8ea159064430a19d2e0756c05b46f6943a75b03257ce8b88a2&ip=::1&format=xml
2016-01-20 @ 12:27:17  Informational ,  signinsignout.aspx.cs   response: System.Net.HttpWebResponse
2016-01-20 @ 12:27:17  Informational ,  signinsignout.aspx.cs   responsedata: <?xml version="1.0" encoding="UTF-8"?>
<Response>
	<statusCode>OK</statusCode>
	<statusMessage></statusMessage>
	<ipAddress>::1</ipAddress>
	<countryCode>-</countryCode>
	<countryName>-</countryName>
</Response>
2016-01-20 @ 12:27:17  FATAL ERROR   , Thread was being aborted. SignInSignOut.cs Page_Load     at System.Threading.Thread.AbortInternal()
   at System.Threading.Thread.Abort(Object stateInfo)
   at System.Web.HttpResponse.AbortCurrentThread()
   at System.Web.HttpResponse.End()
   at System.Web.HttpResponse.Redirect(String url, Boolean endResponse, Boolean permanent)
   at System.Web.HttpResponse.Redirect(String url)
   at HRMS.Orbitweb.SignInSignOut.Page_Load(Object sender, EventArgs e) in d:\mahesh .F\VB\src\HRMS.WebSite\Orbitweb\SignInSignOut.aspx.cs:line 117

2016-01-20 @ 12:35:58  Informational , App start Global.asax App_Start  
2016-01-20 @ 12:36:00  Informational , App start finished Global.asax App_Start  
2016-01-20 @ 12:36:26  Informational ,  SignInSignOut.aspx.cs   User IP: ::1
2016-01-20 @ 12:36:26  Informational ,  signinsignout.aspx.cs   dynamic url: http://api.ipinfodb.com/v3/ip-country/?key=989f1374dc528a8ea159064430a19d2e0756c05b46f6943a75b03257ce8b88a2&ip=::1&format=xml
2016-01-20 @ 12:36:27  Informational ,  signinsignout.aspx.cs   response: System.Net.HttpWebResponse
2016-01-20 @ 12:36:27  Informational ,  signinsignout.aspx.cs   responsedata: <?xml version="1.0" encoding="UTF-8"?>
<Response>
	<statusCode>OK</statusCode>
	<statusMessage></statusMessage>
	<ipAddress>::1</ipAddress>
	<countryCode>-</countryCode>
	<countryName>-</countryName>
</Response>
2016-01-20 @ 12:36:27  FATAL ERROR   , Thread was being aborted. SignInSignOut.cs Page_Load     at System.Threading.Thread.AbortInternal()
   at System.Threading.Thread.Abort(Object stateInfo)
   at System.Web.HttpResponse.AbortCurrentThread()
   at System.Web.HttpResponse.End()
   at System.Web.HttpResponse.Redirect(String url, Boolean endResponse, Boolean permanent)
   at System.Web.HttpResponse.Redirect(String url)
   at HRMS.Orbitweb.SignInSignOut.Page_Load(Object sender, EventArgs e) in d:\mahesh .F\VB\src\HRMS.WebSite\Orbitweb\SignInSignOut.aspx.cs:line 117

2016-01-20 @ 14:24:36  Informational , App start Global.asax App_Start  
2016-01-20 @ 14:24:40  Informational , App start finished Global.asax App_Start  
2016-01-20 @ 14:25:50  Informational ,  SignInSignOut.aspx.cs   User IP: ::1
2016-01-20 @ 14:25:50  Informational ,  signinsignout.aspx.cs   dynamic url: http://api.ipinfodb.com/v3/ip-country/?key=989f1374dc528a8ea159064430a19d2e0756c05b46f6943a75b03257ce8b88a2&ip=::1&format=xml
2016-01-20 @ 14:25:50  FATAL ERROR   , The remote name could not be resolved: 'api.ipinfodb.com' SignInSignOut.cs Page_Load     at System.Net.HttpWebRequest.GetResponse()
   at HRMS.Orbitweb.SignInSignOut.Page_Load(Object sender, EventArgs e) in d:\mahesh .F\VB\src\HRMS.WebSite\Orbitweb\SignInSignOut.aspx.cs:line 94

2016-01-20 @ 14:33:42  Informational , App start Global.asax App_Start  
2016-01-20 @ 14:33:45  Informational , App start finished Global.asax App_Start  
2016-01-20 @ 14:34:59  Informational ,  SignInSignOut.aspx.cs   User IP: ::1
2016-01-20 @ 14:34:59  Informational ,  signinsignout.aspx.cs   dynamic url: http://api.ipinfodb.com/v3/ip-country/?key=989f1374dc528a8ea159064430a19d2e0756c05b46f6943a75b03257ce8b88a2&ip=::1&format=xml
2016-01-20 @ 14:34:59  Informational ,  signinsignout.aspx.cs   response: System.Net.HttpWebResponse
2016-01-20 @ 14:34:59  Informational ,  signinsignout.aspx.cs   responsedata: <?xml version="1.0" encoding="UTF-8"?>
<Response>
	<statusCode>OK</statusCode>
	<statusMessage></statusMessage>
	<ipAddress>::1</ipAddress>
	<countryCode>-</countryCode>
	<countryName>-</countryName>
</Response>
2016-01-20 @ 14:34:59  FATAL ERROR   , Thread was being aborted. SignInSignOut.cs Page_Load     at System.Threading.Thread.AbortInternal()
   at System.Threading.Thread.Abort(Object stateInfo)
   at System.Web.HttpResponse.AbortCurrentThread()
   at System.Web.HttpResponse.End()
   at System.Web.HttpResponse.Redirect(String url, Boolean endResponse, Boolean permanent)
   at System.Web.HttpResponse.Redirect(String url)
   at HRMS.Orbitweb.SignInSignOut.Page_Load(Object sender, EventArgs e) in d:\mahesh .F\VB\src\HRMS.WebSite\Orbitweb\SignInSignOut.aspx.cs:line 117

2016-01-20 @ 14:40:15  Informational , App start Global.asax App_Start  
2016-01-20 @ 14:40:17  Informational , App start finished Global.asax App_Start  

2016-01-20 @ 15:23:51  Informational , App start Global.asax App_Start  
2016-01-20 @ 15:24:12  Informational , App start finished Global.asax App_Start  

2016-01-20 @ 15:24:32  Informational , App start Global.asax App_Start  
2016-01-20 @ 15:24:41  Informational , App start finished Global.asax App_Start  
2016-01-20 @ 15:24:42  FATAL ERROR   , App Error Global.asax App_Error  System.Web.HttpException (0x80004005): The controller for path '/__browserLink/requestData/563810604f9a43789a8e01b2eb1dc3d4' was not found or does not implement IController.
   at System.Web.Mvc.DefaultControllerFactory.GetControllerInstance(RequestContext requestContext, Type controllerType)
   at System.Web.Mvc.DefaultControllerFactory.CreateController(RequestContext requestContext, String controllerName)
   at System.Web.Mvc.MvcHandler.ProcessRequestInit(HttpContextBase httpContext, IController& controller, IControllerFactory& factory)
   at System.Web.Mvc.MvcHandler.BeginProcessRequest(HttpContextBase httpContext, AsyncCallback callback, Object state)
   at System.Web.Mvc.MvcHandler.BeginProcessRequest(HttpContext httpContext, AsyncCallback callback, Object state)
   at System.Web.Mvc.MvcHandler.System.Web.IHttpAsyncHandler.BeginProcessRequest(HttpContext context, AsyncCallback cb, Object extraData)
   at System.Web.HttpApplication.CallHandlerExecutionStep.System.Web.HttpApplication.IExecutionStep.Execute()
   at System.Web.HttpApplication.ExecuteStep(IExecutionStep step, Boolean& completedSynchronously)
2016-01-20 @ 15:24:42  FATAL ERROR   , App Error Global.asax App_Error  ---------Error Block End---------
2016-01-20 @ 15:25:06  Informational ,  SignInSignOut.aspx.cs   User IP: ::1
2016-01-20 @ 15:25:06  Informational ,  signinsignout.aspx.cs   dynamic url: http://api.ipinfodb.com/v3/ip-country/?key=989f1374dc528a8ea159064430a19d2e0756c05b46f6943a75b03257ce8b88a2&ip=::1&format=xml
2016-01-20 @ 15:25:08  Informational ,  signinsignout.aspx.cs   response: System.Net.HttpWebResponse
2016-01-20 @ 15:25:08  Informational ,  signinsignout.aspx.cs   responsedata: <?xml version="1.0" encoding="UTF-8"?>
<Response>
	<statusCode>OK</statusCode>
	<statusMessage></statusMessage>
	<ipAddress>::1</ipAddress>
	<countryCode>-</countryCode>
	<countryName>-</countryName>
</Response>
2016-01-20 @ 15:25:09  FATAL ERROR   , Thread was being aborted. SignInSignOut.cs Page_Load     at System.Threading.Thread.AbortInternal()
   at System.Threading.Thread.Abort(Object stateInfo)
   at System.Web.HttpResponse.AbortCurrentThread()
   at System.Web.HttpResponse.End()
   at System.Web.HttpResponse.Redirect(String url, Boolean endResponse, Boolean permanent)
   at System.Web.HttpResponse.Redirect(String url)
   at HRMS.Orbitweb.SignInSignOut.Page_Load(Object sender, EventArgs e) in d:\mahesh .F\VB\src\HRMS.WebSite\Orbitweb\SignInSignOut.aspx.cs:line 117

2016-01-20 @ 15:29:23  Informational , App start Global.asax App_Start  
2016-01-20 @ 15:29:31  Informational , App start finished Global.asax App_Start  
2016-01-20 @ 15:31:06  Informational ,  SignInSignOut.aspx.cs   User IP: ::1
2016-01-20 @ 15:31:06  Informational ,  signinsignout.aspx.cs   dynamic url: http://api.ipinfodb.com/v3/ip-country/?key=989f1374dc528a8ea159064430a19d2e0756c05b46f6943a75b03257ce8b88a2&ip=::1&format=xml
2016-01-20 @ 15:31:07  FATAL ERROR   , The remote name could not be resolved: 'api.ipinfodb.com' SignInSignOut.cs Page_Load     at System.Net.HttpWebRequest.GetResponse()
   at HRMS.Orbitweb.SignInSignOut.Page_Load(Object sender, EventArgs e) in d:\mahesh .F\VB\src\HRMS.WebSite\Orbitweb\SignInSignOut.aspx.cs:line 94

2016-01-20 @ 15:33:59  Informational , App start Global.asax App_Start  
2016-01-20 @ 15:34:05  Informational , App start finished Global.asax App_Start  
2016-01-20 @ 15:35:11  Informational ,  SignInSignOut.aspx.cs   User IP: ::1
2016-01-20 @ 15:35:11  Informational ,  signinsignout.aspx.cs   dynamic url: http://api.ipinfodb.com/v3/ip-country/?key=989f1374dc528a8ea159064430a19d2e0756c05b46f6943a75b03257ce8b88a2&ip=::1&format=xml
2016-01-20 @ 15:35:13  Informational ,  signinsignout.aspx.cs   response: System.Net.HttpWebResponse
2016-01-20 @ 15:35:13  Informational ,  signinsignout.aspx.cs   responsedata: <?xml version="1.0" encoding="UTF-8"?>
<Response>
	<statusCode>OK</statusCode>
	<statusMessage></statusMessage>
	<ipAddress>::1</ipAddress>
	<countryCode>-</countryCode>
	<countryName>-</countryName>
</Response>
2016-01-20 @ 15:35:14  FATAL ERROR   , Thread was being aborted. SignInSignOut.cs Page_Load     at System.Threading.Thread.AbortInternal()
   at System.Threading.Thread.Abort(Object stateInfo)
   at System.Web.HttpResponse.AbortCurrentThread()
   at System.Web.HttpResponse.End()
   at System.Web.HttpResponse.Redirect(String url, Boolean endResponse, Boolean permanent)
   at System.Web.HttpResponse.Redirect(String url)
   at HRMS.Orbitweb.SignInSignOut.Page_Load(Object sender, EventArgs e) in d:\mahesh .F\VB\src\HRMS.WebSite\Orbitweb\SignInSignOut.aspx.cs:line 117

2016-01-20 @ 15:56:35  Informational , App start Global.asax App_Start  
2016-01-20 @ 15:56:40  Informational , App start finished Global.asax App_Start  
2016-01-20 @ 15:57:41  Informational ,  SignInSignOut.aspx.cs   User IP: ::1
2016-01-20 @ 15:57:41  Informational ,  signinsignout.aspx.cs   dynamic url: http://api.ipinfodb.com/v3/ip-country/?key=989f1374dc528a8ea159064430a19d2e0756c05b46f6943a75b03257ce8b88a2&ip=::1&format=xml
2016-01-20 @ 15:57:42  Informational ,  signinsignout.aspx.cs   response: System.Net.HttpWebResponse
2016-01-20 @ 15:57:42  Informational ,  signinsignout.aspx.cs   responsedata: <?xml version="1.0" encoding="UTF-8"?>
<Response>
	<statusCode>OK</statusCode>
	<statusMessage></statusMessage>
	<ipAddress>::1</ipAddress>
	<countryCode>-</countryCode>
	<countryName>-</countryName>
</Response>
2016-01-20 @ 15:57:42  FATAL ERROR   , Thread was being aborted. SignInSignOut.cs Page_Load     at System.Threading.Thread.AbortInternal()
   at System.Threading.Thread.Abort(Object stateInfo)
   at System.Web.HttpResponse.AbortCurrentThread()
   at System.Web.HttpResponse.End()
   at System.Web.HttpResponse.Redirect(String url, Boolean endResponse, Boolean permanent)
   at System.Web.HttpResponse.Redirect(String url)
   at HRMS.Orbitweb.SignInSignOut.Page_Load(Object sender, EventArgs e) in d:\mahesh .F\VB\src\HRMS.WebSite\Orbitweb\SignInSignOut.aspx.cs:line 117

2016-01-20 @ 16:00:42  Informational , App start Global.asax App_Start  
2016-01-20 @ 16:00:45  Informational , App start finished Global.asax App_Start  
2016-01-20 @ 16:01:16  Informational ,  SignInSignOut.aspx.cs   User IP: ::1
2016-01-20 @ 16:01:16  Informational ,  signinsignout.aspx.cs   dynamic url: http://api.ipinfodb.com/v3/ip-country/?key=989f1374dc528a8ea159064430a19d2e0756c05b46f6943a75b03257ce8b88a2&ip=::1&format=xml
2016-01-20 @ 16:01:17  Informational ,  signinsignout.aspx.cs   response: System.Net.HttpWebResponse
2016-01-20 @ 16:01:17  Informational ,  signinsignout.aspx.cs   responsedata: <?xml version="1.0" encoding="UTF-8"?>
<Response>
	<statusCode>OK</statusCode>
	<statusMessage></statusMessage>
	<ipAddress>::1</ipAddress>
	<countryCode>-</countryCode>
	<countryName>-</countryName>
</Response>
2016-01-20 @ 16:01:17  FATAL ERROR   , Thread was being aborted. SignInSignOut.cs Page_Load     at System.Threading.Thread.AbortInternal()
   at System.Threading.Thread.Abort(Object stateInfo)
   at System.Web.HttpResponse.AbortCurrentThread()
   at System.Web.HttpResponse.End()
   at System.Web.HttpResponse.Redirect(String url, Boolean endResponse, Boolean permanent)
   at System.Web.HttpResponse.Redirect(String url)
   at HRMS.Orbitweb.SignInSignOut.Page_Load(Object sender, EventArgs e) in d:\mahesh .F\VB\src\HRMS.WebSite\Orbitweb\SignInSignOut.aspx.cs:line 117

2016-01-20 @ 17:58:18  Informational , App start Global.asax App_Start  
2016-01-20 @ 17:58:27  Informational , App start finished Global.asax App_Start  
2016-01-20 @ 17:59:18  Informational ,  SignInSignOut.aspx.cs   User IP: ::1
2016-01-20 @ 17:59:18  Informational ,  signinsignout.aspx.cs   dynamic url: http://api.ipinfodb.com/v3/ip-country/?key=989f1374dc528a8ea159064430a19d2e0756c05b46f6943a75b03257ce8b88a2&ip=::1&format=xml
2016-01-20 @ 17:59:19  Informational ,  signinsignout.aspx.cs   response: System.Net.HttpWebResponse
2016-01-20 @ 17:59:19  Informational ,  signinsignout.aspx.cs   responsedata: <?xml version="1.0" encoding="UTF-8"?>
<Response>
	<statusCode>OK</statusCode>
	<statusMessage></statusMessage>
	<ipAddress>::1</ipAddress>
	<countryCode>-</countryCode>
	<countryName>-</countryName>
</Response>
2016-01-20 @ 17:59:19  FATAL ERROR   , Thread was being aborted. SignInSignOut.cs Page_Load     at System.Threading.Thread.AbortInternal()
   at System.Threading.Thread.Abort(Object stateInfo)
   at System.Web.HttpResponse.AbortCurrentThread()
   at System.Web.HttpResponse.End()
   at System.Web.HttpResponse.Redirect(String url, Boolean endResponse, Boolean permanent)
   at System.Web.HttpResponse.Redirect(String url)
   at HRMS.Orbitweb.SignInSignOut.Page_Load(Object sender, EventArgs e) in d:\mahesh .F\VB\src\HRMS.WebSite\Orbitweb\SignInSignOut.aspx.cs:line 117

2016-01-20 @ 18:00:59  Informational , App start Global.asax App_Start  
2016-01-20 @ 18:01:06  Informational , App start finished Global.asax App_Start  
2016-01-20 @ 18:02:54  Informational ,  SignInSignOut.aspx.cs   User IP: ::1
2016-01-20 @ 18:02:54  Informational ,  signinsignout.aspx.cs   dynamic url: http://api.ipinfodb.com/v3/ip-country/?key=989f1374dc528a8ea159064430a19d2e0756c05b46f6943a75b03257ce8b88a2&ip=::1&format=xml
2016-01-20 @ 18:02:55  Informational ,  signinsignout.aspx.cs   response: System.Net.HttpWebResponse
2016-01-20 @ 18:02:55  Informational ,  signinsignout.aspx.cs   responsedata: <?xml version="1.0" encoding="UTF-8"?>
<Response>
	<statusCode>OK</statusCode>
	<statusMessage></statusMessage>
	<ipAddress>::1</ipAddress>
	<countryCode>-</countryCode>
	<countryName>-</countryName>
</Response>
2016-01-20 @ 18:02:55  FATAL ERROR   , Thread was being aborted. SignInSignOut.cs Page_Load     at System.Threading.Thread.AbortInternal()
   at System.Threading.Thread.Abort(Object stateInfo)
   at System.Web.HttpResponse.AbortCurrentThread()
   at System.Web.HttpResponse.End()
   at System.Web.HttpResponse.Redirect(String url, Boolean endResponse, Boolean permanent)
   at System.Web.HttpResponse.Redirect(String url)
   at HRMS.Orbitweb.SignInSignOut.Page_Load(Object sender, EventArgs e) in d:\mahesh .F\VB\src\HRMS.WebSite\Orbitweb\SignInSignOut.aspx.cs:line 117
2016-01-20 @ 18:24:26  Informational ,  SignInSignOut.aspx.cs   User IP: ::1
2016-01-20 @ 18:24:26  Informational ,  signinsignout.aspx.cs   dynamic url: http://api.ipinfodb.com/v3/ip-country/?key=989f1374dc528a8ea159064430a19d2e0756c05b46f6943a75b03257ce8b88a2&ip=::1&format=xml
2016-01-20 @ 18:24:26  Informational ,  signinsignout.aspx.cs   response: System.Net.HttpWebResponse
2016-01-20 @ 18:24:26  Informational ,  signinsignout.aspx.cs   responsedata: <?xml version="1.0" encoding="UTF-8"?>
<Response>
	<statusCode>OK</statusCode>
	<statusMessage></statusMessage>
	<ipAddress>::1</ipAddress>
	<countryCode>-</countryCode>
	<countryName>-</countryName>
</Response>
2016-01-20 @ 18:24:26  FATAL ERROR   , Thread was being aborted. SignInSignOut.cs Page_Load     at System.Threading.Thread.AbortInternal()
   at System.Threading.Thread.Abort(Object stateInfo)
   at System.Web.HttpResponse.AbortCurrentThread()
   at System.Web.HttpResponse.End()
   at System.Web.HttpResponse.Redirect(String url, Boolean endResponse, Boolean permanent)
   at System.Web.HttpResponse.Redirect(String url)
   at HRMS.Orbitweb.SignInSignOut.Page_Load(Object sender, EventArgs e) in d:\mahesh .F\VB\src\HRMS.WebSite\Orbitweb\SignInSignOut.aspx.cs:line 117
2016-01-20 @ 18:40:41  FATAL ERROR   , App Error Global.asax App_Error  System.Web.HttpException (0x80004005): A public action method 'ReportIssue.aspx' was not found on controller 'HRMS.Controllers.HelpDeskController'.
   at System.Web.Mvc.Controller.HandleUnknownAction(String actionName)
   at System.Web.Mvc.Controller.<BeginExecuteCore>b__1d(IAsyncResult asyncResult, ExecuteCoreState innerState)
   at System.Web.Mvc.Async.AsyncResultWrapper.WrappedAsyncVoid`1.CallEndDelegate(IAsyncResult asyncResult)
   at System.Web.Mvc.Async.AsyncResultWrapper.WrappedAsyncResultBase`1.End()
   at System.Web.Mvc.Async.AsyncResultWrapper.End[TResult](IAsyncResult asyncResult, Object tag)
   at System.Web.Mvc.Async.AsyncResultWrapper.End(IAsyncResult asyncResult, Object tag)
   at System.Web.Mvc.Controller.EndExecuteCore(IAsyncResult asyncResult)
   at System.Web.Mvc.Controller.<BeginExecute>b__15(IAsyncResult asyncResult, Controller controller)
   at System.Web.Mvc.Async.AsyncResultWrapper.WrappedAsyncVoid`1.CallEndDelegate(IAsyncResult asyncResult)
   at System.Web.Mvc.Async.AsyncResultWrapper.WrappedAsyncResultBase`1.End()
   at System.Web.Mvc.Async.AsyncResultWrapper.End[TResult](IAsyncResult asyncResult, Object tag)
   at System.Web.Mvc.Async.AsyncResultWrapper.End(IAsyncResult asyncResult, Object tag)
   at System.Web.Mvc.Controller.EndExecute(IAsyncResult asyncResult)
   at System.Web.Mvc.Controller.System.Web.Mvc.Async.IAsyncController.EndExecute(IAsyncResult asyncResult)
   at System.Web.Mvc.MvcHandler.<BeginProcessRequest>b__5(IAsyncResult asyncResult, ProcessRequestState innerState)
   at System.Web.Mvc.Async.AsyncResultWrapper.WrappedAsyncVoid`1.CallEndDelegate(IAsyncResult asyncResult)
   at System.Web.Mvc.Async.AsyncResultWrapper.WrappedAsyncResultBase`1.End()
   at System.Web.Mvc.Async.AsyncResultWrapper.End[TResult](IAsyncResult asyncResult, Object tag)
   at System.Web.Mvc.Async.AsyncResultWrapper.End(IAsyncResult asyncResult, Object tag)
   at System.Web.Mvc.MvcHandler.EndProcessRequest(IAsyncResult asyncResult)
   at System.Web.Mvc.MvcHandler.System.Web.IHttpAsyncHandler.EndProcessRequest(IAsyncResult result)
   at System.Web.HttpApplication.CallHandlerExecutionStep.System.Web.HttpApplication.IExecutionStep.Execute()
   at System.Web.HttpApplication.ExecuteStep(IExecutionStep step, Boolean& completedSynchronously)
2016-01-20 @ 18:40:41  FATAL ERROR   , App Error Global.asax App_Error  ---------Error Block End---------
2016-01-20 @ 18:40:42  FATAL ERROR   , App Error Global.asax App_Error  System.Web.HttpException (0x80004005): A public action method 'ReportIssue.aspx' was not found on controller 'HRMS.Controllers.HelpDeskController'.
   at System.Web.Mvc.Controller.HandleUnknownAction(String actionName)
   at System.Web.Mvc.Controller.<BeginExecuteCore>b__1d(IAsyncResult asyncResult, ExecuteCoreState innerState)
   at System.Web.Mvc.Async.AsyncResultWrapper.WrappedAsyncVoid`1.CallEndDelegate(IAsyncResult asyncResult)
   at System.Web.Mvc.Async.AsyncResultWrapper.WrappedAsyncResultBase`1.End()
   at System.Web.Mvc.Async.AsyncResultWrapper.End[TResult](IAsyncResult asyncResult, Object tag)
   at System.Web.Mvc.Async.AsyncResultWrapper.End(IAsyncResult asyncResult, Object tag)
   at System.Web.Mvc.Controller.EndExecuteCore(IAsyncResult asyncResult)
   at System.Web.Mvc.Controller.<BeginExecute>b__15(IAsyncResult asyncResult, Controller controller)
   at System.Web.Mvc.Async.AsyncResultWrapper.WrappedAsyncVoid`1.CallEndDelegate(IAsyncResult asyncResult)
   at System.Web.Mvc.Async.AsyncResultWrapper.WrappedAsyncResultBase`1.End()
   at System.Web.Mvc.Async.AsyncResultWrapper.End[TResult](IAsyncResult asyncResult, Object tag)
   at System.Web.Mvc.Async.AsyncResultWrapper.End(IAsyncResult asyncResult, Object tag)
   at System.Web.Mvc.Controller.EndExecute(IAsyncResult asyncResult)
   at System.Web.Mvc.Controller.System.Web.Mvc.Async.IAsyncController.EndExecute(IAsyncResult asyncResult)
   at System.Web.Mvc.MvcHandler.<BeginProcessRequest>b__5(IAsyncResult asyncResult, ProcessRequestState innerState)
   at System.Web.Mvc.Async.AsyncResultWrapper.WrappedAsyncVoid`1.CallEndDelegate(IAsyncResult asyncResult)
   at System.Web.Mvc.Async.AsyncResultWrapper.WrappedAsyncResultBase`1.End()
   at System.Web.Mvc.Async.AsyncResultWrapper.End[TResult](IAsyncResult asyncResult, Object tag)
   at System.Web.Mvc.Async.AsyncResultWrapper.End(IAsyncResult asyncResult, Object tag)
   at System.Web.Mvc.MvcHandler.EndProcessRequest(IAsyncResult asyncResult)
   at System.Web.Mvc.MvcHandler.System.Web.IHttpAsyncHandler.EndProcessRequest(IAsyncResult result)
   at System.Web.HttpApplication.CallHandlerExecutionStep.System.Web.HttpApplication.IExecutionStep.Execute()
   at System.Web.HttpApplication.ExecuteStep(IExecutionStep step, Boolean& completedSynchronously)
2016-01-20 @ 18:40:42  FATAL ERROR   , App Error Global.asax App_Error  ---------Error Block End---------

2016-01-20 @ 18:54:03  Informational , App start Global.asax App_Start  
2016-01-20 @ 18:54:14  Informational , App start finished Global.asax App_Start  
2016-01-20 @ 18:57:02  Informational ,  SignInSignOut.aspx.cs   User IP: ::1
2016-01-20 @ 18:57:02  Informational ,  signinsignout.aspx.cs   dynamic url: http://api.ipinfodb.com/v3/ip-country/?key=989f1374dc528a8ea159064430a19d2e0756c05b46f6943a75b03257ce8b88a2&ip=::1&format=xml
2016-01-20 @ 18:57:03  Informational ,  signinsignout.aspx.cs   response: System.Net.HttpWebResponse
2016-01-20 @ 18:57:03  Informational ,  signinsignout.aspx.cs   responsedata: <?xml version="1.0" encoding="UTF-8"?>
<Response>
	<statusCode>OK</statusCode>
	<statusMessage></statusMessage>
	<ipAddress>::1</ipAddress>
	<countryCode>-</countryCode>
	<countryName>-</countryName>
</Response>
2016-01-20 @ 18:57:03  FATAL ERROR   , Thread was being aborted. SignInSignOut.cs Page_Load     at System.Threading.Thread.AbortInternal()
   at System.Threading.Thread.Abort(Object stateInfo)
   at System.Web.HttpResponse.AbortCurrentThread()
   at System.Web.HttpResponse.End()
   at System.Web.HttpResponse.Redirect(String url, Boolean endResponse, Boolean permanent)
   at System.Web.HttpResponse.Redirect(String url)
   at HRMS.Orbitweb.SignInSignOut.Page_Load(Object sender, EventArgs e) in d:\mahesh .F\VB\src\HRMS.WebSite\Orbitweb\SignInSignOut.aspx.cs:line 117

2016-01-20 @ 19:04:16  Informational , App start Global.asax App_Start  
2016-01-20 @ 19:04:29  Informational , App start finished Global.asax App_Start  
2016-01-20 @ 19:10:31  Informational ,  SignInSignOut.aspx.cs   User IP: ::1
2016-01-20 @ 19:10:31  Informational ,  signinsignout.aspx.cs   dynamic url: http://api.ipinfodb.com/v3/ip-country/?key=989f1374dc528a8ea159064430a19d2e0756c05b46f6943a75b03257ce8b88a2&ip=::1&format=xml
2016-01-20 @ 19:10:33  FATAL ERROR   , The remote name could not be resolved: 'api.ipinfodb.com' SignInSignOut.cs Page_Load     at System.Net.HttpWebRequest.GetResponse()
   at HRMS.Orbitweb.SignInSignOut.Page_Load(Object sender, EventArgs e) in d:\mahesh .F\VB\src\HRMS.WebSite\Orbitweb\SignInSignOut.aspx.cs:line 94

2016-01-20 @ 19:24:20  Informational , App start Global.asax App_Start  
2016-01-20 @ 19:24:27  Informational , App start finished Global.asax App_Start  
2016-01-20 @ 19:31:21  Informational ,  SignInSignOut.aspx.cs   User IP: ::1
2016-01-20 @ 19:31:21  Informational ,  signinsignout.aspx.cs   dynamic url: http://api.ipinfodb.com/v3/ip-country/?key=989f1374dc528a8ea159064430a19d2e0756c05b46f6943a75b03257ce8b88a2&ip=::1&format=xml
2016-01-20 @ 19:31:21  FATAL ERROR   , The remote name could not be resolved: 'api.ipinfodb.com' SignInSignOut.cs Page_Load     at System.Net.HttpWebRequest.GetResponse()
   at HRMS.Orbitweb.SignInSignOut.Page_Load(Object sender, EventArgs e) in d:\mahesh .F\VB\src\HRMS.WebSite\Orbitweb\SignInSignOut.aspx.cs:line 94

2016-01-20 @ 19:35:40  Informational , App start Global.asax App_Start  
2016-01-20 @ 19:35:44  Informational , App start finished Global.asax App_Start  
2016-01-20 @ 19:37:01  Informational ,  SignInSignOut.aspx.cs   User IP: ::1
2016-01-20 @ 19:37:01  Informational ,  signinsignout.aspx.cs   dynamic url: http://api.ipinfodb.com/v3/ip-country/?key=989f1374dc528a8ea159064430a19d2e0756c05b46f6943a75b03257ce8b88a2&ip=::1&format=xml
2016-01-20 @ 19:37:03  Informational ,  signinsignout.aspx.cs   response: System.Net.HttpWebResponse
2016-01-20 @ 19:37:03  Informational ,  signinsignout.aspx.cs   responsedata: <?xml version="1.0" encoding="UTF-8"?>
<Response>
	<statusCode>OK</statusCode>
	<statusMessage></statusMessage>
	<ipAddress>::1</ipAddress>
	<countryCode>-</countryCode>
	<countryName>-</countryName>
</Response>
2016-01-20 @ 19:37:04  FATAL ERROR   , Thread was being aborted. SignInSignOut.cs Page_Load     at System.Threading.Thread.AbortInternal()
   at System.Threading.Thread.Abort(Object stateInfo)
   at System.Web.HttpResponse.AbortCurrentThread()
   at System.Web.HttpResponse.End()
   at System.Web.HttpResponse.Redirect(String url, Boolean endResponse, Boolean permanent)
   at System.Web.HttpResponse.Redirect(String url)
   at HRMS.Orbitweb.SignInSignOut.Page_Load(Object sender, EventArgs e) in d:\mahesh .F\VB\src\HRMS.WebSite\Orbitweb\SignInSignOut.aspx.cs:line 117

2016-01-20 @ 19:45:45  Informational , App start Global.asax App_Start  
2016-01-20 @ 19:45:49  Informational , App start finished Global.asax App_Start  

2016-01-20 @ 19:47:45  Informational , App start Global.asax App_Start  
2016-01-20 @ 19:47:48  Informational , App start finished Global.asax App_Start  
2016-01-20 @ 19:48:27  Informational ,  SignInSignOut.aspx.cs   User IP: ::1
2016-01-20 @ 19:48:27  Informational ,  signinsignout.aspx.cs   dynamic url: http://api.ipinfodb.com/v3/ip-country/?key=989f1374dc528a8ea159064430a19d2e0756c05b46f6943a75b03257ce8b88a2&ip=::1&format=xml
2016-01-20 @ 19:48:28  Informational ,  signinsignout.aspx.cs   response: System.Net.HttpWebResponse
2016-01-20 @ 19:48:28  Informational ,  signinsignout.aspx.cs   responsedata: <?xml version="1.0" encoding="UTF-8"?>
<Response>
	<statusCode>OK</statusCode>
	<statusMessage></statusMessage>
	<ipAddress>::1</ipAddress>
	<countryCode>-</countryCode>
	<countryName>-</countryName>
</Response>
2016-01-20 @ 19:48:28  FATAL ERROR   , Thread was being aborted. SignInSignOut.cs Page_Load     at System.Threading.Thread.AbortInternal()
   at System.Threading.Thread.Abort(Object stateInfo)
   at System.Web.HttpResponse.AbortCurrentThread()
   at System.Web.HttpResponse.End()
   at System.Web.HttpResponse.Redirect(String url, Boolean endResponse, Boolean permanent)
   at System.Web.HttpResponse.Redirect(String url)
   at HRMS.Orbitweb.SignInSignOut.Page_Load(Object sender, EventArgs e) in d:\mahesh .F\VB\src\HRMS.WebSite\Orbitweb\SignInSignOut.aspx.cs:line 117

2016-01-20 @ 19:53:41  Informational , App start Global.asax App_Start  
2016-01-20 @ 19:53:46  Informational , App start finished Global.asax App_Start  
2016-01-20 @ 19:54:16  Informational ,  SignInSignOut.aspx.cs   User IP: ::1
2016-01-20 @ 19:54:16  Informational ,  signinsignout.aspx.cs   dynamic url: http://api.ipinfodb.com/v3/ip-country/?key=989f1374dc528a8ea159064430a19d2e0756c05b46f6943a75b03257ce8b88a2&ip=::1&format=xml
2016-01-20 @ 19:54:17  FATAL ERROR   , The remote name could not be resolved: 'api.ipinfodb.com' SignInSignOut.cs Page_Load     at System.Net.HttpWebRequest.GetResponse()
   at HRMS.Orbitweb.SignInSignOut.Page_Load(Object sender, EventArgs e) in d:\mahesh .F\VB\src\HRMS.WebSite\Orbitweb\SignInSignOut.aspx.cs:line 94

2016-01-20 @ 19:56:14  Informational , App start Global.asax App_Start  
2016-01-20 @ 19:56:17  Informational , App start finished Global.asax App_Start  
2016-01-20 @ 19:57:26  Informational ,  SignInSignOut.aspx.cs   User IP: ::1
2016-01-20 @ 19:57:26  Informational ,  signinsignout.aspx.cs   dynamic url: http://api.ipinfodb.com/v3/ip-country/?key=989f1374dc528a8ea159064430a19d2e0756c05b46f6943a75b03257ce8b88a2&ip=::1&format=xml
2016-01-20 @ 19:57:26  Informational ,  signinsignout.aspx.cs   response: System.Net.HttpWebResponse
2016-01-20 @ 19:57:26  Informational ,  signinsignout.aspx.cs   responsedata: <?xml version="1.0" encoding="UTF-8"?>
<Response>
	<statusCode>OK</statusCode>
	<statusMessage></statusMessage>
	<ipAddress>::1</ipAddress>
	<countryCode>-</countryCode>
	<countryName>-</countryName>
</Response>
2016-01-20 @ 19:57:26  FATAL ERROR   , Thread was being aborted. SignInSignOut.cs Page_Load     at System.Threading.Thread.AbortInternal()
   at System.Threading.Thread.Abort(Object stateInfo)
   at System.Web.HttpResponse.AbortCurrentThread()
   at System.Web.HttpResponse.End()
   at System.Web.HttpResponse.Redirect(String url, Boolean endResponse, Boolean permanent)
   at System.Web.HttpResponse.Redirect(String url)
   at HRMS.Orbitweb.SignInSignOut.Page_Load(Object sender, EventArgs e) in d:\mahesh .F\VB\src\HRMS.WebSite\Orbitweb\SignInSignOut.aspx.cs:line 117

2016-01-20 @ 20:06:11  Informational , App start Global.asax App_Start  
2016-01-20 @ 20:06:16  Informational , App start finished Global.asax App_Start  
2016-01-20 @ 20:06:35  Informational ,  SignInSignOut.aspx.cs   User IP: ::1
2016-01-20 @ 20:06:35  Informational ,  signinsignout.aspx.cs   dynamic url: http://api.ipinfodb.com/v3/ip-country/?key=989f1374dc528a8ea159064430a19d2e0756c05b46f6943a75b03257ce8b88a2&ip=::1&format=xml
2016-01-20 @ 20:06:37  Informational ,  signinsignout.aspx.cs   response: System.Net.HttpWebResponse
2016-01-20 @ 20:06:37  Informational ,  signinsignout.aspx.cs   responsedata: <?xml version="1.0" encoding="UTF-8"?>
<Response>
	<statusCode>OK</statusCode>
	<statusMessage></statusMessage>
	<ipAddress>::1</ipAddress>
	<countryCode>-</countryCode>
	<countryName>-</countryName>
</Response>
2016-01-20 @ 20:06:37  FATAL ERROR   , Thread was being aborted. SignInSignOut.cs Page_Load     at System.Threading.Thread.AbortInternal()
   at System.Threading.Thread.Abort(Object stateInfo)
   at System.Web.HttpResponse.AbortCurrentThread()
   at System.Web.HttpResponse.End()
   at System.Web.HttpResponse.Redirect(String url, Boolean endResponse, Boolean permanent)
   at System.Web.HttpResponse.Redirect(String url)
   at HRMS.Orbitweb.SignInSignOut.Page_Load(Object sender, EventArgs e) in d:\mahesh .F\VB\src\HRMS.WebSite\Orbitweb\SignInSignOut.aspx.cs:line 117

2016-01-20 @ 20:25:29  Informational , App start Global.asax App_Start  
2016-01-20 @ 20:25:37  Informational , App start finished Global.asax App_Start  
2016-01-20 @ 20:26:08  Informational ,  SignInSignOut.aspx.cs   User IP: ::1
2016-01-20 @ 20:26:08  Informational ,  signinsignout.aspx.cs   dynamic url: http://api.ipinfodb.com/v3/ip-country/?key=989f1374dc528a8ea159064430a19d2e0756c05b46f6943a75b03257ce8b88a2&ip=::1&format=xml
2016-01-20 @ 20:26:09  Informational ,  signinsignout.aspx.cs   response: System.Net.HttpWebResponse
2016-01-20 @ 20:26:09  Informational ,  signinsignout.aspx.cs   responsedata: <?xml version="1.0" encoding="UTF-8"?>
<Response>
	<statusCode>OK</statusCode>
	<statusMessage></statusMessage>
	<ipAddress>::1</ipAddress>
	<countryCode>-</countryCode>
	<countryName>-</countryName>
</Response>
2016-01-20 @ 20:26:09  FATAL ERROR   , Thread was being aborted. SignInSignOut.cs Page_Load     at System.Threading.Thread.AbortInternal()
   at System.Threading.Thread.Abort(Object stateInfo)
   at System.Web.HttpResponse.AbortCurrentThread()
   at System.Web.HttpResponse.End()
   at System.Web.HttpResponse.Redirect(String url, Boolean endResponse, Boolean permanent)
   at System.Web.HttpResponse.Redirect(String url)
   at HRMS.Orbitweb.SignInSignOut.Page_Load(Object sender, EventArgs e) in d:\mahesh .F\VB\src\HRMS.WebSite\Orbitweb\SignInSignOut.aspx.cs:line 117

2016-01-20 @ 20:28:29  Informational , App start Global.asax App_Start  
2016-01-20 @ 20:28:32  Informational , App start finished Global.asax App_Start  
2016-01-20 @ 20:29:01  Informational ,  SignInSignOut.aspx.cs   User IP: ::1
2016-01-20 @ 20:29:01  Informational ,  signinsignout.aspx.cs   dynamic url: http://api.ipinfodb.com/v3/ip-country/?key=989f1374dc528a8ea159064430a19d2e0756c05b46f6943a75b03257ce8b88a2&ip=::1&format=xml
2016-01-20 @ 20:29:02  Informational ,  signinsignout.aspx.cs   response: System.Net.HttpWebResponse
2016-01-20 @ 20:29:02  Informational ,  signinsignout.aspx.cs   responsedata: <?xml version="1.0" encoding="UTF-8"?>
<Response>
	<statusCode>OK</statusCode>
	<statusMessage></statusMessage>
	<ipAddress>::1</ipAddress>
	<countryCode>-</countryCode>
	<countryName>-</countryName>
</Response>
2016-01-20 @ 20:29:02  FATAL ERROR   , Thread was being aborted. SignInSignOut.cs Page_Load     at System.Threading.Thread.AbortInternal()
   at System.Threading.Thread.Abort(Object stateInfo)
   at System.Web.HttpResponse.AbortCurrentThread()
   at System.Web.HttpResponse.End()
   at System.Web.HttpResponse.Redirect(String url, Boolean endResponse, Boolean permanent)
   at System.Web.HttpResponse.Redirect(String url)
   at HRMS.Orbitweb.SignInSignOut.Page_Load(Object sender, EventArgs e) in d:\mahesh .F\VB\src\HRMS.WebSite\Orbitweb\SignInSignOut.aspx.cs:line 117

2016-01-20 @ 20:33:31  Informational , App start Global.asax App_Start  
2016-01-20 @ 20:33:33  Informational , App start finished Global.asax App_Start  
2016-01-20 @ 20:34:40  Informational ,  SignInSignOut.aspx.cs   User IP: ::1
2016-01-20 @ 20:34:40  Informational ,  signinsignout.aspx.cs   dynamic url: http://api.ipinfodb.com/v3/ip-country/?key=989f1374dc528a8ea159064430a19d2e0756c05b46f6943a75b03257ce8b88a2&ip=::1&format=xml
2016-01-20 @ 20:34:40  Informational ,  signinsignout.aspx.cs   response: System.Net.HttpWebResponse
2016-01-20 @ 20:34:40  Informational ,  signinsignout.aspx.cs   responsedata: <?xml version="1.0" encoding="UTF-8"?>
<Response>
	<statusCode>OK</statusCode>
	<statusMessage></statusMessage>
	<ipAddress>::1</ipAddress>
	<countryCode>-</countryCode>
	<countryName>-</countryName>
</Response>
2016-01-20 @ 20:34:40  FATAL ERROR   , Thread was being aborted. SignInSignOut.cs Page_Load     at System.Threading.Thread.AbortInternal()
   at System.Threading.Thread.Abort(Object stateInfo)
   at System.Web.HttpResponse.AbortCurrentThread()
   at System.Web.HttpResponse.End()
   at System.Web.HttpResponse.Redirect(String url, Boolean endResponse, Boolean permanent)
   at System.Web.HttpResponse.Redirect(String url)
   at HRMS.Orbitweb.SignInSignOut.Page_Load(Object sender, EventArgs e) in d:\mahesh .F\VB\src\HRMS.WebSite\Orbitweb\SignInSignOut.aspx.cs:line 117

2016-01-20 @ 20:40:05  Informational , App start Global.asax App_Start  
2016-01-20 @ 20:40:08  Informational , App start finished Global.asax App_Start  
2016-01-20 @ 20:41:14  Informational ,  SignInSignOut.aspx.cs   User IP: ::1
2016-01-20 @ 20:41:14  Informational ,  signinsignout.aspx.cs   dynamic url: http://api.ipinfodb.com/v3/ip-country/?key=989f1374dc528a8ea159064430a19d2e0756c05b46f6943a75b03257ce8b88a2&ip=::1&format=xml
2016-01-20 @ 20:41:14  FATAL ERROR   , The remote name could not be resolved: 'api.ipinfodb.com' SignInSignOut.cs Page_Load     at System.Net.HttpWebRequest.GetResponse()
   at HRMS.Orbitweb.SignInSignOut.Page_Load(Object sender, EventArgs e) in d:\mahesh .F\VB\src\HRMS.WebSite\Orbitweb\SignInSignOut.aspx.cs:line 94

2016-01-20 @ 20:43:47  Informational , App start Global.asax App_Start  
2016-01-20 @ 20:43:50  Informational , App start finished Global.asax App_Start  
2016-01-20 @ 20:44:07  Informational ,  SignInSignOut.aspx.cs   User IP: ::1
2016-01-20 @ 20:44:07  Informational ,  signinsignout.aspx.cs   dynamic url: http://api.ipinfodb.com/v3/ip-country/?key=989f1374dc528a8ea159064430a19d2e0756c05b46f6943a75b03257ce8b88a2&ip=::1&format=xml
2016-01-20 @ 20:44:07  FATAL ERROR   , The remote name could not be resolved: 'api.ipinfodb.com' SignInSignOut.cs Page_Load     at System.Net.HttpWebRequest.GetResponse()
   at HRMS.Orbitweb.SignInSignOut.Page_Load(Object sender, EventArgs e) in d:\mahesh .F\VB\src\HRMS.WebSite\Orbitweb\SignInSignOut.aspx.cs:line 94

2016-01-20 @ 20:48:22  Informational , App start Global.asax App_Start  
2016-01-20 @ 20:48:24  Informational , App start finished Global.asax App_Start  
2016-01-20 @ 20:49:06  Informational ,  SignInSignOut.aspx.cs   User IP: ::1
2016-01-20 @ 20:49:06  Informational ,  signinsignout.aspx.cs   dynamic url: http://api.ipinfodb.com/v3/ip-country/?key=989f1374dc528a8ea159064430a19d2e0756c05b46f6943a75b03257ce8b88a2&ip=::1&format=xml
2016-01-20 @ 20:49:06  FATAL ERROR   , The remote name could not be resolved: 'api.ipinfodb.com' SignInSignOut.cs Page_Load     at System.Net.HttpWebRequest.GetResponse()
   at HRMS.Orbitweb.SignInSignOut.Page_Load(Object sender, EventArgs e) in d:\mahesh .F\VB\src\HRMS.WebSite\Orbitweb\SignInSignOut.aspx.cs:line 94

2016-01-20 @ 20:51:23  Informational , App start Global.asax App_Start  
2016-01-20 @ 20:51:26  Informational , App start finished Global.asax App_Start  
2016-01-20 @ 20:51:56  Informational ,  SignInSignOut.aspx.cs   User IP: ::1
2016-01-20 @ 20:51:56  Informational ,  signinsignout.aspx.cs   dynamic url: http://api.ipinfodb.com/v3/ip-country/?key=989f1374dc528a8ea159064430a19d2e0756c05b46f6943a75b03257ce8b88a2&ip=::1&format=xml
2016-01-20 @ 20:51:56  FATAL ERROR   , The remote name could not be resolved: 'api.ipinfodb.com' SignInSignOut.cs Page_Load     at System.Net.HttpWebRequest.GetResponse()
   at HRMS.Orbitweb.SignInSignOut.Page_Load(Object sender, EventArgs e) in d:\mahesh .F\VB\src\HRMS.WebSite\Orbitweb\SignInSignOut.aspx.cs:line 94

2016-01-20 @ 20:59:12  Informational , App start Global.asax App_Start  
2016-01-20 @ 20:59:14  Informational , App start finished Global.asax App_Start  
2016-01-20 @ 20:59:58  Informational ,  SignInSignOut.aspx.cs   User IP: ::1
2016-01-20 @ 20:59:58  Informational ,  signinsignout.aspx.cs   dynamic url: http://api.ipinfodb.com/v3/ip-country/?key=989f1374dc528a8ea159064430a19d2e0756c05b46f6943a75b03257ce8b88a2&ip=::1&format=xml
2016-01-20 @ 20:59:59  Informational ,  signinsignout.aspx.cs   response: System.Net.HttpWebResponse
2016-01-20 @ 20:59:59  Informational ,  signinsignout.aspx.cs   responsedata: <?xml version="1.0" encoding="UTF-8"?>
<Response>
	<statusCode>OK</statusCode>
	<statusMessage></statusMessage>
	<ipAddress>::1</ipAddress>
	<countryCode>-</countryCode>
	<countryName>-</countryName>
</Response>
2016-01-20 @ 20:59:59  FATAL ERROR   , Thread was being aborted. SignInSignOut.cs Page_Load     at System.Threading.Thread.AbortInternal()
   at System.Threading.Thread.Abort(Object stateInfo)
   at System.Web.HttpResponse.AbortCurrentThread()
   at System.Web.HttpResponse.End()
   at System.Web.HttpResponse.Redirect(String url, Boolean endResponse, Boolean permanent)
   at System.Web.HttpResponse.Redirect(String url)
   at HRMS.Orbitweb.SignInSignOut.Page_Load(Object sender, EventArgs e) in d:\mahesh .F\VB\src\HRMS.WebSite\Orbitweb\SignInSignOut.aspx.cs:line 117

2016-01-20 @ 21:02:14  Informational , App start Global.asax App_Start  
2016-01-20 @ 21:02:17  Informational , App start finished Global.asax App_Start  

2016-01-20 @ 21:04:09  Informational , App start Global.asax App_Start  
2016-01-20 @ 21:04:11  Informational , App start finished Global.asax App_Start  
2016-01-20 @ 21:04:43  Informational ,  SignInSignOut.aspx.cs   User IP: ::1
2016-01-20 @ 21:04:43  Informational ,  signinsignout.aspx.cs   dynamic url: http://api.ipinfodb.com/v3/ip-country/?key=989f1374dc528a8ea159064430a19d2e0756c05b46f6943a75b03257ce8b88a2&ip=::1&format=xml
2016-01-20 @ 21:04:43  Informational ,  signinsignout.aspx.cs   response: System.Net.HttpWebResponse
2016-01-20 @ 21:04:43  Informational ,  signinsignout.aspx.cs   responsedata: <?xml version="1.0" encoding="UTF-8"?>
<Response>
	<statusCode>OK</statusCode>
	<statusMessage></statusMessage>
	<ipAddress>::1</ipAddress>
	<countryCode>-</countryCode>
	<countryName>-</countryName>
</Response>
2016-01-20 @ 21:04:43  FATAL ERROR   , Thread was being aborted. SignInSignOut.cs Page_Load     at System.Threading.Thread.AbortInternal()
   at System.Threading.Thread.Abort(Object stateInfo)
   at System.Web.HttpResponse.AbortCurrentThread()
   at System.Web.HttpResponse.End()
   at System.Web.HttpResponse.Redirect(String url, Boolean endResponse, Boolean permanent)
   at System.Web.HttpResponse.Redirect(String url)
   at HRMS.Orbitweb.SignInSignOut.Page_Load(Object sender, EventArgs e) in d:\mahesh .F\VB\src\HRMS.WebSite\Orbitweb\SignInSignOut.aspx.cs:line 117

2016-01-20 @ 21:07:33  Informational , App start Global.asax App_Start  
2016-01-20 @ 21:07:35  Informational , App start finished Global.asax App_Start  
2016-01-20 @ 21:08:04  Informational ,  SignInSignOut.aspx.cs   User IP: ::1
2016-01-20 @ 21:08:04  Informational ,  signinsignout.aspx.cs   dynamic url: http://api.ipinfodb.com/v3/ip-country/?key=989f1374dc528a8ea159064430a19d2e0756c05b46f6943a75b03257ce8b88a2&ip=::1&format=xml
2016-01-20 @ 21:08:05  Informational ,  signinsignout.aspx.cs   response: System.Net.HttpWebResponse
2016-01-20 @ 21:08:05  Informational ,  signinsignout.aspx.cs   responsedata: <?xml version="1.0" encoding="UTF-8"?>
<Response>
	<statusCode>OK</statusCode>
	<statusMessage></statusMessage>
	<ipAddress>::1</ipAddress>
	<countryCode>-</countryCode>
	<countryName>-</countryName>
</Response>
2016-01-20 @ 21:08:05  FATAL ERROR   , Thread was being aborted. SignInSignOut.cs Page_Load     at System.Threading.Thread.AbortInternal()
   at System.Threading.Thread.Abort(Object stateInfo)
   at System.Web.HttpResponse.AbortCurrentThread()
   at System.Web.HttpResponse.End()
   at System.Web.HttpResponse.Redirect(String url, Boolean endResponse, Boolean permanent)
   at System.Web.HttpResponse.Redirect(String url)
   at HRMS.Orbitweb.SignInSignOut.Page_Load(Object sender, EventArgs e) in d:\mahesh .F\VB\src\HRMS.WebSite\Orbitweb\SignInSignOut.aspx.cs:line 117
2016-01-20 @ 21:08:39  FATAL ERROR   , Insertion index was out of range. Must be non-negative and less than or equal to size.
Parameter name: index ReportIssue.aspx BindType     at System.Collections.ArrayList.Insert(Int32 index, Object value)
   at System.Web.UI.WebControls.ListItemCollection.Insert(Int32 index, ListItem item)
   at HRMS.HelpDesk.ReportIssue.BindType(Int32 catagoryID) in d:\mahesh .F\VB\src\HRMS.WebSite\HelpDesk\ReportIssue.aspx.cs:line 188
2016-01-20 @ 21:08:58  FATAL ERROR   , App Error Global.asax App_Error  System.Web.HttpUnhandledException (0x80004005): Exception of type 'System.Web.HttpUnhandledException' was thrown. ---> V2.CommonServices.Exceptions.V2Exceptions: System.ArgumentOutOfRangeException: Insertion index was out of range. Must be non-negative and less than or equal to size.
Parameter name: index
   at System.Collections.ArrayList.Insert(Int32 index, Object value)
   at System.Web.UI.WebControls.ListItemCollection.Insert(Int32 index, ListItem item)
   at HRMS.HelpDesk.ReportIssue.BindType(Int32 catagoryID) in d:\mahesh .F\VB\src\HRMS.WebSite\HelpDesk\ReportIssue.aspx.cs:line 188 ---> System.ArgumentOutOfRangeException: Insertion index was out of range. Must be non-negative and less than or equal to size.
Parameter name: index
   at System.Collections.ArrayList.Insert(Int32 index, Object value)
   at System.Web.UI.WebControls.ListItemCollection.Insert(Int32 index, ListItem item)
   at HRMS.HelpDesk.ReportIssue.BindType(Int32 catagoryID) in d:\mahesh .F\VB\src\HRMS.WebSite\HelpDesk\ReportIssue.aspx.cs:line 188
   --- End of inner exception stack trace ---
   at HRMS.HelpDesk.ReportIssue.BindType(Int32 catagoryID) in d:\mahesh .F\VB\src\HRMS.WebSite\HelpDesk\ReportIssue.aspx.cs:line 215
   at HRMS.HelpDesk.ReportIssue.ddlCategories_SelectedIndexChanged(Object sender, EventArgs e) in d:\mahesh .F\VB\src\HRMS.WebSite\HelpDesk\ReportIssue.aspx.cs:line 1211
   at System.Web.UI.WebControls.ListControl.OnSelectedIndexChanged(EventArgs e)
   at System.Web.UI.WebControls.DropDownList.RaisePostDataChangedEvent()
   at System.Web.UI.WebControls.DropDownList.System.Web.UI.IPostBackDataHandler.RaisePostDataChangedEvent()
   at System.Web.UI.Page.RaiseChangedEvents()
   at System.Web.UI.Page.ProcessRequestMain(Boolean includeStagesBeforeAsyncPoint, Boolean includeStagesAfterAsyncPoint)
   at System.Web.UI.Page.HandleError(Exception e)
   at System.Web.UI.Page.ProcessRequestMain(Boolean includeStagesBeforeAsyncPoint, Boolean includeStagesAfterAsyncPoint)
   at System.Web.UI.Page.ProcessRequest(Boolean includeStagesBeforeAsyncPoint, Boolean includeStagesAfterAsyncPoint)
   at System.Web.UI.Page.ProcessRequest()
   at System.Web.UI.Page.ProcessRequestWithNoAssert(HttpContext context)
   at System.Web.UI.Page.ProcessRequest(HttpContext context)
   at ASP.helpdesk_reportissue_aspx.ProcessRequest(HttpContext context) in c:\Windows\Microsoft.NET\Framework\v4.0.30319\Temporary ASP.NET Files\root\862b9d29\cb184c30\App_Web_kdwbxukz.1.cs:line 0
   at System.Web.HttpApplication.CallHandlerExecutionStep.System.Web.HttpApplication.IExecutionStep.Execute()
   at System.Web.HttpApplication.ExecuteStep(IExecutionStep step, Boolean& completedSynchronously)
2016-01-20 @ 21:08:58  FATAL ERROR   , App Error Global.asax App_Error  ---------Error Block End---------

2016-01-20 @ 21:10:41  Informational , App start Global.asax App_Start  
2016-01-20 @ 21:10:43  Informational , App start finished Global.asax App_Start  
2016-01-20 @ 21:11:31  Informational ,  SignInSignOut.aspx.cs   User IP: ::1
2016-01-20 @ 21:11:31  Informational ,  signinsignout.aspx.cs   dynamic url: http://api.ipinfodb.com/v3/ip-country/?key=989f1374dc528a8ea159064430a19d2e0756c05b46f6943a75b03257ce8b88a2&ip=::1&format=xml
2016-01-20 @ 21:11:32  Informational ,  signinsignout.aspx.cs   response: System.Net.HttpWebResponse
2016-01-20 @ 21:11:32  Informational ,  signinsignout.aspx.cs   responsedata: <?xml version="1.0" encoding="UTF-8"?>
<Response>
	<statusCode>OK</statusCode>
	<statusMessage></statusMessage>
	<ipAddress>::1</ipAddress>
	<countryCode>-</countryCode>
	<countryName>-</countryName>
</Response>
2016-01-20 @ 21:11:32  FATAL ERROR   , Thread was being aborted. SignInSignOut.cs Page_Load     at System.Threading.Thread.AbortInternal()
   at System.Threading.Thread.Abort(Object stateInfo)
   at System.Web.HttpResponse.AbortCurrentThread()
   at System.Web.HttpResponse.End()
   at System.Web.HttpResponse.Redirect(String url, Boolean endResponse, Boolean permanent)
   at System.Web.HttpResponse.Redirect(String url)
   at HRMS.Orbitweb.SignInSignOut.Page_Load(Object sender, EventArgs e) in d:\mahesh .F\VB\src\HRMS.WebSite\Orbitweb\SignInSignOut.aspx.cs:line 117
2016-01-20 @ 21:13:09  FATAL ERROR   , Index was out of range. Must be non-negative and less than the size of the collection.
Parameter name: index ReportIssue.aspx InsertIssueDetails     at System.Collections.ArrayList.get_Item(Int32 index)
   at System.Web.UI.WebControls.ListItemCollection.get_Item(Int32 index)
   at HRMS.HelpDesk.ReportIssue.InsertIssueDetails() in d:\mahesh .F\VB\src\HRMS.WebSite\HelpDesk\ReportIssue.aspx.cs:line 824

2016-01-20 @ 21:17:55  Informational , App start Global.asax App_Start  
2016-01-20 @ 21:18:08  Informational , App start finished Global.asax App_Start  
2016-01-20 @ 21:20:24  Informational ,  SignInSignOut.aspx.cs   User IP: ::1
2016-01-20 @ 21:20:24  Informational ,  signinsignout.aspx.cs   dynamic url: http://api.ipinfodb.com/v3/ip-country/?key=989f1374dc528a8ea159064430a19d2e0756c05b46f6943a75b03257ce8b88a2&ip=::1&format=xml
2016-01-20 @ 21:20:25  Informational ,  signinsignout.aspx.cs   response: System.Net.HttpWebResponse
2016-01-20 @ 21:20:25  Informational ,  signinsignout.aspx.cs   responsedata: <?xml version="1.0" encoding="UTF-8"?>
<Response>
	<statusCode>OK</statusCode>
	<statusMessage></statusMessage>
	<ipAddress>::1</ipAddress>
	<countryCode>-</countryCode>
	<countryName>-</countryName>
</Response>
2016-01-20 @ 21:20:25  FATAL ERROR   , Thread was being aborted. SignInSignOut.cs Page_Load     at System.Threading.Thread.AbortInternal()
   at System.Threading.Thread.Abort(Object stateInfo)
   at System.Web.HttpResponse.AbortCurrentThread()
   at System.Web.HttpResponse.End()
   at System.Web.HttpResponse.Redirect(String url, Boolean endResponse, Boolean permanent)
   at System.Web.HttpResponse.Redirect(String url)
   at HRMS.Orbitweb.SignInSignOut.Page_Load(Object sender, EventArgs e) in d:\mahesh .F\VB\src\HRMS.WebSite\Orbitweb\SignInSignOut.aspx.cs:line 117
