
2016-06-20 @ 12:35:19  Informational , App start Global.asax App_Start  
2016-06-20 @ 12:35:23  Informational , App start finished Global.asax App_Start  
2016-06-20 @ 12:40:01  Informational ,  SignInSignOut.aspx.cs   User IP: ::1
2016-06-20 @ 12:40:01  Informational ,  signinsignout.aspx.cs   dynamic url: http://api.ipinfodb.com/v3/ip-country/?key=989f1374dc528a8ea159064430a19d2e0756c05b46f6943a75b03257ce8b88a2&ip=::1&format=xml
2016-06-20 @ 12:40:09  Informational ,  signinsignout.aspx.cs   response: System.Net.HttpWebResponse
2016-06-20 @ 12:40:09  Informational ,  signinsignout.aspx.cs   responsedata: <?xml version="1.0" encoding="UTF-8"?>
<Response>
	<statusCode>OK</statusCode>
	<statusMessage></statusMessage>
	<ipAddress>::1</ipAddress>
	<countryCode>-</countryCode>
	<countryName>-</countryName>
</Response>
2016-06-20 @ 12:40:09  FATAL ERROR   , Thread was being aborted. SignInSignOut.cs Page_Load     at System.Threading.Thread.AbortInternal()
   at System.Threading.Thread.Abort(Object stateInfo)
   at System.Web.HttpResponse.AbortCurrentThread()
   at System.Web.HttpResponse.End()
   at System.Web.HttpResponse.Redirect(String url, Boolean endResponse, Boolean permanent)
   at System.Web.HttpResponse.Redirect(String url)
   at HRMS.Orbitweb.SignInSignOut.Page_Load(Object sender, EventArgs e) in e:\Vibrant-Web Project\Vibrant-Web\src\HRMS.WebSite\Orbitweb\SignInSignOut.aspx.cs:line 142
2016-06-20 @ 12:48:50  Informational ,  SignInSignOut.aspx.cs   User IP: ::1
2016-06-20 @ 12:48:50  Informational ,  signinsignout.aspx.cs   dynamic url: http://api.ipinfodb.com/v3/ip-country/?key=989f1374dc528a8ea159064430a19d2e0756c05b46f6943a75b03257ce8b88a2&ip=::1&format=xml
2016-06-20 @ 12:48:51  Informational ,  signinsignout.aspx.cs   response: System.Net.HttpWebResponse
2016-06-20 @ 12:48:51  Informational ,  signinsignout.aspx.cs   responsedata: <?xml version="1.0" encoding="UTF-8"?>
<Response>
	<statusCode>OK</statusCode>
	<statusMessage></statusMessage>
	<ipAddress>::1</ipAddress>
	<countryCode>-</countryCode>
	<countryName>-</countryName>
</Response>
2016-06-20 @ 12:48:51  FATAL ERROR   , Thread was being aborted. SignInSignOut.cs Page_Load     at System.Threading.Thread.AbortInternal()
   at System.Threading.Thread.Abort(Object stateInfo)
   at System.Web.HttpResponse.AbortCurrentThread()
   at System.Web.HttpResponse.End()
   at System.Web.HttpResponse.Redirect(String url, Boolean endResponse, Boolean permanent)
   at System.Web.HttpResponse.Redirect(String url)
   at HRMS.Orbitweb.SignInSignOut.Page_Load(Object sender, EventArgs e) in e:\Vibrant-Web Project\Vibrant-Web\src\HRMS.WebSite\Orbitweb\SignInSignOut.aspx.cs:line 142
2016-06-20 @ 13:03:35  Informational ,  SignInSignOut.aspx.cs   User IP: ::1
2016-06-20 @ 13:03:35  Informational ,  signinsignout.aspx.cs   dynamic url: http://api.ipinfodb.com/v3/ip-country/?key=989f1374dc528a8ea159064430a19d2e0756c05b46f6943a75b03257ce8b88a2&ip=::1&format=xml
2016-06-20 @ 13:03:50  FATAL ERROR   , The remote server returned an error: (522) Origin Connection Time-out. SignInSignOut.cs Page_Load     at System.Net.HttpWebRequest.GetResponse()
   at HRMS.Orbitweb.SignInSignOut.Page_Load(Object sender, EventArgs e) in e:\Vibrant-Web Project\Vibrant-Web\src\HRMS.WebSite\Orbitweb\SignInSignOut.aspx.cs:line 115

2016-06-20 @ 13:18:19  Informational , App start Global.asax App_Start  
2016-06-20 @ 13:18:20  Informational , App start finished Global.asax App_Start  
2016-06-20 @ 13:18:39  Informational ,  SignInSignOut.aspx.cs   User IP: ::1
2016-06-20 @ 13:18:39  Informational ,  signinsignout.aspx.cs   dynamic url: http://api.ipinfodb.com/v3/ip-country/?key=989f1374dc528a8ea159064430a19d2e0756c05b46f6943a75b03257ce8b88a2&ip=::1&format=xml
2016-06-20 @ 13:18:40  Informational ,  signinsignout.aspx.cs   response: System.Net.HttpWebResponse
2016-06-20 @ 13:18:40  Informational ,  signinsignout.aspx.cs   responsedata: <?xml version="1.0" encoding="UTF-8"?>
<Response>
	<statusCode>OK</statusCode>
	<statusMessage></statusMessage>
	<ipAddress>::1</ipAddress>
	<countryCode>-</countryCode>
	<countryName>-</countryName>
</Response>
2016-06-20 @ 13:18:40  FATAL ERROR   , Thread was being aborted. SignInSignOut.cs Page_Load     at System.Threading.Thread.AbortInternal()
   at System.Threading.Thread.Abort(Object stateInfo)
   at System.Web.HttpResponse.AbortCurrentThread()
   at System.Web.HttpResponse.End()
   at System.Web.HttpResponse.Redirect(String url, Boolean endResponse, Boolean permanent)
   at System.Web.HttpResponse.Redirect(String url)
   at HRMS.Orbitweb.SignInSignOut.Page_Load(Object sender, EventArgs e) in e:\Vibrant-Web Project\Vibrant-Web\src\HRMS.WebSite\Orbitweb\SignInSignOut.aspx.cs:line 142

2016-06-20 @ 13:21:39  Informational , App start Global.asax App_Start  
2016-06-20 @ 13:21:40  Informational , App start finished Global.asax App_Start  
2016-06-20 @ 13:22:10  Informational ,  SignInSignOut.aspx.cs   User IP: ::1
2016-06-20 @ 13:22:10  Informational ,  signinsignout.aspx.cs   dynamic url: http://api.ipinfodb.com/v3/ip-country/?key=989f1374dc528a8ea159064430a19d2e0756c05b46f6943a75b03257ce8b88a2&ip=::1&format=xml
2016-06-20 @ 13:22:11  Informational ,  signinsignout.aspx.cs   response: System.Net.HttpWebResponse
2016-06-20 @ 13:22:11  Informational ,  signinsignout.aspx.cs   responsedata: <?xml version="1.0" encoding="UTF-8"?>
<Response>
	<statusCode>OK</statusCode>
	<statusMessage></statusMessage>
	<ipAddress>::1</ipAddress>
	<countryCode>-</countryCode>
	<countryName>-</countryName>
</Response>
2016-06-20 @ 13:22:11  FATAL ERROR   , Thread was being aborted. SignInSignOut.cs Page_Load     at System.Threading.Thread.AbortInternal()
   at System.Threading.Thread.Abort(Object stateInfo)
   at System.Web.HttpResponse.AbortCurrentThread()
   at System.Web.HttpResponse.End()
   at System.Web.HttpResponse.Redirect(String url, Boolean endResponse, Boolean permanent)
   at System.Web.HttpResponse.Redirect(String url)
   at HRMS.Orbitweb.SignInSignOut.Page_Load(Object sender, EventArgs e) in e:\Vibrant-Web Project\Vibrant-Web\src\HRMS.WebSite\Orbitweb\SignInSignOut.aspx.cs:line 142

2016-06-20 @ 13:41:04  Informational , App start Global.asax App_Start  
2016-06-20 @ 13:41:05  Informational , App start finished Global.asax App_Start  
2016-06-20 @ 13:41:45  Informational ,  SignInSignOut.aspx.cs   User IP: ::1
2016-06-20 @ 13:41:45  Informational ,  signinsignout.aspx.cs   dynamic url: http://api.ipinfodb.com/v3/ip-country/?key=989f1374dc528a8ea159064430a19d2e0756c05b46f6943a75b03257ce8b88a2&ip=::1&format=xml
2016-06-20 @ 13:41:45  Informational ,  signinsignout.aspx.cs   response: System.Net.HttpWebResponse
2016-06-20 @ 13:41:45  Informational ,  signinsignout.aspx.cs   responsedata: <?xml version="1.0" encoding="UTF-8"?>
<Response>
	<statusCode>OK</statusCode>
	<statusMessage></statusMessage>
	<ipAddress>::1</ipAddress>
	<countryCode>-</countryCode>
	<countryName>-</countryName>
</Response>
2016-06-20 @ 13:41:45  FATAL ERROR   , Thread was being aborted. SignInSignOut.cs Page_Load     at System.Threading.Thread.AbortInternal()
   at System.Threading.Thread.Abort(Object stateInfo)
   at System.Web.HttpResponse.AbortCurrentThread()
   at System.Web.HttpResponse.End()
   at System.Web.HttpResponse.Redirect(String url, Boolean endResponse, Boolean permanent)
   at System.Web.HttpResponse.Redirect(String url)
   at HRMS.Orbitweb.SignInSignOut.Page_Load(Object sender, EventArgs e) in e:\Vibrant-Web Project\Vibrant-Web\src\HRMS.WebSite\Orbitweb\SignInSignOut.aspx.cs:line 142
2016-06-20 @ 13:47:19  Informational ,  SignInSignOut.aspx.cs   User IP: ::1
2016-06-20 @ 13:47:19  Informational ,  signinsignout.aspx.cs   dynamic url: http://api.ipinfodb.com/v3/ip-country/?key=989f1374dc528a8ea159064430a19d2e0756c05b46f6943a75b03257ce8b88a2&ip=::1&format=xml
2016-06-20 @ 13:47:20  Informational ,  signinsignout.aspx.cs   response: System.Net.HttpWebResponse
2016-06-20 @ 13:47:20  Informational ,  signinsignout.aspx.cs   responsedata: <?xml version="1.0" encoding="UTF-8"?>
<Response>
	<statusCode>OK</statusCode>
	<statusMessage></statusMessage>
	<ipAddress>::1</ipAddress>
	<countryCode>-</countryCode>
	<countryName>-</countryName>
</Response>
2016-06-20 @ 13:47:20  FATAL ERROR   , Thread was being aborted. SignInSignOut.cs Page_Load     at System.Threading.Thread.AbortInternal()
   at System.Threading.Thread.Abort(Object stateInfo)
   at System.Web.HttpResponse.AbortCurrentThread()
   at System.Web.HttpResponse.End()
   at System.Web.HttpResponse.Redirect(String url, Boolean endResponse, Boolean permanent)
   at System.Web.HttpResponse.Redirect(String url)
   at HRMS.Orbitweb.SignInSignOut.Page_Load(Object sender, EventArgs e) in e:\Vibrant-Web Project\Vibrant-Web\src\HRMS.WebSite\Orbitweb\SignInSignOut.aspx.cs:line 142

2016-06-20 @ 15:44:01  Informational , App start Global.asax App_Start  
2016-06-20 @ 15:44:03  Informational , App start finished Global.asax App_Start  
