
2016-02-09 @ 12:23:57  Informational , App start Global.asax App_Start  
2016-02-09 @ 12:24:05  Informational , App start finished Global.asax App_Start  
2016-02-09 @ 12:25:23  Informational ,  SignInSignOut.aspx.cs   User IP: ::1
2016-02-09 @ 12:25:27  Informational ,  signinsignout.aspx.cs   dynamic url: http://api.ipinfodb.com/v3/ip-country/?key=989f1374dc528a8ea159064430a19d2e0756c05b46f6943a75b03257ce8b88a2&ip=::1&format=xml
2016-02-09 @ 12:25:33  Informational ,  signinsignout.aspx.cs   response: System.Net.HttpWebResponse
2016-02-09 @ 12:25:38  Informational ,  signinsignout.aspx.cs   responsedata: <?xml version="1.0" encoding="UTF-8"?>
<Response>
	<statusCode>OK</statusCode>
	<statusMessage></statusMessage>
	<ipAddress>::1</ipAddress>
	<countryCode>-</countryCode>
	<countryName>-</countryName>
</Response>
2016-02-09 @ 12:27:06  FATAL ERROR   , Thread was being aborted. SignInSignOut.cs Page_Load     at System.Threading.Thread.AbortInternal()
   at System.Threading.Thread.Abort(Object stateInfo)
   at System.Web.HttpResponse.AbortCurrentThread()
   at System.Web.HttpResponse.End()
   at System.Web.HttpResponse.Redirect(String url, Boolean endResponse, Boolean permanent)
   at System.Web.HttpResponse.Redirect(String url)
   at HRMS.Orbitweb.SignInSignOut.Page_Load(Object sender, EventArgs e) in d:\rahul\New folder\src\HRMS.WebSite\Orbitweb\SignInSignOut.aspx.cs:line 145
2016-02-09 @ 12:27:44  Informational ,  SignInSignOut.aspx.cs   User IP: ::1
2016-02-09 @ 12:27:45  Informational ,  signinsignout.aspx.cs   dynamic url: http://api.ipinfodb.com/v3/ip-country/?key=989f1374dc528a8ea159064430a19d2e0756c05b46f6943a75b03257ce8b88a2&ip=::1&format=xml
2016-02-09 @ 12:27:48  Informational ,  signinsignout.aspx.cs   response: System.Net.HttpWebResponse
2016-02-09 @ 12:27:49  Informational ,  signinsignout.aspx.cs   responsedata: <?xml version="1.0" encoding="UTF-8"?>
<Response>
	<statusCode>OK</statusCode>
	<statusMessage></statusMessage>
	<ipAddress>::1</ipAddress>
	<countryCode>-</countryCode>
	<countryName>-</countryName>
</Response>
2016-02-09 @ 12:28:05  FATAL ERROR   , Thread was being aborted. SignInSignOut.cs Page_Load     at System.Threading.Thread.AbortInternal()
   at System.Threading.Thread.Abort(Object stateInfo)
   at System.Web.HttpResponse.AbortCurrentThread()
   at System.Web.HttpResponse.End()
   at System.Web.HttpResponse.Redirect(String url, Boolean endResponse, Boolean permanent)
   at System.Web.HttpResponse.Redirect(String url)
   at HRMS.Orbitweb.SignInSignOut.Page_Load(Object sender, EventArgs e) in d:\rahul\New folder\src\HRMS.WebSite\Orbitweb\SignInSignOut.aspx.cs:line 145

2016-02-09 @ 12:34:47  Informational , App start Global.asax App_Start  
2016-02-09 @ 12:34:50  Informational , App start finished Global.asax App_Start  
2016-02-09 @ 12:35:36  Informational ,  SignInSignOut.aspx.cs   User IP: ::1
2016-02-09 @ 12:36:29  Informational ,  signinsignout.aspx.cs   dynamic url: http://api.ipinfodb.com/v3/ip-country/?key=989f1374dc528a8ea159064430a19d2e0756c05b46f6943a75b03257ce8b88a2&ip=::1&format=xml
2016-02-09 @ 12:36:32  Informational ,  signinsignout.aspx.cs   response: System.Net.HttpWebResponse
2016-02-09 @ 12:36:34  Informational ,  signinsignout.aspx.cs   responsedata: <?xml version="1.0" encoding="UTF-8"?>
<Response>
	<statusCode>OK</statusCode>
	<statusMessage></statusMessage>
	<ipAddress>::1</ipAddress>
	<countryCode>-</countryCode>
	<countryName>-</countryName>
</Response>
2016-02-09 @ 12:36:44  FATAL ERROR   , Thread was being aborted. SignInSignOut.cs Page_Load     at System.Threading.Thread.AbortInternal()
   at System.Threading.Thread.Abort(Object stateInfo)
   at System.Web.HttpResponse.AbortCurrentThread()
   at System.Web.HttpResponse.End()
   at System.Web.HttpResponse.Redirect(String url, Boolean endResponse, Boolean permanent)
   at System.Web.HttpResponse.Redirect(String url)
   at HRMS.Orbitweb.SignInSignOut.Page_Load(Object sender, EventArgs e) in d:\rahul\New folder\src\HRMS.WebSite\Orbitweb\SignInSignOut.aspx.cs:line 145

2016-02-09 @ 12:39:03  Informational , App start Global.asax App_Start  
2016-02-09 @ 12:39:07  Informational , App start finished Global.asax App_Start  
2016-02-09 @ 12:40:48  Informational ,  SignInSignOut.aspx.cs   User IP: ::1
2016-02-09 @ 12:41:29  Informational ,  signinsignout.aspx.cs   dynamic url: http://api.ipinfodb.com/v3/ip-country/?key=989f1374dc528a8ea159064430a19d2e0756c05b46f6943a75b03257ce8b88a2&ip=::1&format=xml
2016-02-09 @ 12:41:30  Informational ,  signinsignout.aspx.cs   response: System.Net.HttpWebResponse
2016-02-09 @ 12:41:30  Informational ,  signinsignout.aspx.cs   responsedata: <?xml version="1.0" encoding="UTF-8"?>
<Response>
	<statusCode>OK</statusCode>
	<statusMessage></statusMessage>
	<ipAddress>::1</ipAddress>
	<countryCode>-</countryCode>
	<countryName>-</countryName>
</Response>
2016-02-09 @ 12:41:30  FATAL ERROR   , Thread was being aborted. SignInSignOut.cs Page_Load     at System.Threading.Thread.AbortInternal()
   at System.Threading.Thread.Abort(Object stateInfo)
   at System.Web.HttpResponse.AbortCurrentThread()
   at System.Web.HttpResponse.End()
   at System.Web.HttpResponse.Redirect(String url, Boolean endResponse, Boolean permanent)
   at System.Web.HttpResponse.Redirect(String url)
   at HRMS.Orbitweb.SignInSignOut.Page_Load(Object sender, EventArgs e) in d:\rahul\New folder\src\HRMS.WebSite\Orbitweb\SignInSignOut.aspx.cs:line 145

2016-02-09 @ 12:59:20  Informational , App start Global.asax App_Start  
2016-02-09 @ 12:59:24  Informational , App start finished Global.asax App_Start  
2016-02-09 @ 13:03:27  Informational ,  SignInSignOut.aspx.cs   User IP: ::1
2016-02-09 @ 13:03:37  Informational ,  signinsignout.aspx.cs   dynamic url: http://api.ipinfodb.com/v3/ip-country/?key=989f1374dc528a8ea159064430a19d2e0756c05b46f6943a75b03257ce8b88a2&ip=::1&format=xml
2016-02-09 @ 13:04:48  Informational ,  signinsignout.aspx.cs   response: System.Net.HttpWebResponse
2016-02-09 @ 13:05:00  Informational ,  signinsignout.aspx.cs   responsedata: <?xml version="1.0" encoding="UTF-8"?>
<Response>
	<statusCode>OK</statusCode>
	<statusMessage></statusMessage>
	<ipAddress>::1</ipAddress>
	<countryCode>-</countryCode>
	<countryName>-</countryName>
</Response>
2016-02-09 @ 13:05:16  FATAL ERROR   , Thread was being aborted. SignInSignOut.cs Page_Load     at System.Threading.Thread.AbortInternal()
   at System.Threading.Thread.Abort(Object stateInfo)
   at System.Web.HttpResponse.AbortCurrentThread()
   at System.Web.HttpResponse.End()
   at System.Web.HttpResponse.Redirect(String url, Boolean endResponse, Boolean permanent)
   at System.Web.HttpResponse.Redirect(String url)
   at HRMS.Orbitweb.SignInSignOut.Page_Load(Object sender, EventArgs e) in d:\rahul\New folder\src\HRMS.WebSite\Orbitweb\SignInSignOut.aspx.cs:line 218

2016-02-09 @ 13:19:17  Informational , App start Global.asax App_Start  
2016-02-09 @ 13:19:19  Informational , App start finished Global.asax App_Start  
2016-02-09 @ 13:20:29  Informational ,  SignInSignOut.aspx.cs   User IP: ::1
2016-02-09 @ 13:20:34  Informational ,  signinsignout.aspx.cs   dynamic url: http://api.ipinfodb.com/v3/ip-country/?key=989f1374dc528a8ea159064430a19d2e0756c05b46f6943a75b03257ce8b88a2&ip=::1&format=xml
2016-02-09 @ 13:20:36  Informational ,  signinsignout.aspx.cs   response: System.Net.HttpWebResponse
2016-02-09 @ 13:20:38  Informational ,  signinsignout.aspx.cs   responsedata: <?xml version="1.0" encoding="UTF-8"?>
<Response>
	<statusCode>OK</statusCode>
	<statusMessage></statusMessage>
	<ipAddress>::1</ipAddress>
	<countryCode>-</countryCode>
	<countryName>-</countryName>
</Response>
2016-02-09 @ 13:21:11  FATAL ERROR   , Thread was being aborted. SignInSignOut.cs Page_Load     at System.Threading.Thread.AbortInternal()
   at System.Threading.Thread.Abort(Object stateInfo)
   at System.Web.HttpResponse.AbortCurrentThread()
   at System.Web.HttpResponse.End()
   at System.Web.HttpResponse.Redirect(String url, Boolean endResponse, Boolean permanent)
   at System.Web.HttpResponse.Redirect(String url)
   at HRMS.Orbitweb.SignInSignOut.Page_Load(Object sender, EventArgs e) in d:\rahul\New folder\src\HRMS.WebSite\Orbitweb\SignInSignOut.aspx.cs:line 145

2016-02-09 @ 13:22:51  Informational , App start Global.asax App_Start  
2016-02-09 @ 13:22:54  Informational , App start finished Global.asax App_Start  
2016-02-09 @ 13:23:51  Informational ,  SignInSignOut.aspx.cs   User IP: ::1
2016-02-09 @ 13:23:52  Informational ,  signinsignout.aspx.cs   dynamic url: http://api.ipinfodb.com/v3/ip-country/?key=989f1374dc528a8ea159064430a19d2e0756c05b46f6943a75b03257ce8b88a2&ip=::1&format=xml
2016-02-09 @ 13:23:54  Informational ,  signinsignout.aspx.cs   response: System.Net.HttpWebResponse
2016-02-09 @ 13:23:56  Informational ,  signinsignout.aspx.cs   responsedata: <?xml version="1.0" encoding="UTF-8"?>
<Response>
	<statusCode>OK</statusCode>
	<statusMessage></statusMessage>
	<ipAddress>::1</ipAddress>
	<countryCode>-</countryCode>
	<countryName>-</countryName>
</Response>

2016-02-09 @ 13:29:24  Informational , App start Global.asax App_Start  
2016-02-09 @ 13:29:27  Informational , App start finished Global.asax App_Start  
2016-02-09 @ 13:30:52  Informational ,  SignInSignOut.aspx.cs   User IP: ::1
2016-02-09 @ 13:31:06  FATAL ERROR   , Index was outside the bounds of the array. SignInSignOutDAL BindSignInSignOut     at V2.Orbit.DataLayer.SignInSignOutDAL.BindSignInSignOut(SignInSignOutModel objSignInSignOutModel) in d:\rahul\New folder\src\DataLayer\SignInSignOutDAL.cs:line 124
2016-02-09 @ 13:31:48  Informational ,  SignInSignOut.aspx.cs   User IP: ::1
2016-02-09 @ 13:32:44  FATAL ERROR   , Index was outside the bounds of the array. SignInSignOutDAL BindSignInSignOut     at V2.Orbit.DataLayer.SignInSignOutDAL.BindSignInSignOut(SignInSignOutModel objSignInSignOutModel) in d:\rahul\New folder\src\DataLayer\SignInSignOutDAL.cs:line 124
2016-02-09 @ 14:07:47  Informational ,  SignInSignOut.aspx.cs   User IP: ::1

2016-02-09 @ 14:41:22  Informational , App start Global.asax App_Start  
2016-02-09 @ 14:41:27  Informational , App start finished Global.asax App_Start  
2016-02-09 @ 14:47:00  Informational ,  SignInSignOut.aspx.cs   User IP: ::1

2016-02-09 @ 15:03:09  Informational , App start Global.asax App_Start  
2016-02-09 @ 15:03:11  Informational , App start finished Global.asax App_Start  
2016-02-09 @ 15:03:42  Informational ,  SignInSignOut.aspx.cs   User IP: ::1
2016-02-09 @ 15:04:17  Informational ,  SignInSignOut.aspx.cs   User IP: ::1

2016-02-09 @ 15:07:11  Informational , App start Global.asax App_Start  
2016-02-09 @ 15:07:13  Informational , App start finished Global.asax App_Start  
2016-02-09 @ 15:09:31  Informational ,  SignInSignOut.aspx.cs   User IP: ::1

2016-02-09 @ 17:26:10  Informational , App start Global.asax App_Start  
2016-02-09 @ 17:26:12  Informational , App start finished Global.asax App_Start  
2016-02-09 @ 17:30:33  Informational ,  SignInSignOut.aspx.cs   User IP: ::1
2016-02-09 @ 17:30:33  Informational ,  signinsignout.aspx.cs   dynamic url: http://api.ipinfodb.com/v3/ip-country/?key=989f1374dc528a8ea159064430a19d2e0756c05b46f6943a75b03257ce8b88a2&ip=::1&format=xml
2016-02-09 @ 17:30:33  Informational ,  signinsignout.aspx.cs   response: System.Net.HttpWebResponse
2016-02-09 @ 17:30:33  Informational ,  signinsignout.aspx.cs   responsedata: <?xml version="1.0" encoding="UTF-8"?>
<Response>
	<statusCode>OK</statusCode>
	<statusMessage></statusMessage>
	<ipAddress>::1</ipAddress>
	<countryCode>-</countryCode>
	<countryName>-</countryName>
</Response>
2016-02-09 @ 17:30:33  FATAL ERROR   , Thread was being aborted. SignInSignOut.cs Page_Load     at System.Threading.Thread.AbortInternal()
   at System.Threading.Thread.Abort(Object stateInfo)
   at System.Web.HttpResponse.AbortCurrentThread()
   at System.Web.HttpResponse.End()
   at System.Web.HttpResponse.Redirect(String url, Boolean endResponse, Boolean permanent)
   at System.Web.HttpResponse.Redirect(String url)
   at HRMS.Orbitweb.SignInSignOut.Page_Load(Object sender, EventArgs e) in d:\rahul\New folder\src\HRMS.WebSite\Orbitweb\SignInSignOut.aspx.cs:line 145
2016-02-09 @ 17:31:33  Informational ,  SignInSignOut.aspx.cs   User IP: ::1
2016-02-09 @ 17:31:33  Informational ,  signinsignout.aspx.cs   dynamic url: http://api.ipinfodb.com/v3/ip-country/?key=989f1374dc528a8ea159064430a19d2e0756c05b46f6943a75b03257ce8b88a2&ip=::1&format=xml
2016-02-09 @ 17:31:34  Informational ,  signinsignout.aspx.cs   response: System.Net.HttpWebResponse
2016-02-09 @ 17:31:34  Informational ,  signinsignout.aspx.cs   responsedata: <?xml version="1.0" encoding="UTF-8"?>
<Response>
	<statusCode>OK</statusCode>
	<statusMessage></statusMessage>
	<ipAddress>::1</ipAddress>
	<countryCode>-</countryCode>
	<countryName>-</countryName>
</Response>
2016-02-09 @ 17:31:34  FATAL ERROR   , Thread was being aborted. SignInSignOut.cs Page_Load     at System.Threading.Thread.AbortInternal()
   at System.Threading.Thread.Abort(Object stateInfo)
   at System.Web.HttpResponse.AbortCurrentThread()
   at System.Web.HttpResponse.End()
   at System.Web.HttpResponse.Redirect(String url, Boolean endResponse, Boolean permanent)
   at System.Web.HttpResponse.Redirect(String url)
   at HRMS.Orbitweb.SignInSignOut.Page_Load(Object sender, EventArgs e) in d:\rahul\New folder\src\HRMS.WebSite\Orbitweb\SignInSignOut.aspx.cs:line 145
