
2016-05-11 @ 12:22:00  Informational , App start Global.asax App_Start  
2016-05-11 @ 12:22:14  Informational , App start finished Global.asax App_Start  

2016-05-11 @ 12:22:33  Informational , App start Global.asax App_Start  
2016-05-11 @ 12:22:47  Informational , App start finished Global.asax App_Start  
2016-05-11 @ 12:22:57  FATAL ERROR   , App Error Global.asax App_Error  System.Web.HttpException (0x80004005): The controller for path '/__browserLink/requestData/099e19d1d57042bc8a473db178f57cdb' was not found or does not implement IController.
   at System.Web.Mvc.DefaultControllerFactory.GetControllerInstance(RequestContext requestContext, Type controllerType)
   at System.Web.Mvc.DefaultControllerFactory.CreateController(RequestContext requestContext, String controllerName)
   at System.Web.Mvc.MvcHandler.ProcessRequestInit(HttpContextBase httpContext, IController& controller, IControllerFactory& factory)
   at System.Web.Mvc.MvcHandler.BeginProcessRequest(HttpContextBase httpContext, AsyncCallback callback, Object state)
   at System.Web.Mvc.MvcHandler.BeginProcessRequest(HttpContext httpContext, AsyncCallback callback, Object state)
   at System.Web.Mvc.MvcHandler.System.Web.IHttpAsyncHandler.BeginProcessRequest(HttpContext context, AsyncCallback cb, Object extraData)
   at System.Web.HttpApplication.CallHandlerExecutionStep.System.Web.HttpApplication.IExecutionStep.Execute()
   at System.Web.HttpApplication.ExecuteStep(IExecutionStep step, Boolean& completedSynchronously)
2016-05-11 @ 12:22:57  FATAL ERROR   , App Error Global.asax App_Error  ---------Error Block End---------
2016-05-11 @ 12:29:15  Informational ,  SignInSignOut.aspx.cs   User IP: ::1
2016-05-11 @ 14:49:28  Informational ,  SignInSignOut.aspx.cs   User IP: ::1
2016-05-11 @ 15:04:14  Informational ,  SignInSignOut.aspx.cs   User IP: ::1

2016-05-11 @ 19:37:48  Informational , App start Global.asax App_Start  
2016-05-11 @ 19:37:58  Informational , App start finished Global.asax App_Start  
2016-05-11 @ 19:40:00  Informational ,  SignInSignOut.aspx.cs   User IP: ::1
2016-05-11 @ 19:40:30  Informational ,  SignInSignOut.aspx.cs   User IP: ::1

2016-05-11 @ 19:54:14  Informational , App start Global.asax App_Start  
2016-05-11 @ 19:54:20  Informational , App start finished Global.asax App_Start  
2016-05-11 @ 19:57:21  Informational ,  SignInSignOut.aspx.cs   User IP: ::1

2016-05-11 @ 20:07:58  Informational , App start Global.asax App_Start  
2016-05-11 @ 20:08:03  Informational , App start finished Global.asax App_Start  
2016-05-11 @ 20:08:29  Informational ,  SignInSignOut.aspx.cs   User IP: ::1
