
2016-03-03 @ 15:18:08  Informational , App start Global.asax App_Start  
2016-03-03 @ 15:18:16  Informational , App start finished Global.asax App_Start  
2016-03-03 @ 15:19:22  Informational ,  SignInSignOut.aspx.cs   User IP: ::1
2016-03-03 @ 15:19:22  Informational ,  signinsignout.aspx.cs   dynamic url: http://api.ipinfodb.com/v3/ip-country/?key=989f1374dc528a8ea159064430a19d2e0756c05b46f6943a75b03257ce8b88a2&ip=::1&format=xml
2016-03-03 @ 15:19:24  Informational ,  signinsignout.aspx.cs   response: System.Net.HttpWebResponse
2016-03-03 @ 15:19:24  Informational ,  signinsignout.aspx.cs   responsedata: <?xml version="1.0" encoding="UTF-8"?>
<Response>
	<statusCode>OK</statusCode>
	<statusMessage></statusMessage>
	<ipAddress>::1</ipAddress>
	<countryCode>-</countryCode>
	<countryName>-</countryName>
</Response>
2016-03-03 @ 15:19:24  FATAL ERROR   , Thread was being aborted. SignInSignOut.cs Page_Load     at System.Threading.Thread.AbortInternal()
   at System.Threading.Thread.Abort(Object stateInfo)
   at System.Web.HttpResponse.AbortCurrentThread()
   at System.Web.HttpResponse.End()
   at System.Web.HttpResponse.Redirect(String url, Boolean endResponse, Boolean permanent)
   at System.Web.HttpResponse.Redirect(String url)
   at HRMS.Orbitweb.SignInSignOut.Page_Load(Object sender, EventArgs e) in d:\RahulVW\src\HRMS.WebSite\Orbitweb\SignInSignOut.aspx.cs:line 155

2016-03-03 @ 15:29:25  Informational , App start Global.asax App_Start  
2016-03-03 @ 15:29:29  Informational , App start finished Global.asax App_Start  
2016-03-03 @ 15:30:24  Informational ,  SignInSignOut.aspx.cs   User IP: ::1
2016-03-03 @ 15:30:24  Informational ,  signinsignout.aspx.cs   dynamic url: http://api.ipinfodb.com/v3/ip-country/?key=989f1374dc528a8ea159064430a19d2e0756c05b46f6943a75b03257ce8b88a2&ip=::1&format=xml
2016-03-03 @ 15:30:25  Informational ,  signinsignout.aspx.cs   response: System.Net.HttpWebResponse
2016-03-03 @ 15:30:25  Informational ,  signinsignout.aspx.cs   responsedata: <?xml version="1.0" encoding="UTF-8"?>
<Response>
	<statusCode>OK</statusCode>
	<statusMessage></statusMessage>
	<ipAddress>::1</ipAddress>
	<countryCode>-</countryCode>
	<countryName>-</countryName>
</Response>
2016-03-03 @ 15:30:25  FATAL ERROR   , Thread was being aborted. SignInSignOut.cs Page_Load     at System.Threading.Thread.AbortInternal()
   at System.Threading.Thread.Abort(Object stateInfo)
   at System.Web.HttpResponse.AbortCurrentThread()
   at System.Web.HttpResponse.End()
   at System.Web.HttpResponse.Redirect(String url, Boolean endResponse, Boolean permanent)
   at System.Web.HttpResponse.Redirect(String url)
   at HRMS.Orbitweb.SignInSignOut.Page_Load(Object sender, EventArgs e) in d:\RahulVW\src\HRMS.WebSite\Orbitweb\SignInSignOut.aspx.cs:line 155

2016-03-03 @ 15:34:29  Informational , App start Global.asax App_Start  
2016-03-03 @ 15:34:32  Informational , App start finished Global.asax App_Start  
2016-03-03 @ 15:35:13  Informational ,  SignInSignOut.aspx.cs   User IP: ::1
2016-03-03 @ 15:35:13  Informational ,  signinsignout.aspx.cs   dynamic url: http://api.ipinfodb.com/v3/ip-country/?key=989f1374dc528a8ea159064430a19d2e0756c05b46f6943a75b03257ce8b88a2&ip=::1&format=xml
2016-03-03 @ 15:35:14  Informational ,  signinsignout.aspx.cs   response: System.Net.HttpWebResponse
2016-03-03 @ 15:35:14  Informational ,  signinsignout.aspx.cs   responsedata: <?xml version="1.0" encoding="UTF-8"?>
<Response>
	<statusCode>OK</statusCode>
	<statusMessage></statusMessage>
	<ipAddress>::1</ipAddress>
	<countryCode>-</countryCode>
	<countryName>-</countryName>
</Response>
2016-03-03 @ 15:35:14  FATAL ERROR   , Thread was being aborted. SignInSignOut.cs Page_Load     at System.Threading.Thread.AbortInternal()
   at System.Threading.Thread.Abort(Object stateInfo)
   at System.Web.HttpResponse.AbortCurrentThread()
   at System.Web.HttpResponse.End()
   at System.Web.HttpResponse.Redirect(String url, Boolean endResponse, Boolean permanent)
   at System.Web.HttpResponse.Redirect(String url)
   at HRMS.Orbitweb.SignInSignOut.Page_Load(Object sender, EventArgs e) in d:\RahulVW\src\HRMS.WebSite\Orbitweb\SignInSignOut.aspx.cs:line 155

2016-03-03 @ 16:04:54  Informational , App start Global.asax App_Start  
2016-03-03 @ 16:04:57  Informational , App start finished Global.asax App_Start  
2016-03-03 @ 16:05:50  Informational ,  SignInSignOut.aspx.cs   User IP: ::1
2016-03-03 @ 16:05:50  Informational ,  signinsignout.aspx.cs   dynamic url: http://api.ipinfodb.com/v3/ip-country/?key=989f1374dc528a8ea159064430a19d2e0756c05b46f6943a75b03257ce8b88a2&ip=::1&format=xml
2016-03-03 @ 16:05:51  Informational ,  signinsignout.aspx.cs   response: System.Net.HttpWebResponse
2016-03-03 @ 16:05:51  Informational ,  signinsignout.aspx.cs   responsedata: <?xml version="1.0" encoding="UTF-8"?>
<Response>
	<statusCode>OK</statusCode>
	<statusMessage></statusMessage>
	<ipAddress>::1</ipAddress>
	<countryCode>-</countryCode>
	<countryName>-</countryName>
</Response>
2016-03-03 @ 16:05:51  FATAL ERROR   , Thread was being aborted. SignInSignOut.cs Page_Load     at System.Threading.Thread.AbortInternal()
   at System.Threading.Thread.Abort(Object stateInfo)
   at System.Web.HttpResponse.AbortCurrentThread()
   at System.Web.HttpResponse.End()
   at System.Web.HttpResponse.Redirect(String url, Boolean endResponse, Boolean permanent)
   at System.Web.HttpResponse.Redirect(String url)
   at HRMS.Orbitweb.SignInSignOut.Page_Load(Object sender, EventArgs e) in d:\RahulVW\src\HRMS.WebSite\Orbitweb\SignInSignOut.aspx.cs:line 155

2016-03-03 @ 17:28:10  Informational , App start Global.asax App_Start  
2016-03-03 @ 17:28:13  Informational , App start finished Global.asax App_Start  
2016-03-03 @ 17:28:45  Informational ,  SignInSignOut.aspx.cs   User IP: ::1
2016-03-03 @ 17:28:45  Informational ,  signinsignout.aspx.cs   dynamic url: http://api.ipinfodb.com/v3/ip-country/?key=989f1374dc528a8ea159064430a19d2e0756c05b46f6943a75b03257ce8b88a2&ip=::1&format=xml
2016-03-03 @ 17:28:45  Informational ,  signinsignout.aspx.cs   response: System.Net.HttpWebResponse
2016-03-03 @ 17:28:45  Informational ,  signinsignout.aspx.cs   responsedata: <?xml version="1.0" encoding="UTF-8"?>
<Response>
	<statusCode>OK</statusCode>
	<statusMessage></statusMessage>
	<ipAddress>::1</ipAddress>
	<countryCode>-</countryCode>
	<countryName>-</countryName>
</Response>
2016-03-03 @ 17:28:46  FATAL ERROR   , Thread was being aborted. SignInSignOut.cs Page_Load     at System.Threading.Thread.AbortInternal()
   at System.Threading.Thread.Abort(Object stateInfo)
   at System.Web.HttpResponse.AbortCurrentThread()
   at System.Web.HttpResponse.End()
   at System.Web.HttpResponse.Redirect(String url, Boolean endResponse, Boolean permanent)
   at System.Web.HttpResponse.Redirect(String url)
   at HRMS.Orbitweb.SignInSignOut.Page_Load(Object sender, EventArgs e) in d:\RahulVW\src\HRMS.WebSite\Orbitweb\SignInSignOut.aspx.cs:line 155
