
2016-03-05 @ 10:22:06  Informational , App start Global.asax App_Start  
2016-03-05 @ 10:22:13  Informational , App start finished Global.asax App_Start  

2016-03-05 @ 10:22:15  Informational , App start Global.asax App_Start  
2016-03-05 @ 10:22:17  Informational , App start finished Global.asax App_Start  

2016-03-05 @ 10:24:10  Informational , App start Global.asax App_Start  
2016-03-05 @ 10:24:15  Informational , App start finished Global.asax App_Start  
2016-03-05 @ 10:24:37  Informational ,  SignInSignOut.aspx.cs   User IP: ::1
2016-03-05 @ 10:24:37  Informational ,  signinsignout.aspx.cs   dynamic url: http://api.ipinfodb.com/v3/ip-country/?key=989f1374dc528a8ea159064430a19d2e0756c05b46f6943a75b03257ce8b88a2&ip=::1&format=xml
2016-03-05 @ 10:24:38  Informational ,  signinsignout.aspx.cs   response: System.Net.HttpWebResponse
2016-03-05 @ 10:24:38  Informational ,  signinsignout.aspx.cs   responsedata: <?xml version="1.0" encoding="UTF-8"?>
<Response>
	<statusCode>OK</statusCode>
	<statusMessage></statusMessage>
	<ipAddress>::1</ipAddress>
	<countryCode>-</countryCode>
	<countryName>-</countryName>
</Response>
2016-03-05 @ 10:24:38  FATAL ERROR   , Thread was being aborted. SignInSignOut.cs Page_Load     at System.Threading.Thread.AbortInternal()
   at System.Threading.Thread.Abort(Object stateInfo)
   at System.Web.HttpResponse.AbortCurrentThread()
   at System.Web.HttpResponse.End()
   at System.Web.HttpResponse.Redirect(String url, Boolean endResponse, Boolean permanent)
   at System.Web.HttpResponse.Redirect(String url)
   at HRMS.Orbitweb.SignInSignOut.Page_Load(Object sender, EventArgs e) in d:\VB\src\HRMS.WebSite\Orbitweb\SignInSignOut.aspx.cs:line 155

2016-03-05 @ 10:53:05  Informational , App start Global.asax App_Start  
2016-03-05 @ 10:53:11  Informational , App start finished Global.asax App_Start  
2016-03-05 @ 10:54:40  Informational ,  SignInSignOut.aspx.cs   User IP: ::1
2016-03-05 @ 10:54:40  Informational ,  signinsignout.aspx.cs   dynamic url: http://api.ipinfodb.com/v3/ip-country/?key=989f1374dc528a8ea159064430a19d2e0756c05b46f6943a75b03257ce8b88a2&ip=::1&format=xml
2016-03-05 @ 10:54:40  Informational ,  signinsignout.aspx.cs   response: System.Net.HttpWebResponse
2016-03-05 @ 10:54:40  Informational ,  signinsignout.aspx.cs   responsedata: <?xml version="1.0" encoding="UTF-8"?>
<Response>
	<statusCode>OK</statusCode>
	<statusMessage></statusMessage>
	<ipAddress>::1</ipAddress>
	<countryCode>-</countryCode>
	<countryName>-</countryName>
</Response>
2016-03-05 @ 10:54:41  FATAL ERROR   , Thread was being aborted. SignInSignOut.cs Page_Load     at System.Threading.Thread.AbortInternal()
   at System.Threading.Thread.Abort(Object stateInfo)
   at System.Web.HttpResponse.AbortCurrentThread()
   at System.Web.HttpResponse.End()
   at System.Web.HttpResponse.Redirect(String url, Boolean endResponse, Boolean permanent)
   at System.Web.HttpResponse.Redirect(String url)
   at HRMS.Orbitweb.SignInSignOut.Page_Load(Object sender, EventArgs e) in d:\VB\src\HRMS.WebSite\Orbitweb\SignInSignOut.aspx.cs:line 155

2016-03-05 @ 10:58:50  Informational , App start Global.asax App_Start  
2016-03-05 @ 10:58:53  Informational , App start finished Global.asax App_Start  
2016-03-05 @ 10:59:19  Informational ,  SignInSignOut.aspx.cs   User IP: ::1
2016-03-05 @ 10:59:19  Informational ,  signinsignout.aspx.cs   dynamic url: http://api.ipinfodb.com/v3/ip-country/?key=989f1374dc528a8ea159064430a19d2e0756c05b46f6943a75b03257ce8b88a2&ip=::1&format=xml
2016-03-05 @ 10:59:20  Informational ,  signinsignout.aspx.cs   response: System.Net.HttpWebResponse
2016-03-05 @ 10:59:20  Informational ,  signinsignout.aspx.cs   responsedata: <?xml version="1.0" encoding="UTF-8"?>
<Response>
	<statusCode>OK</statusCode>
	<statusMessage></statusMessage>
	<ipAddress>::1</ipAddress>
	<countryCode>-</countryCode>
	<countryName>-</countryName>
</Response>
2016-03-05 @ 10:59:20  FATAL ERROR   , Thread was being aborted. SignInSignOut.cs Page_Load     at System.Threading.Thread.AbortInternal()
   at System.Threading.Thread.Abort(Object stateInfo)
   at System.Web.HttpResponse.AbortCurrentThread()
   at System.Web.HttpResponse.End()
   at System.Web.HttpResponse.Redirect(String url, Boolean endResponse, Boolean permanent)
   at System.Web.HttpResponse.Redirect(String url)
   at HRMS.Orbitweb.SignInSignOut.Page_Load(Object sender, EventArgs e) in d:\VB\src\HRMS.WebSite\Orbitweb\SignInSignOut.aspx.cs:line 155

2016-03-05 @ 11:13:27  Informational , App start Global.asax App_Start  
2016-03-05 @ 11:13:30  Informational , App start finished Global.asax App_Start  

2016-03-05 @ 11:34:02  Informational , App start Global.asax App_Start  
2016-03-05 @ 11:34:05  Informational , App start finished Global.asax App_Start  
