
2016-06-08 @ 14:03:44  Informational , App start Global.asax App_Start  
2016-06-08 @ 14:03:53  Informational , App start finished Global.asax App_Start  
2016-06-08 @ 14:04:08  FATAL ERROR   , Thread was being aborted. AdminApproval Page_Load     at System.Threading.Thread.AbortInternal()
   at System.Threading.Thread.Abort(Object stateInfo)
   at System.Web.HttpResponse.AbortCurrentThread()
   at System.Web.HttpResponse.End()
   at System.Web.HttpResponse.Redirect(String url, Boolean endResponse, Boolean permanent)
   at System.Web.HttpResponse.Redirect(String url)
   at HRMS.HRMSPageLevelAccess.PageLevelAccess(String PageName) in e:\Vibrant-Web Project\Vibrant-Web\src\HRMS.WebSite\common\HRMSPageLevelAccess.cs:line 40
   at HRMS.Orbitweb.AdminApproval.Page_Load(Object sender, EventArgs e) in e:\Vibrant-Web Project\Vibrant-Web\src\HRMS.WebSite\Orbitweb\AdminApproval.aspx.cs:line 40

2016-06-08 @ 14:42:06  Informational , App start Global.asax App_Start  
2016-06-08 @ 14:42:07  Informational , App start finished Global.asax App_Start  
2016-06-08 @ 14:42:18  Informational ,  SignInSignOut.aspx.cs   User IP: ::1
2016-06-08 @ 14:42:18  Informational ,  signinsignout.aspx.cs   dynamic url: http://api.ipinfodb.com/v3/ip-country/?key=989f1374dc528a8ea159064430a19d2e0756c05b46f6943a75b03257ce8b88a2&ip=::1&format=xml
2016-06-08 @ 14:42:19  Informational ,  signinsignout.aspx.cs   response: System.Net.HttpWebResponse
2016-06-08 @ 14:42:19  Informational ,  signinsignout.aspx.cs   responsedata: <?xml version="1.0" encoding="UTF-8"?>
<Response>
	<statusCode>OK</statusCode>
	<statusMessage></statusMessage>
	<ipAddress>::1</ipAddress>
	<countryCode>-</countryCode>
	<countryName>-</countryName>
</Response>
2016-06-08 @ 14:42:19  FATAL ERROR   , Thread was being aborted. SignInSignOut.cs Page_Load     at System.Threading.Thread.AbortInternal()
   at System.Threading.Thread.Abort(Object stateInfo)
   at System.Web.HttpResponse.AbortCurrentThread()
   at System.Web.HttpResponse.End()
   at System.Web.HttpResponse.Redirect(String url, Boolean endResponse, Boolean permanent)
   at System.Web.HttpResponse.Redirect(String url)
   at HRMS.Orbitweb.SignInSignOut.Page_Load(Object sender, EventArgs e) in e:\Vibrant-Web Project\Vibrant-Web\src\HRMS.WebSite\Orbitweb\SignInSignOut.aspx.cs:line 142

2016-06-08 @ 15:22:50  Informational , App start Global.asax App_Start  
2016-06-08 @ 15:22:51  Informational , App start finished Global.asax App_Start  
2016-06-08 @ 15:22:59  FATAL ERROR   , Thread was being aborted. LeaveApproval.aspx.cs Page_Load     at System.Threading.Thread.AbortInternal()
   at System.Threading.Thread.Abort(Object stateInfo)
   at System.Web.HttpResponse.AbortCurrentThread()
   at System.Web.HttpResponse.End()
   at System.Web.HttpResponse.Redirect(String url, Boolean endResponse, Boolean permanent)
   at System.Web.HttpResponse.Redirect(String url)
   at HRMS.HRMSPageLevelAccess.PageLevelAccess(String PageName) in e:\Vibrant-Web Project\Vibrant-Web\src\HRMS.WebSite\common\HRMSPageLevelAccess.cs:line 40
   at HRMS.Orbitweb.LeaveApproval.Page_Load(Object sender, EventArgs e) in e:\Vibrant-Web Project\Vibrant-Web\src\HRMS.WebSite\Orbitweb\LeaveApproval.aspx.cs:line 56
2016-06-08 @ 15:29:56  FATAL ERROR   , App Error Global.asax App_Error  System.Web.HttpException (0x80004005): A public action method 'ReportIssue.aspx' was not found on controller 'HRMS.Controllers.HelpDeskController'.
   at System.Web.Mvc.Controller.HandleUnknownAction(String actionName)
   at System.Web.Mvc.Controller.<BeginExecuteCore>b__1d(IAsyncResult asyncResult, ExecuteCoreState innerState)
   at System.Web.Mvc.Async.AsyncResultWrapper.WrappedAsyncVoid`1.CallEndDelegate(IAsyncResult asyncResult)
   at System.Web.Mvc.Async.AsyncResultWrapper.WrappedAsyncResultBase`1.End()
   at System.Web.Mvc.Async.AsyncResultWrapper.End[TResult](IAsyncResult asyncResult, Object tag)
   at System.Web.Mvc.Async.AsyncResultWrapper.End(IAsyncResult asyncResult, Object tag)
   at System.Web.Mvc.Controller.EndExecuteCore(IAsyncResult asyncResult)
   at System.Web.Mvc.Controller.<BeginExecute>b__15(IAsyncResult asyncResult, Controller controller)
   at System.Web.Mvc.Async.AsyncResultWrapper.WrappedAsyncVoid`1.CallEndDelegate(IAsyncResult asyncResult)
   at System.Web.Mvc.Async.AsyncResultWrapper.WrappedAsyncResultBase`1.End()
   at System.Web.Mvc.Async.AsyncResultWrapper.End[TResult](IAsyncResult asyncResult, Object tag)
   at System.Web.Mvc.Async.AsyncResultWrapper.End(IAsyncResult asyncResult, Object tag)
   at System.Web.Mvc.Controller.EndExecute(IAsyncResult asyncResult)
   at System.Web.Mvc.Controller.System.Web.Mvc.Async.IAsyncController.EndExecute(IAsyncResult asyncResult)
   at System.Web.Mvc.MvcHandler.<BeginProcessRequest>b__5(IAsyncResult asyncResult, ProcessRequestState innerState)
   at System.Web.Mvc.Async.AsyncResultWrapper.WrappedAsyncVoid`1.CallEndDelegate(IAsyncResult asyncResult)
   at System.Web.Mvc.Async.AsyncResultWrapper.WrappedAsyncResultBase`1.End()
   at System.Web.Mvc.Async.AsyncResultWrapper.End[TResult](IAsyncResult asyncResult, Object tag)
   at System.Web.Mvc.Async.AsyncResultWrapper.End(IAsyncResult asyncResult, Object tag)
   at System.Web.Mvc.MvcHandler.EndProcessRequest(IAsyncResult asyncResult)
   at System.Web.Mvc.MvcHandler.System.Web.IHttpAsyncHandler.EndProcessRequest(IAsyncResult result)
   at System.Web.HttpApplication.CallHandlerExecutionStep.System.Web.HttpApplication.IExecutionStep.Execute()
   at System.Web.HttpApplication.ExecuteStep(IExecutionStep step, Boolean& completedSynchronously)
2016-06-08 @ 15:29:56  FATAL ERROR   , App Error Global.asax App_Error  ---------Error Block End---------

2016-06-08 @ 15:37:33  Informational , App start Global.asax App_Start  
2016-06-08 @ 15:37:35  Informational , App start finished Global.asax App_Start  

2016-06-08 @ 15:38:59  Informational , App start Global.asax App_Start  
2016-06-08 @ 15:39:00  Informational , App start finished Global.asax App_Start  
2016-06-08 @ 15:40:07  FATAL ERROR   , There is no row at position 2. ReportIssue.aspx BindType     at System.Data.RBTree`1.GetNodeByIndex(Int32 userIndex)
   at System.Data.DataRowCollection.get_Item(Int32 index)
   at HRMS.HelpDesk.ReportIssue.BindType() in e:\Vibrant-Web Project\Vibrant-Web\src\HRMS.WebSite\HelpDesk\ReportIssue.aspx.cs:line 155
2016-06-08 @ 15:40:07  FATAL ERROR   , App Error Global.asax App_Error  System.Web.HttpUnhandledException (0x80004005): Exception of type 'System.Web.HttpUnhandledException' was thrown. ---> V2.CommonServices.Exceptions.V2Exceptions: System.IndexOutOfRangeException: There is no row at position 2.
   at System.Data.RBTree`1.GetNodeByIndex(Int32 userIndex)
   at System.Data.DataRowCollection.get_Item(Int32 index)
   at HRMS.HelpDesk.ReportIssue.BindType() in e:\Vibrant-Web Project\Vibrant-Web\src\HRMS.WebSite\HelpDesk\ReportIssue.aspx.cs:line 155 ---> System.IndexOutOfRangeException: There is no row at position 2.
   at System.Data.RBTree`1.GetNodeByIndex(Int32 userIndex)
   at System.Data.DataRowCollection.get_Item(Int32 index)
   at HRMS.HelpDesk.ReportIssue.BindType() in e:\Vibrant-Web Project\Vibrant-Web\src\HRMS.WebSite\HelpDesk\ReportIssue.aspx.cs:line 155
   --- End of inner exception stack trace ---
   at HRMS.HelpDesk.ReportIssue.BindType() in e:\Vibrant-Web Project\Vibrant-Web\src\HRMS.WebSite\HelpDesk\ReportIssue.aspx.cs:line 166
   at HRMS.HelpDesk.ReportIssue.Page_Load(Object sender, EventArgs e) in e:\Vibrant-Web Project\Vibrant-Web\src\HRMS.WebSite\HelpDesk\ReportIssue.aspx.cs:line 99
   at System.Web.Util.CalliEventHandlerDelegateProxy.Callback(Object sender, EventArgs e)
   at System.EventHandler.Invoke(Object sender, EventArgs e)
   at System.Web.UI.Control.OnLoad(EventArgs e)
   at System.Web.UI.Control.LoadRecursive()
   at System.Web.UI.Page.ProcessRequestMain(Boolean includeStagesBeforeAsyncPoint, Boolean includeStagesAfterAsyncPoint)
   at System.Web.UI.Page.HandleError(Exception e)
   at System.Web.UI.Page.ProcessRequestMain(Boolean includeStagesBeforeAsyncPoint, Boolean includeStagesAfterAsyncPoint)
   at System.Web.UI.Page.ProcessRequest(Boolean includeStagesBeforeAsyncPoint, Boolean includeStagesAfterAsyncPoint)
   at System.Web.UI.Page.ProcessRequest()
   at System.Web.UI.Page.ProcessRequestWithNoAssert(HttpContext context)
   at System.Web.UI.Page.ProcessRequest(HttpContext context)
   at ASP.helpdesk_reportissue_aspx.ProcessRequest(HttpContext context) in c:\Users\nilesh.dalal\AppData\Local\Temp\Temporary ASP.NET Files\vs\8584b857\6fc386bf\App_Web_dbs0g4dd.1.cs:line 0
   at System.Web.HttpApplication.CallHandlerExecutionStep.System.Web.HttpApplication.IExecutionStep.Execute()
   at System.Web.HttpApplication.ExecuteStep(IExecutionStep step, Boolean& completedSynchronously)
2016-06-08 @ 15:40:07  FATAL ERROR   , App Error Global.asax App_Error  ---------Error Block End---------

2016-06-08 @ 15:41:09  Informational , App start Global.asax App_Start  
2016-06-08 @ 15:41:10  Informational , App start finished Global.asax App_Start  
2016-06-08 @ 15:49:17  FATAL ERROR   , App Error Global.asax App_Error  System.Web.HttpException (0x80004005): A public action method 'ReportIssue.aspx' was not found on controller 'HRMS.Controllers.HelpDeskController'.
   at System.Web.Mvc.Controller.HandleUnknownAction(String actionName)
   at System.Web.Mvc.Controller.<BeginExecuteCore>b__1d(IAsyncResult asyncResult, ExecuteCoreState innerState)
   at System.Web.Mvc.Async.AsyncResultWrapper.WrappedAsyncVoid`1.CallEndDelegate(IAsyncResult asyncResult)
   at System.Web.Mvc.Async.AsyncResultWrapper.WrappedAsyncResultBase`1.End()
   at System.Web.Mvc.Async.AsyncResultWrapper.End[TResult](IAsyncResult asyncResult, Object tag)
   at System.Web.Mvc.Async.AsyncResultWrapper.End(IAsyncResult asyncResult, Object tag)
   at System.Web.Mvc.Controller.EndExecuteCore(IAsyncResult asyncResult)
   at System.Web.Mvc.Controller.<BeginExecute>b__15(IAsyncResult asyncResult, Controller controller)
   at System.Web.Mvc.Async.AsyncResultWrapper.WrappedAsyncVoid`1.CallEndDelegate(IAsyncResult asyncResult)
   at System.Web.Mvc.Async.AsyncResultWrapper.WrappedAsyncResultBase`1.End()
   at System.Web.Mvc.Async.AsyncResultWrapper.End[TResult](IAsyncResult asyncResult, Object tag)
   at System.Web.Mvc.Async.AsyncResultWrapper.End(IAsyncResult asyncResult, Object tag)
   at System.Web.Mvc.Controller.EndExecute(IAsyncResult asyncResult)
   at System.Web.Mvc.Controller.System.Web.Mvc.Async.IAsyncController.EndExecute(IAsyncResult asyncResult)
   at System.Web.Mvc.MvcHandler.<BeginProcessRequest>b__5(IAsyncResult asyncResult, ProcessRequestState innerState)
   at System.Web.Mvc.Async.AsyncResultWrapper.WrappedAsyncVoid`1.CallEndDelegate(IAsyncResult asyncResult)
   at System.Web.Mvc.Async.AsyncResultWrapper.WrappedAsyncResultBase`1.End()
   at System.Web.Mvc.Async.AsyncResultWrapper.End[TResult](IAsyncResult asyncResult, Object tag)
   at System.Web.Mvc.Async.AsyncResultWrapper.End(IAsyncResult asyncResult, Object tag)
   at System.Web.Mvc.MvcHandler.EndProcessRequest(IAsyncResult asyncResult)
   at System.Web.Mvc.MvcHandler.System.Web.IHttpAsyncHandler.EndProcessRequest(IAsyncResult result)
   at System.Web.HttpApplication.CallHandlerExecutionStep.System.Web.HttpApplication.IExecutionStep.Execute()
   at System.Web.HttpApplication.ExecuteStep(IExecutionStep step, Boolean& completedSynchronously)
2016-06-08 @ 15:49:17  FATAL ERROR   , App Error Global.asax App_Error  ---------Error Block End---------
2016-06-08 @ 15:49:49  FATAL ERROR   , App Error Global.asax App_Error  System.Web.HttpException (0x80004005): A public action method 'ReportIssue.aspx' was not found on controller 'HRMS.Controllers.HelpDeskController'.
   at System.Web.Mvc.Controller.HandleUnknownAction(String actionName)
   at System.Web.Mvc.Controller.<BeginExecuteCore>b__1d(IAsyncResult asyncResult, ExecuteCoreState innerState)
   at System.Web.Mvc.Async.AsyncResultWrapper.WrappedAsyncVoid`1.CallEndDelegate(IAsyncResult asyncResult)
   at System.Web.Mvc.Async.AsyncResultWrapper.WrappedAsyncResultBase`1.End()
   at System.Web.Mvc.Async.AsyncResultWrapper.End[TResult](IAsyncResult asyncResult, Object tag)
   at System.Web.Mvc.Async.AsyncResultWrapper.End(IAsyncResult asyncResult, Object tag)
   at System.Web.Mvc.Controller.EndExecuteCore(IAsyncResult asyncResult)
   at System.Web.Mvc.Controller.<BeginExecute>b__15(IAsyncResult asyncResult, Controller controller)
   at System.Web.Mvc.Async.AsyncResultWrapper.WrappedAsyncVoid`1.CallEndDelegate(IAsyncResult asyncResult)
   at System.Web.Mvc.Async.AsyncResultWrapper.WrappedAsyncResultBase`1.End()
   at System.Web.Mvc.Async.AsyncResultWrapper.End[TResult](IAsyncResult asyncResult, Object tag)
   at System.Web.Mvc.Async.AsyncResultWrapper.End(IAsyncResult asyncResult, Object tag)
   at System.Web.Mvc.Controller.EndExecute(IAsyncResult asyncResult)
   at System.Web.Mvc.Controller.System.Web.Mvc.Async.IAsyncController.EndExecute(IAsyncResult asyncResult)
   at System.Web.Mvc.MvcHandler.<BeginProcessRequest>b__5(IAsyncResult asyncResult, ProcessRequestState innerState)
   at System.Web.Mvc.Async.AsyncResultWrapper.WrappedAsyncVoid`1.CallEndDelegate(IAsyncResult asyncResult)
   at System.Web.Mvc.Async.AsyncResultWrapper.WrappedAsyncResultBase`1.End()
   at System.Web.Mvc.Async.AsyncResultWrapper.End[TResult](IAsyncResult asyncResult, Object tag)
   at System.Web.Mvc.Async.AsyncResultWrapper.End(IAsyncResult asyncResult, Object tag)
   at System.Web.Mvc.MvcHandler.EndProcessRequest(IAsyncResult asyncResult)
   at System.Web.Mvc.MvcHandler.System.Web.IHttpAsyncHandler.EndProcessRequest(IAsyncResult result)
   at System.Web.HttpApplication.CallHandlerExecutionStep.System.Web.HttpApplication.IExecutionStep.Execute()
   at System.Web.HttpApplication.ExecuteStep(IExecutionStep step, Boolean& completedSynchronously)
2016-06-08 @ 15:49:49  FATAL ERROR   , App Error Global.asax App_Error  ---------Error Block End---------

2016-06-08 @ 15:53:28  Informational , App start Global.asax App_Start  
2016-06-08 @ 15:53:29  Informational , App start finished Global.asax App_Start  
2016-06-08 @ 16:05:24  FATAL ERROR   , Object reference not set to an instance of an object. LeaveApproval.aspx.cs gvLeaveApprovals_RowDataBound     at HRMS.Orbitweb.LeaveApproval.gvLeaveApprovals_RowDataBound(Object sender, GridViewRowEventArgs e) in e:\Vibrant-Web Project\Vibrant-Web\src\HRMS.WebSite\Orbitweb\LeaveApproval.aspx.cs:line 1232
2016-06-08 @ 16:05:24  FATAL ERROR   , App Error Global.asax App_Error  System.Web.HttpUnhandledException (0x80004005): Exception of type 'System.Web.HttpUnhandledException' was thrown. ---> V2.CommonServices.Exceptions.V2Exceptions: System.NullReferenceException: Object reference not set to an instance of an object.
   at HRMS.Orbitweb.LeaveApproval.gvLeaveApprovals_RowDataBound(Object sender, GridViewRowEventArgs e) in e:\Vibrant-Web Project\Vibrant-Web\src\HRMS.WebSite\Orbitweb\LeaveApproval.aspx.cs:line 1232 ---> System.NullReferenceException: Object reference not set to an instance of an object.
   at HRMS.Orbitweb.LeaveApproval.gvLeaveApprovals_RowDataBound(Object sender, GridViewRowEventArgs e) in e:\Vibrant-Web Project\Vibrant-Web\src\HRMS.WebSite\Orbitweb\LeaveApproval.aspx.cs:line 1232
   --- End of inner exception stack trace ---
   at HRMS.Orbitweb.LeaveApproval.gvLeaveApprovals_RowDataBound(Object sender, GridViewRowEventArgs e) in e:\Vibrant-Web Project\Vibrant-Web\src\HRMS.WebSite\Orbitweb\LeaveApproval.aspx.cs:line 1322
   at System.Web.UI.WebControls.GridView.OnRowDataBound(GridViewRowEventArgs e)
   at System.Web.UI.WebControls.GridView.CreateRow(Int32 rowIndex, Int32 dataSourceIndex, DataControlRowType rowType, DataControlRowState rowState, Boolean dataBind, Object dataItem, DataControlField[] fields, TableRowCollection rows, PagedDataSource pagedDataSource)
   at System.Web.UI.WebControls.GridView.CreateChildControls(IEnumerable dataSource, Boolean dataBinding)
   at System.Web.UI.WebControls.CompositeDataBoundControl.PerformDataBinding(IEnumerable data)
   at System.Web.UI.WebControls.GridView.PerformDataBinding(IEnumerable data)
   at System.Web.UI.WebControls.DataBoundControl.OnDataSourceViewSelectCallback(IEnumerable data)
   at System.Web.UI.DataSourceView.Select(DataSourceSelectArguments arguments, DataSourceViewSelectCallback callback)
   at System.Web.UI.WebControls.DataBoundControl.PerformSelect()
   at System.Web.UI.WebControls.BaseDataBoundControl.DataBind()
   at System.Web.UI.WebControls.GridView.DataBind()
   at HRMS.Orbitweb.LeaveApproval.ddlLeaveStatus_SelectedIndexChanged(Object sender, EventArgs e) in e:\Vibrant-Web Project\Vibrant-Web\src\HRMS.WebSite\Orbitweb\LeaveApproval.aspx.cs:line 1518
   at System.Web.UI.WebControls.ListControl.OnSelectedIndexChanged(EventArgs e)
   at System.Web.UI.WebControls.DropDownList.RaisePostDataChangedEvent()
   at System.Web.UI.WebControls.DropDownList.System.Web.UI.IPostBackDataHandler.RaisePostDataChangedEvent()
   at System.Web.UI.Page.RaiseChangedEvents()
   at System.Web.UI.Page.ProcessRequestMain(Boolean includeStagesBeforeAsyncPoint, Boolean includeStagesAfterAsyncPoint)
   at System.Web.UI.Page.HandleError(Exception e)
   at System.Web.UI.Page.ProcessRequestMain(Boolean includeStagesBeforeAsyncPoint, Boolean includeStagesAfterAsyncPoint)
   at System.Web.UI.Page.ProcessRequest(Boolean includeStagesBeforeAsyncPoint, Boolean includeStagesAfterAsyncPoint)
   at System.Web.UI.Page.ProcessRequest()
   at System.Web.UI.Page.ProcessRequestWithNoAssert(HttpContext context)
   at System.Web.UI.Page.ProcessRequest(HttpContext context)
   at ASP.orbitweb_leaveapproval_aspx.ProcessRequest(HttpContext context) in c:\Users\nilesh.dalal\AppData\Local\Temp\Temporary ASP.NET Files\vs\8584b857\6fc386bf\App_Web_5jfeg1oq.0.cs:line 0
   at System.Web.HttpApplication.CallHandlerExecutionStep.System.Web.HttpApplication.IExecutionStep.Execute()
   at System.Web.HttpApplication.ExecuteStep(IExecutionStep step, Boolean& completedSynchronously)
2016-06-08 @ 16:05:24  FATAL ERROR   , App Error Global.asax App_Error  ---------Error Block End---------
2016-06-08 @ 16:05:28  FATAL ERROR   , Object reference not set to an instance of an object. LeaveApproval.aspx.cs gvLeaveApprovals_RowDataBound     at HRMS.Orbitweb.LeaveApproval.gvLeaveApprovals_RowDataBound(Object sender, GridViewRowEventArgs e) in e:\Vibrant-Web Project\Vibrant-Web\src\HRMS.WebSite\Orbitweb\LeaveApproval.aspx.cs:line 1232
2016-06-08 @ 16:05:28  FATAL ERROR   , App Error Global.asax App_Error  System.Web.HttpUnhandledException (0x80004005): Exception of type 'System.Web.HttpUnhandledException' was thrown. ---> V2.CommonServices.Exceptions.V2Exceptions: System.NullReferenceException: Object reference not set to an instance of an object.
   at HRMS.Orbitweb.LeaveApproval.gvLeaveApprovals_RowDataBound(Object sender, GridViewRowEventArgs e) in e:\Vibrant-Web Project\Vibrant-Web\src\HRMS.WebSite\Orbitweb\LeaveApproval.aspx.cs:line 1232 ---> System.NullReferenceException: Object reference not set to an instance of an object.
   at HRMS.Orbitweb.LeaveApproval.gvLeaveApprovals_RowDataBound(Object sender, GridViewRowEventArgs e) in e:\Vibrant-Web Project\Vibrant-Web\src\HRMS.WebSite\Orbitweb\LeaveApproval.aspx.cs:line 1232
   --- End of inner exception stack trace ---
   at HRMS.Orbitweb.LeaveApproval.gvLeaveApprovals_RowDataBound(Object sender, GridViewRowEventArgs e) in e:\Vibrant-Web Project\Vibrant-Web\src\HRMS.WebSite\Orbitweb\LeaveApproval.aspx.cs:line 1322
   at System.Web.UI.WebControls.GridView.OnRowDataBound(GridViewRowEventArgs e)
   at System.Web.UI.WebControls.GridView.CreateRow(Int32 rowIndex, Int32 dataSourceIndex, DataControlRowType rowType, DataControlRowState rowState, Boolean dataBind, Object dataItem, DataControlField[] fields, TableRowCollection rows, PagedDataSource pagedDataSource)
   at System.Web.UI.WebControls.GridView.CreateChildControls(IEnumerable dataSource, Boolean dataBinding)
   at System.Web.UI.WebControls.CompositeDataBoundControl.PerformDataBinding(IEnumerable data)
   at System.Web.UI.WebControls.GridView.PerformDataBinding(IEnumerable data)
   at System.Web.UI.WebControls.DataBoundControl.OnDataSourceViewSelectCallback(IEnumerable data)
   at System.Web.UI.DataSourceView.Select(DataSourceSelectArguments arguments, DataSourceViewSelectCallback callback)
   at System.Web.UI.WebControls.DataBoundControl.PerformSelect()
   at System.Web.UI.WebControls.BaseDataBoundControl.DataBind()
   at System.Web.UI.WebControls.GridView.DataBind()
   at HRMS.Orbitweb.LeaveApproval.ddlLeaveStatus_SelectedIndexChanged(Object sender, EventArgs e) in e:\Vibrant-Web Project\Vibrant-Web\src\HRMS.WebSite\Orbitweb\LeaveApproval.aspx.cs:line 1518
   at System.Web.UI.WebControls.ListControl.OnSelectedIndexChanged(EventArgs e)
   at System.Web.UI.WebControls.DropDownList.RaisePostDataChangedEvent()
   at System.Web.UI.WebControls.DropDownList.System.Web.UI.IPostBackDataHandler.RaisePostDataChangedEvent()
   at System.Web.UI.Page.RaiseChangedEvents()
   at System.Web.UI.Page.ProcessRequestMain(Boolean includeStagesBeforeAsyncPoint, Boolean includeStagesAfterAsyncPoint)
   at System.Web.UI.Page.HandleError(Exception e)
   at System.Web.UI.Page.ProcessRequestMain(Boolean includeStagesBeforeAsyncPoint, Boolean includeStagesAfterAsyncPoint)
   at System.Web.UI.Page.ProcessRequest(Boolean includeStagesBeforeAsyncPoint, Boolean includeStagesAfterAsyncPoint)
   at System.Web.UI.Page.ProcessRequest()
   at System.Web.UI.Page.ProcessRequestWithNoAssert(HttpContext context)
   at System.Web.UI.Page.ProcessRequest(HttpContext context)
   at ASP.orbitweb_leaveapproval_aspx.ProcessRequest(HttpContext context) in c:\Users\nilesh.dalal\AppData\Local\Temp\Temporary ASP.NET Files\vs\8584b857\6fc386bf\App_Web_5jfeg1oq.0.cs:line 0
   at System.Web.HttpApplication.CallHandlerExecutionStep.System.Web.HttpApplication.IExecutionStep.Execute()
   at System.Web.HttpApplication.ExecuteStep(IExecutionStep step, Boolean& completedSynchronously)
2016-06-08 @ 16:05:28  FATAL ERROR   , App Error Global.asax App_Error  ---------Error Block End---------
2016-06-08 @ 16:05:33  FATAL ERROR   , Object reference not set to an instance of an object. LeaveApproval.aspx.cs gvLeaveApprovals_RowDataBound     at HRMS.Orbitweb.LeaveApproval.gvLeaveApprovals_RowDataBound(Object sender, GridViewRowEventArgs e) in e:\Vibrant-Web Project\Vibrant-Web\src\HRMS.WebSite\Orbitweb\LeaveApproval.aspx.cs:line 1232
2016-06-08 @ 16:05:33  FATAL ERROR   , App Error Global.asax App_Error  System.Web.HttpUnhandledException (0x80004005): Exception of type 'System.Web.HttpUnhandledException' was thrown. ---> V2.CommonServices.Exceptions.V2Exceptions: System.NullReferenceException: Object reference not set to an instance of an object.
   at HRMS.Orbitweb.LeaveApproval.gvLeaveApprovals_RowDataBound(Object sender, GridViewRowEventArgs e) in e:\Vibrant-Web Project\Vibrant-Web\src\HRMS.WebSite\Orbitweb\LeaveApproval.aspx.cs:line 1232 ---> System.NullReferenceException: Object reference not set to an instance of an object.
   at HRMS.Orbitweb.LeaveApproval.gvLeaveApprovals_RowDataBound(Object sender, GridViewRowEventArgs e) in e:\Vibrant-Web Project\Vibrant-Web\src\HRMS.WebSite\Orbitweb\LeaveApproval.aspx.cs:line 1232
   --- End of inner exception stack trace ---
   at HRMS.Orbitweb.LeaveApproval.gvLeaveApprovals_RowDataBound(Object sender, GridViewRowEventArgs e) in e:\Vibrant-Web Project\Vibrant-Web\src\HRMS.WebSite\Orbitweb\LeaveApproval.aspx.cs:line 1322
   at System.Web.UI.WebControls.GridView.OnRowDataBound(GridViewRowEventArgs e)
   at System.Web.UI.WebControls.GridView.CreateRow(Int32 rowIndex, Int32 dataSourceIndex, DataControlRowType rowType, DataControlRowState rowState, Boolean dataBind, Object dataItem, DataControlField[] fields, TableRowCollection rows, PagedDataSource pagedDataSource)
   at System.Web.UI.WebControls.GridView.CreateChildControls(IEnumerable dataSource, Boolean dataBinding)
   at System.Web.UI.WebControls.CompositeDataBoundControl.PerformDataBinding(IEnumerable data)
   at System.Web.UI.WebControls.GridView.PerformDataBinding(IEnumerable data)
   at System.Web.UI.WebControls.DataBoundControl.OnDataSourceViewSelectCallback(IEnumerable data)
   at System.Web.UI.DataSourceView.Select(DataSourceSelectArguments arguments, DataSourceViewSelectCallback callback)
   at System.Web.UI.WebControls.DataBoundControl.PerformSelect()
   at System.Web.UI.WebControls.BaseDataBoundControl.DataBind()
   at System.Web.UI.WebControls.GridView.DataBind()
   at HRMS.Orbitweb.LeaveApproval.ddlLeaveStatus_SelectedIndexChanged(Object sender, EventArgs e) in e:\Vibrant-Web Project\Vibrant-Web\src\HRMS.WebSite\Orbitweb\LeaveApproval.aspx.cs:line 1518
   at System.Web.UI.WebControls.ListControl.OnSelectedIndexChanged(EventArgs e)
   at System.Web.UI.WebControls.DropDownList.RaisePostDataChangedEvent()
   at System.Web.UI.WebControls.DropDownList.System.Web.UI.IPostBackDataHandler.RaisePostDataChangedEvent()
   at System.Web.UI.Page.RaiseChangedEvents()
   at System.Web.UI.Page.ProcessRequestMain(Boolean includeStagesBeforeAsyncPoint, Boolean includeStagesAfterAsyncPoint)
   at System.Web.UI.Page.HandleError(Exception e)
   at System.Web.UI.Page.ProcessRequestMain(Boolean includeStagesBeforeAsyncPoint, Boolean includeStagesAfterAsyncPoint)
   at System.Web.UI.Page.ProcessRequest(Boolean includeStagesBeforeAsyncPoint, Boolean includeStagesAfterAsyncPoint)
   at System.Web.UI.Page.ProcessRequest()
   at System.Web.UI.Page.ProcessRequestWithNoAssert(HttpContext context)
   at System.Web.UI.Page.ProcessRequest(HttpContext context)
   at ASP.orbitweb_leaveapproval_aspx.ProcessRequest(HttpContext context) in c:\Users\nilesh.dalal\AppData\Local\Temp\Temporary ASP.NET Files\vs\8584b857\6fc386bf\App_Web_5jfeg1oq.0.cs:line 0
   at System.Web.HttpApplication.CallHandlerExecutionStep.System.Web.HttpApplication.IExecutionStep.Execute()
   at System.Web.HttpApplication.ExecuteStep(IExecutionStep step, Boolean& completedSynchronously)
2016-06-08 @ 16:05:33  FATAL ERROR   , App Error Global.asax App_Error  ---------Error Block End---------

2016-06-08 @ 16:29:40  Informational , App start Global.asax App_Start  
2016-06-08 @ 16:29:42  Informational , App start finished Global.asax App_Start  

2016-06-08 @ 16:30:12  Informational , App start Global.asax App_Start  
2016-06-08 @ 16:30:18  Informational , App start finished Global.asax App_Start  
2016-06-08 @ 16:30:35  FATAL ERROR   , Thread was being aborted. LeaveApproval.aspx.cs Page_Load     at System.Threading.Thread.AbortInternal()
   at System.Threading.Thread.Abort(Object stateInfo)
   at System.Web.HttpResponse.AbortCurrentThread()
   at System.Web.HttpResponse.End()
   at System.Web.HttpResponse.Redirect(String url, Boolean endResponse, Boolean permanent)
   at System.Web.HttpResponse.Redirect(String url)
   at HRMS.HRMSPageLevelAccess.PageLevelAccess(String PageName) in e:\Vibrant-Web Project\Vibrant-Web\src\HRMS.WebSite\common\HRMSPageLevelAccess.cs:line 40
   at HRMS.Orbitweb.LeaveApproval.Page_Load(Object sender, EventArgs e) in e:\Vibrant-Web Project\Vibrant-Web\src\HRMS.WebSite\Orbitweb\LeaveApproval.aspx.cs:line 57
2016-06-08 @ 16:45:34  Informational ,  SignInSignOut.aspx.cs   User IP: ::1
2016-06-08 @ 16:45:34  Informational ,  signinsignout.aspx.cs   dynamic url: http://api.ipinfodb.com/v3/ip-country/?key=989f1374dc528a8ea159064430a19d2e0756c05b46f6943a75b03257ce8b88a2&ip=::1&format=xml
2016-06-08 @ 16:45:35  Informational ,  signinsignout.aspx.cs   response: System.Net.HttpWebResponse
2016-06-08 @ 16:45:35  Informational ,  signinsignout.aspx.cs   responsedata: <?xml version="1.0" encoding="UTF-8"?>
<Response>
	<statusCode>OK</statusCode>
	<statusMessage></statusMessage>
	<ipAddress>::1</ipAddress>
	<countryCode>-</countryCode>
	<countryName>-</countryName>
</Response>
2016-06-08 @ 16:45:35  FATAL ERROR   , Thread was being aborted. SignInSignOut.cs Page_Load     at System.Threading.Thread.AbortInternal()
   at System.Threading.Thread.Abort(Object stateInfo)
   at System.Web.HttpResponse.AbortCurrentThread()
   at System.Web.HttpResponse.End()
   at System.Web.HttpResponse.Redirect(String url, Boolean endResponse, Boolean permanent)
   at System.Web.HttpResponse.Redirect(String url)
   at HRMS.Orbitweb.SignInSignOut.Page_Load(Object sender, EventArgs e) in e:\Vibrant-Web Project\Vibrant-Web\src\HRMS.WebSite\Orbitweb\SignInSignOut.aspx.cs:line 142

2016-06-08 @ 16:48:49  Informational , App start Global.asax App_Start  
2016-06-08 @ 16:48:51  Informational , App start finished Global.asax App_Start  
2016-06-08 @ 16:49:01  FATAL ERROR   , Thread was being aborted. LeaveApproval.aspx.cs Page_Load     at System.Threading.Thread.AbortInternal()
   at System.Threading.Thread.Abort(Object stateInfo)
   at System.Web.HttpResponse.AbortCurrentThread()
   at System.Web.HttpResponse.End()
   at System.Web.HttpResponse.Redirect(String url, Boolean endResponse, Boolean permanent)
   at System.Web.HttpResponse.Redirect(String url)
   at HRMS.HRMSPageLevelAccess.PageLevelAccess(String PageName) in e:\Vibrant-Web Project\Vibrant-Web\src\HRMS.WebSite\common\HRMSPageLevelAccess.cs:line 40
   at HRMS.Orbitweb.LeaveApproval.Page_Load(Object sender, EventArgs e) in e:\Vibrant-Web Project\Vibrant-Web\src\HRMS.WebSite\Orbitweb\LeaveApproval.aspx.cs:line 57
2016-06-08 @ 16:50:08  FATAL ERROR   , Object reference not set to an instance of an object. LeaveApproval.aspx.cs gvLeaveApprovals_RowDataBound     at HRMS.Orbitweb.LeaveApproval.gvLeaveApprovals_RowDataBound(Object sender, GridViewRowEventArgs e) in e:\Vibrant-Web Project\Vibrant-Web\src\HRMS.WebSite\Orbitweb\LeaveApproval.aspx.cs:line 1233
2016-06-08 @ 16:50:11  FATAL ERROR   , App Error Global.asax App_Error  System.Web.HttpUnhandledException (0x80004005): Exception of type 'System.Web.HttpUnhandledException' was thrown. ---> V2.CommonServices.Exceptions.V2Exceptions: System.NullReferenceException: Object reference not set to an instance of an object.
   at HRMS.Orbitweb.LeaveApproval.gvLeaveApprovals_RowDataBound(Object sender, GridViewRowEventArgs e) in e:\Vibrant-Web Project\Vibrant-Web\src\HRMS.WebSite\Orbitweb\LeaveApproval.aspx.cs:line 1233 ---> System.NullReferenceException: Object reference not set to an instance of an object.
   at HRMS.Orbitweb.LeaveApproval.gvLeaveApprovals_RowDataBound(Object sender, GridViewRowEventArgs e) in e:\Vibrant-Web Project\Vibrant-Web\src\HRMS.WebSite\Orbitweb\LeaveApproval.aspx.cs:line 1233
   --- End of inner exception stack trace ---
   at HRMS.Orbitweb.LeaveApproval.gvLeaveApprovals_RowDataBound(Object sender, GridViewRowEventArgs e) in e:\Vibrant-Web Project\Vibrant-Web\src\HRMS.WebSite\Orbitweb\LeaveApproval.aspx.cs:line 1323
   at System.Web.UI.WebControls.GridView.OnRowDataBound(GridViewRowEventArgs e)
   at System.Web.UI.WebControls.GridView.CreateRow(Int32 rowIndex, Int32 dataSourceIndex, DataControlRowType rowType, DataControlRowState rowState, Boolean dataBind, Object dataItem, DataControlField[] fields, TableRowCollection rows, PagedDataSource pagedDataSource)
   at System.Web.UI.WebControls.GridView.CreateChildControls(IEnumerable dataSource, Boolean dataBinding)
   at System.Web.UI.WebControls.CompositeDataBoundControl.PerformDataBinding(IEnumerable data)
   at System.Web.UI.WebControls.GridView.PerformDataBinding(IEnumerable data)
   at System.Web.UI.WebControls.DataBoundControl.OnDataSourceViewSelectCallback(IEnumerable data)
   at System.Web.UI.DataSourceView.Select(DataSourceSelectArguments arguments, DataSourceViewSelectCallback callback)
   at System.Web.UI.WebControls.DataBoundControl.PerformSelect()
   at System.Web.UI.WebControls.BaseDataBoundControl.DataBind()
   at System.Web.UI.WebControls.GridView.DataBind()
   at HRMS.Orbitweb.LeaveApproval.ddlLeaveStatus_SelectedIndexChanged(Object sender, EventArgs e) in e:\Vibrant-Web Project\Vibrant-Web\src\HRMS.WebSite\Orbitweb\LeaveApproval.aspx.cs:line 1519
   at System.Web.UI.WebControls.ListControl.OnSelectedIndexChanged(EventArgs e)
   at System.Web.UI.WebControls.DropDownList.RaisePostDataChangedEvent()
   at System.Web.UI.WebControls.DropDownList.System.Web.UI.IPostBackDataHandler.RaisePostDataChangedEvent()
   at System.Web.UI.Page.RaiseChangedEvents()
   at System.Web.UI.Page.ProcessRequestMain(Boolean includeStagesBeforeAsyncPoint, Boolean includeStagesAfterAsyncPoint)
   at System.Web.UI.Page.HandleError(Exception e)
   at System.Web.UI.Page.ProcessRequestMain(Boolean includeStagesBeforeAsyncPoint, Boolean includeStagesAfterAsyncPoint)
   at System.Web.UI.Page.ProcessRequest(Boolean includeStagesBeforeAsyncPoint, Boolean includeStagesAfterAsyncPoint)
   at System.Web.UI.Page.ProcessRequest()
   at System.Web.UI.Page.ProcessRequestWithNoAssert(HttpContext context)
   at System.Web.UI.Page.ProcessRequest(HttpContext context)
   at ASP.orbitweb_leaveapproval_aspx.ProcessRequest(HttpContext context) in c:\Users\nilesh.dalal\AppData\Local\Temp\Temporary ASP.NET Files\vs\8584b857\6fc386bf\App_Web_d1krebtj.1.cs:line 0
   at System.Web.HttpApplication.CallHandlerExecutionStep.System.Web.HttpApplication.IExecutionStep.Execute()
   at System.Web.HttpApplication.ExecuteStep(IExecutionStep step, Boolean& completedSynchronously)
2016-06-08 @ 16:50:11  FATAL ERROR   , App Error Global.asax App_Error  ---------Error Block End---------

2016-06-08 @ 17:00:00  Informational , App start Global.asax App_Start  
2016-06-08 @ 17:00:02  Informational , App start finished Global.asax App_Start  

2016-06-08 @ 17:13:18  Informational , App start Global.asax App_Start  
2016-06-08 @ 17:13:20  Informational , App start finished Global.asax App_Start  
2016-06-08 @ 17:13:28  FATAL ERROR   , Thread was being aborted. LeaveApproval.aspx.cs Page_Load     at System.Threading.Thread.AbortInternal()
   at System.Threading.Thread.Abort(Object stateInfo)
   at System.Web.HttpResponse.AbortCurrentThread()
   at System.Web.HttpResponse.End()
   at System.Web.HttpResponse.Redirect(String url, Boolean endResponse, Boolean permanent)
   at System.Web.HttpResponse.Redirect(String url)
   at HRMS.HRMSPageLevelAccess.PageLevelAccess(String PageName) in e:\Vibrant-Web Project\Vibrant-Web\src\HRMS.WebSite\common\HRMSPageLevelAccess.cs:line 40
   at HRMS.Orbitweb.LeaveApproval.Page_Load(Object sender, EventArgs e) in e:\Vibrant-Web Project\Vibrant-Web\src\HRMS.WebSite\Orbitweb\LeaveApproval.aspx.cs:line 57
2016-06-08 @ 17:13:28  FATAL ERROR   , Thread was being aborted. LeaveApproval.aspx.cs Page_Load     at System.Threading.Thread.AbortInternal()
   at System.Threading.Thread.Abort(Object stateInfo)
   at System.Web.HttpResponse.AbortCurrentThread()
   at System.Web.HttpResponse.End()
   at System.Web.HttpResponse.Redirect(String url, Boolean endResponse, Boolean permanent)
   at System.Web.HttpResponse.Redirect(String url)
   at HRMS.HRMSPageLevelAccess.PageLevelAccess(String PageName) in e:\Vibrant-Web Project\Vibrant-Web\src\HRMS.WebSite\common\HRMSPageLevelAccess.cs:line 40
   at HRMS.Orbitweb.LeaveApproval.Page_Load(Object sender, EventArgs e) in e:\Vibrant-Web Project\Vibrant-Web\src\HRMS.WebSite\Orbitweb\LeaveApproval.aspx.cs:line 57
2016-06-08 @ 17:21:22  Informational ,  SignInSignOut.aspx.cs   User IP: ::1
2016-06-08 @ 17:21:22  Informational ,  signinsignout.aspx.cs   dynamic url: http://api.ipinfodb.com/v3/ip-country/?key=989f1374dc528a8ea159064430a19d2e0756c05b46f6943a75b03257ce8b88a2&ip=::1&format=xml
2016-06-08 @ 17:21:23  Informational ,  signinsignout.aspx.cs   response: System.Net.HttpWebResponse
2016-06-08 @ 17:21:23  Informational ,  signinsignout.aspx.cs   responsedata: <?xml version="1.0" encoding="UTF-8"?>
<Response>
	<statusCode>OK</statusCode>
	<statusMessage></statusMessage>
	<ipAddress>::1</ipAddress>
	<countryCode>-</countryCode>
	<countryName>-</countryName>
</Response>
2016-06-08 @ 17:21:23  FATAL ERROR   , Thread was being aborted. SignInSignOut.cs Page_Load     at System.Threading.Thread.AbortInternal()
   at System.Threading.Thread.Abort(Object stateInfo)
   at System.Web.HttpResponse.AbortCurrentThread()
   at System.Web.HttpResponse.End()
   at System.Web.HttpResponse.Redirect(String url, Boolean endResponse, Boolean permanent)
   at System.Web.HttpResponse.Redirect(String url)
   at HRMS.Orbitweb.SignInSignOut.Page_Load(Object sender, EventArgs e) in e:\Vibrant-Web Project\Vibrant-Web\src\HRMS.WebSite\Orbitweb\SignInSignOut.aspx.cs:line 142

2016-06-08 @ 17:26:47  Informational , App start Global.asax App_Start  
2016-06-08 @ 17:26:48  Informational , App start finished Global.asax App_Start  
2016-06-08 @ 17:26:57  FATAL ERROR   , Thread was being aborted. LeaveApproval.aspx.cs Page_Load     at System.Threading.Thread.AbortInternal()
   at System.Threading.Thread.Abort(Object stateInfo)
   at System.Web.HttpResponse.AbortCurrentThread()
   at System.Web.HttpResponse.End()
   at System.Web.HttpResponse.Redirect(String url, Boolean endResponse, Boolean permanent)
   at System.Web.HttpResponse.Redirect(String url)
   at HRMS.HRMSPageLevelAccess.PageLevelAccess(String PageName) in e:\Vibrant-Web Project\Vibrant-Web\src\HRMS.WebSite\common\HRMSPageLevelAccess.cs:line 40
   at HRMS.Orbitweb.LeaveApproval.Page_Load(Object sender, EventArgs e) in e:\Vibrant-Web Project\Vibrant-Web\src\HRMS.WebSite\Orbitweb\LeaveApproval.aspx.cs:line 57

2016-06-08 @ 17:29:08  Informational , App start Global.asax App_Start  
2016-06-08 @ 17:29:09  Informational , App start finished Global.asax App_Start  

2016-06-08 @ 17:30:40  Informational , App start Global.asax App_Start  
2016-06-08 @ 17:30:41  Informational , App start finished Global.asax App_Start  
2016-06-08 @ 17:30:52  FATAL ERROR   , Thread was being aborted. LeaveApproval.aspx.cs Page_Load     at System.Threading.Thread.AbortInternal()
   at System.Threading.Thread.Abort(Object stateInfo)
   at System.Web.HttpResponse.AbortCurrentThread()
   at System.Web.HttpResponse.End()
   at System.Web.HttpResponse.Redirect(String url, Boolean endResponse, Boolean permanent)
   at System.Web.HttpResponse.Redirect(String url)
   at HRMS.HRMSPageLevelAccess.PageLevelAccess(String PageName) in e:\Vibrant-Web Project\Vibrant-Web\src\HRMS.WebSite\common\HRMSPageLevelAccess.cs:line 40
   at HRMS.Orbitweb.LeaveApproval.Page_Load(Object sender, EventArgs e) in e:\Vibrant-Web Project\Vibrant-Web\src\HRMS.WebSite\Orbitweb\LeaveApproval.aspx.cs:line 57

2016-06-08 @ 18:16:02  Informational , App start Global.asax App_Start  
2016-06-08 @ 18:16:03  Informational , App start finished Global.asax App_Start  
2016-06-08 @ 18:18:40  FATAL ERROR   , Value cannot be null.
Parameter name: address EmailActivity.cs ActivityExecutionStatus     at System.Net.Mail.MailAddress..ctor(String address, String displayName, Encoding displayNameEncoding)
   at System.Net.Mail.MailAddress..ctor(String address)
   at V2.Orbit.Workflow.Activities.MailActivity.EmailActivity.Execute(ActivityExecutionContext context)
2016-06-08 @ 18:26:05  FATAL ERROR   , Unrecognized Guid format. SignInSignOut.cs SignIn     at System.Guid.GuidResult.SetFailure(ParseFailureKind failure, String failureMessageID, Object failureMessageFormatArgument, String failureArgumentName, Exception innerException)
   at System.Guid.TryParseGuid(String g, GuidStyles flags, GuidResult& result)
   at System.Guid..ctor(String g)
   at HRMS.Orbitweb.SignInSignOut.SignIn(SignInSignOutModel objSignInSignOutModel) in e:\Vibrant-Web Project\Vibrant-Web\src\HRMS.WebSite\Orbitweb\SignInSignOut.aspx.cs:line 413
2016-06-08 @ 18:26:06  FATAL ERROR   , App Error Global.asax App_Error  System.Web.HttpUnhandledException (0x80004005): Exception of type 'System.Web.HttpUnhandledException' was thrown. ---> V2.CommonServices.Exceptions.V2Exceptions: System.FormatException: Unrecognized Guid format.
   at System.Guid.GuidResult.SetFailure(ParseFailureKind failure, String failureMessageID, Object failureMessageFormatArgument, String failureArgumentName, Exception innerException)
   at System.Guid.TryParseGuid(String g, GuidStyles flags, GuidResult& result)
   at System.Guid..ctor(String g)
   at HRMS.Orbitweb.SignInSignOut.SignIn(SignInSignOutModel objSignInSignOutModel) in e:\Vibrant-Web Project\Vibrant-Web\src\HRMS.WebSite\Orbitweb\SignInSignOut.aspx.cs:line 413 ---> System.FormatException: Unrecognized Guid format.
   at System.Guid.GuidResult.SetFailure(ParseFailureKind failure, String failureMessageID, Object failureMessageFormatArgument, String failureArgumentName, Exception innerException)
   at System.Guid.TryParseGuid(String g, GuidStyles flags, GuidResult& result)
   at System.Guid..ctor(String g)
   at HRMS.Orbitweb.SignInSignOut.SignIn(SignInSignOutModel objSignInSignOutModel) in e:\Vibrant-Web Project\Vibrant-Web\src\HRMS.WebSite\Orbitweb\SignInSignOut.aspx.cs:line 413
   --- End of inner exception stack trace ---
   at HRMS.Orbitweb.SignInSignOut.SignIn(SignInSignOutModel objSignInSignOutModel) in e:\Vibrant-Web Project\Vibrant-Web\src\HRMS.WebSite\Orbitweb\SignInSignOut.aspx.cs:line 430
   at HRMS.Orbitweb.SignInSignOut.btnSignIn_Click(Object sender, EventArgs e) in e:\Vibrant-Web Project\Vibrant-Web\src\HRMS.WebSite\Orbitweb\SignInSignOut.aspx.cs:line 324
   at System.Web.UI.WebControls.Button.OnClick(EventArgs e)
   at System.Web.UI.WebControls.Button.RaisePostBackEvent(String eventArgument)
   at System.Web.UI.WebControls.Button.System.Web.UI.IPostBackEventHandler.RaisePostBackEvent(String eventArgument)
   at System.Web.UI.Page.RaisePostBackEvent(IPostBackEventHandler sourceControl, String eventArgument)
   at System.Web.UI.Page.RaisePostBackEvent(NameValueCollection postData)
   at System.Web.UI.Page.ProcessRequestMain(Boolean includeStagesBeforeAsyncPoint, Boolean includeStagesAfterAsyncPoint)
   at System.Web.UI.Page.HandleError(Exception e)
   at System.Web.UI.Page.ProcessRequestMain(Boolean includeStagesBeforeAsyncPoint, Boolean includeStagesAfterAsyncPoint)
   at System.Web.UI.Page.ProcessRequest(Boolean includeStagesBeforeAsyncPoint, Boolean includeStagesAfterAsyncPoint)
   at System.Web.UI.Page.ProcessRequest()
   at System.Web.UI.Page.ProcessRequestWithNoAssert(HttpContext context)
   at System.Web.UI.Page.ProcessRequest(HttpContext context)
   at ASP.orbitweb_signinsignout_aspx.ProcessRequest(HttpContext context) in c:\Users\nilesh.dalal\AppData\Local\Temp\Temporary ASP.NET Files\vs\8584b857\6fc386bf\App_Web_j2vtd0hx.1.cs:line 0
   at System.Web.HttpApplication.CallHandlerExecutionStep.System.Web.HttpApplication.IExecutionStep.Execute()
   at System.Web.HttpApplication.ExecuteStep(IExecutionStep step, Boolean& completedSynchronously)
2016-06-08 @ 18:26:06  FATAL ERROR   , App Error Global.asax App_Error  ---------Error Block End---------
2016-06-08 @ 18:40:53  Informational ,  SignInSignOut.aspx.cs   User IP: ::1
2016-06-08 @ 18:40:53  Informational ,  signinsignout.aspx.cs   dynamic url: http://api.ipinfodb.com/v3/ip-country/?key=989f1374dc528a8ea159064430a19d2e0756c05b46f6943a75b03257ce8b88a2&ip=::1&format=xml
2016-06-08 @ 18:40:54  Informational ,  signinsignout.aspx.cs   response: System.Net.HttpWebResponse
2016-06-08 @ 18:40:54  Informational ,  signinsignout.aspx.cs   responsedata: <?xml version="1.0" encoding="UTF-8"?>
<Response>
	<statusCode>OK</statusCode>
	<statusMessage></statusMessage>
	<ipAddress>::1</ipAddress>
	<countryCode>-</countryCode>
	<countryName>-</countryName>
</Response>
2016-06-08 @ 18:40:54  FATAL ERROR   , Thread was being aborted. SignInSignOut.cs Page_Load     at System.Threading.Thread.AbortInternal()
   at System.Threading.Thread.Abort(Object stateInfo)
   at System.Web.HttpResponse.AbortCurrentThread()
   at System.Web.HttpResponse.End()
   at System.Web.HttpResponse.Redirect(String url, Boolean endResponse, Boolean permanent)
   at System.Web.HttpResponse.Redirect(String url)
   at HRMS.Orbitweb.SignInSignOut.Page_Load(Object sender, EventArgs e) in e:\Vibrant-Web Project\Vibrant-Web\src\HRMS.WebSite\Orbitweb\SignInSignOut.aspx.cs:line 142
2016-06-08 @ 18:42:12  Informational ,  SignInSignOut.aspx.cs   User IP: ::1
2016-06-08 @ 18:42:12  Informational ,  signinsignout.aspx.cs   dynamic url: http://api.ipinfodb.com/v3/ip-country/?key=989f1374dc528a8ea159064430a19d2e0756c05b46f6943a75b03257ce8b88a2&ip=::1&format=xml
2016-06-08 @ 18:42:12  Informational ,  signinsignout.aspx.cs   response: System.Net.HttpWebResponse
2016-06-08 @ 18:42:12  Informational ,  signinsignout.aspx.cs   responsedata: <?xml version="1.0" encoding="UTF-8"?>
<Response>
	<statusCode>OK</statusCode>
	<statusMessage></statusMessage>
	<ipAddress>::1</ipAddress>
	<countryCode>-</countryCode>
	<countryName>-</countryName>
</Response>
2016-06-08 @ 18:42:12  FATAL ERROR   , Thread was being aborted. SignInSignOut.cs Page_Load     at System.Threading.Thread.AbortInternal()
   at System.Threading.Thread.Abort(Object stateInfo)
   at System.Web.HttpResponse.AbortCurrentThread()
   at System.Web.HttpResponse.End()
   at System.Web.HttpResponse.Redirect(String url, Boolean endResponse, Boolean permanent)
   at System.Web.HttpResponse.Redirect(String url)
   at HRMS.Orbitweb.SignInSignOut.Page_Load(Object sender, EventArgs e) in e:\Vibrant-Web Project\Vibrant-Web\src\HRMS.WebSite\Orbitweb\SignInSignOut.aspx.cs:line 142

2016-06-08 @ 18:43:27  Informational , App start Global.asax App_Start  
2016-06-08 @ 18:43:28  Informational , App start finished Global.asax App_Start  

2016-06-08 @ 18:49:17  Informational , App start Global.asax App_Start  
2016-06-08 @ 18:49:19  Informational , App start finished Global.asax App_Start  
2016-06-08 @ 18:49:28  FATAL ERROR   , Thread was being aborted. LeaveApproval.aspx.cs Page_Load     at System.Threading.Thread.AbortInternal()
   at System.Threading.Thread.Abort(Object stateInfo)
   at System.Web.HttpResponse.AbortCurrentThread()
   at System.Web.HttpResponse.End()
   at System.Web.HttpResponse.Redirect(String url, Boolean endResponse, Boolean permanent)
   at System.Web.HttpResponse.Redirect(String url)
   at HRMS.HRMSPageLevelAccess.PageLevelAccess(String PageName) in e:\Vibrant-Web Project\Vibrant-Web\src\HRMS.WebSite\common\HRMSPageLevelAccess.cs:line 40
   at HRMS.Orbitweb.LeaveApproval.Page_Load(Object sender, EventArgs e) in e:\Vibrant-Web Project\Vibrant-Web\src\HRMS.WebSite\Orbitweb\LeaveApproval.aspx.cs:line 57
