
2016-03-15 @ 10:46:18  Informational , App start Global.asax App_Start  
2016-03-15 @ 10:46:34  Informational , App start finished Global.asax App_Start  
2016-03-15 @ 10:46:35  FATAL ERROR   , App Error Global.asax App_Error  System.Web.HttpException (0x80004005): Path '/Views/Shared/AppraisalMaster/ReviewInitiation.cshtml' was not found.
   at System.Web.HttpNotFoundHandler.ProcessRequest(HttpContext context)
   at System.Web.HttpApplication.CallHandlerExecutionStep.System.Web.HttpApplication.IExecutionStep.Execute()
   at System.Web.HttpApplication.ExecuteStep(IExecutionStep step, Boolean& completedSynchronously)
2016-03-15 @ 10:46:35  FATAL ERROR   , App Error Global.asax App_Error  ---------Error Block End---------
2016-03-15 @ 10:49:52  Informational ,  SignInSignOut.aspx.cs   User IP: ::1
2016-03-15 @ 10:49:53  Informational ,  signinsignout.aspx.cs   dynamic url: http://api.ipinfodb.com/v3/ip-country/?key=989f1374dc528a8ea159064430a19d2e0756c05b46f6943a75b03257ce8b88a2&ip=::1&format=xml
2016-03-15 @ 10:49:55  Informational ,  signinsignout.aspx.cs   response: System.Net.HttpWebResponse
2016-03-15 @ 10:49:55  Informational ,  signinsignout.aspx.cs   responsedata: <?xml version="1.0" encoding="UTF-8"?>
<Response>
	<statusCode>OK</statusCode>
	<statusMessage></statusMessage>
	<ipAddress>::1</ipAddress>
	<countryCode>-</countryCode>
	<countryName>-</countryName>
</Response>
2016-03-15 @ 10:49:57  FATAL ERROR   , Thread was being aborted. SignInSignOut.cs Page_Load     at System.Threading.Thread.AbortInternal()
   at System.Threading.Thread.Abort(Object stateInfo)
   at System.Web.HttpResponse.AbortCurrentThread()
   at System.Web.HttpResponse.End()
   at System.Web.HttpResponse.Redirect(String url, Boolean endResponse, Boolean permanent)
   at System.Web.HttpResponse.Redirect(String url)
   at HRMS.Orbitweb.SignInSignOut.Page_Load(Object sender, EventArgs e) in d:\VB\src\HRMS.WebSite\Orbitweb\SignInSignOut.aspx.cs:line 155

2016-03-15 @ 11:29:49  Informational , App start Global.asax App_Start  
2016-03-15 @ 11:29:57  Informational , App start finished Global.asax App_Start  
2016-03-15 @ 11:34:11  Informational ,  SignInSignOut.aspx.cs   User IP: ::1
2016-03-15 @ 11:34:11  Informational ,  signinsignout.aspx.cs   dynamic url: http://api.ipinfodb.com/v3/ip-country/?key=989f1374dc528a8ea159064430a19d2e0756c05b46f6943a75b03257ce8b88a2&ip=::1&format=xml
2016-03-15 @ 11:34:12  Informational ,  signinsignout.aspx.cs   response: System.Net.HttpWebResponse
2016-03-15 @ 11:34:12  Informational ,  signinsignout.aspx.cs   responsedata: <?xml version="1.0" encoding="UTF-8"?>
<Response>
	<statusCode>OK</statusCode>
	<statusMessage></statusMessage>
	<ipAddress>::1</ipAddress>
	<countryCode>-</countryCode>
	<countryName>-</countryName>
</Response>
2016-03-15 @ 11:34:12  FATAL ERROR   , Thread was being aborted. SignInSignOut.cs Page_Load     at System.Threading.Thread.AbortInternal()
   at System.Threading.Thread.Abort(Object stateInfo)
   at System.Web.HttpResponse.AbortCurrentThread()
   at System.Web.HttpResponse.End()
   at System.Web.HttpResponse.Redirect(String url, Boolean endResponse, Boolean permanent)
   at System.Web.HttpResponse.Redirect(String url)
   at HRMS.Orbitweb.SignInSignOut.Page_Load(Object sender, EventArgs e) in d:\VB\src\HRMS.WebSite\Orbitweb\SignInSignOut.aspx.cs:line 155
2016-03-15 @ 11:47:05  Informational ,  SignInSignOut.aspx.cs   User IP: ::1
2016-03-15 @ 11:47:05  Informational ,  signinsignout.aspx.cs   dynamic url: http://api.ipinfodb.com/v3/ip-country/?key=989f1374dc528a8ea159064430a19d2e0756c05b46f6943a75b03257ce8b88a2&ip=::1&format=xml
2016-03-15 @ 11:47:06  Informational ,  signinsignout.aspx.cs   response: System.Net.HttpWebResponse
2016-03-15 @ 11:47:06  Informational ,  signinsignout.aspx.cs   responsedata: <?xml version="1.0" encoding="UTF-8"?>
<Response>
	<statusCode>OK</statusCode>
	<statusMessage></statusMessage>
	<ipAddress>::1</ipAddress>
	<countryCode>-</countryCode>
	<countryName>-</countryName>
</Response>
2016-03-15 @ 11:47:06  FATAL ERROR   , Thread was being aborted. SignInSignOut.cs Page_Load     at System.Threading.Thread.AbortInternal()
   at System.Threading.Thread.Abort(Object stateInfo)
   at System.Web.HttpResponse.AbortCurrentThread()
   at System.Web.HttpResponse.End()
   at System.Web.HttpResponse.Redirect(String url, Boolean endResponse, Boolean permanent)
   at System.Web.HttpResponse.Redirect(String url)
   at HRMS.Orbitweb.SignInSignOut.Page_Load(Object sender, EventArgs e) in d:\VB\src\HRMS.WebSite\Orbitweb\SignInSignOut.aspx.cs:line 155
2016-03-15 @ 12:51:33  Informational ,  SignInSignOut.aspx.cs   User IP: ::1
2016-03-15 @ 12:51:33  Informational ,  signinsignout.aspx.cs   dynamic url: http://api.ipinfodb.com/v3/ip-country/?key=989f1374dc528a8ea159064430a19d2e0756c05b46f6943a75b03257ce8b88a2&ip=::1&format=xml
2016-03-15 @ 12:51:34  Informational ,  signinsignout.aspx.cs   response: System.Net.HttpWebResponse
2016-03-15 @ 12:51:34  Informational ,  signinsignout.aspx.cs   responsedata: <?xml version="1.0" encoding="UTF-8"?>
<Response>
	<statusCode>OK</statusCode>
	<statusMessage></statusMessage>
	<ipAddress>::1</ipAddress>
	<countryCode>-</countryCode>
	<countryName>-</countryName>
</Response>
2016-03-15 @ 12:51:34  FATAL ERROR   , Thread was being aborted. SignInSignOut.cs Page_Load     at System.Threading.Thread.AbortInternal()
   at System.Threading.Thread.Abort(Object stateInfo)
   at System.Web.HttpResponse.AbortCurrentThread()
   at System.Web.HttpResponse.End()
   at System.Web.HttpResponse.Redirect(String url, Boolean endResponse, Boolean permanent)
   at System.Web.HttpResponse.Redirect(String url)
   at HRMS.Orbitweb.SignInSignOut.Page_Load(Object sender, EventArgs e) in d:\VB\src\HRMS.WebSite\Orbitweb\SignInSignOut.aspx.cs:line 155

2016-03-15 @ 13:10:01  Informational , App start Global.asax App_Start  
2016-03-15 @ 13:10:09  Informational , App start finished Global.asax App_Start  
2016-03-15 @ 13:10:34  Informational ,  SignInSignOut.aspx.cs   User IP: ::1
2016-03-15 @ 13:10:34  Informational ,  signinsignout.aspx.cs   dynamic url: http://api.ipinfodb.com/v3/ip-country/?key=989f1374dc528a8ea159064430a19d2e0756c05b46f6943a75b03257ce8b88a2&ip=::1&format=xml
2016-03-15 @ 13:10:35  Informational ,  signinsignout.aspx.cs   response: System.Net.HttpWebResponse
2016-03-15 @ 13:10:35  Informational ,  signinsignout.aspx.cs   responsedata: <?xml version="1.0" encoding="UTF-8"?>
<Response>
	<statusCode>OK</statusCode>
	<statusMessage></statusMessage>
	<ipAddress>::1</ipAddress>
	<countryCode>-</countryCode>
	<countryName>-</countryName>
</Response>
2016-03-15 @ 13:10:35  FATAL ERROR   , Thread was being aborted. SignInSignOut.cs Page_Load     at System.Threading.Thread.AbortInternal()
   at System.Threading.Thread.Abort(Object stateInfo)
   at System.Web.HttpResponse.AbortCurrentThread()
   at System.Web.HttpResponse.End()
   at System.Web.HttpResponse.Redirect(String url, Boolean endResponse, Boolean permanent)
   at System.Web.HttpResponse.Redirect(String url)
   at HRMS.Orbitweb.SignInSignOut.Page_Load(Object sender, EventArgs e) in d:\VB\src\HRMS.WebSite\Orbitweb\SignInSignOut.aspx.cs:line 155
2016-03-15 @ 13:12:24  Informational ,  SignInSignOut.aspx.cs   User IP: ::1
2016-03-15 @ 13:12:24  Informational ,  signinsignout.aspx.cs   dynamic url: http://api.ipinfodb.com/v3/ip-country/?key=989f1374dc528a8ea159064430a19d2e0756c05b46f6943a75b03257ce8b88a2&ip=::1&format=xml
2016-03-15 @ 13:12:24  Informational ,  signinsignout.aspx.cs   response: System.Net.HttpWebResponse
2016-03-15 @ 13:12:24  Informational ,  signinsignout.aspx.cs   responsedata: <?xml version="1.0" encoding="UTF-8"?>
<Response>
	<statusCode>OK</statusCode>
	<statusMessage></statusMessage>
	<ipAddress>::1</ipAddress>
	<countryCode>-</countryCode>
	<countryName>-</countryName>
</Response>
2016-03-15 @ 13:12:24  FATAL ERROR   , Thread was being aborted. SignInSignOut.cs Page_Load     at System.Threading.Thread.AbortInternal()
   at System.Threading.Thread.Abort(Object stateInfo)
   at System.Web.HttpResponse.AbortCurrentThread()
   at System.Web.HttpResponse.End()
   at System.Web.HttpResponse.Redirect(String url, Boolean endResponse, Boolean permanent)
   at System.Web.HttpResponse.Redirect(String url)
   at HRMS.Orbitweb.SignInSignOut.Page_Load(Object sender, EventArgs e) in d:\VB\src\HRMS.WebSite\Orbitweb\SignInSignOut.aspx.cs:line 155
2016-03-15 @ 13:12:42  Informational ,  SignInSignOut.aspx.cs   User IP: ::1
2016-03-15 @ 13:12:42  Informational ,  signinsignout.aspx.cs   dynamic url: http://api.ipinfodb.com/v3/ip-country/?key=989f1374dc528a8ea159064430a19d2e0756c05b46f6943a75b03257ce8b88a2&ip=::1&format=xml
2016-03-15 @ 13:12:42  Informational ,  signinsignout.aspx.cs   response: System.Net.HttpWebResponse
2016-03-15 @ 13:12:42  Informational ,  signinsignout.aspx.cs   responsedata: <?xml version="1.0" encoding="UTF-8"?>
<Response>
	<statusCode>OK</statusCode>
	<statusMessage></statusMessage>
	<ipAddress>::1</ipAddress>
	<countryCode>-</countryCode>
	<countryName>-</countryName>
</Response>
2016-03-15 @ 13:12:42  FATAL ERROR   , Thread was being aborted. SignInSignOut.cs Page_Load     at System.Threading.Thread.AbortInternal()
   at System.Threading.Thread.Abort(Object stateInfo)
   at System.Web.HttpResponse.AbortCurrentThread()
   at System.Web.HttpResponse.End()
   at System.Web.HttpResponse.Redirect(String url, Boolean endResponse, Boolean permanent)
   at System.Web.HttpResponse.Redirect(String url)
   at HRMS.Orbitweb.SignInSignOut.Page_Load(Object sender, EventArgs e) in d:\VB\src\HRMS.WebSite\Orbitweb\SignInSignOut.aspx.cs:line 155

2016-03-15 @ 13:13:38  Informational , App start Global.asax App_Start  
2016-03-15 @ 13:13:43  Informational , App start finished Global.asax App_Start  
2016-03-15 @ 13:14:05  Informational ,  SignInSignOut.aspx.cs   User IP: ::1
2016-03-15 @ 13:14:05  Informational ,  signinsignout.aspx.cs   dynamic url: http://api.ipinfodb.com/v3/ip-country/?key=989f1374dc528a8ea159064430a19d2e0756c05b46f6943a75b03257ce8b88a2&ip=::1&format=xml
2016-03-15 @ 13:14:05  Informational ,  signinsignout.aspx.cs   response: System.Net.HttpWebResponse
2016-03-15 @ 13:14:05  Informational ,  signinsignout.aspx.cs   responsedata: <?xml version="1.0" encoding="UTF-8"?>
<Response>
	<statusCode>OK</statusCode>
	<statusMessage></statusMessage>
	<ipAddress>::1</ipAddress>
	<countryCode>-</countryCode>
	<countryName>-</countryName>
</Response>
2016-03-15 @ 13:14:06  FATAL ERROR   , Thread was being aborted. SignInSignOut.cs Page_Load     at System.Threading.Thread.AbortInternal()
   at System.Threading.Thread.Abort(Object stateInfo)
   at System.Web.HttpResponse.AbortCurrentThread()
   at System.Web.HttpResponse.End()
   at System.Web.HttpResponse.Redirect(String url, Boolean endResponse, Boolean permanent)
   at System.Web.HttpResponse.Redirect(String url)
   at HRMS.Orbitweb.SignInSignOut.Page_Load(Object sender, EventArgs e) in d:\VB\src\HRMS.WebSite\Orbitweb\SignInSignOut.aspx.cs:line 155

2016-03-15 @ 13:20:47  Informational , App start Global.asax App_Start  
2016-03-15 @ 13:20:50  Informational , App start finished Global.asax App_Start  
2016-03-15 @ 13:21:16  Informational ,  SignInSignOut.aspx.cs   User IP: ::1
2016-03-15 @ 13:21:16  Informational ,  signinsignout.aspx.cs   dynamic url: http://api.ipinfodb.com/v3/ip-country/?key=989f1374dc528a8ea159064430a19d2e0756c05b46f6943a75b03257ce8b88a2&ip=::1&format=xml
2016-03-15 @ 13:21:17  Informational ,  signinsignout.aspx.cs   response: System.Net.HttpWebResponse
2016-03-15 @ 13:21:17  Informational ,  signinsignout.aspx.cs   responsedata: <?xml version="1.0" encoding="UTF-8"?>
<Response>
	<statusCode>OK</statusCode>
	<statusMessage></statusMessage>
	<ipAddress>::1</ipAddress>
	<countryCode>-</countryCode>
	<countryName>-</countryName>
</Response>
2016-03-15 @ 13:21:17  FATAL ERROR   , Thread was being aborted. SignInSignOut.cs Page_Load     at System.Threading.Thread.AbortInternal()
   at System.Threading.Thread.Abort(Object stateInfo)
   at System.Web.HttpResponse.AbortCurrentThread()
   at System.Web.HttpResponse.End()
   at System.Web.HttpResponse.Redirect(String url, Boolean endResponse, Boolean permanent)
   at System.Web.HttpResponse.Redirect(String url)
   at HRMS.Orbitweb.SignInSignOut.Page_Load(Object sender, EventArgs e) in d:\VB\src\HRMS.WebSite\Orbitweb\SignInSignOut.aspx.cs:line 155

2016-03-15 @ 14:30:08  Informational , App start Global.asax App_Start  
2016-03-15 @ 14:30:12  Informational , App start finished Global.asax App_Start  
2016-03-15 @ 14:31:20  Informational ,  SignInSignOut.aspx.cs   User IP: ::1
2016-03-15 @ 14:31:20  Informational ,  signinsignout.aspx.cs   dynamic url: http://api.ipinfodb.com/v3/ip-country/?key=989f1374dc528a8ea159064430a19d2e0756c05b46f6943a75b03257ce8b88a2&ip=::1&format=xml
2016-03-15 @ 14:31:22  Informational ,  signinsignout.aspx.cs   response: System.Net.HttpWebResponse
2016-03-15 @ 14:31:22  Informational ,  signinsignout.aspx.cs   responsedata: <?xml version="1.0" encoding="UTF-8"?>
<Response>
	<statusCode>OK</statusCode>
	<statusMessage></statusMessage>
	<ipAddress>::1</ipAddress>
	<countryCode>-</countryCode>
	<countryName>-</countryName>
</Response>
2016-03-15 @ 14:31:22  FATAL ERROR   , Thread was being aborted. SignInSignOut.cs Page_Load     at System.Threading.Thread.AbortInternal()
   at System.Threading.Thread.Abort(Object stateInfo)
   at System.Web.HttpResponse.AbortCurrentThread()
   at System.Web.HttpResponse.End()
   at System.Web.HttpResponse.Redirect(String url, Boolean endResponse, Boolean permanent)
   at System.Web.HttpResponse.Redirect(String url)
   at HRMS.Orbitweb.SignInSignOut.Page_Load(Object sender, EventArgs e) in d:\VB\src\HRMS.WebSite\Orbitweb\SignInSignOut.aspx.cs:line 155
2016-03-15 @ 15:17:22  Informational ,  SignInSignOut.aspx.cs   User IP: ::1
2016-03-15 @ 15:17:22  Informational ,  signinsignout.aspx.cs   dynamic url: http://api.ipinfodb.com/v3/ip-country/?key=989f1374dc528a8ea159064430a19d2e0756c05b46f6943a75b03257ce8b88a2&ip=::1&format=xml
2016-03-15 @ 15:17:31  Informational ,  signinsignout.aspx.cs   response: System.Net.HttpWebResponse
2016-03-15 @ 15:17:31  Informational ,  signinsignout.aspx.cs   responsedata: <?xml version="1.0" encoding="UTF-8"?>
<Response>
	<statusCode>OK</statusCode>
	<statusMessage></statusMessage>
	<ipAddress>::1</ipAddress>
	<countryCode>-</countryCode>
	<countryName>-</countryName>
</Response>
2016-03-15 @ 15:17:32  FATAL ERROR   , Thread was being aborted. SignInSignOut.cs Page_Load     at System.Threading.Thread.AbortInternal()
   at System.Threading.Thread.Abort(Object stateInfo)
   at System.Web.HttpResponse.AbortCurrentThread()
   at System.Web.HttpResponse.End()
   at System.Web.HttpResponse.Redirect(String url, Boolean endResponse, Boolean permanent)
   at System.Web.HttpResponse.Redirect(String url)
   at HRMS.Orbitweb.SignInSignOut.Page_Load(Object sender, EventArgs e) in d:\VB\src\HRMS.WebSite\Orbitweb\SignInSignOut.aspx.cs:line 155
2016-03-15 @ 15:29:01  Informational ,  SignInSignOut.aspx.cs   User IP: ::1
2016-03-15 @ 15:29:01  Informational ,  signinsignout.aspx.cs   dynamic url: http://api.ipinfodb.com/v3/ip-country/?key=989f1374dc528a8ea159064430a19d2e0756c05b46f6943a75b03257ce8b88a2&ip=::1&format=xml
2016-03-15 @ 15:29:01  Informational ,  signinsignout.aspx.cs   response: System.Net.HttpWebResponse
2016-03-15 @ 15:29:01  Informational ,  signinsignout.aspx.cs   responsedata: <?xml version="1.0" encoding="UTF-8"?>
<Response>
	<statusCode>OK</statusCode>
	<statusMessage></statusMessage>
	<ipAddress>::1</ipAddress>
	<countryCode>-</countryCode>
	<countryName>-</countryName>
</Response>
2016-03-15 @ 15:29:01  FATAL ERROR   , Thread was being aborted. SignInSignOut.cs Page_Load     at System.Threading.Thread.AbortInternal()
   at System.Threading.Thread.Abort(Object stateInfo)
   at System.Web.HttpResponse.AbortCurrentThread()
   at System.Web.HttpResponse.End()
   at System.Web.HttpResponse.Redirect(String url, Boolean endResponse, Boolean permanent)
   at System.Web.HttpResponse.Redirect(String url)
   at HRMS.Orbitweb.SignInSignOut.Page_Load(Object sender, EventArgs e) in d:\VB\src\HRMS.WebSite\Orbitweb\SignInSignOut.aspx.cs:line 155
2016-03-15 @ 15:29:33  Informational ,  SignInSignOut.aspx.cs   User IP: ::1
2016-03-15 @ 15:29:33  Informational ,  signinsignout.aspx.cs   dynamic url: http://api.ipinfodb.com/v3/ip-country/?key=989f1374dc528a8ea159064430a19d2e0756c05b46f6943a75b03257ce8b88a2&ip=::1&format=xml
2016-03-15 @ 15:29:33  Informational ,  signinsignout.aspx.cs   response: System.Net.HttpWebResponse
2016-03-15 @ 15:29:33  Informational ,  signinsignout.aspx.cs   responsedata: <?xml version="1.0" encoding="UTF-8"?>
<Response>
	<statusCode>OK</statusCode>
	<statusMessage></statusMessage>
	<ipAddress>::1</ipAddress>
	<countryCode>-</countryCode>
	<countryName>-</countryName>
</Response>
2016-03-15 @ 15:29:33  FATAL ERROR   , Thread was being aborted. SignInSignOut.cs Page_Load     at System.Threading.Thread.AbortInternal()
   at System.Threading.Thread.Abort(Object stateInfo)
   at System.Web.HttpResponse.AbortCurrentThread()
   at System.Web.HttpResponse.End()
   at System.Web.HttpResponse.Redirect(String url, Boolean endResponse, Boolean permanent)
   at System.Web.HttpResponse.Redirect(String url)
   at HRMS.Orbitweb.SignInSignOut.Page_Load(Object sender, EventArgs e) in d:\VB\src\HRMS.WebSite\Orbitweb\SignInSignOut.aspx.cs:line 155

2016-03-15 @ 15:32:01  Informational , App start Global.asax App_Start  
2016-03-15 @ 15:32:14  Informational , App start finished Global.asax App_Start  
2016-03-15 @ 15:39:37  Informational ,  SignInSignOut.aspx.cs   User IP: ::1
2016-03-15 @ 15:39:37  Informational ,  signinsignout.aspx.cs   dynamic url: http://api.ipinfodb.com/v3/ip-country/?key=989f1374dc528a8ea159064430a19d2e0756c05b46f6943a75b03257ce8b88a2&ip=::1&format=xml
2016-03-15 @ 15:39:39  Informational ,  signinsignout.aspx.cs   response: System.Net.HttpWebResponse
2016-03-15 @ 15:39:39  Informational ,  signinsignout.aspx.cs   responsedata: <?xml version="1.0" encoding="UTF-8"?>
<Response>
	<statusCode>OK</statusCode>
	<statusMessage></statusMessage>
	<ipAddress>::1</ipAddress>
	<countryCode>-</countryCode>
	<countryName>-</countryName>
</Response>
2016-03-15 @ 15:39:39  FATAL ERROR   , Thread was being aborted. SignInSignOut.cs Page_Load     at System.Threading.Thread.AbortInternal()
   at System.Threading.Thread.Abort(Object stateInfo)
   at System.Web.HttpResponse.AbortCurrentThread()
   at System.Web.HttpResponse.End()
   at System.Web.HttpResponse.Redirect(String url, Boolean endResponse, Boolean permanent)
   at System.Web.HttpResponse.Redirect(String url)
   at HRMS.Orbitweb.SignInSignOut.Page_Load(Object sender, EventArgs e) in d:\VB\src\HRMS.WebSite\Orbitweb\SignInSignOut.aspx.cs:line 155
2016-03-15 @ 15:40:54  Informational ,  SignInSignOut.aspx.cs   User IP: ::1
2016-03-15 @ 15:40:54  Informational ,  signinsignout.aspx.cs   dynamic url: http://api.ipinfodb.com/v3/ip-country/?key=989f1374dc528a8ea159064430a19d2e0756c05b46f6943a75b03257ce8b88a2&ip=::1&format=xml
2016-03-15 @ 15:40:54  Informational ,  signinsignout.aspx.cs   response: System.Net.HttpWebResponse
2016-03-15 @ 15:40:54  Informational ,  signinsignout.aspx.cs   responsedata: <?xml version="1.0" encoding="UTF-8"?>
<Response>
	<statusCode>OK</statusCode>
	<statusMessage></statusMessage>
	<ipAddress>::1</ipAddress>
	<countryCode>-</countryCode>
	<countryName>-</countryName>
</Response>
2016-03-15 @ 15:40:54  FATAL ERROR   , Thread was being aborted. SignInSignOut.cs Page_Load     at System.Threading.Thread.AbortInternal()
   at System.Threading.Thread.Abort(Object stateInfo)
   at System.Web.HttpResponse.AbortCurrentThread()
   at System.Web.HttpResponse.End()
   at System.Web.HttpResponse.Redirect(String url, Boolean endResponse, Boolean permanent)
   at System.Web.HttpResponse.Redirect(String url)
   at HRMS.Orbitweb.SignInSignOut.Page_Load(Object sender, EventArgs e) in d:\VB\src\HRMS.WebSite\Orbitweb\SignInSignOut.aspx.cs:line 155

2016-03-15 @ 16:59:04  Informational , App start Global.asax App_Start  
2016-03-15 @ 16:59:20  Informational , App start finished Global.asax App_Start  
2016-03-15 @ 17:00:11  Informational ,  SignInSignOut.aspx.cs   User IP: ::1
2016-03-15 @ 17:00:11  Informational ,  signinsignout.aspx.cs   dynamic url: http://api.ipinfodb.com/v3/ip-country/?key=989f1374dc528a8ea159064430a19d2e0756c05b46f6943a75b03257ce8b88a2&ip=::1&format=xml
2016-03-15 @ 17:00:12  Informational ,  signinsignout.aspx.cs   response: System.Net.HttpWebResponse
2016-03-15 @ 17:00:12  Informational ,  signinsignout.aspx.cs   responsedata: <?xml version="1.0" encoding="UTF-8"?>
<Response>
	<statusCode>OK</statusCode>
	<statusMessage></statusMessage>
	<ipAddress>::1</ipAddress>
	<countryCode>-</countryCode>
	<countryName>-</countryName>
</Response>
2016-03-15 @ 17:00:13  FATAL ERROR   , Thread was being aborted. SignInSignOut.cs Page_Load     at System.Threading.Thread.AbortInternal()
   at System.Threading.Thread.Abort(Object stateInfo)
   at System.Web.HttpResponse.AbortCurrentThread()
   at System.Web.HttpResponse.End()
   at System.Web.HttpResponse.Redirect(String url, Boolean endResponse, Boolean permanent)
   at System.Web.HttpResponse.Redirect(String url)
   at HRMS.Orbitweb.SignInSignOut.Page_Load(Object sender, EventArgs e) in d:\VB\src\HRMS.WebSite\Orbitweb\SignInSignOut.aspx.cs:line 155
2016-03-15 @ 17:37:18  Informational ,  SignInSignOut.aspx.cs   User IP: ::1
2016-03-15 @ 17:37:18  Informational ,  signinsignout.aspx.cs   dynamic url: http://api.ipinfodb.com/v3/ip-country/?key=989f1374dc528a8ea159064430a19d2e0756c05b46f6943a75b03257ce8b88a2&ip=::1&format=xml
2016-03-15 @ 17:37:19  Informational ,  signinsignout.aspx.cs   response: System.Net.HttpWebResponse
2016-03-15 @ 17:37:19  Informational ,  signinsignout.aspx.cs   responsedata: <?xml version="1.0" encoding="UTF-8"?>
<Response>
	<statusCode>OK</statusCode>
	<statusMessage></statusMessage>
	<ipAddress>::1</ipAddress>
	<countryCode>-</countryCode>
	<countryName>-</countryName>
</Response>
2016-03-15 @ 17:37:19  FATAL ERROR   , Thread was being aborted. SignInSignOut.cs Page_Load     at System.Threading.Thread.AbortInternal()
   at System.Threading.Thread.Abort(Object stateInfo)
   at System.Web.HttpResponse.AbortCurrentThread()
   at System.Web.HttpResponse.End()
   at System.Web.HttpResponse.Redirect(String url, Boolean endResponse, Boolean permanent)
   at System.Web.HttpResponse.Redirect(String url)
   at HRMS.Orbitweb.SignInSignOut.Page_Load(Object sender, EventArgs e) in d:\VB\src\HRMS.WebSite\Orbitweb\SignInSignOut.aspx.cs:line 155

2016-03-15 @ 18:17:03  Informational , App start Global.asax App_Start  
2016-03-15 @ 18:17:10  Informational , App start finished Global.asax App_Start  
2016-03-15 @ 18:20:22  Informational ,  SignInSignOut.aspx.cs   User IP: ::1
2016-03-15 @ 18:20:22  Informational ,  signinsignout.aspx.cs   dynamic url: http://api.ipinfodb.com/v3/ip-country/?key=989f1374dc528a8ea159064430a19d2e0756c05b46f6943a75b03257ce8b88a2&ip=::1&format=xml
2016-03-15 @ 18:20:23  Informational ,  signinsignout.aspx.cs   response: System.Net.HttpWebResponse
2016-03-15 @ 18:20:23  Informational ,  signinsignout.aspx.cs   responsedata: <?xml version="1.0" encoding="UTF-8"?>
<Response>
	<statusCode>OK</statusCode>
	<statusMessage></statusMessage>
	<ipAddress>::1</ipAddress>
	<countryCode>-</countryCode>
	<countryName>-</countryName>
</Response>
2016-03-15 @ 18:20:23  FATAL ERROR   , Thread was being aborted. SignInSignOut.cs Page_Load     at System.Threading.Thread.AbortInternal()
   at System.Threading.Thread.Abort(Object stateInfo)
   at System.Web.HttpResponse.AbortCurrentThread()
   at System.Web.HttpResponse.End()
   at System.Web.HttpResponse.Redirect(String url, Boolean endResponse, Boolean permanent)
   at System.Web.HttpResponse.Redirect(String url)
   at HRMS.Orbitweb.SignInSignOut.Page_Load(Object sender, EventArgs e) in d:\VB\src\HRMS.WebSite\Orbitweb\SignInSignOut.aspx.cs:line 155

2016-03-15 @ 18:28:34  Informational , App start Global.asax App_Start  
2016-03-15 @ 18:28:45  Informational , App start finished Global.asax App_Start  
2016-03-15 @ 18:29:30  Informational ,  SignInSignOut.aspx.cs   User IP: ::1
2016-03-15 @ 18:29:30  Informational ,  signinsignout.aspx.cs   dynamic url: http://api.ipinfodb.com/v3/ip-country/?key=989f1374dc528a8ea159064430a19d2e0756c05b46f6943a75b03257ce8b88a2&ip=::1&format=xml
2016-03-15 @ 18:29:31  Informational ,  signinsignout.aspx.cs   response: System.Net.HttpWebResponse
2016-03-15 @ 18:29:31  Informational ,  signinsignout.aspx.cs   responsedata: <?xml version="1.0" encoding="UTF-8"?>
<Response>
	<statusCode>OK</statusCode>
	<statusMessage></statusMessage>
	<ipAddress>::1</ipAddress>
	<countryCode>-</countryCode>
	<countryName>-</countryName>
</Response>
2016-03-15 @ 18:29:32  FATAL ERROR   , Thread was being aborted. SignInSignOut.cs Page_Load     at System.Threading.Thread.AbortInternal()
   at System.Threading.Thread.Abort(Object stateInfo)
   at System.Web.HttpResponse.AbortCurrentThread()
   at System.Web.HttpResponse.End()
   at System.Web.HttpResponse.Redirect(String url, Boolean endResponse, Boolean permanent)
   at System.Web.HttpResponse.Redirect(String url)
   at HRMS.Orbitweb.SignInSignOut.Page_Load(Object sender, EventArgs e) in d:\VB\src\HRMS.WebSite\Orbitweb\SignInSignOut.aspx.cs:line 155
2016-03-15 @ 18:36:15  Informational ,  SignInSignOut.aspx.cs   User IP: ::1
2016-03-15 @ 18:36:15  Informational ,  signinsignout.aspx.cs   dynamic url: http://api.ipinfodb.com/v3/ip-country/?key=989f1374dc528a8ea159064430a19d2e0756c05b46f6943a75b03257ce8b88a2&ip=::1&format=xml
2016-03-15 @ 18:36:16  Informational ,  signinsignout.aspx.cs   response: System.Net.HttpWebResponse
2016-03-15 @ 18:36:16  Informational ,  signinsignout.aspx.cs   responsedata: <?xml version="1.0" encoding="UTF-8"?>
<Response>
	<statusCode>OK</statusCode>
	<statusMessage></statusMessage>
	<ipAddress>::1</ipAddress>
	<countryCode>-</countryCode>
	<countryName>-</countryName>
</Response>
2016-03-15 @ 18:36:16  FATAL ERROR   , Thread was being aborted. SignInSignOut.cs Page_Load     at System.Threading.Thread.AbortInternal()
   at System.Threading.Thread.Abort(Object stateInfo)
   at System.Web.HttpResponse.AbortCurrentThread()
   at System.Web.HttpResponse.End()
   at System.Web.HttpResponse.Redirect(String url, Boolean endResponse, Boolean permanent)
   at System.Web.HttpResponse.Redirect(String url)
   at HRMS.Orbitweb.SignInSignOut.Page_Load(Object sender, EventArgs e) in d:\VB\src\HRMS.WebSite\Orbitweb\SignInSignOut.aspx.cs:line 155
