
2016-06-09 @ 11:41:05  Informational , App start Global.asax App_Start  
2016-06-09 @ 11:41:10  Informational , App start finished Global.asax App_Start  
2016-06-09 @ 11:41:19  FATAL ERROR   , Thread was being aborted. LeaveApproval.aspx.cs Page_Load     at System.Threading.Thread.AbortInternal()
   at System.Threading.Thread.Abort(Object stateInfo)
   at System.Web.HttpResponse.AbortCurrentThread()
   at System.Web.HttpResponse.End()
   at System.Web.HttpResponse.Redirect(String url, Boolean endResponse, Boolean permanent)
   at System.Web.HttpResponse.Redirect(String url)
   at HRMS.HRMSPageLevelAccess.PageLevelAccess(String PageName) in e:\Vibrant-Web Project\Vibrant-Web\src\HRMS.WebSite\common\HRMSPageLevelAccess.cs:line 40
   at HRMS.Orbitweb.LeaveApproval.Page_Load(Object sender, EventArgs e) in e:\Vibrant-Web Project\Vibrant-Web\src\HRMS.WebSite\Orbitweb\LeaveApproval.aspx.cs:line 57
2016-06-09 @ 11:46:58  FATAL ERROR   , There is no row at position 0. LeaveApproval.aspx.cs SendingMailToReportingPerson     at System.Data.RBTree`1.GetNodeByIndex(Int32 userIndex)
   at System.Data.DataRowCollection.get_Item(Int32 index)
   at HRMS.Orbitweb.LeaveApproval.SendingMailToReportingPerson() in e:\Vibrant-Web Project\Vibrant-Web\src\HRMS.WebSite\Orbitweb\LeaveApproval.aspx.cs:line 1584
2016-06-09 @ 11:51:53  FATAL ERROR   , There is no row at position 0. LeaveApproval.aspx.cs SendingMailToReportingPerson     at System.Data.RBTree`1.GetNodeByIndex(Int32 userIndex)
   at System.Data.DataRowCollection.get_Item(Int32 index)
   at HRMS.Orbitweb.LeaveApproval.SendingMailToReportingPerson() in e:\Vibrant-Web Project\Vibrant-Web\src\HRMS.WebSite\Orbitweb\LeaveApproval.aspx.cs:line 1584
2016-06-09 @ 11:52:41  FATAL ERROR   , There is no row at position 0. LeaveApproval.aspx.cs SendingMailToReportingPerson     at System.Data.RBTree`1.GetNodeByIndex(Int32 userIndex)
   at System.Data.DataRowCollection.get_Item(Int32 index)
   at HRMS.Orbitweb.LeaveApproval.SendingMailToReportingPerson() in e:\Vibrant-Web Project\Vibrant-Web\src\HRMS.WebSite\Orbitweb\LeaveApproval.aspx.cs:line 1584
2016-06-09 @ 11:58:35  FATAL ERROR   , There is no row at position 0. LeaveApproval.aspx.cs SendingMailToReportingPerson     at System.Data.RBTree`1.GetNodeByIndex(Int32 userIndex)
   at System.Data.DataRowCollection.get_Item(Int32 index)
   at HRMS.Orbitweb.LeaveApproval.SendingMailToReportingPerson() in e:\Vibrant-Web Project\Vibrant-Web\src\HRMS.WebSite\Orbitweb\LeaveApproval.aspx.cs:line 1584

2016-06-09 @ 12:06:26  Informational , App start Global.asax App_Start  
2016-06-09 @ 12:06:27  Informational , App start finished Global.asax App_Start  
2016-06-09 @ 12:06:36  FATAL ERROR   , Thread was being aborted. LeaveApproval.aspx.cs Page_Load     at System.Threading.Thread.AbortInternal()
   at System.Threading.Thread.Abort(Object stateInfo)
   at System.Web.HttpResponse.AbortCurrentThread()
   at System.Web.HttpResponse.End()
   at System.Web.HttpResponse.Redirect(String url, Boolean endResponse, Boolean permanent)
   at System.Web.HttpResponse.Redirect(String url)
   at HRMS.HRMSPageLevelAccess.PageLevelAccess(String PageName) in e:\Vibrant-Web Project\Vibrant-Web\src\HRMS.WebSite\common\HRMSPageLevelAccess.cs:line 40
   at HRMS.Orbitweb.LeaveApproval.Page_Load(Object sender, EventArgs e) in e:\Vibrant-Web Project\Vibrant-Web\src\HRMS.WebSite\Orbitweb\LeaveApproval.aspx.cs:line 57

2016-06-09 @ 12:08:35  Informational , App start Global.asax App_Start  
2016-06-09 @ 12:08:36  Informational , App start finished Global.asax App_Start  
2016-06-09 @ 12:08:45  FATAL ERROR   , Thread was being aborted. LeaveApproval.aspx.cs Page_Load     at System.Threading.Thread.AbortInternal()
   at System.Threading.Thread.Abort(Object stateInfo)
   at System.Web.HttpResponse.AbortCurrentThread()
   at System.Web.HttpResponse.End()
   at System.Web.HttpResponse.Redirect(String url, Boolean endResponse, Boolean permanent)
   at System.Web.HttpResponse.Redirect(String url)
   at HRMS.HRMSPageLevelAccess.PageLevelAccess(String PageName) in e:\Vibrant-Web Project\Vibrant-Web\src\HRMS.WebSite\common\HRMSPageLevelAccess.cs:line 40
   at HRMS.Orbitweb.LeaveApproval.Page_Load(Object sender, EventArgs e) in e:\Vibrant-Web Project\Vibrant-Web\src\HRMS.WebSite\Orbitweb\LeaveApproval.aspx.cs:line 57

2016-06-09 @ 12:25:31  Informational , App start Global.asax App_Start  
2016-06-09 @ 12:25:33  Informational , App start finished Global.asax App_Start  
2016-06-09 @ 12:25:40  FATAL ERROR   , Thread was being aborted. LeaveApproval.aspx.cs Page_Load     at System.Threading.Thread.AbortInternal()
   at System.Threading.Thread.Abort(Object stateInfo)
   at System.Web.HttpResponse.AbortCurrentThread()
   at System.Web.HttpResponse.End()
   at System.Web.HttpResponse.Redirect(String url, Boolean endResponse, Boolean permanent)
   at System.Web.HttpResponse.Redirect(String url)
   at HRMS.HRMSPageLevelAccess.PageLevelAccess(String PageName) in e:\Vibrant-Web Project\Vibrant-Web\src\HRMS.WebSite\common\HRMSPageLevelAccess.cs:line 40
   at HRMS.Orbitweb.LeaveApproval.Page_Load(Object sender, EventArgs e) in e:\Vibrant-Web Project\Vibrant-Web\src\HRMS.WebSite\Orbitweb\LeaveApproval.aspx.cs:line 57

2016-06-09 @ 12:40:30  Informational , App start Global.asax App_Start  
2016-06-09 @ 12:40:31  Informational , App start finished Global.asax App_Start  
2016-06-09 @ 12:40:42  FATAL ERROR   , Thread was being aborted. LeaveApproval.aspx.cs Page_Load     at System.Threading.Thread.AbortInternal()
   at System.Threading.Thread.Abort(Object stateInfo)
   at System.Web.HttpResponse.AbortCurrentThread()
   at System.Web.HttpResponse.End()
   at System.Web.HttpResponse.Redirect(String url, Boolean endResponse, Boolean permanent)
   at System.Web.HttpResponse.Redirect(String url)
   at HRMS.HRMSPageLevelAccess.PageLevelAccess(String PageName) in e:\Vibrant-Web Project\Vibrant-Web\src\HRMS.WebSite\common\HRMSPageLevelAccess.cs:line 40
   at HRMS.Orbitweb.LeaveApproval.Page_Load(Object sender, EventArgs e) in e:\Vibrant-Web Project\Vibrant-Web\src\HRMS.WebSite\Orbitweb\LeaveApproval.aspx.cs:line 57
2016-06-09 @ 12:40:54  FATAL ERROR   , Thread was being aborted. LeaveApproval.aspx.cs Page_Load     at System.Threading.Thread.AbortInternal()
   at System.Threading.Thread.Abort(Object stateInfo)
   at System.Web.HttpResponse.AbortCurrentThread()
   at System.Web.HttpResponse.End()
   at System.Web.HttpResponse.Redirect(String url, Boolean endResponse, Boolean permanent)
   at System.Web.HttpResponse.Redirect(String url)
   at HRMS.HRMSPageLevelAccess.PageLevelAccess(String PageName) in e:\Vibrant-Web Project\Vibrant-Web\src\HRMS.WebSite\common\HRMSPageLevelAccess.cs:line 40
   at HRMS.Orbitweb.LeaveApproval.Page_Load(Object sender, EventArgs e) in e:\Vibrant-Web Project\Vibrant-Web\src\HRMS.WebSite\Orbitweb\LeaveApproval.aspx.cs:line 57

2016-06-09 @ 13:05:28  Informational , App start Global.asax App_Start  
2016-06-09 @ 13:05:29  Informational , App start finished Global.asax App_Start  

2016-06-09 @ 13:34:52  Informational , App start Global.asax App_Start  
2016-06-09 @ 13:34:53  Informational , App start finished Global.asax App_Start  
2016-06-09 @ 13:35:01  FATAL ERROR   , Thread was being aborted. LeaveApproval.aspx.cs Page_Load     at System.Threading.Thread.AbortInternal()
   at System.Threading.Thread.Abort(Object stateInfo)
   at System.Web.HttpResponse.AbortCurrentThread()
   at System.Web.HttpResponse.End()
   at System.Web.HttpResponse.Redirect(String url, Boolean endResponse, Boolean permanent)
   at System.Web.HttpResponse.Redirect(String url)
   at HRMS.HRMSPageLevelAccess.PageLevelAccess(String PageName) in e:\Vibrant-Web Project\Vibrant-Web\src\HRMS.WebSite\common\HRMSPageLevelAccess.cs:line 40
   at HRMS.Orbitweb.LeaveApproval.Page_Load(Object sender, EventArgs e) in e:\Vibrant-Web Project\Vibrant-Web\src\HRMS.WebSite\Orbitweb\LeaveApproval.aspx.cs:line 56
2016-06-09 @ 13:36:04  FATAL ERROR   , App Error Global.asax App_Error  System.Web.HttpException (0x80004005): A public action method 'ReportIssue.aspx' was not found on controller 'HRMS.Controllers.HelpDeskController'.
   at System.Web.Mvc.Controller.HandleUnknownAction(String actionName)
   at System.Web.Mvc.Controller.<BeginExecuteCore>b__1d(IAsyncResult asyncResult, ExecuteCoreState innerState)
   at System.Web.Mvc.Async.AsyncResultWrapper.WrappedAsyncVoid`1.CallEndDelegate(IAsyncResult asyncResult)
   at System.Web.Mvc.Async.AsyncResultWrapper.WrappedAsyncResultBase`1.End()
   at System.Web.Mvc.Async.AsyncResultWrapper.End[TResult](IAsyncResult asyncResult, Object tag)
   at System.Web.Mvc.Async.AsyncResultWrapper.End(IAsyncResult asyncResult, Object tag)
   at System.Web.Mvc.Controller.EndExecuteCore(IAsyncResult asyncResult)
   at System.Web.Mvc.Controller.<BeginExecute>b__15(IAsyncResult asyncResult, Controller controller)
   at System.Web.Mvc.Async.AsyncResultWrapper.WrappedAsyncVoid`1.CallEndDelegate(IAsyncResult asyncResult)
   at System.Web.Mvc.Async.AsyncResultWrapper.WrappedAsyncResultBase`1.End()
   at System.Web.Mvc.Async.AsyncResultWrapper.End[TResult](IAsyncResult asyncResult, Object tag)
   at System.Web.Mvc.Async.AsyncResultWrapper.End(IAsyncResult asyncResult, Object tag)
   at System.Web.Mvc.Controller.EndExecute(IAsyncResult asyncResult)
   at System.Web.Mvc.Controller.System.Web.Mvc.Async.IAsyncController.EndExecute(IAsyncResult asyncResult)
   at System.Web.Mvc.MvcHandler.<BeginProcessRequest>b__5(IAsyncResult asyncResult, ProcessRequestState innerState)
   at System.Web.Mvc.Async.AsyncResultWrapper.WrappedAsyncVoid`1.CallEndDelegate(IAsyncResult asyncResult)
   at System.Web.Mvc.Async.AsyncResultWrapper.WrappedAsyncResultBase`1.End()
   at System.Web.Mvc.Async.AsyncResultWrapper.End[TResult](IAsyncResult asyncResult, Object tag)
   at System.Web.Mvc.Async.AsyncResultWrapper.End(IAsyncResult asyncResult, Object tag)
   at System.Web.Mvc.MvcHandler.EndProcessRequest(IAsyncResult asyncResult)
   at System.Web.Mvc.MvcHandler.System.Web.IHttpAsyncHandler.EndProcessRequest(IAsyncResult result)
   at System.Web.HttpApplication.CallHandlerExecutionStep.System.Web.HttpApplication.IExecutionStep.Execute()
   at System.Web.HttpApplication.ExecuteStep(IExecutionStep step, Boolean& completedSynchronously)
2016-06-09 @ 13:36:04  FATAL ERROR   , App Error Global.asax App_Error  ---------Error Block End---------

2016-06-09 @ 15:49:56  Informational , App start Global.asax App_Start  
2016-06-09 @ 15:49:57  Informational , App start finished Global.asax App_Start  

2016-06-09 @ 15:54:12  Informational , App start Global.asax App_Start  
2016-06-09 @ 15:54:13  Informational , App start finished Global.asax App_Start  

2016-06-09 @ 15:54:32  Informational , App start Global.asax App_Start  
2016-06-09 @ 15:54:34  Informational , App start finished Global.asax App_Start  
2016-06-09 @ 15:54:34  FATAL ERROR   , App Error Global.asax App_Error  System.Web.HttpException (0x80004005): The controller for path '/__browserLink/requestData/a32b0d7aa5914173b45d5e9011f10e77' was not found or does not implement IController.
   at System.Web.Mvc.DefaultControllerFactory.GetControllerInstance(RequestContext requestContext, Type controllerType)
   at System.Web.Mvc.DefaultControllerFactory.CreateController(RequestContext requestContext, String controllerName)
   at System.Web.Mvc.MvcHandler.ProcessRequestInit(HttpContextBase httpContext, IController& controller, IControllerFactory& factory)
   at System.Web.Mvc.MvcHandler.BeginProcessRequest(HttpContextBase httpContext, AsyncCallback callback, Object state)
   at System.Web.Mvc.MvcHandler.BeginProcessRequest(HttpContext httpContext, AsyncCallback callback, Object state)
   at System.Web.Mvc.MvcHandler.System.Web.IHttpAsyncHandler.BeginProcessRequest(HttpContext context, AsyncCallback cb, Object extraData)
   at System.Web.HttpApplication.CallHandlerExecutionStep.System.Web.HttpApplication.IExecutionStep.Execute()
   at System.Web.HttpApplication.ExecuteStep(IExecutionStep step, Boolean& completedSynchronously)
2016-06-09 @ 15:54:34  FATAL ERROR   , App Error Global.asax App_Error  ---------Error Block End---------

2016-06-09 @ 15:58:29  FATAL ERROR   , The SqlParameter is already contained by another SqlParameterCollection. clsDLIssueAssignment.cs IssueAssignmentBySuperAdmin     at System.Data.SqlClient.SqlParameterCollection.Validate(Int32 index, Object value)
   at System.Data.SqlClient.SqlParameterCollection.Add(Object value)
   at System.Data.SqlClient.SqlParameterCollection.Add(SqlParameter value)
   at Microsoft.ApplicationBlocks.Data.SqlHelper.AttachParameters(SqlCommand command, SqlParameter[] commandParameters)
   at Microsoft.ApplicationBlocks.Data.SqlHelper.PrepareCommand(SqlCommand command, SqlConnection connection, SqlTransaction transaction, CommandType commandType, String commandText, SqlParameter[] commandParameters, Boolean& mustCloseConnection)
   at Microsoft.ApplicationBlocks.Data.SqlHelper.ExecuteNonQuery(SqlConnection connection, CommandType commandType, String commandText, SqlParameter[] commandParameters)
   at Microsoft.ApplicationBlocks.Data.SqlHelper.ExecuteNonQuery(String connectionString, CommandType commandType, String commandText, SqlParameter[] commandParameters)
   at V2.Helpdesk.DataLayer.clsDLIssueAssignment.IssueAssignmentBySuperAdmin(clsIssueAssignment objIssueAssignment) in e:\Vibrant-Web Project\Vibrant-Web\src\DataLayerHelpDeskBranch\clsDLIssueAssignment.cs:line 261
2016-06-09 @ 15:58:31  FATAL ERROR   , System.ArgumentException: The SqlParameter is already contained by another SqlParameterCollection.
   at System.Data.SqlClient.SqlParameterCollection.Validate(Int32 index, Object value)
   at System.Data.SqlClient.SqlParameterCollection.Add(Object value)
   at System.Data.SqlClient.SqlParameterCollection.Add(SqlParameter value)
   at Microsoft.ApplicationBlocks.Data.SqlHelper.AttachParameters(SqlCommand command, SqlParameter[] commandParameters)
   at Microsoft.ApplicationBlocks.Data.SqlHelper.PrepareCommand(SqlCommand command, SqlConnection connection, SqlTransaction transaction, CommandType commandType, String commandText, SqlParameter[] commandParameters, Boolean& mustCloseConnection)
   at Microsoft.ApplicationBlocks.Data.SqlHelper.ExecuteNonQuery(SqlConnection connection, CommandType commandType, String commandText, SqlParameter[] commandParameters)
   at Microsoft.ApplicationBlocks.Data.SqlHelper.ExecuteNonQuery(String connectionString, CommandType commandType, String commandText, SqlParameter[] commandParameters)
   at V2.Helpdesk.DataLayer.clsDLIssueAssignment.IssueAssignmentBySuperAdmin(clsIssueAssignment objIssueAssignment) in e:\Vibrant-Web Project\Vibrant-Web\src\DataLayerHelpDeskBranch\clsDLIssueAssignment.cs:line 261 ViewSelectedIssueBySuperAdmin.aspx btnSubmit_Click     at V2.Helpdesk.DataLayer.clsDLIssueAssignment.IssueAssignmentBySuperAdmin(clsIssueAssignment objIssueAssignment) in e:\Vibrant-Web Project\Vibrant-Web\src\DataLayerHelpDeskBranch\clsDLIssueAssignment.cs:line 273
   at V2.Helpdesk.BusinessLayer.clsBLIssueAssignment.IssueAssignmentBySuperAdmin(clsIssueAssignment objIssueAssignment) in e:\Vibrant-Web Project\Vibrant-Web\src\BusinessLayerHelpDeskBranch\clsBLIssueAssignment.cs:line 129
   at V2.Helpdesk.web.admin.ViewSelectedIssueBySuperAdmin.btnSubmit_Click(Object sender, EventArgs e) in e:\Vibrant-Web Project\Vibrant-Web\src\HRMS.WebSite\HelpDesk\admin\ViewSelectedIssueBySuperAdmin.aspx.cs:line 673
2016-06-09 @ 15:58:33  FATAL ERROR   , App Error Global.asax App_Error  System.Web.HttpUnhandledException (0x80004005): Exception of type 'System.Web.HttpUnhandledException' was thrown. ---> V2.CommonServices.Exceptions.V2Exceptions: V2.CommonServices.Exceptions.V2Exceptions: System.ArgumentException: The SqlParameter is already contained by another SqlParameterCollection.
   at System.Data.SqlClient.SqlParameterCollection.Validate(Int32 index, Object value)
   at System.Data.SqlClient.SqlParameterCollection.Add(Object value)
   at System.Data.SqlClient.SqlParameterCollection.Add(SqlParameter value)
   at Microsoft.ApplicationBlocks.Data.SqlHelper.AttachParameters(SqlCommand command, SqlParameter[] commandParameters)
   at Microsoft.ApplicationBlocks.Data.SqlHelper.PrepareCommand(SqlCommand command, SqlConnection connection, SqlTransaction transaction, CommandType commandType, String commandText, SqlParameter[] commandParameters, Boolean& mustCloseConnection)
   at Microsoft.ApplicationBlocks.Data.SqlHelper.ExecuteNonQuery(SqlConnection connection, CommandType commandType, String commandText, SqlParameter[] commandParameters)
   at Microsoft.ApplicationBlocks.Data.SqlHelper.ExecuteNonQuery(String connectionString, CommandType commandType, String commandText, SqlParameter[] commandParameters)
   at V2.Helpdesk.DataLayer.clsDLIssueAssignment.IssueAssignmentBySuperAdmin(clsIssueAssignment objIssueAssignment) in e:\Vibrant-Web Project\Vibrant-Web\src\DataLayerHelpDeskBranch\clsDLIssueAssignment.cs:line 261 ---> System.ArgumentException: The SqlParameter is already contained by another SqlParameterCollection.
   at System.Data.SqlClient.SqlParameterCollection.Validate(Int32 index, Object value)
   at System.Data.SqlClient.SqlParameterCollection.Add(Object value)
   at System.Data.SqlClient.SqlParameterCollection.Add(SqlParameter value)
   at Microsoft.ApplicationBlocks.Data.SqlHelper.AttachParameters(SqlCommand command, SqlParameter[] commandParameters)
   at Microsoft.ApplicationBlocks.Data.SqlHelper.PrepareCommand(SqlCommand command, SqlConnection connection, SqlTransaction transaction, CommandType commandType, String commandText, SqlParameter[] commandParameters, Boolean& mustCloseConnection)
   at Microsoft.ApplicationBlocks.Data.SqlHelper.ExecuteNonQuery(SqlConnection connection, CommandType commandType, String commandText, SqlParameter[] commandParameters)
   at Microsoft.ApplicationBlocks.Data.SqlHelper.ExecuteNonQuery(String connectionString, CommandType commandType, String commandText, SqlParameter[] commandParameters)
   at V2.Helpdesk.DataLayer.clsDLIssueAssignment.IssueAssignmentBySuperAdmin(clsIssueAssignment objIssueAssignment) in e:\Vibrant-Web Project\Vibrant-Web\src\DataLayerHelpDeskBranch\clsDLIssueAssignment.cs:line 261
   --- End of inner exception stack trace ---
   at V2.Helpdesk.DataLayer.clsDLIssueAssignment.IssueAssignmentBySuperAdmin(clsIssueAssignment objIssueAssignment) in e:\Vibrant-Web Project\Vibrant-Web\src\DataLayerHelpDeskBranch\clsDLIssueAssignment.cs:line 273
   at V2.Helpdesk.BusinessLayer.clsBLIssueAssignment.IssueAssignmentBySuperAdmin(clsIssueAssignment objIssueAssignment) in e:\Vibrant-Web Project\Vibrant-Web\src\BusinessLayerHelpDeskBranch\clsBLIssueAssignment.cs:line 129
   at V2.Helpdesk.web.admin.ViewSelectedIssueBySuperAdmin.btnSubmit_Click(Object sender, EventArgs e) in e:\Vibrant-Web Project\Vibrant-Web\src\HRMS.WebSite\HelpDesk\admin\ViewSelectedIssueBySuperAdmin.aspx.cs:line 673 ---> V2.CommonServices.Exceptions.V2Exceptions: System.ArgumentException: The SqlParameter is already contained by another SqlParameterCollection.
   at System.Data.SqlClient.SqlParameterCollection.Validate(Int32 index, Object value)
   at System.Data.SqlClient.SqlParameterCollection.Add(Object value)
   at System.Data.SqlClient.SqlParameterCollection.Add(SqlParameter value)
   at Microsoft.ApplicationBlocks.Data.SqlHelper.AttachParameters(SqlCommand command, SqlParameter[] commandParameters)
   at Microsoft.ApplicationBlocks.Data.SqlHelper.PrepareCommand(SqlCommand command, SqlConnection connection, SqlTransaction transaction, CommandType commandType, String commandText, SqlParameter[] commandParameters, Boolean& mustCloseConnection)
   at Microsoft.ApplicationBlocks.Data.SqlHelper.ExecuteNonQuery(SqlConnection connection, CommandType commandType, String commandText, SqlParameter[] commandParameters)
   at Microsoft.ApplicationBlocks.Data.SqlHelper.ExecuteNonQuery(String connectionString, CommandType commandType, String commandText, SqlParameter[] commandParameters)
   at V2.Helpdesk.DataLayer.clsDLIssueAssignment.IssueAssignmentBySuperAdmin(clsIssueAssignment objIssueAssignment) in e:\Vibrant-Web Project\Vibrant-Web\src\DataLayerHelpDeskBranch\clsDLIssueAssignment.cs:line 261 ---> System.ArgumentException: The SqlParameter is already contained by another SqlParameterCollection.
   at System.Data.SqlClient.SqlParameterCollection.Validate(Int32 index, Object value)
   at System.Data.SqlClient.SqlParameterCollection.Add(Object value)
   at System.Data.SqlClient.SqlParameterCollection.Add(SqlParameter value)
   at Microsoft.ApplicationBlocks.Data.SqlHelper.AttachParameters(SqlCommand command, SqlParameter[] commandParameters)
   at Microsoft.ApplicationBlocks.Data.SqlHelper.PrepareCommand(SqlCommand command, SqlConnection connection, SqlTransaction transaction, CommandType commandType, String commandText, SqlParameter[] commandParameters, Boolean& mustCloseConnection)
   at Microsoft.ApplicationBlocks.Data.SqlHelper.ExecuteNonQuery(SqlConnection connection, CommandType commandType, String commandText, SqlParameter[] commandParameters)
   at Microsoft.ApplicationBlocks.Data.SqlHelper.ExecuteNonQuery(String connectionString, CommandType commandType, String commandText, SqlParameter[] commandParameters)
   at V2.Helpdesk.DataLayer.clsDLIssueAssignment.IssueAssignmentBySuperAdmin(clsIssueAssignment objIssueAssignment) in e:\Vibrant-Web Project\Vibrant-Web\src\DataLayerHelpDeskBranch\clsDLIssueAssignment.cs:line 261
   --- End of inner exception stack trace ---
   at V2.Helpdesk.DataLayer.clsDLIssueAssignment.IssueAssignmentBySuperAdmin(clsIssueAssignment objIssueAssignment) in e:\Vibrant-Web Project\Vibrant-Web\src\DataLayerHelpDeskBranch\clsDLIssueAssignment.cs:line 273
   at V2.Helpdesk.BusinessLayer.clsBLIssueAssignment.IssueAssignmentBySuperAdmin(clsIssueAssignment objIssueAssignment) in e:\Vibrant-Web Project\Vibrant-Web\src\BusinessLayerHelpDeskBranch\clsBLIssueAssignment.cs:line 129
   at V2.Helpdesk.web.admin.ViewSelectedIssueBySuperAdmin.btnSubmit_Click(Object sender, EventArgs e) in e:\Vibrant-Web Project\Vibrant-Web\src\HRMS.WebSite\HelpDesk\admin\ViewSelectedIssueBySuperAdmin.aspx.cs:line 673
   --- End of inner exception stack trace ---
   at V2.Helpdesk.web.admin.ViewSelectedIssueBySuperAdmin.btnSubmit_Click(Object sender, EventArgs e) in e:\Vibrant-Web Project\Vibrant-Web\src\HRMS.WebSite\HelpDesk\admin\ViewSelectedIssueBySuperAdmin.aspx.cs:line 707
   at System.Web.UI.WebControls.Button.OnClick(EventArgs e)
   at System.Web.UI.WebControls.Button.RaisePostBackEvent(String eventArgument)
   at System.Web.UI.WebControls.Button.System.Web.UI.IPostBackEventHandler.RaisePostBackEvent(String eventArgument)
   at System.Web.UI.Page.RaisePostBackEvent(IPostBackEventHandler sourceControl, String eventArgument)
   at System.Web.UI.Page.RaisePostBackEvent(NameValueCollection postData)
   at System.Web.UI.Page.ProcessRequestMain(Boolean includeStagesBeforeAsyncPoint, Boolean includeStagesAfterAsyncPoint)
   at System.Web.UI.Page.HandleError(Exception e)
   at System.Web.UI.Page.ProcessRequestMain(Boolean includeStagesBeforeAsyncPoint, Boolean includeStagesAfterAsyncPoint)
   at System.Web.UI.Page.ProcessRequest(Boolean includeStagesBeforeAsyncPoint, Boolean includeStagesAfterAsyncPoint)
   at System.Web.UI.Page.ProcessRequest()
   at System.Web.UI.Page.ProcessRequestWithNoAssert(HttpContext context)
   at System.Web.UI.Page.ProcessRequest(HttpContext context)
   at ASP.helpdesk_admin_viewselectedissuebysuperadmin_aspx.ProcessRequest(HttpContext context) in c:\Users\nilesh.dalal\AppData\Local\Temp\Temporary ASP.NET Files\vs\8584b857\6fc386bf\App_Web_armeth51.9.cs:line 0
   at System.Web.HttpApplication.CallHandlerExecutionStep.System.Web.HttpApplication.IExecutionStep.Execute()
   at System.Web.HttpApplication.ExecuteStep(IExecutionStep step, Boolean& completedSynchronously)
2016-06-09 @ 15:58:33  FATAL ERROR   , App Error Global.asax App_Error  ---------Error Block End---------
2016-06-09 @ 16:03:41  FATAL ERROR   , Procedure or function 'sp_IssueAssignmentBySuperAdmin' expects parameter '@ProblemSeverity', which was not supplied. clsDLIssueAssignment.cs IssueAssignmentBySuperAdmin     at System.Data.SqlClient.SqlConnection.OnError(SqlException exception, Boolean breakConnection, Action`1 wrapCloseInAction)
   at System.Data.SqlClient.SqlInternalConnection.OnError(SqlException exception, Boolean breakConnection, Action`1 wrapCloseInAction)
   at System.Data.SqlClient.TdsParser.ThrowExceptionAndWarning(TdsParserStateObject stateObj, Boolean callerHasConnectionLock, Boolean asyncClose)
   at System.Data.SqlClient.TdsParser.TryRun(RunBehavior runBehavior, SqlCommand cmdHandler, SqlDataReader dataStream, BulkCopySimpleResultSet bulkCopyHandler, TdsParserStateObject stateObj, Boolean& dataReady)
   at System.Data.SqlClient.SqlCommand.FinishExecuteReader(SqlDataReader ds, RunBehavior runBehavior, String resetOptionsString)
   at System.Data.SqlClient.SqlCommand.RunExecuteReaderTds(CommandBehavior cmdBehavior, RunBehavior runBehavior, Boolean returnStream, Boolean async, Int32 timeout, Task& task, Boolean asyncWrite, SqlDataReader ds)
   at System.Data.SqlClient.SqlCommand.RunExecuteReader(CommandBehavior cmdBehavior, RunBehavior runBehavior, Boolean returnStream, String method, TaskCompletionSource`1 completion, Int32 timeout, Task& task, Boolean asyncWrite)
   at System.Data.SqlClient.SqlCommand.InternalExecuteNonQuery(TaskCompletionSource`1 completion, String methodName, Boolean sendToPipe, Int32 timeout, Boolean asyncWrite)
   at System.Data.SqlClient.SqlCommand.ExecuteNonQuery()
   at Microsoft.ApplicationBlocks.Data.SqlHelper.ExecuteNonQuery(SqlConnection connection, CommandType commandType, String commandText, SqlParameter[] commandParameters)
   at Microsoft.ApplicationBlocks.Data.SqlHelper.ExecuteNonQuery(String connectionString, CommandType commandType, String commandText, SqlParameter[] commandParameters)
   at V2.Helpdesk.DataLayer.clsDLIssueAssignment.IssueAssignmentBySuperAdmin(clsIssueAssignment objIssueAssignment) in e:\Vibrant-Web Project\Vibrant-Web\src\DataLayerHelpDeskBranch\clsDLIssueAssignment.cs:line 261
2016-06-09 @ 16:03:41  FATAL ERROR   , System.Data.SqlClient.SqlException (0x80131904): Procedure or function 'sp_IssueAssignmentBySuperAdmin' expects parameter '@ProblemSeverity', which was not supplied.
   at System.Data.SqlClient.SqlConnection.OnError(SqlException exception, Boolean breakConnection, Action`1 wrapCloseInAction)
   at System.Data.SqlClient.SqlInternalConnection.OnError(SqlException exception, Boolean breakConnection, Action`1 wrapCloseInAction)
   at System.Data.SqlClient.TdsParser.ThrowExceptionAndWarning(TdsParserStateObject stateObj, Boolean callerHasConnectionLock, Boolean asyncClose)
   at System.Data.SqlClient.TdsParser.TryRun(RunBehavior runBehavior, SqlCommand cmdHandler, SqlDataReader dataStream, BulkCopySimpleResultSet bulkCopyHandler, TdsParserStateObject stateObj, Boolean& dataReady)
   at System.Data.SqlClient.SqlCommand.FinishExecuteReader(SqlDataReader ds, RunBehavior runBehavior, String resetOptionsString)
   at System.Data.SqlClient.SqlCommand.RunExecuteReaderTds(CommandBehavior cmdBehavior, RunBehavior runBehavior, Boolean returnStream, Boolean async, Int32 timeout, Task& task, Boolean asyncWrite, SqlDataReader ds)
   at System.Data.SqlClient.SqlCommand.RunExecuteReader(CommandBehavior cmdBehavior, RunBehavior runBehavior, Boolean returnStream, String method, TaskCompletionSource`1 completion, Int32 timeout, Task& task, Boolean asyncWrite)
   at System.Data.SqlClient.SqlCommand.InternalExecuteNonQuery(TaskCompletionSource`1 completion, String methodName, Boolean sendToPipe, Int32 timeout, Boolean asyncWrite)
   at System.Data.SqlClient.SqlCommand.ExecuteNonQuery()
   at Microsoft.ApplicationBlocks.Data.SqlHelper.ExecuteNonQuery(SqlConnection connection, CommandType commandType, String commandText, SqlParameter[] commandParameters)
   at Microsoft.ApplicationBlocks.Data.SqlHelper.ExecuteNonQuery(String connectionString, CommandType commandType, String commandText, SqlParameter[] commandParameters)
   at V2.Helpdesk.DataLayer.clsDLIssueAssignment.IssueAssignmentBySuperAdmin(clsIssueAssignment objIssueAssignment) in e:\Vibrant-Web Project\Vibrant-Web\src\DataLayerHelpDeskBranch\clsDLIssueAssignment.cs:line 261
ClientConnectionId:f1756a87-a91a-4069-a3a4-da5f38c332dd
Error Number:201,State:4,Class:16 ViewSelectedIssueBySuperAdmin.aspx btnSubmit_Click     at V2.Helpdesk.DataLayer.clsDLIssueAssignment.IssueAssignmentBySuperAdmin(clsIssueAssignment objIssueAssignment) in e:\Vibrant-Web Project\Vibrant-Web\src\DataLayerHelpDeskBranch\clsDLIssueAssignment.cs:line 273
   at V2.Helpdesk.BusinessLayer.clsBLIssueAssignment.IssueAssignmentBySuperAdmin(clsIssueAssignment objIssueAssignment) in e:\Vibrant-Web Project\Vibrant-Web\src\BusinessLayerHelpDeskBranch\clsBLIssueAssignment.cs:line 129
   at V2.Helpdesk.web.admin.ViewSelectedIssueBySuperAdmin.btnSubmit_Click(Object sender, EventArgs e) in e:\Vibrant-Web Project\Vibrant-Web\src\HRMS.WebSite\HelpDesk\admin\ViewSelectedIssueBySuperAdmin.aspx.cs:line 673
2016-06-09 @ 16:03:41  FATAL ERROR   , App Error Global.asax App_Error  System.Web.HttpUnhandledException (0x80004005): Exception of type 'System.Web.HttpUnhandledException' was thrown. ---> V2.CommonServices.Exceptions.V2Exceptions: V2.CommonServices.Exceptions.V2Exceptions: System.Data.SqlClient.SqlException (0x80131904): Procedure or function 'sp_IssueAssignmentBySuperAdmin' expects parameter '@ProblemSeverity', which was not supplied.
   at System.Data.SqlClient.SqlConnection.OnError(SqlException exception, Boolean breakConnection, Action`1 wrapCloseInAction)
   at System.Data.SqlClient.SqlInternalConnection.OnError(SqlException exception, Boolean breakConnection, Action`1 wrapCloseInAction)
   at System.Data.SqlClient.TdsParser.ThrowExceptionAndWarning(TdsParserStateObject stateObj, Boolean callerHasConnectionLock, Boolean asyncClose)
   at System.Data.SqlClient.TdsParser.TryRun(RunBehavior runBehavior, SqlCommand cmdHandler, SqlDataReader dataStream, BulkCopySimpleResultSet bulkCopyHandler, TdsParserStateObject stateObj, Boolean& dataReady)
   at System.Data.SqlClient.SqlCommand.FinishExecuteReader(SqlDataReader ds, RunBehavior runBehavior, String resetOptionsString)
   at System.Data.SqlClient.SqlCommand.RunExecuteReaderTds(CommandBehavior cmdBehavior, RunBehavior runBehavior, Boolean returnStream, Boolean async, Int32 timeout, Task& task, Boolean asyncWrite, SqlDataReader ds)
   at System.Data.SqlClient.SqlCommand.RunExecuteReader(CommandBehavior cmdBehavior, RunBehavior runBehavior, Boolean returnStream, String method, TaskCompletionSource`1 completion, Int32 timeout, Task& task, Boolean asyncWrite)
   at System.Data.SqlClient.SqlCommand.InternalExecuteNonQuery(TaskCompletionSource`1 completion, String methodName, Boolean sendToPipe, Int32 timeout, Boolean asyncWrite)
   at System.Data.SqlClient.SqlCommand.ExecuteNonQuery()
   at Microsoft.ApplicationBlocks.Data.SqlHelper.ExecuteNonQuery(SqlConnection connection, CommandType commandType, String commandText, SqlParameter[] commandParameters)
   at Microsoft.ApplicationBlocks.Data.SqlHelper.ExecuteNonQuery(String connectionString, CommandType commandType, String commandText, SqlParameter[] commandParameters)
   at V2.Helpdesk.DataLayer.clsDLIssueAssignment.IssueAssignmentBySuperAdmin(clsIssueAssignment objIssueAssignment) in e:\Vibrant-Web Project\Vibrant-Web\src\DataLayerHelpDeskBranch\clsDLIssueAssignment.cs:line 261
ClientConnectionId:f1756a87-a91a-4069-a3a4-da5f38c332dd
Error Number:201,State:4,Class:16 ---> System.Data.SqlClient.SqlException: Procedure or function 'sp_IssueAssignmentBySuperAdmin' expects parameter '@ProblemSeverity', which was not supplied.
   at System.Data.SqlClient.SqlConnection.OnError(SqlException exception, Boolean breakConnection, Action`1 wrapCloseInAction)
   at System.Data.SqlClient.SqlInternalConnection.OnError(SqlException exception, Boolean breakConnection, Action`1 wrapCloseInAction)
   at System.Data.SqlClient.TdsParser.ThrowExceptionAndWarning(TdsParserStateObject stateObj, Boolean callerHasConnectionLock, Boolean asyncClose)
   at System.Data.SqlClient.TdsParser.TryRun(RunBehavior runBehavior, SqlCommand cmdHandler, SqlDataReader dataStream, BulkCopySimpleResultSet bulkCopyHandler, TdsParserStateObject stateObj, Boolean& dataReady)
   at System.Data.SqlClient.SqlCommand.FinishExecuteReader(SqlDataReader ds, RunBehavior runBehavior, String resetOptionsString)
   at System.Data.SqlClient.SqlCommand.RunExecuteReaderTds(CommandBehavior cmdBehavior, RunBehavior runBehavior, Boolean returnStream, Boolean async, Int32 timeout, Task& task, Boolean asyncWrite, SqlDataReader ds)
   at System.Data.SqlClient.SqlCommand.RunExecuteReader(CommandBehavior cmdBehavior, RunBehavior runBehavior, Boolean returnStream, String method, TaskCompletionSource`1 completion, Int32 timeout, Task& task, Boolean asyncWrite)
   at System.Data.SqlClient.SqlCommand.InternalExecuteNonQuery(TaskCompletionSource`1 completion, String methodName, Boolean sendToPipe, Int32 timeout, Boolean asyncWrite)
   at System.Data.SqlClient.SqlCommand.ExecuteNonQuery()
   at Microsoft.ApplicationBlocks.Data.SqlHelper.ExecuteNonQuery(SqlConnection connection, CommandType commandType, String commandText, SqlParameter[] commandParameters)
   at Microsoft.ApplicationBlocks.Data.SqlHelper.ExecuteNonQuery(String connectionString, CommandType commandType, String commandText, SqlParameter[] commandParameters)
   at V2.Helpdesk.DataLayer.clsDLIssueAssignment.IssueAssignmentBySuperAdmin(clsIssueAssignment objIssueAssignment) in e:\Vibrant-Web Project\Vibrant-Web\src\DataLayerHelpDeskBranch\clsDLIssueAssignment.cs:line 261
   --- End of inner exception stack trace ---
   at V2.Helpdesk.DataLayer.clsDLIssueAssignment.IssueAssignmentBySuperAdmin(clsIssueAssignment objIssueAssignment) in e:\Vibrant-Web Project\Vibrant-Web\src\DataLayerHelpDeskBranch\clsDLIssueAssignment.cs:line 273
   at V2.Helpdesk.BusinessLayer.clsBLIssueAssignment.IssueAssignmentBySuperAdmin(clsIssueAssignment objIssueAssignment) in e:\Vibrant-Web Project\Vibrant-Web\src\BusinessLayerHelpDeskBranch\clsBLIssueAssignment.cs:line 129
   at V2.Helpdesk.web.admin.ViewSelectedIssueBySuperAdmin.btnSubmit_Click(Object sender, EventArgs e) in e:\Vibrant-Web Project\Vibrant-Web\src\HRMS.WebSite\HelpDesk\admin\ViewSelectedIssueBySuperAdmin.aspx.cs:line 673 ---> V2.CommonServices.Exceptions.V2Exceptions: System.Data.SqlClient.SqlException (0x80131904): Procedure or function 'sp_IssueAssignmentBySuperAdmin' expects parameter '@ProblemSeverity', which was not supplied.
   at System.Data.SqlClient.SqlConnection.OnError(SqlException exception, Boolean breakConnection, Action`1 wrapCloseInAction)
   at System.Data.SqlClient.SqlInternalConnection.OnError(SqlException exception, Boolean breakConnection, Action`1 wrapCloseInAction)
   at System.Data.SqlClient.TdsParser.ThrowExceptionAndWarning(TdsParserStateObject stateObj, Boolean callerHasConnectionLock, Boolean asyncClose)
   at System.Data.SqlClient.TdsParser.TryRun(RunBehavior runBehavior, SqlCommand cmdHandler, SqlDataReader dataStream, BulkCopySimpleResultSet bulkCopyHandler, TdsParserStateObject stateObj, Boolean& dataReady)
   at System.Data.SqlClient.SqlCommand.FinishExecuteReader(SqlDataReader ds, RunBehavior runBehavior, String resetOptionsString)
   at System.Data.SqlClient.SqlCommand.RunExecuteReaderTds(CommandBehavior cmdBehavior, RunBehavior runBehavior, Boolean returnStream, Boolean async, Int32 timeout, Task& task, Boolean asyncWrite, SqlDataReader ds)
   at System.Data.SqlClient.SqlCommand.RunExecuteReader(CommandBehavior cmdBehavior, RunBehavior runBehavior, Boolean returnStream, String method, TaskCompletionSource`1 completion, Int32 timeout, Task& task, Boolean asyncWrite)
   at System.Data.SqlClient.SqlCommand.InternalExecuteNonQuery(TaskCompletionSource`1 completion, String methodName, Boolean sendToPipe, Int32 timeout, Boolean asyncWrite)
   at System.Data.SqlClient.SqlCommand.ExecuteNonQuery()
   at Microsoft.ApplicationBlocks.Data.SqlHelper.ExecuteNonQuery(SqlConnection connection, CommandType commandType, String commandText, SqlParameter[] commandParameters)
   at Microsoft.ApplicationBlocks.Data.SqlHelper.ExecuteNonQuery(String connectionString, CommandType commandType, String commandText, SqlParameter[] commandParameters)
   at V2.Helpdesk.DataLayer.clsDLIssueAssignment.IssueAssignmentBySuperAdmin(clsIssueAssignment objIssueAssignment) in e:\Vibrant-Web Project\Vibrant-Web\src\DataLayerHelpDeskBranch\clsDLIssueAssignment.cs:line 261
ClientConnectionId:f1756a87-a91a-4069-a3a4-da5f38c332dd
Error Number:201,State:4,Class:16 ---> System.Data.SqlClient.SqlException: Procedure or function 'sp_IssueAssignmentBySuperAdmin' expects parameter '@ProblemSeverity', which was not supplied.
   at System.Data.SqlClient.SqlConnection.OnError(SqlException exception, Boolean breakConnection, Action`1 wrapCloseInAction)
   at System.Data.SqlClient.SqlInternalConnection.OnError(SqlException exception, Boolean breakConnection, Action`1 wrapCloseInAction)
   at System.Data.SqlClient.TdsParser.ThrowExceptionAndWarning(TdsParserStateObject stateObj, Boolean callerHasConnectionLock, Boolean asyncClose)
   at System.Data.SqlClient.TdsParser.TryRun(RunBehavior runBehavior, SqlCommand cmdHandler, SqlDataReader dataStream, BulkCopySimpleResultSet bulkCopyHandler, TdsParserStateObject stateObj, Boolean& dataReady)
   at System.Data.SqlClient.SqlCommand.FinishExecuteReader(SqlDataReader ds, RunBehavior runBehavior, String resetOptionsString)
   at System.Data.SqlClient.SqlCommand.RunExecuteReaderTds(CommandBehavior cmdBehavior, RunBehavior runBehavior, Boolean returnStream, Boolean async, Int32 timeout, Task& task, Boolean asyncWrite, SqlDataReader ds)
   at System.Data.SqlClient.SqlCommand.RunExecuteReader(CommandBehavior cmdBehavior, RunBehavior runBehavior, Boolean returnStream, String method, TaskCompletionSource`1 completion, Int32 timeout, Task& task, Boolean asyncWrite)
   at System.Data.SqlClient.SqlCommand.InternalExecuteNonQuery(TaskCompletionSource`1 completion, String methodName, Boolean sendToPipe, Int32 timeout, Boolean asyncWrite)
   at System.Data.SqlClient.SqlCommand.ExecuteNonQuery()
   at Microsoft.ApplicationBlocks.Data.SqlHelper.ExecuteNonQuery(SqlConnection connection, CommandType commandType, String commandText, SqlParameter[] commandParameters)
   at Microsoft.ApplicationBlocks.Data.SqlHelper.ExecuteNonQuery(String connectionString, CommandType commandType, String commandText, SqlParameter[] commandParameters)
   at V2.Helpdesk.DataLayer.clsDLIssueAssignment.IssueAssignmentBySuperAdmin(clsIssueAssignment objIssueAssignment) in e:\Vibrant-Web Project\Vibrant-Web\src\DataLayerHelpDeskBranch\clsDLIssueAssignment.cs:line 261
   --- End of inner exception stack trace ---
   at V2.Helpdesk.DataLayer.clsDLIssueAssignment.IssueAssignmentBySuperAdmin(clsIssueAssignment objIssueAssignment) in e:\Vibrant-Web Project\Vibrant-Web\src\DataLayerHelpDeskBranch\clsDLIssueAssignment.cs:line 273
   at V2.Helpdesk.BusinessLayer.clsBLIssueAssignment.IssueAssignmentBySuperAdmin(clsIssueAssignment objIssueAssignment) in e:\Vibrant-Web Project\Vibrant-Web\src\BusinessLayerHelpDeskBranch\clsBLIssueAssignment.cs:line 129
   at V2.Helpdesk.web.admin.ViewSelectedIssueBySuperAdmin.btnSubmit_Click(Object sender, EventArgs e) in e:\Vibrant-Web Project\Vibrant-Web\src\HRMS.WebSite\HelpDesk\admin\ViewSelectedIssueBySuperAdmin.aspx.cs:line 673
   --- End of inner exception stack trace ---
   at V2.Helpdesk.web.admin.ViewSelectedIssueBySuperAdmin.btnSubmit_Click(Object sender, EventArgs e) in e:\Vibrant-Web Project\Vibrant-Web\src\HRMS.WebSite\HelpDesk\admin\ViewSelectedIssueBySuperAdmin.aspx.cs:line 707
   at System.Web.UI.WebControls.Button.OnClick(EventArgs e)
   at System.Web.UI.WebControls.Button.RaisePostBackEvent(String eventArgument)
   at System.Web.UI.WebControls.Button.System.Web.UI.IPostBackEventHandler.RaisePostBackEvent(String eventArgument)
   at System.Web.UI.Page.RaisePostBackEvent(IPostBackEventHandler sourceControl, String eventArgument)
   at System.Web.UI.Page.RaisePostBackEvent(NameValueCollection postData)
   at System.Web.UI.Page.ProcessRequestMain(Boolean includeStagesBeforeAsyncPoint, Boolean includeStagesAfterAsyncPoint)
   at System.Web.UI.Page.HandleError(Exception e)
   at System.Web.UI.Page.ProcessRequestMain(Boolean includeStagesBeforeAsyncPoint, Boolean includeStagesAfterAsyncPoint)
   at System.Web.UI.Page.ProcessRequest(Boolean includeStagesBeforeAsyncPoint, Boolean includeStagesAfterAsyncPoint)
   at System.Web.UI.Page.ProcessRequest()
   at System.Web.UI.Page.ProcessRequestWithNoAssert(HttpContext context)
   at System.Web.UI.Page.ProcessRequest(HttpContext context)
   at ASP.helpdesk_admin_viewselectedissuebysuperadmin_aspx.ProcessRequest(HttpContext context) in c:\Users\nilesh.dalal\AppData\Local\Temp\Temporary ASP.NET Files\vs\8584b857\6fc386bf\App_Web_armeth51.9.cs:line 0
   at System.Web.HttpApplication.CallHandlerExecutionStep.System.Web.HttpApplication.IExecutionStep.Execute()
   at System.Web.HttpApplication.ExecuteStep(IExecutionStep step, Boolean& completedSynchronously)
2016-06-09 @ 16:03:41  FATAL ERROR   , App Error Global.asax App_Error  ---------Error Block End---------

2016-06-09 @ 16:07:05  Informational , App start Global.asax App_Start  
2016-06-09 @ 16:07:06  Informational , App start finished Global.asax App_Start  

2016-06-09 @ 16:08:58  FATAL ERROR   , Index was outside the bounds of the array. clsBLIssueAssignment.cs IssueAssignmentBySuperAdmin     at V2.Helpdesk.DataLayer.clsDLIssueAssignment.IssueAssignmentBySuperAdmin(clsIssueAssignment objIssueAssignment) in e:\Vibrant-Web Project\Vibrant-Web\src\DataLayerHelpDeskBranch\clsDLIssueAssignment.cs:line 254
   at V2.Helpdesk.BusinessLayer.clsBLIssueAssignment.IssueAssignmentBySuperAdmin(clsIssueAssignment objIssueAssignment) in e:\Vibrant-Web Project\Vibrant-Web\src\BusinessLayerHelpDeskBranch\clsBLIssueAssignment.cs:line 118
2016-06-09 @ 16:08:58  FATAL ERROR   , System.IndexOutOfRangeException: Index was outside the bounds of the array.
   at V2.Helpdesk.DataLayer.clsDLIssueAssignment.IssueAssignmentBySuperAdmin(clsIssueAssignment objIssueAssignment) in e:\Vibrant-Web Project\Vibrant-Web\src\DataLayerHelpDeskBranch\clsDLIssueAssignment.cs:line 254
   at V2.Helpdesk.BusinessLayer.clsBLIssueAssignment.IssueAssignmentBySuperAdmin(clsIssueAssignment objIssueAssignment) in e:\Vibrant-Web Project\Vibrant-Web\src\BusinessLayerHelpDeskBranch\clsBLIssueAssignment.cs:line 118 ViewSelectedIssueBySuperAdmin.aspx btnSubmit_Click     at V2.Helpdesk.BusinessLayer.clsBLIssueAssignment.IssueAssignmentBySuperAdmin(clsIssueAssignment objIssueAssignment) in e:\Vibrant-Web Project\Vibrant-Web\src\BusinessLayerHelpDeskBranch\clsBLIssueAssignment.cs:line 137
   at V2.Helpdesk.web.admin.ViewSelectedIssueBySuperAdmin.btnSubmit_Click(Object sender, EventArgs e) in e:\Vibrant-Web Project\Vibrant-Web\src\HRMS.WebSite\HelpDesk\admin\ViewSelectedIssueBySuperAdmin.aspx.cs:line 673
2016-06-09 @ 16:08:59  FATAL ERROR   , App Error Global.asax App_Error  System.Web.HttpUnhandledException (0x80004005): Exception of type 'System.Web.HttpUnhandledException' was thrown. ---> V2.CommonServices.Exceptions.V2Exceptions: V2.CommonServices.Exceptions.V2Exceptions: System.IndexOutOfRangeException: Index was outside the bounds of the array.
   at V2.Helpdesk.DataLayer.clsDLIssueAssignment.IssueAssignmentBySuperAdmin(clsIssueAssignment objIssueAssignment) in e:\Vibrant-Web Project\Vibrant-Web\src\DataLayerHelpDeskBranch\clsDLIssueAssignment.cs:line 254
   at V2.Helpdesk.BusinessLayer.clsBLIssueAssignment.IssueAssignmentBySuperAdmin(clsIssueAssignment objIssueAssignment) in e:\Vibrant-Web Project\Vibrant-Web\src\BusinessLayerHelpDeskBranch\clsBLIssueAssignment.cs:line 118 ---> System.IndexOutOfRangeException: Index was outside the bounds of the array.
   at V2.Helpdesk.DataLayer.clsDLIssueAssignment.IssueAssignmentBySuperAdmin(clsIssueAssignment objIssueAssignment) in e:\Vibrant-Web Project\Vibrant-Web\src\DataLayerHelpDeskBranch\clsDLIssueAssignment.cs:line 254
   at V2.Helpdesk.BusinessLayer.clsBLIssueAssignment.IssueAssignmentBySuperAdmin(clsIssueAssignment objIssueAssignment) in e:\Vibrant-Web Project\Vibrant-Web\src\BusinessLayerHelpDeskBranch\clsBLIssueAssignment.cs:line 118
   --- End of inner exception stack trace ---
   at V2.Helpdesk.BusinessLayer.clsBLIssueAssignment.IssueAssignmentBySuperAdmin(clsIssueAssignment objIssueAssignment) in e:\Vibrant-Web Project\Vibrant-Web\src\BusinessLayerHelpDeskBranch\clsBLIssueAssignment.cs:line 137
   at V2.Helpdesk.web.admin.ViewSelectedIssueBySuperAdmin.btnSubmit_Click(Object sender, EventArgs e) in e:\Vibrant-Web Project\Vibrant-Web\src\HRMS.WebSite\HelpDesk\admin\ViewSelectedIssueBySuperAdmin.aspx.cs:line 673 ---> V2.CommonServices.Exceptions.V2Exceptions: System.IndexOutOfRangeException: Index was outside the bounds of the array.
   at V2.Helpdesk.DataLayer.clsDLIssueAssignment.IssueAssignmentBySuperAdmin(clsIssueAssignment objIssueAssignment) in e:\Vibrant-Web Project\Vibrant-Web\src\DataLayerHelpDeskBranch\clsDLIssueAssignment.cs:line 254
   at V2.Helpdesk.BusinessLayer.clsBLIssueAssignment.IssueAssignmentBySuperAdmin(clsIssueAssignment objIssueAssignment) in e:\Vibrant-Web Project\Vibrant-Web\src\BusinessLayerHelpDeskBranch\clsBLIssueAssignment.cs:line 118 ---> System.IndexOutOfRangeException: Index was outside the bounds of the array.
   at V2.Helpdesk.DataLayer.clsDLIssueAssignment.IssueAssignmentBySuperAdmin(clsIssueAssignment objIssueAssignment) in e:\Vibrant-Web Project\Vibrant-Web\src\DataLayerHelpDeskBranch\clsDLIssueAssignment.cs:line 254
   at V2.Helpdesk.BusinessLayer.clsBLIssueAssignment.IssueAssignmentBySuperAdmin(clsIssueAssignment objIssueAssignment) in e:\Vibrant-Web Project\Vibrant-Web\src\BusinessLayerHelpDeskBranch\clsBLIssueAssignment.cs:line 118
   --- End of inner exception stack trace ---
   at V2.Helpdesk.BusinessLayer.clsBLIssueAssignment.IssueAssignmentBySuperAdmin(clsIssueAssignment objIssueAssignment) in e:\Vibrant-Web Project\Vibrant-Web\src\BusinessLayerHelpDeskBranch\clsBLIssueAssignment.cs:line 137
   at V2.Helpdesk.web.admin.ViewSelectedIssueBySuperAdmin.btnSubmit_Click(Object sender, EventArgs e) in e:\Vibrant-Web Project\Vibrant-Web\src\HRMS.WebSite\HelpDesk\admin\ViewSelectedIssueBySuperAdmin.aspx.cs:line 673
   --- End of inner exception stack trace ---
   at V2.Helpdesk.web.admin.ViewSelectedIssueBySuperAdmin.btnSubmit_Click(Object sender, EventArgs e) in e:\Vibrant-Web Project\Vibrant-Web\src\HRMS.WebSite\HelpDesk\admin\ViewSelectedIssueBySuperAdmin.aspx.cs:line 707
   at System.Web.UI.WebControls.Button.OnClick(EventArgs e)
   at System.Web.UI.WebControls.Button.RaisePostBackEvent(String eventArgument)
   at System.Web.UI.WebControls.Button.System.Web.UI.IPostBackEventHandler.RaisePostBackEvent(String eventArgument)
   at System.Web.UI.Page.RaisePostBackEvent(IPostBackEventHandler sourceControl, String eventArgument)
   at System.Web.UI.Page.RaisePostBackEvent(NameValueCollection postData)
   at System.Web.UI.Page.ProcessRequestMain(Boolean includeStagesBeforeAsyncPoint, Boolean includeStagesAfterAsyncPoint)
   at System.Web.UI.Page.HandleError(Exception e)
   at System.Web.UI.Page.ProcessRequestMain(Boolean includeStagesBeforeAsyncPoint, Boolean includeStagesAfterAsyncPoint)
   at System.Web.UI.Page.ProcessRequest(Boolean includeStagesBeforeAsyncPoint, Boolean includeStagesAfterAsyncPoint)
   at System.Web.UI.Page.ProcessRequest()
   at System.Web.UI.Page.ProcessRequestWithNoAssert(HttpContext context)
   at System.Web.UI.Page.ProcessRequest(HttpContext context)
   at ASP.helpdesk_admin_viewselectedissuebysuperadmin_aspx.ProcessRequest(HttpContext context) in c:\Users\nilesh.dalal\AppData\Local\Temp\Temporary ASP.NET Files\vs\8584b857\6fc386bf\App_Web_wmza0mvw.1.cs:line 0
   at System.Web.HttpApplication.CallHandlerExecutionStep.System.Web.HttpApplication.IExecutionStep.Execute()
   at System.Web.HttpApplication.ExecuteStep(IExecutionStep step, Boolean& completedSynchronously)
2016-06-09 @ 16:08:59  FATAL ERROR   , App Error Global.asax App_Error  ---------Error Block End---------
2016-06-09 @ 16:09:21  FATAL ERROR   , Index was outside the bounds of the array. clsBLIssueAssignment.cs IssueAssignmentBySuperAdmin     at V2.Helpdesk.DataLayer.clsDLIssueAssignment.IssueAssignmentBySuperAdmin(clsIssueAssignment objIssueAssignment) in e:\Vibrant-Web Project\Vibrant-Web\src\DataLayerHelpDeskBranch\clsDLIssueAssignment.cs:line 254
   at V2.Helpdesk.BusinessLayer.clsBLIssueAssignment.IssueAssignmentBySuperAdmin(clsIssueAssignment objIssueAssignment) in e:\Vibrant-Web Project\Vibrant-Web\src\BusinessLayerHelpDeskBranch\clsBLIssueAssignment.cs:line 118
2016-06-09 @ 16:09:21  FATAL ERROR   , System.IndexOutOfRangeException: Index was outside the bounds of the array.
   at V2.Helpdesk.DataLayer.clsDLIssueAssignment.IssueAssignmentBySuperAdmin(clsIssueAssignment objIssueAssignment) in e:\Vibrant-Web Project\Vibrant-Web\src\DataLayerHelpDeskBranch\clsDLIssueAssignment.cs:line 254
   at V2.Helpdesk.BusinessLayer.clsBLIssueAssignment.IssueAssignmentBySuperAdmin(clsIssueAssignment objIssueAssignment) in e:\Vibrant-Web Project\Vibrant-Web\src\BusinessLayerHelpDeskBranch\clsBLIssueAssignment.cs:line 118 ViewSelectedIssueBySuperAdmin.aspx btnSubmit_Click     at V2.Helpdesk.BusinessLayer.clsBLIssueAssignment.IssueAssignmentBySuperAdmin(clsIssueAssignment objIssueAssignment) in e:\Vibrant-Web Project\Vibrant-Web\src\BusinessLayerHelpDeskBranch\clsBLIssueAssignment.cs:line 137
   at V2.Helpdesk.web.admin.ViewSelectedIssueBySuperAdmin.btnSubmit_Click(Object sender, EventArgs e) in e:\Vibrant-Web Project\Vibrant-Web\src\HRMS.WebSite\HelpDesk\admin\ViewSelectedIssueBySuperAdmin.aspx.cs:line 673
2016-06-09 @ 16:09:21  FATAL ERROR   , App Error Global.asax App_Error  System.Web.HttpUnhandledException (0x80004005): Exception of type 'System.Web.HttpUnhandledException' was thrown. ---> V2.CommonServices.Exceptions.V2Exceptions: V2.CommonServices.Exceptions.V2Exceptions: System.IndexOutOfRangeException: Index was outside the bounds of the array.
   at V2.Helpdesk.DataLayer.clsDLIssueAssignment.IssueAssignmentBySuperAdmin(clsIssueAssignment objIssueAssignment) in e:\Vibrant-Web Project\Vibrant-Web\src\DataLayerHelpDeskBranch\clsDLIssueAssignment.cs:line 254
   at V2.Helpdesk.BusinessLayer.clsBLIssueAssignment.IssueAssignmentBySuperAdmin(clsIssueAssignment objIssueAssignment) in e:\Vibrant-Web Project\Vibrant-Web\src\BusinessLayerHelpDeskBranch\clsBLIssueAssignment.cs:line 118 ---> System.IndexOutOfRangeException: Index was outside the bounds of the array.
   at V2.Helpdesk.DataLayer.clsDLIssueAssignment.IssueAssignmentBySuperAdmin(clsIssueAssignment objIssueAssignment) in e:\Vibrant-Web Project\Vibrant-Web\src\DataLayerHelpDeskBranch\clsDLIssueAssignment.cs:line 254
   at V2.Helpdesk.BusinessLayer.clsBLIssueAssignment.IssueAssignmentBySuperAdmin(clsIssueAssignment objIssueAssignment) in e:\Vibrant-Web Project\Vibrant-Web\src\BusinessLayerHelpDeskBranch\clsBLIssueAssignment.cs:line 118
   --- End of inner exception stack trace ---
   at V2.Helpdesk.BusinessLayer.clsBLIssueAssignment.IssueAssignmentBySuperAdmin(clsIssueAssignment objIssueAssignment) in e:\Vibrant-Web Project\Vibrant-Web\src\BusinessLayerHelpDeskBranch\clsBLIssueAssignment.cs:line 137
   at V2.Helpdesk.web.admin.ViewSelectedIssueBySuperAdmin.btnSubmit_Click(Object sender, EventArgs e) in e:\Vibrant-Web Project\Vibrant-Web\src\HRMS.WebSite\HelpDesk\admin\ViewSelectedIssueBySuperAdmin.aspx.cs:line 673 ---> V2.CommonServices.Exceptions.V2Exceptions: System.IndexOutOfRangeException: Index was outside the bounds of the array.
   at V2.Helpdesk.DataLayer.clsDLIssueAssignment.IssueAssignmentBySuperAdmin(clsIssueAssignment objIssueAssignment) in e:\Vibrant-Web Project\Vibrant-Web\src\DataLayerHelpDeskBranch\clsDLIssueAssignment.cs:line 254
   at V2.Helpdesk.BusinessLayer.clsBLIssueAssignment.IssueAssignmentBySuperAdmin(clsIssueAssignment objIssueAssignment) in e:\Vibrant-Web Project\Vibrant-Web\src\BusinessLayerHelpDeskBranch\clsBLIssueAssignment.cs:line 118 ---> System.IndexOutOfRangeException: Index was outside the bounds of the array.
   at V2.Helpdesk.DataLayer.clsDLIssueAssignment.IssueAssignmentBySuperAdmin(clsIssueAssignment objIssueAssignment) in e:\Vibrant-Web Project\Vibrant-Web\src\DataLayerHelpDeskBranch\clsDLIssueAssignment.cs:line 254
   at V2.Helpdesk.BusinessLayer.clsBLIssueAssignment.IssueAssignmentBySuperAdmin(clsIssueAssignment objIssueAssignment) in e:\Vibrant-Web Project\Vibrant-Web\src\BusinessLayerHelpDeskBranch\clsBLIssueAssignment.cs:line 118
   --- End of inner exception stack trace ---
   at V2.Helpdesk.BusinessLayer.clsBLIssueAssignment.IssueAssignmentBySuperAdmin(clsIssueAssignment objIssueAssignment) in e:\Vibrant-Web Project\Vibrant-Web\src\BusinessLayerHelpDeskBranch\clsBLIssueAssignment.cs:line 137
   at V2.Helpdesk.web.admin.ViewSelectedIssueBySuperAdmin.btnSubmit_Click(Object sender, EventArgs e) in e:\Vibrant-Web Project\Vibrant-Web\src\HRMS.WebSite\HelpDesk\admin\ViewSelectedIssueBySuperAdmin.aspx.cs:line 673
   --- End of inner exception stack trace ---
   at V2.Helpdesk.web.admin.ViewSelectedIssueBySuperAdmin.btnSubmit_Click(Object sender, EventArgs e) in e:\Vibrant-Web Project\Vibrant-Web\src\HRMS.WebSite\HelpDesk\admin\ViewSelectedIssueBySuperAdmin.aspx.cs:line 707
   at System.Web.UI.WebControls.Button.OnClick(EventArgs e)
   at System.Web.UI.WebControls.Button.RaisePostBackEvent(String eventArgument)
   at System.Web.UI.WebControls.Button.System.Web.UI.IPostBackEventHandler.RaisePostBackEvent(String eventArgument)
   at System.Web.UI.Page.RaisePostBackEvent(IPostBackEventHandler sourceControl, String eventArgument)
   at System.Web.UI.Page.RaisePostBackEvent(NameValueCollection postData)
   at System.Web.UI.Page.ProcessRequestMain(Boolean includeStagesBeforeAsyncPoint, Boolean includeStagesAfterAsyncPoint)
   at System.Web.UI.Page.HandleError(Exception e)
   at System.Web.UI.Page.ProcessRequestMain(Boolean includeStagesBeforeAsyncPoint, Boolean includeStagesAfterAsyncPoint)
   at System.Web.UI.Page.ProcessRequest(Boolean includeStagesBeforeAsyncPoint, Boolean includeStagesAfterAsyncPoint)
   at System.Web.UI.Page.ProcessRequest()
   at System.Web.UI.Page.ProcessRequestWithNoAssert(HttpContext context)
   at System.Web.UI.Page.ProcessRequest(HttpContext context)
   at ASP.helpdesk_admin_viewselectedissuebysuperadmin_aspx.ProcessRequest(HttpContext context) in c:\Users\nilesh.dalal\AppData\Local\Temp\Temporary ASP.NET Files\vs\8584b857\6fc386bf\App_Web_wmza0mvw.1.cs:line 0
   at System.Web.HttpApplication.CallHandlerExecutionStep.System.Web.HttpApplication.IExecutionStep.Execute()
   at System.Web.HttpApplication.ExecuteStep(IExecutionStep step, Boolean& completedSynchronously)
2016-06-09 @ 16:09:21  FATAL ERROR   , App Error Global.asax App_Error  ---------Error Block End---------

2016-06-09 @ 16:09:45  Informational , App start Global.asax App_Start  
2016-06-09 @ 16:09:46  Informational , App start finished Global.asax App_Start  

2016-06-09 @ 17:40:14  Informational , App start Global.asax App_Start  
2016-06-09 @ 17:40:16  Informational , App start finished Global.asax App_Start  
