
2016-03-29 @ 10:29:54  Informational , App start Global.asax App_Start  
2016-03-29 @ 10:30:17  Informational , App start finished Global.asax App_Start  

2016-03-29 @ 10:41:13  Informational , App start Global.asax App_Start  
2016-03-29 @ 10:41:15  Informational , App start finished Global.asax App_Start  
2016-03-29 @ 10:41:59  FATAL ERROR   , App Error Global.asax App_Error  System.Web.HttpUnhandledException (0x80004005): Exception of type 'System.Web.HttpUnhandledException' was thrown. ---> System.NullReferenceException: Object reference not set to an instance of an object.
   at ASP.views_shared_hrms_master.__Renderform1(HtmlTextWriter __w, Control parameterContainer) in d:\VB\src\HRMS.WebSite\Views\Shared\HRMS.Master:line 267
   at System.Web.UI.Control.RenderChildrenInternal(HtmlTextWriter writer, ICollection children)
   at System.Web.UI.HtmlControls.HtmlForm.RenderChildren(HtmlTextWriter writer)
   at System.Web.UI.HtmlControls.HtmlContainerControl.Render(HtmlTextWriter writer)
   at System.Web.UI.HtmlControls.HtmlForm.Render(HtmlTextWriter output)
   at System.Web.UI.Control.RenderControlInternal(HtmlTextWriter writer, ControlAdapter adapter)
   at System.Web.UI.Control.RenderControl(HtmlTextWriter writer, ControlAdapter adapter)
   at System.Web.UI.HtmlControls.HtmlForm.RenderControl(HtmlTextWriter writer)
   at ASP.views_shared_hrms_master.__Render__control1(HtmlTextWriter __w, Control parameterContainer) in c:\Windows\Microsoft.NET\Framework\v4.0.30319\Temporary ASP.NET Files\root\631035c4\e3a00b06\App_Web_dp4f3arl.0.cs:line 0
   at System.Web.UI.Control.RenderChildrenInternal(HtmlTextWriter writer, ICollection children)
   at System.Web.UI.Control.RenderChildren(HtmlTextWriter writer)
   at System.Web.UI.Control.Render(HtmlTextWriter writer)
   at System.Web.UI.Control.RenderControlInternal(HtmlTextWriter writer, ControlAdapter adapter)
   at System.Web.UI.Control.RenderControl(HtmlTextWriter writer, ControlAdapter adapter)
   at System.Web.UI.Control.RenderControl(HtmlTextWriter writer)
   at System.Web.UI.Control.RenderChildrenInternal(HtmlTextWriter writer, ICollection children)
   at System.Web.UI.Control.RenderChildren(HtmlTextWriter writer)
   at System.Web.UI.Page.Render(HtmlTextWriter writer)
   at System.Web.UI.Control.RenderControlInternal(HtmlTextWriter writer, ControlAdapter adapter)
   at System.Web.UI.Control.RenderControl(HtmlTextWriter writer, ControlAdapter adapter)
   at System.Web.UI.Control.RenderControl(HtmlTextWriter writer)
   at System.Web.UI.Page.ProcessRequestMain(Boolean includeStagesBeforeAsyncPoint, Boolean includeStagesAfterAsyncPoint)
   at System.Web.UI.Page.HandleError(Exception e)
   at System.Web.UI.Page.ProcessRequestMain(Boolean includeStagesBeforeAsyncPoint, Boolean includeStagesAfterAsyncPoint)
   at System.Web.UI.Page.ProcessRequest(Boolean includeStagesBeforeAsyncPoint, Boolean includeStagesAfterAsyncPoint)
   at System.Web.UI.Page.ProcessRequest()
   at System.Web.UI.Page.ProcessRequestWithNoAssert(HttpContext context)
   at System.Web.UI.Page.ProcessRequest(HttpContext context)
   at ASP.recruitment_rrfrequestor_aspx.ProcessRequest(HttpContext context) in c:\Windows\Microsoft.NET\Framework\v4.0.30319\Temporary ASP.NET Files\root\631035c4\e3a00b06\App_Web_z1absgfe.2.cs:line 0
   at System.Web.HttpApplication.CallHandlerExecutionStep.System.Web.HttpApplication.IExecutionStep.Execute()
   at System.Web.HttpApplication.ExecuteStep(IExecutionStep step, Boolean& completedSynchronously)
2016-03-29 @ 10:41:59  FATAL ERROR   , App Error Global.asax App_Error  ---------Error Block End---------

2016-03-29 @ 10:50:45  Informational , App start Global.asax App_Start  
2016-03-29 @ 10:50:48  Informational , App start finished Global.asax App_Start  
2016-03-29 @ 10:51:07  FATAL ERROR   , App Error Global.asax App_Error  System.Web.HttpException (0x80004005): The controller for path '/R' was not found or does not implement IController.
   at System.Web.Mvc.DefaultControllerFactory.GetControllerInstance(RequestContext requestContext, Type controllerType)
   at System.Web.Mvc.DefaultControllerFactory.CreateController(RequestContext requestContext, String controllerName)
   at System.Web.Mvc.MvcHandler.ProcessRequestInit(HttpContextBase httpContext, IController& controller, IControllerFactory& factory)
   at System.Web.Mvc.MvcHandler.BeginProcessRequest(HttpContextBase httpContext, AsyncCallback callback, Object state)
   at System.Web.Mvc.MvcHandler.BeginProcessRequest(HttpContext httpContext, AsyncCallback callback, Object state)
   at System.Web.Mvc.MvcHandler.System.Web.IHttpAsyncHandler.BeginProcessRequest(HttpContext context, AsyncCallback cb, Object extraData)
   at System.Web.HttpApplication.CallHandlerExecutionStep.System.Web.HttpApplication.IExecutionStep.Execute()
   at System.Web.HttpApplication.ExecuteStep(IExecutionStep step, Boolean& completedSynchronously)
2016-03-29 @ 10:51:07  FATAL ERROR   , App Error Global.asax App_Error  ---------Error Block End---------

2016-03-29 @ 12:49:36  Informational , App start Global.asax App_Start  
2016-03-29 @ 12:49:45  Informational , App start finished Global.asax App_Start  

2016-03-29 @ 12:50:01  Informational , App start Global.asax App_Start  
2016-03-29 @ 12:50:05  Informational , App start finished Global.asax App_Start  
2016-03-29 @ 12:50:05  FATAL ERROR   , App Error Global.asax App_Error  System.Web.HttpException (0x80004005): The controller for path '/__browserLink/requestData/c317145b963c478db78cf6a1027b8de1' was not found or does not implement IController.
   at System.Web.Mvc.DefaultControllerFactory.GetControllerInstance(RequestContext requestContext, Type controllerType)
   at System.Web.Mvc.DefaultControllerFactory.CreateController(RequestContext requestContext, String controllerName)
   at System.Web.Mvc.MvcHandler.ProcessRequestInit(HttpContextBase httpContext, IController& controller, IControllerFactory& factory)
   at System.Web.Mvc.MvcHandler.BeginProcessRequest(HttpContextBase httpContext, AsyncCallback callback, Object state)
   at System.Web.Mvc.MvcHandler.BeginProcessRequest(HttpContext httpContext, AsyncCallback callback, Object state)
   at System.Web.Mvc.MvcHandler.System.Web.IHttpAsyncHandler.BeginProcessRequest(HttpContext context, AsyncCallback cb, Object extraData)
   at System.Web.HttpApplication.CallHandlerExecutionStep.System.Web.HttpApplication.IExecutionStep.Execute()
   at System.Web.HttpApplication.ExecuteStep(IExecutionStep step, Boolean& completedSynchronously)
2016-03-29 @ 12:50:05  FATAL ERROR   , App Error Global.asax App_Error  ---------Error Block End---------

2016-03-29 @ 12:58:05  Informational , App start Global.asax App_Start  
2016-03-29 @ 12:58:13  Informational , App start finished Global.asax App_Start  

2016-03-29 @ 12:58:20  Informational , App start Global.asax App_Start  
2016-03-29 @ 12:58:25  Informational , App start finished Global.asax App_Start  
2016-03-29 @ 15:15:09  FATAL ERROR   , Object reference not set to an instance of an object. ViewSelectedIssueBySuperAdmin.aspx Page_Load     at V2.Helpdesk.web.admin.ViewSelectedIssueBySuperAdmin.SendMail() in d:\VB\src\HRMS.WebSite\HelpDesk\admin\ViewSelectedIssueBySuperAdmin.aspx.cs:line 1044
2016-03-29 @ 15:21:15  FATAL ERROR   , App Error Global.asax App_Error  System.Web.HttpUnhandledException (0x80004005): Exception of type 'System.Web.HttpUnhandledException' was thrown. ---> System.ArgumentException: Invalid postback or callback argument.  Event validation is enabled using <pages enableEventValidation="true"/> in configuration or <%@ Page EnableEventValidation="true" %> in a page.  For security purposes, this feature verifies that arguments to postback or callback events originate from the server control that originally rendered them.  If the data is valid and expected, use the ClientScriptManager.RegisterForEventValidation method in order to register the postback or callback data for validation.
   at System.Web.UI.ClientScriptManager.ValidateEvent(String uniqueId, String argument)
   at System.Web.UI.WebControls.TextBox.LoadPostData(String postDataKey, NameValueCollection postCollection)
   at System.Web.UI.WebControls.TextBox.System.Web.UI.IPostBackDataHandler.LoadPostData(String postDataKey, NameValueCollection postCollection)
   at System.Web.UI.Page.ProcessPostData(NameValueCollection postData, Boolean fBeforeLoad)
   at System.Web.UI.Page.ProcessRequestMain(Boolean includeStagesBeforeAsyncPoint, Boolean includeStagesAfterAsyncPoint)
   at System.Web.UI.Page.HandleError(Exception e)
   at System.Web.UI.Page.ProcessRequestMain(Boolean includeStagesBeforeAsyncPoint, Boolean includeStagesAfterAsyncPoint)
   at System.Web.UI.Page.ProcessRequest(Boolean includeStagesBeforeAsyncPoint, Boolean includeStagesAfterAsyncPoint)
   at System.Web.UI.Page.ProcessRequest()
   at System.Web.UI.Page.ProcessRequestWithNoAssert(HttpContext context)
   at System.Web.UI.Page.ProcessRequest(HttpContext context)
   at ASP.recruitment_candidate_aspx.ProcessRequest(HttpContext context) in c:\Windows\Microsoft.NET\Framework\v4.0.30319\Temporary ASP.NET Files\root\631035c4\e3a00b06\App_Web_giv4mgvz.0.cs:line 0
   at System.Web.HttpApplication.CallHandlerExecutionStep.System.Web.HttpApplication.IExecutionStep.Execute()
   at System.Web.HttpApplication.ExecuteStep(IExecutionStep step, Boolean& completedSynchronously)
2016-03-29 @ 15:21:15  FATAL ERROR   , App Error Global.asax App_Error  ---------Error Block End---------
2016-03-29 @ 16:15:20  FATAL ERROR   , App Error Global.asax App_Error  System.Web.HttpException (0x80004005): The controller for path '/R' was not found or does not implement IController.
   at System.Web.Mvc.DefaultControllerFactory.GetControllerInstance(RequestContext requestContext, Type controllerType)
   at System.Web.Mvc.DefaultControllerFactory.CreateController(RequestContext requestContext, String controllerName)
   at System.Web.Mvc.MvcHandler.ProcessRequestInit(HttpContextBase httpContext, IController& controller, IControllerFactory& factory)
   at System.Web.Mvc.MvcHandler.BeginProcessRequest(HttpContextBase httpContext, AsyncCallback callback, Object state)
   at System.Web.Mvc.MvcHandler.BeginProcessRequest(HttpContext httpContext, AsyncCallback callback, Object state)
   at System.Web.Mvc.MvcHandler.System.Web.IHttpAsyncHandler.BeginProcessRequest(HttpContext context, AsyncCallback cb, Object extraData)
   at System.Web.HttpApplication.CallHandlerExecutionStep.System.Web.HttpApplication.IExecutionStep.Execute()
   at System.Web.HttpApplication.ExecuteStep(IExecutionStep step, Boolean& completedSynchronously)
2016-03-29 @ 16:15:20  FATAL ERROR   , App Error Global.asax App_Error  ---------Error Block End---------

2016-03-29 @ 17:35:03  Informational , App start Global.asax App_Start  
2016-03-29 @ 17:35:25  Informational , App start finished Global.asax App_Start  
