
2016-06-22 @ 11:49:41  Informational , App start Global.asax App_Start  
2016-06-22 @ 11:49:42  Informational , App start finished Global.asax App_Start  

2016-06-22 @ 11:50:17  Informational , App start Global.asax App_Start  
2016-06-22 @ 11:50:21  Informational , App start finished Global.asax App_Start  
2016-06-22 @ 11:52:24  Informational ,  SignInSignOut.aspx.cs   User IP: ::1
2016-06-22 @ 11:52:24  Informational ,  signinsignout.aspx.cs   dynamic url: http://api.ipinfodb.com/v3/ip-country/?key=989f1374dc528a8ea159064430a19d2e0756c05b46f6943a75b03257ce8b88a2&ip=::1&format=xml
2016-06-22 @ 11:52:25  Informational ,  signinsignout.aspx.cs   response: System.Net.HttpWebResponse
2016-06-22 @ 11:52:25  Informational ,  signinsignout.aspx.cs   responsedata: <?xml version="1.0" encoding="UTF-8"?>
<Response>
	<statusCode>OK</statusCode>
	<statusMessage></statusMessage>
	<ipAddress>::1</ipAddress>
	<countryCode>-</countryCode>
	<countryName>-</countryName>
</Response>
2016-06-22 @ 11:52:25  FATAL ERROR   , Thread was being aborted. SignInSignOut.cs Page_Load     at System.Threading.Thread.AbortInternal()
   at System.Threading.Thread.Abort(Object stateInfo)
   at System.Web.HttpResponse.AbortCurrentThread()
   at System.Web.HttpResponse.End()
   at System.Web.HttpResponse.Redirect(String url, Boolean endResponse, Boolean permanent)
   at System.Web.HttpResponse.Redirect(String url)
   at HRMS.Orbitweb.SignInSignOut.Page_Load(Object sender, EventArgs e) in e:\Vibrant-Web Project\Vibrant-Web\src\HRMS.WebSite\Orbitweb\SignInSignOut.aspx.cs:line 142

2016-06-22 @ 13:36:01  Informational , App start Global.asax App_Start  
2016-06-22 @ 13:36:10  Informational , App start finished Global.asax App_Start  
2016-06-22 @ 13:37:17  Informational ,  SignInSignOut.aspx.cs   User IP: ::1
2016-06-22 @ 13:37:17  Informational ,  signinsignout.aspx.cs   dynamic url: http://api.ipinfodb.com/v3/ip-country/?key=989f1374dc528a8ea159064430a19d2e0756c05b46f6943a75b03257ce8b88a2&ip=::1&format=xml
2016-06-22 @ 13:37:18  Informational ,  signinsignout.aspx.cs   response: System.Net.HttpWebResponse
2016-06-22 @ 13:37:18  Informational ,  signinsignout.aspx.cs   responsedata: <?xml version="1.0" encoding="UTF-8"?>
<Response>
	<statusCode>OK</statusCode>
	<statusMessage></statusMessage>
	<ipAddress>::1</ipAddress>
	<countryCode>-</countryCode>
	<countryName>-</countryName>
</Response>
2016-06-22 @ 13:37:18  FATAL ERROR   , Thread was being aborted. SignInSignOut.cs Page_Load     at System.Threading.Thread.AbortInternal()
   at System.Threading.Thread.Abort(Object stateInfo)
   at System.Web.HttpResponse.AbortCurrentThread()
   at System.Web.HttpResponse.End()
   at System.Web.HttpResponse.Redirect(String url, Boolean endResponse, Boolean permanent)
   at System.Web.HttpResponse.Redirect(String url)
   at HRMS.Orbitweb.SignInSignOut.Page_Load(Object sender, EventArgs e) in e:\Vibrant-Web Project\Vibrant-Web\src\HRMS.WebSite\Orbitweb\SignInSignOut.aspx.cs:line 142
