
2016-05-30 @ 15:47:41  Informational , App start Global.asax App_Start  
2016-05-30 @ 15:47:50  Informational , App start finished Global.asax App_Start  
2016-05-30 @ 18:51:09  FATAL ERROR   , Thread was being aborted. CompensationApplicationForm.aspx.cs Page_Load     at System.Threading.Thread.AbortInternal()
   at System.Threading.Thread.Abort(Object stateInfo)
   at System.Web.HttpResponse.AbortCurrentThread()
   at System.Web.HttpResponse.End()
   at System.Web.HttpResponse.Redirect(String url, Boolean endResponse, Boolean permanent)
   at System.Web.HttpResponse.Redirect(String url)
   at HRMS.HRMSPageLevelAccess.PageLevelAccess(String PageName) in e:\Vibrant-Web Project\src\HRMS.WebSite\common\HRMSPageLevelAccess.cs:line 54
   at HRMS.Orbitweb.CompensationApplicationForm.Page_Load(Object sender, EventArgs e) in e:\Vibrant-Web Project\src\HRMS.WebSite\Orbitweb\CompensationApplicationForm.aspx.cs:line 67

2016-05-30 @ 19:07:08  Informational , App start Global.asax App_Start  
2016-05-30 @ 19:07:14  Informational , App start finished Global.asax App_Start  
2016-05-30 @ 19:07:22  FATAL ERROR   , Thread was being aborted. CompensationApplicationForm.aspx.cs Page_Load     at System.Threading.Thread.AbortInternal()
   at System.Threading.Thread.Abort(Object stateInfo)
   at System.Web.HttpResponse.AbortCurrentThread()
   at System.Web.HttpResponse.End()
   at System.Web.HttpResponse.Redirect(String url, Boolean endResponse, Boolean permanent)
   at System.Web.HttpResponse.Redirect(String url)
   at HRMS.HRMSPageLevelAccess.PageLevelAccess(String PageName) in e:\Vibrant-Web Project\src\HRMS.WebSite\common\HRMSPageLevelAccess.cs:line 54
   at HRMS.Orbitweb.CompensationApplicationForm.Page_Load(Object sender, EventArgs e) in e:\Vibrant-Web Project\src\HRMS.WebSite\Orbitweb\CompensationApplicationForm.aspx.cs:line 67
2016-05-30 @ 19:08:45  FATAL ERROR   , Value cannot be null.
Parameter name: address EmailActivity.cs ActivityExecutionStatus     at System.Net.Mail.MailAddress..ctor(String address, String displayName, Encoding displayNameEncoding)
   at System.Net.Mail.MailAddress..ctor(String address)
   at V2.Orbit.Workflow.Activities.MailActivity.EmailActivity.Execute(ActivityExecutionContext context)

2016-05-30 @ 19:17:07  Informational , App start Global.asax App_Start  
2016-05-30 @ 19:17:08  Informational , App start finished Global.asax App_Start  
2016-05-30 @ 19:17:14  FATAL ERROR   , Thread was being aborted. CompensationApproval.aspx.cs Page_Load     at System.Threading.Thread.AbortInternal()
   at System.Threading.Thread.Abort(Object stateInfo)
   at System.Web.HttpResponse.AbortCurrentThread()
   at System.Web.HttpResponse.End()
   at System.Web.HttpResponse.Redirect(String url, Boolean endResponse, Boolean permanent)
   at System.Web.HttpResponse.Redirect(String url)
   at HRMS.HRMSPageLevelAccess.PageLevelAccess(String PageName) in e:\Vibrant-Web Project\src\HRMS.WebSite\common\HRMSPageLevelAccess.cs:line 54
   at HRMS.Orbitweb.CompensationApproval.Page_Load(Object sender, EventArgs e) in e:\Vibrant-Web Project\src\HRMS.WebSite\Orbitweb\CompensationApproval.aspx.cs:line 65
2016-05-30 @ 19:17:22  FATAL ERROR   , Thread was being aborted. CompensationApproval.aspx.cs Page_Load     at System.Threading.Thread.AbortInternal()
   at System.Threading.Thread.Abort(Object stateInfo)
   at System.Web.HttpResponse.AbortCurrentThread()
   at System.Web.HttpResponse.End()
   at System.Web.HttpResponse.Redirect(String url, Boolean endResponse, Boolean permanent)
   at System.Web.HttpResponse.Redirect(String url)
   at HRMS.HRMSPageLevelAccess.PageLevelAccess(String PageName) in e:\Vibrant-Web Project\src\HRMS.WebSite\common\HRMSPageLevelAccess.cs:line 54
   at HRMS.Orbitweb.CompensationApproval.Page_Load(Object sender, EventArgs e) in e:\Vibrant-Web Project\src\HRMS.WebSite\Orbitweb\CompensationApproval.aspx.cs:line 65
