
2016-03-16 @ 11:55:31  Informational , App start Global.asax App_Start  
2016-03-16 @ 11:55:38  Informational , App start finished Global.asax App_Start  
2016-03-16 @ 11:56:30  Informational ,  SignInSignOut.aspx.cs   User IP: ::1
2016-03-16 @ 11:56:30  Informational ,  signinsignout.aspx.cs   dynamic url: http://api.ipinfodb.com/v3/ip-country/?key=989f1374dc528a8ea159064430a19d2e0756c05b46f6943a75b03257ce8b88a2&ip=::1&format=xml
2016-03-16 @ 11:56:31  Informational ,  signinsignout.aspx.cs   response: System.Net.HttpWebResponse
2016-03-16 @ 11:56:31  Informational ,  signinsignout.aspx.cs   responsedata: <?xml version="1.0" encoding="UTF-8"?>
<Response>
	<statusCode>OK</statusCode>
	<statusMessage></statusMessage>
	<ipAddress>::1</ipAddress>
	<countryCode>-</countryCode>
	<countryName>-</countryName>
</Response>
2016-03-16 @ 11:56:31  FATAL ERROR   , Thread was being aborted. SignInSignOut.cs Page_Load     at System.Threading.Thread.AbortInternal()
   at System.Threading.Thread.Abort(Object stateInfo)
   at System.Web.HttpResponse.AbortCurrentThread()
   at System.Web.HttpResponse.End()
   at System.Web.HttpResponse.Redirect(String url, Boolean endResponse, Boolean permanent)
   at System.Web.HttpResponse.Redirect(String url)
   at HRMS.Orbitweb.SignInSignOut.Page_Load(Object sender, EventArgs e) in d:\VB\src\HRMS.WebSite\Orbitweb\SignInSignOut.aspx.cs:line 155
2016-03-16 @ 12:23:40  Informational ,  SignInSignOut.aspx.cs   User IP: ::1
2016-03-16 @ 12:23:40  Informational ,  signinsignout.aspx.cs   dynamic url: http://api.ipinfodb.com/v3/ip-country/?key=989f1374dc528a8ea159064430a19d2e0756c05b46f6943a75b03257ce8b88a2&ip=::1&format=xml
2016-03-16 @ 12:23:40  Informational ,  signinsignout.aspx.cs   response: System.Net.HttpWebResponse
2016-03-16 @ 12:23:40  Informational ,  signinsignout.aspx.cs   responsedata: <?xml version="1.0" encoding="UTF-8"?>
<Response>
	<statusCode>OK</statusCode>
	<statusMessage></statusMessage>
	<ipAddress>::1</ipAddress>
	<countryCode>-</countryCode>
	<countryName>-</countryName>
</Response>
2016-03-16 @ 12:23:40  FATAL ERROR   , Thread was being aborted. SignInSignOut.cs Page_Load     at System.Threading.Thread.AbortInternal()
   at System.Threading.Thread.Abort(Object stateInfo)
   at System.Web.HttpResponse.AbortCurrentThread()
   at System.Web.HttpResponse.End()
   at System.Web.HttpResponse.Redirect(String url, Boolean endResponse, Boolean permanent)
   at System.Web.HttpResponse.Redirect(String url)
   at HRMS.Orbitweb.SignInSignOut.Page_Load(Object sender, EventArgs e) in d:\VB\src\HRMS.WebSite\Orbitweb\SignInSignOut.aspx.cs:line 155
2016-03-16 @ 12:34:30  Informational ,  SignInSignOut.aspx.cs   User IP: ::1
2016-03-16 @ 12:34:30  Informational ,  signinsignout.aspx.cs   dynamic url: http://api.ipinfodb.com/v3/ip-country/?key=989f1374dc528a8ea159064430a19d2e0756c05b46f6943a75b03257ce8b88a2&ip=::1&format=xml
2016-03-16 @ 12:34:30  Informational ,  signinsignout.aspx.cs   response: System.Net.HttpWebResponse
2016-03-16 @ 12:34:30  Informational ,  signinsignout.aspx.cs   responsedata: <?xml version="1.0" encoding="UTF-8"?>
<Response>
	<statusCode>OK</statusCode>
	<statusMessage></statusMessage>
	<ipAddress>::1</ipAddress>
	<countryCode>-</countryCode>
	<countryName>-</countryName>
</Response>
2016-03-16 @ 12:34:30  FATAL ERROR   , Thread was being aborted. SignInSignOut.cs Page_Load     at System.Threading.Thread.AbortInternal()
   at System.Threading.Thread.Abort(Object stateInfo)
   at System.Web.HttpResponse.AbortCurrentThread()
   at System.Web.HttpResponse.End()
   at System.Web.HttpResponse.Redirect(String url, Boolean endResponse, Boolean permanent)
   at System.Web.HttpResponse.Redirect(String url)
   at HRMS.Orbitweb.SignInSignOut.Page_Load(Object sender, EventArgs e) in d:\VB\src\HRMS.WebSite\Orbitweb\SignInSignOut.aspx.cs:line 155

2016-03-16 @ 12:35:04  Informational , App start Global.asax App_Start  
2016-03-16 @ 12:35:07  Informational , App start finished Global.asax App_Start  
2016-03-16 @ 12:35:27  Informational ,  SignInSignOut.aspx.cs   User IP: ::1
2016-03-16 @ 12:35:27  Informational ,  signinsignout.aspx.cs   dynamic url: http://api.ipinfodb.com/v3/ip-country/?key=989f1374dc528a8ea159064430a19d2e0756c05b46f6943a75b03257ce8b88a2&ip=::1&format=xml
2016-03-16 @ 12:35:27  Informational ,  signinsignout.aspx.cs   response: System.Net.HttpWebResponse
2016-03-16 @ 12:35:27  Informational ,  signinsignout.aspx.cs   responsedata: <?xml version="1.0" encoding="UTF-8"?>
<Response>
	<statusCode>OK</statusCode>
	<statusMessage></statusMessage>
	<ipAddress>::1</ipAddress>
	<countryCode>-</countryCode>
	<countryName>-</countryName>
</Response>
2016-03-16 @ 12:35:28  FATAL ERROR   , Thread was being aborted. SignInSignOut.cs Page_Load     at System.Threading.Thread.AbortInternal()
   at System.Threading.Thread.Abort(Object stateInfo)
   at System.Web.HttpResponse.AbortCurrentThread()
   at System.Web.HttpResponse.End()
   at System.Web.HttpResponse.Redirect(String url, Boolean endResponse, Boolean permanent)
   at System.Web.HttpResponse.Redirect(String url)
   at HRMS.Orbitweb.SignInSignOut.Page_Load(Object sender, EventArgs e) in d:\VB\src\HRMS.WebSite\Orbitweb\SignInSignOut.aspx.cs:line 155
2016-03-16 @ 12:56:00  Informational ,  SignInSignOut.aspx.cs   User IP: ::1
2016-03-16 @ 12:56:00  Informational ,  signinsignout.aspx.cs   dynamic url: http://api.ipinfodb.com/v3/ip-country/?key=989f1374dc528a8ea159064430a19d2e0756c05b46f6943a75b03257ce8b88a2&ip=::1&format=xml
2016-03-16 @ 12:56:01  Informational ,  signinsignout.aspx.cs   response: System.Net.HttpWebResponse
2016-03-16 @ 12:56:01  Informational ,  signinsignout.aspx.cs   responsedata: <?xml version="1.0" encoding="UTF-8"?>
<Response>
	<statusCode>OK</statusCode>
	<statusMessage></statusMessage>
	<ipAddress>::1</ipAddress>
	<countryCode>-</countryCode>
	<countryName>-</countryName>
</Response>
2016-03-16 @ 12:56:01  FATAL ERROR   , Thread was being aborted. SignInSignOut.cs Page_Load     at System.Threading.Thread.AbortInternal()
   at System.Threading.Thread.Abort(Object stateInfo)
   at System.Web.HttpResponse.AbortCurrentThread()
   at System.Web.HttpResponse.End()
   at System.Web.HttpResponse.Redirect(String url, Boolean endResponse, Boolean permanent)
   at System.Web.HttpResponse.Redirect(String url)
   at HRMS.Orbitweb.SignInSignOut.Page_Load(Object sender, EventArgs e) in d:\VB\src\HRMS.WebSite\Orbitweb\SignInSignOut.aspx.cs:line 155

2016-03-16 @ 14:35:08  Informational , App start Global.asax App_Start  
2016-03-16 @ 14:35:33  Informational , App start finished Global.asax App_Start  
2016-03-16 @ 14:36:24  Informational ,  SignInSignOut.aspx.cs   User IP: ::1
2016-03-16 @ 14:36:24  Informational ,  signinsignout.aspx.cs   dynamic url: http://api.ipinfodb.com/v3/ip-country/?key=989f1374dc528a8ea159064430a19d2e0756c05b46f6943a75b03257ce8b88a2&ip=::1&format=xml
2016-03-16 @ 14:36:25  Informational ,  signinsignout.aspx.cs   response: System.Net.HttpWebResponse
2016-03-16 @ 14:36:25  Informational ,  signinsignout.aspx.cs   responsedata: <?xml version="1.0" encoding="UTF-8"?>
<Response>
	<statusCode>OK</statusCode>
	<statusMessage></statusMessage>
	<ipAddress>::1</ipAddress>
	<countryCode>-</countryCode>
	<countryName>-</countryName>
</Response>
2016-03-16 @ 14:36:26  FATAL ERROR   , Thread was being aborted. SignInSignOut.cs Page_Load     at System.Threading.Thread.AbortInternal()
   at System.Threading.Thread.Abort(Object stateInfo)
   at System.Web.HttpResponse.AbortCurrentThread()
   at System.Web.HttpResponse.End()
   at System.Web.HttpResponse.Redirect(String url, Boolean endResponse, Boolean permanent)
   at System.Web.HttpResponse.Redirect(String url)
   at HRMS.Orbitweb.SignInSignOut.Page_Load(Object sender, EventArgs e) in d:\VB\src\HRMS.WebSite\Orbitweb\SignInSignOut.aspx.cs:line 155
2016-03-16 @ 14:53:51  Informational ,  SignInSignOut.aspx.cs   User IP: ::1
2016-03-16 @ 14:53:51  Informational ,  signinsignout.aspx.cs   dynamic url: http://api.ipinfodb.com/v3/ip-country/?key=989f1374dc528a8ea159064430a19d2e0756c05b46f6943a75b03257ce8b88a2&ip=::1&format=xml
2016-03-16 @ 14:53:51  Informational ,  signinsignout.aspx.cs   response: System.Net.HttpWebResponse
2016-03-16 @ 14:53:51  Informational ,  signinsignout.aspx.cs   responsedata: <?xml version="1.0" encoding="UTF-8"?>
<Response>
	<statusCode>OK</statusCode>
	<statusMessage></statusMessage>
	<ipAddress>::1</ipAddress>
	<countryCode>-</countryCode>
	<countryName>-</countryName>
</Response>
2016-03-16 @ 14:53:51  FATAL ERROR   , Thread was being aborted. SignInSignOut.cs Page_Load     at System.Threading.Thread.AbortInternal()
   at System.Threading.Thread.Abort(Object stateInfo)
   at System.Web.HttpResponse.AbortCurrentThread()
   at System.Web.HttpResponse.End()
   at System.Web.HttpResponse.Redirect(String url, Boolean endResponse, Boolean permanent)
   at System.Web.HttpResponse.Redirect(String url)
   at HRMS.Orbitweb.SignInSignOut.Page_Load(Object sender, EventArgs e) in d:\VB\src\HRMS.WebSite\Orbitweb\SignInSignOut.aspx.cs:line 155

2016-03-16 @ 16:28:02  Informational , App start Global.asax App_Start  
2016-03-16 @ 16:28:19  Informational , App start finished Global.asax App_Start  
2016-03-16 @ 16:34:51  Informational ,  SignInSignOut.aspx.cs   User IP: ::1
2016-03-16 @ 16:34:51  Informational ,  signinsignout.aspx.cs   dynamic url: http://api.ipinfodb.com/v3/ip-country/?key=989f1374dc528a8ea159064430a19d2e0756c05b46f6943a75b03257ce8b88a2&ip=::1&format=xml
2016-03-16 @ 16:34:52  Informational ,  signinsignout.aspx.cs   response: System.Net.HttpWebResponse
2016-03-16 @ 16:34:52  Informational ,  signinsignout.aspx.cs   responsedata: <?xml version="1.0" encoding="UTF-8"?>
<Response>
	<statusCode>OK</statusCode>
	<statusMessage></statusMessage>
	<ipAddress>::1</ipAddress>
	<countryCode>-</countryCode>
	<countryName>-</countryName>
</Response>
2016-03-16 @ 16:34:52  FATAL ERROR   , Thread was being aborted. SignInSignOut.cs Page_Load     at System.Threading.Thread.AbortInternal()
   at System.Threading.Thread.Abort(Object stateInfo)
   at System.Web.HttpResponse.AbortCurrentThread()
   at System.Web.HttpResponse.End()
   at System.Web.HttpResponse.Redirect(String url, Boolean endResponse, Boolean permanent)
   at System.Web.HttpResponse.Redirect(String url)
   at HRMS.Orbitweb.SignInSignOut.Page_Load(Object sender, EventArgs e) in d:\VB\src\HRMS.WebSite\Orbitweb\SignInSignOut.aspx.cs:line 155
