
2016-02-15 @ 13:32:09  Informational , App start Global.asax App_Start  
2016-02-15 @ 13:32:19  Informational , App start finished Global.asax App_Start  
2016-02-15 @ 13:32:43  Informational ,  SignInSignOut.aspx.cs   User IP: ::1

2016-02-15 @ 13:44:24  Informational , App start Global.asax App_Start  
2016-02-15 @ 13:44:27  Informational , App start finished Global.asax App_Start  

2016-02-15 @ 15:08:45  Informational , App start Global.asax App_Start  
2016-02-15 @ 15:08:53  Informational , App start finished Global.asax App_Start  
2016-02-15 @ 15:09:38  Informational ,  SignInSignOut.aspx.cs   User IP: ::1

2016-02-15 @ 15:13:45  Informational , App start Global.asax App_Start  
2016-02-15 @ 15:13:47  Informational , App start finished Global.asax App_Start  

2016-02-15 @ 15:13:54  Informational , App start Global.asax App_Start  
2016-02-15 @ 15:13:56  Informational , App start finished Global.asax App_Start  
2016-02-15 @ 15:13:56  FATAL ERROR   , App Error Global.asax App_Error  System.Web.HttpException (0x80004005): The controller for path '/__browserLink/requestData/248b5977f8c645f5a21f584fba3031ab' was not found or does not implement IController.
   at System.Web.Mvc.DefaultControllerFactory.GetControllerInstance(RequestContext requestContext, Type controllerType)
   at System.Web.Mvc.DefaultControllerFactory.CreateController(RequestContext requestContext, String controllerName)
   at System.Web.Mvc.MvcHandler.ProcessRequestInit(HttpContextBase httpContext, IController& controller, IControllerFactory& factory)
   at System.Web.Mvc.MvcHandler.BeginProcessRequest(HttpContextBase httpContext, AsyncCallback callback, Object state)
   at System.Web.Mvc.MvcHandler.BeginProcessRequest(HttpContext httpContext, AsyncCallback callback, Object state)
   at System.Web.Mvc.MvcHandler.System.Web.IHttpAsyncHandler.BeginProcessRequest(HttpContext context, AsyncCallback cb, Object extraData)
   at System.Web.HttpApplication.CallHandlerExecutionStep.System.Web.HttpApplication.IExecutionStep.Execute()
   at System.Web.HttpApplication.ExecuteStep(IExecutionStep step, Boolean& completedSynchronously)
2016-02-15 @ 15:13:56  FATAL ERROR   , App Error Global.asax App_Error  ---------Error Block End---------
