
2016-06-21 @ 11:46:00  Informational , App start Global.asax App_Start  
2016-06-21 @ 11:46:14  Informational , App start finished Global.asax App_Start  
2016-06-21 @ 12:15:30  Informational ,  SignInSignOut.aspx.cs   User IP: ::1
2016-06-21 @ 12:15:30  Informational ,  signinsignout.aspx.cs   dynamic url: http://api.ipinfodb.com/v3/ip-country/?key=989f1374dc528a8ea159064430a19d2e0756c05b46f6943a75b03257ce8b88a2&ip=::1&format=xml
2016-06-21 @ 12:15:39  Informational ,  signinsignout.aspx.cs   response: System.Net.HttpWebResponse
2016-06-21 @ 12:15:39  Informational ,  signinsignout.aspx.cs   responsedata: <?xml version="1.0" encoding="UTF-8"?>
<Response>
	<statusCode>OK</statusCode>
	<statusMessage></statusMessage>
	<ipAddress>::1</ipAddress>
	<countryCode>-</countryCode>
	<countryName>-</countryName>
</Response>
2016-06-21 @ 12:15:40  FATAL ERROR   , Thread was being aborted. SignInSignOut.cs Page_Load     at System.Threading.Thread.AbortInternal()
   at System.Threading.Thread.Abort(Object stateInfo)
   at System.Web.HttpResponse.AbortCurrentThread()
   at System.Web.HttpResponse.End()
   at System.Web.HttpResponse.Redirect(String url, Boolean endResponse, Boolean permanent)
   at System.Web.HttpResponse.Redirect(String url)
   at HRMS.Orbitweb.SignInSignOut.Page_Load(Object sender, EventArgs e) in e:\Vibrant-Web Project\Vibrant-Web\src\HRMS.WebSite\Orbitweb\SignInSignOut.aspx.cs:line 142
2016-06-21 @ 12:28:30  Informational ,  SignInSignOut.aspx.cs   User IP: ::1
2016-06-21 @ 12:28:30  Informational ,  signinsignout.aspx.cs   dynamic url: http://api.ipinfodb.com/v3/ip-country/?key=989f1374dc528a8ea159064430a19d2e0756c05b46f6943a75b03257ce8b88a2&ip=::1&format=xml
2016-06-21 @ 12:28:49  Informational ,  signinsignout.aspx.cs   response: System.Net.HttpWebResponse
2016-06-21 @ 12:28:49  Informational ,  signinsignout.aspx.cs   responsedata: <?xml version="1.0" encoding="UTF-8"?>
<Response>
	<statusCode>OK</statusCode>
	<statusMessage></statusMessage>
	<ipAddress>::1</ipAddress>
	<countryCode>-</countryCode>
	<countryName>-</countryName>
</Response>
2016-06-21 @ 12:28:49  FATAL ERROR   , Thread was being aborted. SignInSignOut.cs Page_Load     at System.Threading.Thread.AbortInternal()
   at System.Threading.Thread.Abort(Object stateInfo)
   at System.Web.HttpResponse.AbortCurrentThread()
   at System.Web.HttpResponse.End()
   at System.Web.HttpResponse.Redirect(String url, Boolean endResponse, Boolean permanent)
   at System.Web.HttpResponse.Redirect(String url)
   at HRMS.Orbitweb.SignInSignOut.Page_Load(Object sender, EventArgs e) in e:\Vibrant-Web Project\Vibrant-Web\src\HRMS.WebSite\Orbitweb\SignInSignOut.aspx.cs:line 142
2016-06-21 @ 12:33:25  Informational ,  SignInSignOut.aspx.cs   User IP: ::1
2016-06-21 @ 12:33:25  Informational ,  signinsignout.aspx.cs   dynamic url: http://api.ipinfodb.com/v3/ip-country/?key=989f1374dc528a8ea159064430a19d2e0756c05b46f6943a75b03257ce8b88a2&ip=::1&format=xml
2016-06-21 @ 12:33:25  Informational ,  signinsignout.aspx.cs   response: System.Net.HttpWebResponse
2016-06-21 @ 12:33:25  Informational ,  signinsignout.aspx.cs   responsedata: <?xml version="1.0" encoding="UTF-8"?>
<Response>
	<statusCode>OK</statusCode>
	<statusMessage></statusMessage>
	<ipAddress>::1</ipAddress>
	<countryCode>-</countryCode>
	<countryName>-</countryName>
</Response>
2016-06-21 @ 12:33:25  FATAL ERROR   , Thread was being aborted. SignInSignOut.cs Page_Load     at System.Threading.Thread.AbortInternal()
   at System.Threading.Thread.Abort(Object stateInfo)
   at System.Web.HttpResponse.AbortCurrentThread()
   at System.Web.HttpResponse.End()
   at System.Web.HttpResponse.Redirect(String url, Boolean endResponse, Boolean permanent)
   at System.Web.HttpResponse.Redirect(String url)
   at HRMS.Orbitweb.SignInSignOut.Page_Load(Object sender, EventArgs e) in e:\Vibrant-Web Project\Vibrant-Web\src\HRMS.WebSite\Orbitweb\SignInSignOut.aspx.cs:line 142

2016-06-21 @ 18:07:05  Informational , App start Global.asax App_Start  
2016-06-21 @ 18:07:08  Informational , App start finished Global.asax App_Start  

2016-06-21 @ 18:10:15  Informational , App start Global.asax App_Start  
2016-06-21 @ 18:10:16  Informational , App start finished Global.asax App_Start  

2016-06-21 @ 18:22:52  Informational , App start Global.asax App_Start  
2016-06-21 @ 18:22:53  Informational , App start finished Global.asax App_Start  

2016-06-21 @ 18:25:49  Informational , App start Global.asax App_Start  
2016-06-21 @ 18:25:50  Informational , App start finished Global.asax App_Start  

2016-06-21 @ 18:32:43  Informational , App start Global.asax App_Start  
2016-06-21 @ 18:32:45  Informational , App start finished Global.asax App_Start  

2016-06-21 @ 18:41:45  Informational , App start Global.asax App_Start  
2016-06-21 @ 18:41:46  Informational , App start finished Global.asax App_Start  
