
2016-03-17 @ 11:13:08  Informational , App start Global.asax App_Start  
2016-03-17 @ 11:13:17  Informational , App start finished Global.asax App_Start  
2016-03-17 @ 11:13:56  Informational ,  SignInSignOut.aspx.cs   User IP: ::1
2016-03-17 @ 11:13:56  Informational ,  signinsignout.aspx.cs   dynamic url: http://api.ipinfodb.com/v3/ip-country/?key=989f1374dc528a8ea159064430a19d2e0756c05b46f6943a75b03257ce8b88a2&ip=::1&format=xml
2016-03-17 @ 11:13:58  Informational ,  signinsignout.aspx.cs   response: System.Net.HttpWebResponse
2016-03-17 @ 11:13:58  Informational ,  signinsignout.aspx.cs   responsedata: <?xml version="1.0" encoding="UTF-8"?>
<Response>
	<statusCode>OK</statusCode>
	<statusMessage></statusMessage>
	<ipAddress>::1</ipAddress>
	<countryCode>-</countryCode>
	<countryName>-</countryName>
</Response>
2016-03-17 @ 11:13:58  FATAL ERROR   , Thread was being aborted. SignInSignOut.cs Page_Load     at System.Threading.Thread.AbortInternal()
   at System.Threading.Thread.Abort(Object stateInfo)
   at System.Web.HttpResponse.AbortCurrentThread()
   at System.Web.HttpResponse.End()
   at System.Web.HttpResponse.Redirect(String url, Boolean endResponse, Boolean permanent)
   at System.Web.HttpResponse.Redirect(String url)
   at HRMS.Orbitweb.SignInSignOut.Page_Load(Object sender, EventArgs e) in d:\VB\src\HRMS.WebSite\Orbitweb\SignInSignOut.aspx.cs:line 155
2016-03-17 @ 11:24:00  FATAL ERROR   , App Error Global.asax App_Error  System.Web.HttpUnhandledException (0x80004005): Exception of type 'System.Web.HttpUnhandledException' was thrown. ---> System.ArgumentException: Invalid postback or callback argument.  Event validation is enabled using <pages enableEventValidation="true"/> in configuration or <%@ Page EnableEventValidation="true" %> in a page.  For security purposes, this feature verifies that arguments to postback or callback events originate from the server control that originally rendered them.  If the data is valid and expected, use the ClientScriptManager.RegisterForEventValidation method in order to register the postback or callback data for validation.
   at System.Web.UI.ClientScriptManager.ValidateEvent(String uniqueId, String argument)
   at System.Web.UI.WebControls.TextBox.LoadPostData(String postDataKey, NameValueCollection postCollection)
   at System.Web.UI.WebControls.TextBox.System.Web.UI.IPostBackDataHandler.LoadPostData(String postDataKey, NameValueCollection postCollection)
   at System.Web.UI.Page.ProcessPostData(NameValueCollection postData, Boolean fBeforeLoad)
   at System.Web.UI.Page.ProcessRequestMain(Boolean includeStagesBeforeAsyncPoint, Boolean includeStagesAfterAsyncPoint)
   at System.Web.UI.Page.HandleError(Exception e)
   at System.Web.UI.Page.ProcessRequestMain(Boolean includeStagesBeforeAsyncPoint, Boolean includeStagesAfterAsyncPoint)
   at System.Web.UI.Page.ProcessRequest(Boolean includeStagesBeforeAsyncPoint, Boolean includeStagesAfterAsyncPoint)
   at System.Web.UI.Page.ProcessRequest()
   at System.Web.UI.Page.ProcessRequestWithNoAssert(HttpContext context)
   at System.Web.UI.Page.ProcessRequest(HttpContext context)
   at ASP.recruitment_rrflist_aspx.ProcessRequest(HttpContext context) in c:\Windows\Microsoft.NET\Framework\v4.0.30319\Temporary ASP.NET Files\root\631035c4\e3a00b06\App_Web_uklkxf3f.0.cs:line 0
   at System.Web.HttpApplication.CallHandlerExecutionStep.System.Web.HttpApplication.IExecutionStep.Execute()
   at System.Web.HttpApplication.ExecuteStep(IExecutionStep step, Boolean& completedSynchronously)
2016-03-17 @ 11:24:00  FATAL ERROR   , App Error Global.asax App_Error  ---------Error Block End---------
2016-03-17 @ 11:24:08  FATAL ERROR   , App Error Global.asax App_Error  System.Web.HttpUnhandledException (0x80004005): Exception of type 'System.Web.HttpUnhandledException' was thrown. ---> System.ArgumentException: Invalid postback or callback argument.  Event validation is enabled using <pages enableEventValidation="true"/> in configuration or <%@ Page EnableEventValidation="true" %> in a page.  For security purposes, this feature verifies that arguments to postback or callback events originate from the server control that originally rendered them.  If the data is valid and expected, use the ClientScriptManager.RegisterForEventValidation method in order to register the postback or callback data for validation.
   at System.Web.UI.ClientScriptManager.ValidateEvent(String uniqueId, String argument)
   at System.Web.UI.WebControls.TextBox.LoadPostData(String postDataKey, NameValueCollection postCollection)
   at System.Web.UI.WebControls.TextBox.System.Web.UI.IPostBackDataHandler.LoadPostData(String postDataKey, NameValueCollection postCollection)
   at System.Web.UI.Page.ProcessPostData(NameValueCollection postData, Boolean fBeforeLoad)
   at System.Web.UI.Page.ProcessRequestMain(Boolean includeStagesBeforeAsyncPoint, Boolean includeStagesAfterAsyncPoint)
   at System.Web.UI.Page.HandleError(Exception e)
   at System.Web.UI.Page.ProcessRequestMain(Boolean includeStagesBeforeAsyncPoint, Boolean includeStagesAfterAsyncPoint)
   at System.Web.UI.Page.ProcessRequest(Boolean includeStagesBeforeAsyncPoint, Boolean includeStagesAfterAsyncPoint)
   at System.Web.UI.Page.ProcessRequest()
   at System.Web.UI.Page.ProcessRequestWithNoAssert(HttpContext context)
   at System.Web.UI.Page.ProcessRequest(HttpContext context)
   at ASP.recruitment_rrflist_aspx.ProcessRequest(HttpContext context) in c:\Windows\Microsoft.NET\Framework\v4.0.30319\Temporary ASP.NET Files\root\631035c4\e3a00b06\App_Web_uklkxf3f.0.cs:line 0
   at System.Web.HttpApplication.CallHandlerExecutionStep.System.Web.HttpApplication.IExecutionStep.Execute()
   at System.Web.HttpApplication.ExecuteStep(IExecutionStep step, Boolean& completedSynchronously)
2016-03-17 @ 11:24:08  FATAL ERROR   , App Error Global.asax App_Error  ---------Error Block End---------
2016-03-17 @ 11:24:24  FATAL ERROR   , App Error Global.asax App_Error  System.Web.HttpUnhandledException (0x80004005): Exception of type 'System.Web.HttpUnhandledException' was thrown. ---> System.NullReferenceException: Object reference not set to an instance of an object.
   at _Default.Page_Load(Object sender, EventArgs e) in d:\VB\src\HRMS.WebSite\Recruitment\Default.aspx.cs:line 26
   at System.Web.Util.CalliEventHandlerDelegateProxy.Callback(Object sender, EventArgs e)
   at System.Web.UI.Control.OnLoad(EventArgs e)
   at System.Web.UI.Control.LoadRecursive()
   at System.Web.UI.Page.ProcessRequestMain(Boolean includeStagesBeforeAsyncPoint, Boolean includeStagesAfterAsyncPoint)
   at System.Web.UI.Page.HandleError(Exception e)
   at System.Web.UI.Page.ProcessRequestMain(Boolean includeStagesBeforeAsyncPoint, Boolean includeStagesAfterAsyncPoint)
   at System.Web.UI.Page.ProcessRequest(Boolean includeStagesBeforeAsyncPoint, Boolean includeStagesAfterAsyncPoint)
   at System.Web.UI.Page.ProcessRequest()
   at System.Web.UI.Page.ProcessRequestWithNoAssert(HttpContext context)
   at System.Web.UI.Page.ProcessRequest(HttpContext context)
   at ASP.recruitment_default_aspx.ProcessRequest(HttpContext context) in c:\Windows\Microsoft.NET\Framework\v4.0.30319\Temporary ASP.NET Files\root\631035c4\e3a00b06\App_Web_2y4bj1wa.2.cs:line 0
   at System.Web.HttpApplication.CallHandlerExecutionStep.System.Web.HttpApplication.IExecutionStep.Execute()
   at System.Web.HttpApplication.ExecuteStep(IExecutionStep step, Boolean& completedSynchronously)
2016-03-17 @ 11:24:24  FATAL ERROR   , App Error Global.asax App_Error  ---------Error Block End---------
2016-03-17 @ 11:24:44  Informational ,  SignInSignOut.aspx.cs   User IP: ::1
2016-03-17 @ 11:24:44  Informational ,  signinsignout.aspx.cs   dynamic url: http://api.ipinfodb.com/v3/ip-country/?key=989f1374dc528a8ea159064430a19d2e0756c05b46f6943a75b03257ce8b88a2&ip=::1&format=xml
2016-03-17 @ 11:24:45  Informational ,  signinsignout.aspx.cs   response: System.Net.HttpWebResponse
2016-03-17 @ 11:24:45  Informational ,  signinsignout.aspx.cs   responsedata: <?xml version="1.0" encoding="UTF-8"?>
<Response>
	<statusCode>OK</statusCode>
	<statusMessage></statusMessage>
	<ipAddress>::1</ipAddress>
	<countryCode>-</countryCode>
	<countryName>-</countryName>
</Response>
2016-03-17 @ 11:24:45  FATAL ERROR   , Thread was being aborted. SignInSignOut.cs Page_Load     at System.Threading.Thread.AbortInternal()
   at System.Threading.Thread.Abort(Object stateInfo)
   at System.Web.HttpResponse.AbortCurrentThread()
   at System.Web.HttpResponse.End()
   at System.Web.HttpResponse.Redirect(String url, Boolean endResponse, Boolean permanent)
   at System.Web.HttpResponse.Redirect(String url)
   at HRMS.Orbitweb.SignInSignOut.Page_Load(Object sender, EventArgs e) in d:\VB\src\HRMS.WebSite\Orbitweb\SignInSignOut.aspx.cs:line 155

2016-03-17 @ 13:03:34  Informational , App start Global.asax App_Start  
2016-03-17 @ 13:03:51  Informational , App start finished Global.asax App_Start  
2016-03-17 @ 13:04:11  Informational ,  SignInSignOut.aspx.cs   User IP: ::1
2016-03-17 @ 13:04:11  Informational ,  signinsignout.aspx.cs   dynamic url: http://api.ipinfodb.com/v3/ip-country/?key=989f1374dc528a8ea159064430a19d2e0756c05b46f6943a75b03257ce8b88a2&ip=::1&format=xml
2016-03-17 @ 13:04:12  Informational ,  signinsignout.aspx.cs   response: System.Net.HttpWebResponse
2016-03-17 @ 13:04:12  Informational ,  signinsignout.aspx.cs   responsedata: <?xml version="1.0" encoding="UTF-8"?>
<Response>
	<statusCode>OK</statusCode>
	<statusMessage></statusMessage>
	<ipAddress>::1</ipAddress>
	<countryCode>-</countryCode>
	<countryName>-</countryName>
</Response>
2016-03-17 @ 13:04:12  FATAL ERROR   , Thread was being aborted. SignInSignOut.cs Page_Load     at System.Threading.Thread.AbortInternal()
   at System.Threading.Thread.Abort(Object stateInfo)
   at System.Web.HttpResponse.AbortCurrentThread()
   at System.Web.HttpResponse.End()
   at System.Web.HttpResponse.Redirect(String url, Boolean endResponse, Boolean permanent)
   at System.Web.HttpResponse.Redirect(String url)
   at HRMS.Orbitweb.SignInSignOut.Page_Load(Object sender, EventArgs e) in d:\VB\src\HRMS.WebSite\Orbitweb\SignInSignOut.aspx.cs:line 155
2016-03-17 @ 13:12:51  Informational ,  SignInSignOut.aspx.cs   User IP: ::1
2016-03-17 @ 13:12:51  Informational ,  signinsignout.aspx.cs   dynamic url: http://api.ipinfodb.com/v3/ip-country/?key=989f1374dc528a8ea159064430a19d2e0756c05b46f6943a75b03257ce8b88a2&ip=::1&format=xml
2016-03-17 @ 13:12:51  Informational ,  signinsignout.aspx.cs   response: System.Net.HttpWebResponse
2016-03-17 @ 13:12:51  Informational ,  signinsignout.aspx.cs   responsedata: <?xml version="1.0" encoding="UTF-8"?>
<Response>
	<statusCode>OK</statusCode>
	<statusMessage></statusMessage>
	<ipAddress>::1</ipAddress>
	<countryCode>-</countryCode>
	<countryName>-</countryName>
</Response>
2016-03-17 @ 13:12:51  FATAL ERROR   , Thread was being aborted. SignInSignOut.cs Page_Load     at System.Threading.Thread.AbortInternal()
   at System.Threading.Thread.Abort(Object stateInfo)
   at System.Web.HttpResponse.AbortCurrentThread()
   at System.Web.HttpResponse.End()
   at System.Web.HttpResponse.Redirect(String url, Boolean endResponse, Boolean permanent)
   at System.Web.HttpResponse.Redirect(String url)
   at HRMS.Orbitweb.SignInSignOut.Page_Load(Object sender, EventArgs e) in d:\VB\src\HRMS.WebSite\Orbitweb\SignInSignOut.aspx.cs:line 155
2016-03-17 @ 15:42:00  Informational ,  SignInSignOut.aspx.cs   User IP: ::1
2016-03-17 @ 15:42:00  Informational ,  signinsignout.aspx.cs   dynamic url: http://api.ipinfodb.com/v3/ip-country/?key=989f1374dc528a8ea159064430a19d2e0756c05b46f6943a75b03257ce8b88a2&ip=::1&format=xml
2016-03-17 @ 15:42:02  Informational ,  signinsignout.aspx.cs   response: System.Net.HttpWebResponse
2016-03-17 @ 15:42:02  Informational ,  signinsignout.aspx.cs   responsedata: <?xml version="1.0" encoding="UTF-8"?>
<Response>
	<statusCode>OK</statusCode>
	<statusMessage></statusMessage>
	<ipAddress>::1</ipAddress>
	<countryCode>-</countryCode>
	<countryName>-</countryName>
</Response>
2016-03-17 @ 15:42:02  FATAL ERROR   , Thread was being aborted. SignInSignOut.cs Page_Load     at System.Threading.Thread.AbortInternal()
   at System.Threading.Thread.Abort(Object stateInfo)
   at System.Web.HttpResponse.AbortCurrentThread()
   at System.Web.HttpResponse.End()
   at System.Web.HttpResponse.Redirect(String url, Boolean endResponse, Boolean permanent)
   at System.Web.HttpResponse.Redirect(String url)
   at HRMS.Orbitweb.SignInSignOut.Page_Load(Object sender, EventArgs e) in d:\VB\src\HRMS.WebSite\Orbitweb\SignInSignOut.aspx.cs:line 155
2016-03-17 @ 15:45:36  Informational ,  SignInSignOut.aspx.cs   User IP: ::1
2016-03-17 @ 15:45:36  Informational ,  signinsignout.aspx.cs   dynamic url: http://api.ipinfodb.com/v3/ip-country/?key=989f1374dc528a8ea159064430a19d2e0756c05b46f6943a75b03257ce8b88a2&ip=::1&format=xml
2016-03-17 @ 15:45:37  Informational ,  signinsignout.aspx.cs   response: System.Net.HttpWebResponse
2016-03-17 @ 15:45:37  Informational ,  signinsignout.aspx.cs   responsedata: <?xml version="1.0" encoding="UTF-8"?>
<Response>
	<statusCode>OK</statusCode>
	<statusMessage></statusMessage>
	<ipAddress>::1</ipAddress>
	<countryCode>-</countryCode>
	<countryName>-</countryName>
</Response>
2016-03-17 @ 15:45:37  FATAL ERROR   , Thread was being aborted. SignInSignOut.cs Page_Load     at System.Threading.Thread.AbortInternal()
   at System.Threading.Thread.Abort(Object stateInfo)
   at System.Web.HttpResponse.AbortCurrentThread()
   at System.Web.HttpResponse.End()
   at System.Web.HttpResponse.Redirect(String url, Boolean endResponse, Boolean permanent)
   at System.Web.HttpResponse.Redirect(String url)
   at HRMS.Orbitweb.SignInSignOut.Page_Load(Object sender, EventArgs e) in d:\VB\src\HRMS.WebSite\Orbitweb\SignInSignOut.aspx.cs:line 155

2016-03-17 @ 15:59:10  Informational , App start Global.asax App_Start  
2016-03-17 @ 15:59:19  Informational , App start finished Global.asax App_Start  

2016-03-17 @ 17:18:47  Informational , App start Global.asax App_Start  
2016-03-17 @ 17:18:55  Informational , App start finished Global.asax App_Start  
