
2016-02-02 @ 11:58:08  Informational , App start Global.asax App_Start  
2016-02-02 @ 11:58:11  Informational , App start finished Global.asax App_Start  
2016-02-02 @ 11:58:23  FATAL ERROR   , Thread was being aborted. HolidayList.cs Page_Load     at System.Threading.Thread.AbortInternal()
   at System.Threading.Thread.Abort(Object stateInfo)
   at System.Web.HttpResponse.AbortCurrentThread()
   at System.Web.HttpResponse.End()
   at System.Web.HttpResponse.Redirect(String url, Boolean endResponse, Boolean permanent)
   at System.Web.HttpResponse.Redirect(String url)
   at HRMS.HRMSPageLevelAccess.PageLevelAccess(String PageName) in d:\rahul\New folder\src\HRMS.WebSite\common\HRMSPageLevelAccess.cs:line 54
   at HRMS.Orbitweb.HolidayList.Page_Load(Object sender, EventArgs e) in d:\rahul\New folder\src\HRMS.WebSite\Orbitweb\HolidayList.aspx.cs:line 33
2016-02-02 @ 11:58:40  Informational ,  SignInSignOut.aspx.cs   User IP: ::1
2016-02-02 @ 11:58:40  Informational ,  signinsignout.aspx.cs   dynamic url: http://api.ipinfodb.com/v3/ip-country/?key=989f1374dc528a8ea159064430a19d2e0756c05b46f6943a75b03257ce8b88a2&ip=::1&format=xml
2016-02-02 @ 11:58:41  Informational ,  signinsignout.aspx.cs   response: System.Net.HttpWebResponse
2016-02-02 @ 11:58:41  Informational ,  signinsignout.aspx.cs   responsedata: <?xml version="1.0" encoding="UTF-8"?>
<Response>
	<statusCode>OK</statusCode>
	<statusMessage></statusMessage>
	<ipAddress>::1</ipAddress>
	<countryCode>-</countryCode>
	<countryName>-</countryName>
</Response>
2016-02-02 @ 11:58:41  FATAL ERROR   , Thread was being aborted. SignInSignOut.cs Page_Load     at System.Threading.Thread.AbortInternal()
   at System.Threading.Thread.Abort(Object stateInfo)
   at System.Web.HttpResponse.AbortCurrentThread()
   at System.Web.HttpResponse.End()
   at System.Web.HttpResponse.Redirect(String url, Boolean endResponse, Boolean permanent)
   at System.Web.HttpResponse.Redirect(String url)
   at HRMS.Orbitweb.SignInSignOut.Page_Load(Object sender, EventArgs e) in d:\rahul\New folder\src\HRMS.WebSite\Orbitweb\SignInSignOut.aspx.cs:line 145
2016-02-02 @ 11:58:49  Informational ,  SignInSignOut.aspx.cs   User IP: ::1
2016-02-02 @ 11:58:49  Informational ,  signinsignout.aspx.cs   dynamic url: http://api.ipinfodb.com/v3/ip-country/?key=989f1374dc528a8ea159064430a19d2e0756c05b46f6943a75b03257ce8b88a2&ip=::1&format=xml
2016-02-02 @ 11:58:49  Informational ,  signinsignout.aspx.cs   response: System.Net.HttpWebResponse
2016-02-02 @ 11:58:49  Informational ,  signinsignout.aspx.cs   responsedata: <?xml version="1.0" encoding="UTF-8"?>
<Response>
	<statusCode>OK</statusCode>
	<statusMessage></statusMessage>
	<ipAddress>::1</ipAddress>
	<countryCode>-</countryCode>
	<countryName>-</countryName>
</Response>
2016-02-02 @ 11:58:49  FATAL ERROR   , Thread was being aborted. SignInSignOut.cs Page_Load     at System.Threading.Thread.AbortInternal()
   at System.Threading.Thread.Abort(Object stateInfo)
   at System.Web.HttpResponse.AbortCurrentThread()
   at System.Web.HttpResponse.End()
   at System.Web.HttpResponse.Redirect(String url, Boolean endResponse, Boolean permanent)
   at System.Web.HttpResponse.Redirect(String url)
   at HRMS.Orbitweb.SignInSignOut.Page_Load(Object sender, EventArgs e) in d:\rahul\New folder\src\HRMS.WebSite\Orbitweb\SignInSignOut.aspx.cs:line 145
2016-02-02 @ 12:00:25  FATAL ERROR   , 'ddlHolidayLocation2' has a SelectedValue which is invalid because it does not exist in the list of items.
Parameter name: value HolidayList.cs bindData     at System.Web.UI.WebControls.ListControl.PerformDataBinding(IEnumerable dataSource)
   at System.Web.UI.WebControls.ListControl.OnDataBinding(EventArgs e)
   at System.Web.UI.WebControls.ListControl.PerformSelect()
   at System.Web.UI.WebControls.BaseDataBoundControl.DataBind()
   at System.Web.UI.Control.DataBindChildren()
   at System.Web.UI.Control.DataBind(Boolean raiseOnDataBinding)
   at System.Web.UI.Control.DataBind()
   at System.Web.UI.Control.DataBindChildren()
   at System.Web.UI.Control.DataBind(Boolean raiseOnDataBinding)
   at System.Web.UI.Control.DataBind()
   at System.Web.UI.WebControls.DataGrid.CreateItem(Int32 itemIndex, Int32 dataSourceIndex, ListItemType itemType, Boolean dataBind, Object dataItem, DataGridColumn[] columns, TableRowCollection rows, PagedDataSource pagedDataSource)
   at System.Web.UI.WebControls.DataGrid.CreateControlHierarchy(Boolean useDataSource)
   at System.Web.UI.WebControls.BaseDataList.OnDataBinding(EventArgs e)
   at System.Web.UI.WebControls.BaseDataList.DataBind()
   at HRMS.Orbitweb.HolidayList.bindData() in d:\rahul\New folder\src\HRMS.WebSite\Orbitweb\HolidayList.aspx.cs:line 111
2016-02-02 @ 12:05:14  FATAL ERROR   , App Error Global.asax App_Error  System.Web.HttpUnhandledException (0x80004005): Exception of type 'System.Web.HttpUnhandledException' was thrown. ---> V2.CommonServices.Exceptions.V2Exceptions: System.ArgumentOutOfRangeException: 'ddlHolidayLocation2' has a SelectedValue which is invalid because it does not exist in the list of items.
Parameter name: value
   at System.Web.UI.WebControls.ListControl.PerformDataBinding(IEnumerable dataSource)
   at System.Web.UI.WebControls.ListControl.OnDataBinding(EventArgs e)
   at System.Web.UI.WebControls.ListControl.PerformSelect()
   at System.Web.UI.WebControls.BaseDataBoundControl.DataBind()
   at System.Web.UI.Control.DataBindChildren()
   at System.Web.UI.Control.DataBind(Boolean raiseOnDataBinding)
   at System.Web.UI.Control.DataBind()
   at System.Web.UI.Control.DataBindChildren()
   at System.Web.UI.Control.DataBind(Boolean raiseOnDataBinding)
   at System.Web.UI.Control.DataBind()
   at System.Web.UI.WebControls.DataGrid.CreateItem(Int32 itemIndex, Int32 dataSourceIndex, ListItemType itemType, Boolean dataBind, Object dataItem, DataGridColumn[] columns, TableRowCollection rows, PagedDataSource pagedDataSource)
   at System.Web.UI.WebControls.DataGrid.CreateControlHierarchy(Boolean useDataSource)
   at System.Web.UI.WebControls.BaseDataList.OnDataBinding(EventArgs e)
   at System.Web.UI.WebControls.BaseDataList.DataBind()
   at HRMS.Orbitweb.HolidayList.bindData() in d:\rahul\New folder\src\HRMS.WebSite\Orbitweb\HolidayList.aspx.cs:line 111 ---> System.ArgumentOutOfRangeException: 'ddlHolidayLocation2' has a SelectedValue which is invalid because it does not exist in the list of items.
Parameter name: value
   at System.Web.UI.WebControls.ListControl.PerformDataBinding(IEnumerable dataSource)
   at System.Web.UI.WebControls.ListControl.OnDataBinding(EventArgs e)
   at System.Web.UI.WebControls.ListControl.PerformSelect()
   at System.Web.UI.WebControls.BaseDataBoundControl.DataBind()
   at System.Web.UI.Control.DataBindChildren()
   at System.Web.UI.Control.DataBind(Boolean raiseOnDataBinding)
   at System.Web.UI.Control.DataBind()
   at System.Web.UI.Control.DataBindChildren()
   at System.Web.UI.Control.DataBind(Boolean raiseOnDataBinding)
   at System.Web.UI.Control.DataBind()
   at System.Web.UI.WebControls.DataGrid.CreateItem(Int32 itemIndex, Int32 dataSourceIndex, ListItemType itemType, Boolean dataBind, Object dataItem, DataGridColumn[] columns, TableRowCollection rows, PagedDataSource pagedDataSource)
   at System.Web.UI.WebControls.DataGrid.CreateControlHierarchy(Boolean useDataSource)
   at System.Web.UI.WebControls.BaseDataList.OnDataBinding(EventArgs e)
   at System.Web.UI.WebControls.BaseDataList.DataBind()
   at HRMS.Orbitweb.HolidayList.bindData() in d:\rahul\New folder\src\HRMS.WebSite\Orbitweb\HolidayList.aspx.cs:line 111
   --- End of inner exception stack trace ---
   at HRMS.Orbitweb.HolidayList.bindData() in d:\rahul\New folder\src\HRMS.WebSite\Orbitweb\HolidayList.aspx.cs:line 127
   at HRMS.Orbitweb.HolidayList.grdHolidayList_EditCommand(Object source, DataGridCommandEventArgs e) in d:\rahul\New folder\src\HRMS.WebSite\Orbitweb\HolidayList.aspx.cs:line 346
   at System.Web.UI.WebControls.DataGrid.OnEditCommand(DataGridCommandEventArgs e)
   at System.Web.UI.WebControls.DataGrid.OnBubbleEvent(Object source, EventArgs e)
   at System.Web.UI.Control.RaiseBubbleEvent(Object source, EventArgs args)
   at System.Web.UI.WebControls.DataGridItem.OnBubbleEvent(Object source, EventArgs e)
   at System.Web.UI.Control.RaiseBubbleEvent(Object source, EventArgs args)
   at System.Web.UI.WebControls.LinkButton.OnCommand(CommandEventArgs e)
   at System.Web.UI.WebControls.LinkButton.RaisePostBackEvent(String eventArgument)
   at System.Web.UI.WebControls.LinkButton.System.Web.UI.IPostBackEventHandler.RaisePostBackEvent(String eventArgument)
   at System.Web.UI.Page.RaisePostBackEvent(IPostBackEventHandler sourceControl, String eventArgument)
   at System.Web.UI.Page.RaisePostBackEvent(NameValueCollection postData)
   at System.Web.UI.Page.ProcessRequestMain(Boolean includeStagesBeforeAsyncPoint, Boolean includeStagesAfterAsyncPoint)
   at System.Web.UI.Page.HandleError(Exception e)
   at System.Web.UI.Page.ProcessRequestMain(Boolean includeStagesBeforeAsyncPoint, Boolean includeStagesAfterAsyncPoint)
   at System.Web.UI.Page.ProcessRequest(Boolean includeStagesBeforeAsyncPoint, Boolean includeStagesAfterAsyncPoint)
   at System.Web.UI.Page.ProcessRequest()
   at System.Web.UI.Page.ProcessRequestWithNoAssert(HttpContext context)
   at System.Web.UI.Page.ProcessRequest(HttpContext context)
   at ASP.orbitweb_holidaylist_aspx.ProcessRequest(HttpContext context) in c:\Users\rahul.r\AppData\Local\Temp\Temporary ASP.NET Files\root\7efda58e\547b78e6\App_Web_holidaylist.aspx.d570e60e.f6vwhmt0.0.cs:line 0
   at System.Web.HttpApplication.CallHandlerExecutionStep.System.Web.HttpApplication.IExecutionStep.Execute()
   at System.Web.HttpApplication.ExecuteStep(IExecutionStep step, Boolean& completedSynchronously)
2016-02-02 @ 12:05:14  FATAL ERROR   , App Error Global.asax App_Error  ---------Error Block End---------
2016-02-02 @ 12:06:38  FATAL ERROR   , 'ddlHolidayLocation2' has a SelectedValue which is invalid because it does not exist in the list of items.
Parameter name: value HolidayList.cs bindData     at System.Web.UI.WebControls.ListControl.PerformDataBinding(IEnumerable dataSource)
   at System.Web.UI.WebControls.ListControl.OnDataBinding(EventArgs e)
   at System.Web.UI.WebControls.ListControl.PerformSelect()
   at System.Web.UI.WebControls.BaseDataBoundControl.DataBind()
   at System.Web.UI.Control.DataBindChildren()
   at System.Web.UI.Control.DataBind(Boolean raiseOnDataBinding)
   at System.Web.UI.Control.DataBind()
   at System.Web.UI.Control.DataBindChildren()
   at System.Web.UI.Control.DataBind(Boolean raiseOnDataBinding)
   at System.Web.UI.Control.DataBind()
   at System.Web.UI.WebControls.DataGrid.CreateItem(Int32 itemIndex, Int32 dataSourceIndex, ListItemType itemType, Boolean dataBind, Object dataItem, DataGridColumn[] columns, TableRowCollection rows, PagedDataSource pagedDataSource)
   at System.Web.UI.WebControls.DataGrid.CreateControlHierarchy(Boolean useDataSource)
   at System.Web.UI.WebControls.BaseDataList.OnDataBinding(EventArgs e)
   at System.Web.UI.WebControls.BaseDataList.DataBind()
   at HRMS.Orbitweb.HolidayList.bindData() in d:\rahul\New folder\src\HRMS.WebSite\Orbitweb\HolidayList.aspx.cs:line 111

2016-02-02 @ 12:16:07  Informational , App start Global.asax App_Start  
2016-02-02 @ 12:16:09  Informational , App start finished Global.asax App_Start  
2016-02-02 @ 12:16:28  Informational ,  SignInSignOut.aspx.cs   User IP: ::1
2016-02-02 @ 12:16:28  Informational ,  signinsignout.aspx.cs   dynamic url: http://api.ipinfodb.com/v3/ip-country/?key=989f1374dc528a8ea159064430a19d2e0756c05b46f6943a75b03257ce8b88a2&ip=::1&format=xml
2016-02-02 @ 12:16:29  Informational ,  signinsignout.aspx.cs   response: System.Net.HttpWebResponse
2016-02-02 @ 12:16:29  Informational ,  signinsignout.aspx.cs   responsedata: <?xml version="1.0" encoding="UTF-8"?>
<Response>
	<statusCode>OK</statusCode>
	<statusMessage></statusMessage>
	<ipAddress>::1</ipAddress>
	<countryCode>-</countryCode>
	<countryName>-</countryName>
</Response>
2016-02-02 @ 12:16:29  FATAL ERROR   , Thread was being aborted. SignInSignOut.cs Page_Load     at System.Threading.Thread.AbortInternal()
   at System.Threading.Thread.Abort(Object stateInfo)
   at System.Web.HttpResponse.AbortCurrentThread()
   at System.Web.HttpResponse.End()
   at System.Web.HttpResponse.Redirect(String url, Boolean endResponse, Boolean permanent)
   at System.Web.HttpResponse.Redirect(String url)
   at HRMS.Orbitweb.SignInSignOut.Page_Load(Object sender, EventArgs e) in d:\rahul\New folder\src\HRMS.WebSite\Orbitweb\SignInSignOut.aspx.cs:line 145
2016-02-02 @ 12:18:40  FATAL ERROR   , 'ddlHolidayLocation2' has a SelectedValue which is invalid because it does not exist in the list of items.
Parameter name: value HolidayList.cs bindData     at System.Web.UI.WebControls.ListControl.PerformDataBinding(IEnumerable dataSource)
   at System.Web.UI.WebControls.ListControl.OnDataBinding(EventArgs e)
   at System.Web.UI.WebControls.ListControl.PerformSelect()
   at System.Web.UI.WebControls.BaseDataBoundControl.DataBind()
   at System.Web.UI.Control.DataBindChildren()
   at System.Web.UI.Control.DataBind(Boolean raiseOnDataBinding)
   at System.Web.UI.Control.DataBind()
   at System.Web.UI.Control.DataBindChildren()
   at System.Web.UI.Control.DataBind(Boolean raiseOnDataBinding)
   at System.Web.UI.Control.DataBind()
   at System.Web.UI.WebControls.DataGrid.CreateItem(Int32 itemIndex, Int32 dataSourceIndex, ListItemType itemType, Boolean dataBind, Object dataItem, DataGridColumn[] columns, TableRowCollection rows, PagedDataSource pagedDataSource)
   at System.Web.UI.WebControls.DataGrid.CreateControlHierarchy(Boolean useDataSource)
   at System.Web.UI.WebControls.BaseDataList.OnDataBinding(EventArgs e)
   at System.Web.UI.WebControls.BaseDataList.DataBind()
   at HRMS.Orbitweb.HolidayList.bindData() in d:\rahul\New folder\src\HRMS.WebSite\Orbitweb\HolidayList.aspx.cs:line 111

2016-02-02 @ 12:20:23  Informational , App start Global.asax App_Start  

2016-02-02 @ 12:20:38  Informational , App start Global.asax App_Start  
2016-02-02 @ 12:20:40  Informational , App start finished Global.asax App_Start  
2016-02-02 @ 12:20:50  Informational ,  SignInSignOut.aspx.cs   User IP: ::1
2016-02-02 @ 12:20:50  Informational ,  signinsignout.aspx.cs   dynamic url: http://api.ipinfodb.com/v3/ip-country/?key=989f1374dc528a8ea159064430a19d2e0756c05b46f6943a75b03257ce8b88a2&ip=::1&format=xml
2016-02-02 @ 12:20:50  Informational ,  signinsignout.aspx.cs   response: System.Net.HttpWebResponse
2016-02-02 @ 12:20:50  Informational ,  signinsignout.aspx.cs   responsedata: <?xml version="1.0" encoding="UTF-8"?>
<Response>
	<statusCode>OK</statusCode>
	<statusMessage></statusMessage>
	<ipAddress>::1</ipAddress>
	<countryCode>-</countryCode>
	<countryName>-</countryName>
</Response>
2016-02-02 @ 12:20:50  FATAL ERROR   , Thread was being aborted. SignInSignOut.cs Page_Load     at System.Threading.Thread.AbortInternal()
   at System.Threading.Thread.Abort(Object stateInfo)
   at System.Web.HttpResponse.AbortCurrentThread()
   at System.Web.HttpResponse.End()
   at System.Web.HttpResponse.Redirect(String url, Boolean endResponse, Boolean permanent)
   at System.Web.HttpResponse.Redirect(String url)
   at HRMS.Orbitweb.SignInSignOut.Page_Load(Object sender, EventArgs e) in d:\rahul\New folder\src\HRMS.WebSite\Orbitweb\SignInSignOut.aspx.cs:line 145

2016-02-02 @ 12:29:44  Informational , App start Global.asax App_Start  
2016-02-02 @ 12:29:46  Informational , App start finished Global.asax App_Start  
2016-02-02 @ 12:30:09  Informational ,  SignInSignOut.aspx.cs   User IP: ::1
2016-02-02 @ 12:30:09  Informational ,  signinsignout.aspx.cs   dynamic url: http://api.ipinfodb.com/v3/ip-country/?key=989f1374dc528a8ea159064430a19d2e0756c05b46f6943a75b03257ce8b88a2&ip=::1&format=xml
2016-02-02 @ 12:30:10  Informational ,  signinsignout.aspx.cs   response: System.Net.HttpWebResponse
2016-02-02 @ 12:30:10  Informational ,  signinsignout.aspx.cs   responsedata: <?xml version="1.0" encoding="UTF-8"?>
<Response>
	<statusCode>OK</statusCode>
	<statusMessage></statusMessage>
	<ipAddress>::1</ipAddress>
	<countryCode>-</countryCode>
	<countryName>-</countryName>
</Response>
2016-02-02 @ 12:30:10  FATAL ERROR   , Thread was being aborted. SignInSignOut.cs Page_Load     at System.Threading.Thread.AbortInternal()
   at System.Threading.Thread.Abort(Object stateInfo)
   at System.Web.HttpResponse.AbortCurrentThread()
   at System.Web.HttpResponse.End()
   at System.Web.HttpResponse.Redirect(String url, Boolean endResponse, Boolean permanent)
   at System.Web.HttpResponse.Redirect(String url)
   at HRMS.Orbitweb.SignInSignOut.Page_Load(Object sender, EventArgs e) in d:\rahul\New folder\src\HRMS.WebSite\Orbitweb\SignInSignOut.aspx.cs:line 145

2016-02-02 @ 12:56:02  Informational , App start Global.asax App_Start  
2016-02-02 @ 12:56:04  Informational , App start finished Global.asax App_Start  
2016-02-02 @ 12:56:37  Informational ,  SignInSignOut.aspx.cs   User IP: ::1
2016-02-02 @ 12:56:37  Informational ,  signinsignout.aspx.cs   dynamic url: http://api.ipinfodb.com/v3/ip-country/?key=989f1374dc528a8ea159064430a19d2e0756c05b46f6943a75b03257ce8b88a2&ip=::1&format=xml
2016-02-02 @ 12:56:38  Informational ,  signinsignout.aspx.cs   response: System.Net.HttpWebResponse
2016-02-02 @ 12:56:38  Informational ,  signinsignout.aspx.cs   responsedata: <?xml version="1.0" encoding="UTF-8"?>
<Response>
	<statusCode>OK</statusCode>
	<statusMessage></statusMessage>
	<ipAddress>::1</ipAddress>
	<countryCode>-</countryCode>
	<countryName>-</countryName>
</Response>
2016-02-02 @ 12:56:38  FATAL ERROR   , Thread was being aborted. SignInSignOut.cs Page_Load     at System.Threading.Thread.AbortInternal()
   at System.Threading.Thread.Abort(Object stateInfo)
   at System.Web.HttpResponse.AbortCurrentThread()
   at System.Web.HttpResponse.End()
   at System.Web.HttpResponse.Redirect(String url, Boolean endResponse, Boolean permanent)
   at System.Web.HttpResponse.Redirect(String url)
   at HRMS.Orbitweb.SignInSignOut.Page_Load(Object sender, EventArgs e) in d:\rahul\New folder\src\HRMS.WebSite\Orbitweb\SignInSignOut.aspx.cs:line 145
2016-02-02 @ 14:35:44  FATAL ERROR   , Thread was being aborted. HolidayList.cs Page_Load     at System.Threading.Thread.AbortInternal()
   at System.Threading.Thread.Abort(Object stateInfo)
   at System.Web.HttpResponse.AbortCurrentThread()
   at System.Web.HttpResponse.End()
   at System.Web.HttpResponse.Redirect(String url, Boolean endResponse, Boolean permanent)
   at System.Web.HttpResponse.Redirect(String url)
   at HRMS.HRMSPageLevelAccess.PageLevelAccess(String PageName) in d:\rahul\New folder\src\HRMS.WebSite\common\HRMSPageLevelAccess.cs:line 54
   at HRMS.Orbitweb.HolidayList.Page_Load(Object sender, EventArgs e) in d:\rahul\New folder\src\HRMS.WebSite\Orbitweb\HolidayList.aspx.cs:line 33
2016-02-02 @ 14:35:59  Informational ,  SignInSignOut.aspx.cs   User IP: ::1
2016-02-02 @ 14:35:59  Informational ,  signinsignout.aspx.cs   dynamic url: http://api.ipinfodb.com/v3/ip-country/?key=989f1374dc528a8ea159064430a19d2e0756c05b46f6943a75b03257ce8b88a2&ip=::1&format=xml
2016-02-02 @ 14:36:00  Informational ,  signinsignout.aspx.cs   response: System.Net.HttpWebResponse
2016-02-02 @ 14:36:00  Informational ,  signinsignout.aspx.cs   responsedata: <?xml version="1.0" encoding="UTF-8"?>
<Response>
	<statusCode>OK</statusCode>
	<statusMessage></statusMessage>
	<ipAddress>::1</ipAddress>
	<countryCode>-</countryCode>
	<countryName>-</countryName>
</Response>
2016-02-02 @ 14:36:00  FATAL ERROR   , Thread was being aborted. SignInSignOut.cs Page_Load     at System.Threading.Thread.AbortInternal()
   at System.Threading.Thread.Abort(Object stateInfo)
   at System.Web.HttpResponse.AbortCurrentThread()
   at System.Web.HttpResponse.End()
   at System.Web.HttpResponse.Redirect(String url, Boolean endResponse, Boolean permanent)
   at System.Web.HttpResponse.Redirect(String url)
   at HRMS.Orbitweb.SignInSignOut.Page_Load(Object sender, EventArgs e) in d:\rahul\New folder\src\HRMS.WebSite\Orbitweb\SignInSignOut.aspx.cs:line 145
2016-02-02 @ 14:46:22  FATAL ERROR   , There is no row at position 10. LeaveApplicationForm.aspx.cs Page_Load     at System.Data.RBTree`1.GetNodeByIndex(Int32 userIndex)
   at System.Data.DataRowCollection.get_Item(Int32 index)
   at HRMS.Orbitweb.LeaveApplicationForm.Page_Load(Object sender, EventArgs e) in d:\rahul\New folder\src\HRMS.WebSite\Orbitweb\LeaveApplicationForm.aspx.cs:line 101
2016-02-02 @ 14:46:25  FATAL ERROR   , App Error Global.asax App_Error  System.Web.HttpUnhandledException (0x80004005): Exception of type 'System.Web.HttpUnhandledException' was thrown. ---> V2.CommonServices.Exceptions.V2Exceptions: System.IndexOutOfRangeException: There is no row at position 10.
   at System.Data.RBTree`1.GetNodeByIndex(Int32 userIndex)
   at System.Data.DataRowCollection.get_Item(Int32 index)
   at HRMS.Orbitweb.LeaveApplicationForm.Page_Load(Object sender, EventArgs e) in d:\rahul\New folder\src\HRMS.WebSite\Orbitweb\LeaveApplicationForm.aspx.cs:line 101 ---> System.IndexOutOfRangeException: There is no row at position 10.
   at System.Data.RBTree`1.GetNodeByIndex(Int32 userIndex)
   at System.Data.DataRowCollection.get_Item(Int32 index)
   at HRMS.Orbitweb.LeaveApplicationForm.Page_Load(Object sender, EventArgs e) in d:\rahul\New folder\src\HRMS.WebSite\Orbitweb\LeaveApplicationForm.aspx.cs:line 101
   --- End of inner exception stack trace ---
   at HRMS.Orbitweb.LeaveApplicationForm.Page_Load(Object sender, EventArgs e) in d:\rahul\New folder\src\HRMS.WebSite\Orbitweb\LeaveApplicationForm.aspx.cs:line 126
   at System.Web.Util.CalliEventHandlerDelegateProxy.Callback(Object sender, EventArgs e)
   at System.Web.UI.Control.OnLoad(EventArgs e)
   at System.Web.UI.Control.LoadRecursive()
   at System.Web.UI.Page.ProcessRequestMain(Boolean includeStagesBeforeAsyncPoint, Boolean includeStagesAfterAsyncPoint)
   at System.Web.UI.Page.HandleError(Exception e)
   at System.Web.UI.Page.ProcessRequestMain(Boolean includeStagesBeforeAsyncPoint, Boolean includeStagesAfterAsyncPoint)
   at System.Web.UI.Page.ProcessRequest(Boolean includeStagesBeforeAsyncPoint, Boolean includeStagesAfterAsyncPoint)
   at System.Web.UI.Page.ProcessRequest()
   at System.Web.UI.Page.ProcessRequestWithNoAssert(HttpContext context)
   at System.Web.UI.Page.ProcessRequest(HttpContext context)
   at ASP.orbitweb_leaveapplicationform_aspx.ProcessRequest(HttpContext context) in c:\Users\rahul.r\AppData\Local\Temp\Temporary ASP.NET Files\root\7efda58e\547b78e6\App_Web_b2cicszk.1.cs:line 0
   at System.Web.HttpApplication.CallHandlerExecutionStep.System.Web.HttpApplication.IExecutionStep.Execute()
   at System.Web.HttpApplication.ExecuteStep(IExecutionStep step, Boolean& completedSynchronously)
2016-02-02 @ 14:46:25  FATAL ERROR   , App Error Global.asax App_Error  ---------Error Block End---------
2016-02-02 @ 14:46:42  Informational ,  SignInSignOut.aspx.cs   User IP: ::1
2016-02-02 @ 14:46:42  Informational ,  signinsignout.aspx.cs   dynamic url: http://api.ipinfodb.com/v3/ip-country/?key=989f1374dc528a8ea159064430a19d2e0756c05b46f6943a75b03257ce8b88a2&ip=::1&format=xml
2016-02-02 @ 14:46:43  Informational ,  signinsignout.aspx.cs   response: System.Net.HttpWebResponse
2016-02-02 @ 14:46:43  Informational ,  signinsignout.aspx.cs   responsedata: <?xml version="1.0" encoding="UTF-8"?>
<Response>
	<statusCode>OK</statusCode>
	<statusMessage></statusMessage>
	<ipAddress>::1</ipAddress>
	<countryCode>-</countryCode>
	<countryName>-</countryName>
</Response>
2016-02-02 @ 14:46:43  FATAL ERROR   , Thread was being aborted. SignInSignOut.cs Page_Load     at System.Threading.Thread.AbortInternal()
   at System.Threading.Thread.Abort(Object stateInfo)
   at System.Web.HttpResponse.AbortCurrentThread()
   at System.Web.HttpResponse.End()
   at System.Web.HttpResponse.Redirect(String url, Boolean endResponse, Boolean permanent)
   at System.Web.HttpResponse.Redirect(String url)
   at HRMS.Orbitweb.SignInSignOut.Page_Load(Object sender, EventArgs e) in d:\rahul\New folder\src\HRMS.WebSite\Orbitweb\SignInSignOut.aspx.cs:line 145
2016-02-02 @ 14:48:06  FATAL ERROR   , There is no row at position 10. LeaveApplicationForm.aspx.cs Page_Load     at System.Data.RBTree`1.GetNodeByIndex(Int32 userIndex)
   at System.Data.DataRowCollection.get_Item(Int32 index)
   at HRMS.Orbitweb.LeaveApplicationForm.Page_Load(Object sender, EventArgs e) in d:\rahul\New folder\src\HRMS.WebSite\Orbitweb\LeaveApplicationForm.aspx.cs:line 101

2016-02-02 @ 14:48:58  Informational , App start Global.asax App_Start  
2016-02-02 @ 14:49:01  Informational , App start finished Global.asax App_Start  
2016-02-02 @ 14:49:25  Informational ,  SignInSignOut.aspx.cs   User IP: ::1
2016-02-02 @ 14:49:25  Informational ,  signinsignout.aspx.cs   dynamic url: http://api.ipinfodb.com/v3/ip-country/?key=989f1374dc528a8ea159064430a19d2e0756c05b46f6943a75b03257ce8b88a2&ip=::1&format=xml
2016-02-02 @ 14:49:25  Informational ,  signinsignout.aspx.cs   response: System.Net.HttpWebResponse
2016-02-02 @ 14:49:25  Informational ,  signinsignout.aspx.cs   responsedata: <?xml version="1.0" encoding="UTF-8"?>
<Response>
	<statusCode>OK</statusCode>
	<statusMessage></statusMessage>
	<ipAddress>::1</ipAddress>
	<countryCode>-</countryCode>
	<countryName>-</countryName>
</Response>
2016-02-02 @ 14:49:25  FATAL ERROR   , Thread was being aborted. SignInSignOut.cs Page_Load     at System.Threading.Thread.AbortInternal()
   at System.Threading.Thread.Abort(Object stateInfo)
   at System.Web.HttpResponse.AbortCurrentThread()
   at System.Web.HttpResponse.End()
   at System.Web.HttpResponse.Redirect(String url, Boolean endResponse, Boolean permanent)
   at System.Web.HttpResponse.Redirect(String url)
   at HRMS.Orbitweb.SignInSignOut.Page_Load(Object sender, EventArgs e) in d:\rahul\New folder\src\HRMS.WebSite\Orbitweb\SignInSignOut.aspx.cs:line 145
2016-02-02 @ 14:51:20  Informational ,  SignInSignOut.aspx.cs   User IP: ::1
2016-02-02 @ 14:51:20  Informational ,  signinsignout.aspx.cs   dynamic url: http://api.ipinfodb.com/v3/ip-country/?key=989f1374dc528a8ea159064430a19d2e0756c05b46f6943a75b03257ce8b88a2&ip=::1&format=xml
2016-02-02 @ 14:51:21  Informational ,  signinsignout.aspx.cs   response: System.Net.HttpWebResponse
2016-02-02 @ 14:51:21  Informational ,  signinsignout.aspx.cs   responsedata: <?xml version="1.0" encoding="UTF-8"?>
<Response>
	<statusCode>OK</statusCode>
	<statusMessage></statusMessage>
	<ipAddress>::1</ipAddress>
	<countryCode>-</countryCode>
	<countryName>-</countryName>
</Response>
2016-02-02 @ 14:51:21  FATAL ERROR   , Thread was being aborted. SignInSignOut.cs Page_Load     at System.Threading.Thread.AbortInternal()
   at System.Threading.Thread.Abort(Object stateInfo)
   at System.Web.HttpResponse.AbortCurrentThread()
   at System.Web.HttpResponse.End()
   at System.Web.HttpResponse.Redirect(String url, Boolean endResponse, Boolean permanent)
   at System.Web.HttpResponse.Redirect(String url)
   at HRMS.Orbitweb.SignInSignOut.Page_Load(Object sender, EventArgs e) in d:\rahul\New folder\src\HRMS.WebSite\Orbitweb\SignInSignOut.aspx.cs:line 145
2016-02-02 @ 14:53:53  Informational ,  SignInSignOut.aspx.cs   User IP: ::1
2016-02-02 @ 14:53:53  Informational ,  signinsignout.aspx.cs   dynamic url: http://api.ipinfodb.com/v3/ip-country/?key=989f1374dc528a8ea159064430a19d2e0756c05b46f6943a75b03257ce8b88a2&ip=::1&format=xml
2016-02-02 @ 14:53:53  Informational ,  signinsignout.aspx.cs   response: System.Net.HttpWebResponse
2016-02-02 @ 14:53:53  Informational ,  signinsignout.aspx.cs   responsedata: <?xml version="1.0" encoding="UTF-8"?>
<Response>
	<statusCode>OK</statusCode>
	<statusMessage></statusMessage>
	<ipAddress>::1</ipAddress>
	<countryCode>-</countryCode>
	<countryName>-</countryName>
</Response>
2016-02-02 @ 14:53:53  FATAL ERROR   , Thread was being aborted. SignInSignOut.cs Page_Load     at System.Threading.Thread.AbortInternal()
   at System.Threading.Thread.Abort(Object stateInfo)
   at System.Web.HttpResponse.AbortCurrentThread()
   at System.Web.HttpResponse.End()
   at System.Web.HttpResponse.Redirect(String url, Boolean endResponse, Boolean permanent)
   at System.Web.HttpResponse.Redirect(String url)
   at HRMS.Orbitweb.SignInSignOut.Page_Load(Object sender, EventArgs e) in d:\rahul\New folder\src\HRMS.WebSite\Orbitweb\SignInSignOut.aspx.cs:line 145
2016-02-02 @ 14:57:33  Informational ,  SignInSignOut.aspx.cs   User IP: ::1
2016-02-02 @ 14:57:33  Informational ,  signinsignout.aspx.cs   dynamic url: http://api.ipinfodb.com/v3/ip-country/?key=989f1374dc528a8ea159064430a19d2e0756c05b46f6943a75b03257ce8b88a2&ip=::1&format=xml
2016-02-02 @ 14:57:34  Informational ,  signinsignout.aspx.cs   response: System.Net.HttpWebResponse
2016-02-02 @ 14:57:34  Informational ,  signinsignout.aspx.cs   responsedata: <?xml version="1.0" encoding="UTF-8"?>
<Response>
	<statusCode>OK</statusCode>
	<statusMessage></statusMessage>
	<ipAddress>::1</ipAddress>
	<countryCode>-</countryCode>
	<countryName>-</countryName>
</Response>
2016-02-02 @ 14:57:34  FATAL ERROR   , Thread was being aborted. SignInSignOut.cs Page_Load     at System.Threading.Thread.AbortInternal()
   at System.Threading.Thread.Abort(Object stateInfo)
   at System.Web.HttpResponse.AbortCurrentThread()
   at System.Web.HttpResponse.End()
   at System.Web.HttpResponse.Redirect(String url, Boolean endResponse, Boolean permanent)
   at System.Web.HttpResponse.Redirect(String url)
   at HRMS.Orbitweb.SignInSignOut.Page_Load(Object sender, EventArgs e) in d:\rahul\New folder\src\HRMS.WebSite\Orbitweb\SignInSignOut.aspx.cs:line 145

2016-02-02 @ 16:32:42  Informational , App start Global.asax App_Start  
2016-02-02 @ 16:32:48  Informational , App start finished Global.asax App_Start  
2016-02-02 @ 16:32:50  FATAL ERROR   , Thread was being aborted. HolidayList.cs Page_Load     at System.Threading.Thread.AbortInternal()
   at System.Threading.Thread.Abort(Object stateInfo)
   at System.Web.HttpResponse.AbortCurrentThread()
   at System.Web.HttpResponse.End()
   at System.Web.HttpResponse.Redirect(String url, Boolean endResponse, Boolean permanent)
   at System.Web.HttpResponse.Redirect(String url)
   at HRMS.HRMSPageLevelAccess.PageLevelAccess(String PageName) in d:\rahul\New folder\src\HRMS.WebSite\common\HRMSPageLevelAccess.cs:line 54
   at HRMS.Orbitweb.HolidayList.Page_Load(Object sender, EventArgs e) in d:\rahul\New folder\src\HRMS.WebSite\Orbitweb\HolidayList.aspx.cs:line 33
2016-02-02 @ 16:33:03  Informational ,  SignInSignOut.aspx.cs   User IP: ::1
2016-02-02 @ 16:33:03  Informational ,  signinsignout.aspx.cs   dynamic url: http://api.ipinfodb.com/v3/ip-country/?key=989f1374dc528a8ea159064430a19d2e0756c05b46f6943a75b03257ce8b88a2&ip=::1&format=xml
2016-02-02 @ 16:33:04  Informational ,  signinsignout.aspx.cs   response: System.Net.HttpWebResponse
2016-02-02 @ 16:33:04  Informational ,  signinsignout.aspx.cs   responsedata: <?xml version="1.0" encoding="UTF-8"?>
<Response>
	<statusCode>OK</statusCode>
	<statusMessage></statusMessage>
	<ipAddress>::1</ipAddress>
	<countryCode>-</countryCode>
	<countryName>-</countryName>
</Response>
2016-02-02 @ 16:33:04  FATAL ERROR   , Thread was being aborted. SignInSignOut.cs Page_Load     at System.Threading.Thread.AbortInternal()
   at System.Threading.Thread.Abort(Object stateInfo)
   at System.Web.HttpResponse.AbortCurrentThread()
   at System.Web.HttpResponse.End()
   at System.Web.HttpResponse.Redirect(String url, Boolean endResponse, Boolean permanent)
   at System.Web.HttpResponse.Redirect(String url)
   at HRMS.Orbitweb.SignInSignOut.Page_Load(Object sender, EventArgs e) in d:\rahul\New folder\src\HRMS.WebSite\Orbitweb\SignInSignOut.aspx.cs:line 145
2016-02-02 @ 16:34:57  Informational ,  SignInSignOut.aspx.cs   User IP: ::1
2016-02-02 @ 16:34:57  Informational ,  signinsignout.aspx.cs   dynamic url: http://api.ipinfodb.com/v3/ip-country/?key=989f1374dc528a8ea159064430a19d2e0756c05b46f6943a75b03257ce8b88a2&ip=::1&format=xml
2016-02-02 @ 16:34:58  Informational ,  signinsignout.aspx.cs   response: System.Net.HttpWebResponse
2016-02-02 @ 16:34:58  Informational ,  signinsignout.aspx.cs   responsedata: <?xml version="1.0" encoding="UTF-8"?>
<Response>
	<statusCode>OK</statusCode>
	<statusMessage></statusMessage>
	<ipAddress>::1</ipAddress>
	<countryCode>-</countryCode>
	<countryName>-</countryName>
</Response>
2016-02-02 @ 16:34:58  FATAL ERROR   , Thread was being aborted. SignInSignOut.cs Page_Load     at System.Threading.Thread.AbortInternal()
   at System.Threading.Thread.Abort(Object stateInfo)
   at System.Web.HttpResponse.AbortCurrentThread()
   at System.Web.HttpResponse.End()
   at System.Web.HttpResponse.Redirect(String url, Boolean endResponse, Boolean permanent)
   at System.Web.HttpResponse.Redirect(String url)
   at HRMS.Orbitweb.SignInSignOut.Page_Load(Object sender, EventArgs e) in d:\rahul\New folder\src\HRMS.WebSite\Orbitweb\SignInSignOut.aspx.cs:line 145
