
2016-04-22 @ 10:59:46  Informational , App start Global.asax App_Start  
2016-04-22 @ 11:00:25  Informational , App start finished Global.asax App_Start  
2016-04-22 @ 11:03:02  Informational ,  SignInSignOut.aspx.cs   User IP: ::1
2016-04-22 @ 12:31:12  Informational ,  SignInSignOut.aspx.cs   User IP: ::1

2016-04-22 @ 15:42:19  Informational , App start Global.asax App_Start  
2016-04-22 @ 15:42:27  Informational , App start finished Global.asax App_Start  
2016-04-22 @ 15:43:09  Informational ,  SignInSignOut.aspx.cs   User IP: ::1
2016-04-22 @ 15:45:06  FATAL ERROR   , App Error Global.asax App_Error  Microsoft.Reporting.WebForms.HttpHandlerInputException: Missing URL parameter: IterationId
   at Microsoft.Reporting.WebForms.HandlerOperation.GetAndEnsureParam(NameValueCollection urlQuery, String paramName)
   at Microsoft.Reporting.WebForms.ReportImageOperation.PerformOperation(NameValueCollection urlQuery, HttpResponse response)
   at Microsoft.Reporting.WebForms.HttpHandler.ProcessRequest(HttpContext context)
   at System.Web.HttpApplication.CallHandlerExecutionStep.System.Web.HttpApplication.IExecutionStep.Execute()
   at System.Web.HttpApplication.ExecuteStep(IExecutionStep step, Boolean& completedSynchronously)
2016-04-22 @ 15:45:06  FATAL ERROR   , App Error Global.asax App_Error  ---------Error Block End---------
2016-04-22 @ 15:46:12  FATAL ERROR   , App Error Global.asax App_Error  Microsoft.Reporting.WebForms.HttpHandlerInputException: Missing URL parameter: IterationId
   at Microsoft.Reporting.WebForms.HandlerOperation.GetAndEnsureParam(NameValueCollection urlQuery, String paramName)
   at Microsoft.Reporting.WebForms.ReportImageOperation.PerformOperation(NameValueCollection urlQuery, HttpResponse response)
   at Microsoft.Reporting.WebForms.HttpHandler.ProcessRequest(HttpContext context)
   at System.Web.HttpApplication.CallHandlerExecutionStep.System.Web.HttpApplication.IExecutionStep.Execute()
   at System.Web.HttpApplication.ExecuteStep(IExecutionStep step, Boolean& completedSynchronously)
2016-04-22 @ 15:46:12  FATAL ERROR   , App Error Global.asax App_Error  ---------Error Block End---------

2016-04-22 @ 17:55:06  Informational , App start Global.asax App_Start  
2016-04-22 @ 17:55:19  Informational , App start finished Global.asax App_Start  
